2021-01-10 00:05:02 |INFO  |main |SpringApplication.java:655 |com.bit.jinggong.service.ucenter.ServiceUcenterApplication |The following profiles are active: dev
2021-01-10 00:05:03 |INFO  |main |RepositoryConfigurationDelegate.java:249 |org.springframework.data.repository.config.RepositoryConfigurationDelegate |Multiple Spring Data modules found, entering strict repository configuration mode!
2021-01-10 00:05:03 |INFO  |main |RepositoryConfigurationDelegate.java:127 |org.springframework.data.repository.config.RepositoryConfigurationDelegate |Bootstrapping Spring Data Redis repositories in DEFAULT mode.
2021-01-10 00:05:03 |INFO  |main |RepositoryConfigurationDelegate.java:187 |org.springframework.data.repository.config.RepositoryConfigurationDelegate |Finished Spring Data repository scanning in 8ms. Found 0 Redis repository interfaces.
2021-01-10 00:05:03 |INFO  |main |GenericScope.java:295 |org.springframework.cloud.context.scope.GenericScope |BeanFactory id=befa22de-3b57-3c22-8009-8c6d2e778df6
2021-01-10 00:05:03 |INFO  |main |PostProcessorRegistrationDelegate.java:330 |org.springframework.context.support.PostProcessorRegistrationDelegate$BeanPostProcessorChecker |Bean 'org.springframework.transaction.annotation.ProxyTransactionManagementConfiguration' of type [org.springframework.transaction.annotation.ProxyTransactionManagementConfiguration] is not eligible for getting processed by all BeanPostProcessors (for example: not eligible for auto-proxying)
2021-01-10 00:05:03 |INFO  |main |PostProcessorRegistrationDelegate.java:330 |org.springframework.context.support.PostProcessorRegistrationDelegate$BeanPostProcessorChecker |Bean 'spring.cloud.sentinel-com.alibaba.cloud.sentinel.SentinelProperties' of type [com.alibaba.cloud.sentinel.SentinelProperties] is not eligible for getting processed by all BeanPostProcessors (for example: not eligible for auto-proxying)
2021-01-10 00:05:03 |INFO  |main |PostProcessorRegistrationDelegate.java:330 |org.springframework.context.support.PostProcessorRegistrationDelegate$BeanPostProcessorChecker |Bean 'com.alibaba.cloud.sentinel.custom.SentinelAutoConfiguration' of type [com.alibaba.cloud.sentinel.custom.SentinelAutoConfiguration$$EnhancerBySpringCGLIB$$3875b75c] is not eligible for getting processed by all BeanPostProcessors (for example: not eligible for auto-proxying)
2021-01-10 00:05:04 |INFO  |main |TomcatWebServer.java:92 |org.springframework.boot.web.embedded.tomcat.TomcatWebServer |Tomcat initialized with port(s): 8160 (http)
2021-01-10 00:05:04 |INFO  |main |DirectJDKLog.java:173 |org.apache.coyote.http11.Http11NioProtocol |Initializing ProtocolHandler ["http-nio-8160"]
2021-01-10 00:05:04 |INFO  |main |DirectJDKLog.java:173 |org.apache.catalina.core.StandardService |Starting service [Tomcat]
2021-01-10 00:05:04 |INFO  |main |DirectJDKLog.java:173 |org.apache.catalina.core.StandardEngine |Starting Servlet engine: [Apache Tomcat/9.0.29]
2021-01-10 00:05:04 |INFO  |main |DirectJDKLog.java:173 |org.apache.catalina.core.ContainerBase.[Tomcat].[localhost].[/] |Initializing Spring embedded WebApplicationContext
2021-01-10 00:05:04 |INFO  |main |ServletWebServerApplicationContext.java:284 |org.springframework.web.context.ContextLoader |Root WebApplicationContext: initialization completed in 1305 ms
2021-01-10 00:05:04 |INFO  |main |SentinelWebAutoConfiguration.java:96 |com.alibaba.cloud.sentinel.SentinelWebAutoConfiguration |[Sentinel Starter] register Sentinel CommonFilter with urlPatterns: [/*].
2021-01-10 00:05:04 |INFO  |main |PropertySourcedRequestMappingHandlerMapping.java:69 |springfox.documentation.spring.web.PropertySourcedRequestMappingHandlerMapping |Mapped URL path [/v2/api-docs] onto method [springfox.documentation.swagger2.web.Swagger2Controller#getDocumentation(String, HttpServletRequest)]
2021-01-10 00:05:04 |INFO  |main |URLConfigurationSource.java:122 |com.netflix.config.sources.URLConfigurationSource |To enable URLs as dynamic configuration sources, define System property archaius.configurationSource.additionalUrls or make config.properties available on classpath.
2021-01-10 00:05:04 |INFO  |main |URLConfigurationSource.java:122 |com.netflix.config.sources.URLConfigurationSource |To enable URLs as dynamic configuration sources, define System property archaius.configurationSource.additionalUrls or make config.properties available on classpath.
2021-01-10 00:05:05 |INFO  |main |ExecutorConfigurationSupport.java:171 |org.springframework.scheduling.concurrent.ThreadPoolTaskExecutor |Initializing ExecutorService 'applicationTaskExecutor'
2021-01-10 00:05:05 |INFO  |main |ExecutorConfigurationSupport.java:171 |org.springframework.scheduling.concurrent.ThreadPoolTaskScheduler |Initializing ExecutorService
2021-01-10 00:05:05 |INFO  |main |DocumentationPluginsBootstrapper.java:147 |springfox.documentation.spring.web.plugins.DocumentationPluginsBootstrapper |Context refreshed
2021-01-10 00:05:05 |INFO  |main |DocumentationPluginsBootstrapper.java:150 |springfox.documentation.spring.web.plugins.DocumentationPluginsBootstrapper |Found 2 custom documentation plugin(s)
2021-01-10 00:05:05 |INFO  |main |ApiListingReferenceScanner.java:41 |springfox.documentation.spring.web.scanners.ApiListingReferenceScanner |Scanning for api listing references
2021-01-10 00:05:05 |INFO  |main |ApiListingReferenceScanner.java:41 |springfox.documentation.spring.web.scanners.ApiListingReferenceScanner |Scanning for api listing references
2021-01-10 00:05:05 |INFO  |main |DirectJDKLog.java:173 |org.apache.coyote.http11.Http11NioProtocol |Starting ProtocolHandler ["http-nio-8160"]
2021-01-10 00:05:05 |INFO  |main |TomcatWebServer.java:204 |org.springframework.boot.web.embedded.tomcat.TomcatWebServer |Tomcat started on port(s): 8160 (http) with context path ''
2021-01-10 00:05:05 |INFO  |main |NacosServiceRegistry.java:62 |com.alibaba.cloud.nacos.registry.NacosServiceRegistry |nacos registry, service-ucenter 192.168.152.141:8160 register finished
2021-01-10 00:05:05 |INFO  |main |StartupInfoLogger.java:61 |com.bit.jinggong.service.ucenter.ServiceUcenterApplication |Started ServiceUcenterApplication in 3.526 seconds (JVM running for 4.008)
2021-01-10 00:05:09 |INFO  |SpringContextShutdownHook |NacosServiceRegistry.java:74 |com.alibaba.cloud.nacos.registry.NacosServiceRegistry |De-registering from Nacos Server now...
2021-01-10 00:05:09 |INFO  |SpringContextShutdownHook |NacosServiceRegistry.java:93 |com.alibaba.cloud.nacos.registry.NacosServiceRegistry |De-registration finished.
2021-01-10 00:05:09 |INFO  |SpringContextShutdownHook |ExecutorConfigurationSupport.java:208 |org.springframework.scheduling.concurrent.ThreadPoolTaskExecutor |Shutting down ExecutorService 'applicationTaskExecutor'
2021-01-10 00:06:35 |INFO  |main |SpringApplication.java:655 |com.bit.jinggong.service.ucenter.ServiceUcenterApplication |The following profiles are active: dev
2021-01-10 00:06:35 |INFO  |main |RepositoryConfigurationDelegate.java:249 |org.springframework.data.repository.config.RepositoryConfigurationDelegate |Multiple Spring Data modules found, entering strict repository configuration mode!
2021-01-10 00:06:35 |INFO  |main |RepositoryConfigurationDelegate.java:127 |org.springframework.data.repository.config.RepositoryConfigurationDelegate |Bootstrapping Spring Data Redis repositories in DEFAULT mode.
2021-01-10 00:06:35 |INFO  |main |RepositoryConfigurationDelegate.java:187 |org.springframework.data.repository.config.RepositoryConfigurationDelegate |Finished Spring Data repository scanning in 8ms. Found 0 Redis repository interfaces.
2021-01-10 00:06:35 |INFO  |main |GenericScope.java:295 |org.springframework.cloud.context.scope.GenericScope |BeanFactory id=befa22de-3b57-3c22-8009-8c6d2e778df6
2021-01-10 00:06:36 |INFO  |main |PostProcessorRegistrationDelegate.java:330 |org.springframework.context.support.PostProcessorRegistrationDelegate$BeanPostProcessorChecker |Bean 'org.springframework.transaction.annotation.ProxyTransactionManagementConfiguration' of type [org.springframework.transaction.annotation.ProxyTransactionManagementConfiguration] is not eligible for getting processed by all BeanPostProcessors (for example: not eligible for auto-proxying)
2021-01-10 00:06:36 |INFO  |main |PostProcessorRegistrationDelegate.java:330 |org.springframework.context.support.PostProcessorRegistrationDelegate$BeanPostProcessorChecker |Bean 'spring.cloud.sentinel-com.alibaba.cloud.sentinel.SentinelProperties' of type [com.alibaba.cloud.sentinel.SentinelProperties] is not eligible for getting processed by all BeanPostProcessors (for example: not eligible for auto-proxying)
2021-01-10 00:06:36 |INFO  |main |PostProcessorRegistrationDelegate.java:330 |org.springframework.context.support.PostProcessorRegistrationDelegate$BeanPostProcessorChecker |Bean 'com.alibaba.cloud.sentinel.custom.SentinelAutoConfiguration' of type [com.alibaba.cloud.sentinel.custom.SentinelAutoConfiguration$$EnhancerBySpringCGLIB$$f2398cfa] is not eligible for getting processed by all BeanPostProcessors (for example: not eligible for auto-proxying)
2021-01-10 00:06:36 |INFO  |main |TomcatWebServer.java:92 |org.springframework.boot.web.embedded.tomcat.TomcatWebServer |Tomcat initialized with port(s): 8160 (http)
2021-01-10 00:06:36 |INFO  |main |DirectJDKLog.java:173 |org.apache.coyote.http11.Http11NioProtocol |Initializing ProtocolHandler ["http-nio-8160"]
2021-01-10 00:06:36 |INFO  |main |DirectJDKLog.java:173 |org.apache.catalina.core.StandardService |Starting service [Tomcat]
2021-01-10 00:06:36 |INFO  |main |DirectJDKLog.java:173 |org.apache.catalina.core.StandardEngine |Starting Servlet engine: [Apache Tomcat/9.0.29]
2021-01-10 00:06:36 |INFO  |main |DirectJDKLog.java:173 |org.apache.catalina.core.ContainerBase.[Tomcat].[localhost].[/] |Initializing Spring embedded WebApplicationContext
2021-01-10 00:06:36 |INFO  |main |ServletWebServerApplicationContext.java:284 |org.springframework.web.context.ContextLoader |Root WebApplicationContext: initialization completed in 1291 ms
2021-01-10 00:06:36 |INFO  |main |SentinelWebAutoConfiguration.java:96 |com.alibaba.cloud.sentinel.SentinelWebAutoConfiguration |[Sentinel Starter] register Sentinel CommonFilter with urlPatterns: [/*].
2021-01-10 00:06:37 |INFO  |main |PropertySourcedRequestMappingHandlerMapping.java:69 |springfox.documentation.spring.web.PropertySourcedRequestMappingHandlerMapping |Mapped URL path [/v2/api-docs] onto method [springfox.documentation.swagger2.web.Swagger2Controller#getDocumentation(String, HttpServletRequest)]
2021-01-10 00:06:37 |INFO  |main |URLConfigurationSource.java:122 |com.netflix.config.sources.URLConfigurationSource |To enable URLs as dynamic configuration sources, define System property archaius.configurationSource.additionalUrls or make config.properties available on classpath.
2021-01-10 00:06:37 |INFO  |main |URLConfigurationSource.java:122 |com.netflix.config.sources.URLConfigurationSource |To enable URLs as dynamic configuration sources, define System property archaius.configurationSource.additionalUrls or make config.properties available on classpath.
2021-01-10 00:06:37 |INFO  |main |ExecutorConfigurationSupport.java:171 |org.springframework.scheduling.concurrent.ThreadPoolTaskExecutor |Initializing ExecutorService 'applicationTaskExecutor'
2021-01-10 00:06:37 |INFO  |main |ExecutorConfigurationSupport.java:171 |org.springframework.scheduling.concurrent.ThreadPoolTaskScheduler |Initializing ExecutorService
2021-01-10 00:06:37 |INFO  |main |DocumentationPluginsBootstrapper.java:147 |springfox.documentation.spring.web.plugins.DocumentationPluginsBootstrapper |Context refreshed
2021-01-10 00:06:37 |INFO  |main |DocumentationPluginsBootstrapper.java:150 |springfox.documentation.spring.web.plugins.DocumentationPluginsBootstrapper |Found 2 custom documentation plugin(s)
2021-01-10 00:06:37 |INFO  |main |ApiListingReferenceScanner.java:41 |springfox.documentation.spring.web.scanners.ApiListingReferenceScanner |Scanning for api listing references
2021-01-10 00:06:37 |INFO  |main |ApiListingReferenceScanner.java:41 |springfox.documentation.spring.web.scanners.ApiListingReferenceScanner |Scanning for api listing references
2021-01-10 00:06:37 |INFO  |main |DirectJDKLog.java:173 |org.apache.coyote.http11.Http11NioProtocol |Starting ProtocolHandler ["http-nio-8160"]
2021-01-10 00:06:37 |INFO  |main |TomcatWebServer.java:204 |org.springframework.boot.web.embedded.tomcat.TomcatWebServer |Tomcat started on port(s): 8160 (http) with context path ''
2021-01-10 00:06:37 |INFO  |main |NacosServiceRegistry.java:62 |com.alibaba.cloud.nacos.registry.NacosServiceRegistry |nacos registry, service-ucenter 192.168.152.141:8160 register finished
2021-01-10 00:06:37 |INFO  |main |StartupInfoLogger.java:61 |com.bit.jinggong.service.ucenter.ServiceUcenterApplication |Started ServiceUcenterApplication in 3.731 seconds (JVM running for 4.155)
2021-01-10 00:06:45 |INFO  |http-nio-8160-exec-1 |DirectJDKLog.java:173 |org.apache.catalina.core.ContainerBase.[Tomcat].[localhost].[/] |Initializing Spring DispatcherServlet 'dispatcherServlet'
2021-01-10 00:06:45 |INFO  |http-nio-8160-exec-1 |FrameworkServlet.java:525 |org.springframework.web.servlet.DispatcherServlet |Initializing Servlet 'dispatcherServlet'
2021-01-10 00:06:45 |INFO  |http-nio-8160-exec-1 |FrameworkServlet.java:547 |org.springframework.web.servlet.DispatcherServlet |Completed initialization in 7 ms
2021-01-10 00:11:31 |INFO  |SpringContextShutdownHook |NacosServiceRegistry.java:74 |com.alibaba.cloud.nacos.registry.NacosServiceRegistry |De-registering from Nacos Server now...
2021-01-10 00:11:31 |INFO  |SpringContextShutdownHook |NacosServiceRegistry.java:93 |com.alibaba.cloud.nacos.registry.NacosServiceRegistry |De-registration finished.
2021-01-10 00:11:31 |INFO  |SpringContextShutdownHook |ExecutorConfigurationSupport.java:208 |org.springframework.scheduling.concurrent.ThreadPoolTaskExecutor |Shutting down ExecutorService 'applicationTaskExecutor'
2021-01-10 00:14:57 |INFO  |main |SpringApplication.java:655 |com.bit.jinggong.service.ucenter.ServiceUcenterApplication |The following profiles are active: dev
2021-01-10 00:14:57 |INFO  |main |RepositoryConfigurationDelegate.java:249 |org.springframework.data.repository.config.RepositoryConfigurationDelegate |Multiple Spring Data modules found, entering strict repository configuration mode!
2021-01-10 00:14:57 |INFO  |main |RepositoryConfigurationDelegate.java:127 |org.springframework.data.repository.config.RepositoryConfigurationDelegate |Bootstrapping Spring Data Redis repositories in DEFAULT mode.
2021-01-10 00:14:57 |INFO  |main |RepositoryConfigurationDelegate.java:187 |org.springframework.data.repository.config.RepositoryConfigurationDelegate |Finished Spring Data repository scanning in 8ms. Found 0 Redis repository interfaces.
2021-01-10 00:14:57 |INFO  |main |GenericScope.java:295 |org.springframework.cloud.context.scope.GenericScope |BeanFactory id=befa22de-3b57-3c22-8009-8c6d2e778df6
2021-01-10 00:14:57 |INFO  |main |PostProcessorRegistrationDelegate.java:330 |org.springframework.context.support.PostProcessorRegistrationDelegate$BeanPostProcessorChecker |Bean 'org.springframework.transaction.annotation.ProxyTransactionManagementConfiguration' of type [org.springframework.transaction.annotation.ProxyTransactionManagementConfiguration] is not eligible for getting processed by all BeanPostProcessors (for example: not eligible for auto-proxying)
2021-01-10 00:14:57 |INFO  |main |PostProcessorRegistrationDelegate.java:330 |org.springframework.context.support.PostProcessorRegistrationDelegate$BeanPostProcessorChecker |Bean 'spring.cloud.sentinel-com.alibaba.cloud.sentinel.SentinelProperties' of type [com.alibaba.cloud.sentinel.SentinelProperties] is not eligible for getting processed by all BeanPostProcessors (for example: not eligible for auto-proxying)
2021-01-10 00:14:57 |INFO  |main |PostProcessorRegistrationDelegate.java:330 |org.springframework.context.support.PostProcessorRegistrationDelegate$BeanPostProcessorChecker |Bean 'com.alibaba.cloud.sentinel.custom.SentinelAutoConfiguration' of type [com.alibaba.cloud.sentinel.custom.SentinelAutoConfiguration$$EnhancerBySpringCGLIB$$7ef424] is not eligible for getting processed by all BeanPostProcessors (for example: not eligible for auto-proxying)
2021-01-10 00:14:58 |INFO  |main |TomcatWebServer.java:92 |org.springframework.boot.web.embedded.tomcat.TomcatWebServer |Tomcat initialized with port(s): 8160 (http)
2021-01-10 00:14:58 |INFO  |main |DirectJDKLog.java:173 |org.apache.coyote.http11.Http11NioProtocol |Initializing ProtocolHandler ["http-nio-8160"]
2021-01-10 00:14:58 |INFO  |main |DirectJDKLog.java:173 |org.apache.catalina.core.StandardService |Starting service [Tomcat]
2021-01-10 00:14:58 |INFO  |main |DirectJDKLog.java:173 |org.apache.catalina.core.StandardEngine |Starting Servlet engine: [Apache Tomcat/9.0.29]
2021-01-10 00:14:58 |INFO  |main |DirectJDKLog.java:173 |org.apache.catalina.core.ContainerBase.[Tomcat].[localhost].[/] |Initializing Spring embedded WebApplicationContext
2021-01-10 00:14:58 |INFO  |main |ServletWebServerApplicationContext.java:284 |org.springframework.web.context.ContextLoader |Root WebApplicationContext: initialization completed in 1255 ms
2021-01-10 00:14:58 |INFO  |main |SentinelWebAutoConfiguration.java:96 |com.alibaba.cloud.sentinel.SentinelWebAutoConfiguration |[Sentinel Starter] register Sentinel CommonFilter with urlPatterns: [/*].
2021-01-10 00:14:59 |INFO  |main |PropertySourcedRequestMappingHandlerMapping.java:69 |springfox.documentation.spring.web.PropertySourcedRequestMappingHandlerMapping |Mapped URL path [/v2/api-docs] onto method [springfox.documentation.swagger2.web.Swagger2Controller#getDocumentation(String, HttpServletRequest)]
2021-01-10 00:14:59 |INFO  |main |URLConfigurationSource.java:122 |com.netflix.config.sources.URLConfigurationSource |To enable URLs as dynamic configuration sources, define System property archaius.configurationSource.additionalUrls or make config.properties available on classpath.
2021-01-10 00:14:59 |INFO  |main |URLConfigurationSource.java:122 |com.netflix.config.sources.URLConfigurationSource |To enable URLs as dynamic configuration sources, define System property archaius.configurationSource.additionalUrls or make config.properties available on classpath.
2021-01-10 00:14:59 |INFO  |main |ExecutorConfigurationSupport.java:171 |org.springframework.scheduling.concurrent.ThreadPoolTaskExecutor |Initializing ExecutorService 'applicationTaskExecutor'
2021-01-10 00:14:59 |INFO  |main |ExecutorConfigurationSupport.java:171 |org.springframework.scheduling.concurrent.ThreadPoolTaskScheduler |Initializing ExecutorService
2021-01-10 00:14:59 |INFO  |main |DocumentationPluginsBootstrapper.java:147 |springfox.documentation.spring.web.plugins.DocumentationPluginsBootstrapper |Context refreshed
2021-01-10 00:14:59 |INFO  |main |DocumentationPluginsBootstrapper.java:150 |springfox.documentation.spring.web.plugins.DocumentationPluginsBootstrapper |Found 2 custom documentation plugin(s)
2021-01-10 00:14:59 |INFO  |main |ApiListingReferenceScanner.java:41 |springfox.documentation.spring.web.scanners.ApiListingReferenceScanner |Scanning for api listing references
2021-01-10 00:14:59 |INFO  |main |ApiListingReferenceScanner.java:41 |springfox.documentation.spring.web.scanners.ApiListingReferenceScanner |Scanning for api listing references
2021-01-10 00:14:59 |INFO  |main |DirectJDKLog.java:173 |org.apache.coyote.http11.Http11NioProtocol |Starting ProtocolHandler ["http-nio-8160"]
2021-01-10 00:14:59 |INFO  |main |TomcatWebServer.java:204 |org.springframework.boot.web.embedded.tomcat.TomcatWebServer |Tomcat started on port(s): 8160 (http) with context path ''
2021-01-10 00:14:59 |INFO  |main |NacosServiceRegistry.java:62 |com.alibaba.cloud.nacos.registry.NacosServiceRegistry |nacos registry, service-ucenter 192.168.152.141:8160 register finished
2021-01-10 00:14:59 |INFO  |main |StartupInfoLogger.java:61 |com.bit.jinggong.service.ucenter.ServiceUcenterApplication |Started ServiceUcenterApplication in 3.69 seconds (JVM running for 4.117)
2021-01-10 00:15:02 |INFO  |http-nio-8160-exec-1 |DirectJDKLog.java:173 |org.apache.catalina.core.ContainerBase.[Tomcat].[localhost].[/] |Initializing Spring DispatcherServlet 'dispatcherServlet'
2021-01-10 00:15:02 |INFO  |http-nio-8160-exec-1 |FrameworkServlet.java:525 |org.springframework.web.servlet.DispatcherServlet |Initializing Servlet 'dispatcherServlet'
2021-01-10 00:15:02 |INFO  |http-nio-8160-exec-1 |FrameworkServlet.java:547 |org.springframework.web.servlet.DispatcherServlet |Completed initialization in 6 ms
2021-01-10 00:15:20 |INFO  |http-nio-8160-exec-10 |HikariDataSource.java:110 |com.zaxxer.hikari.HikariDataSource |HikariPool-1 - Starting...
2021-01-10 00:15:21 |INFO  |http-nio-8160-exec-10 |HikariDataSource.java:123 |com.zaxxer.hikari.HikariDataSource |HikariPool-1 - Start completed.
2021-01-10 00:15:21 |INFO  |http-nio-8160-exec-10 |EpollProvider.java:68 |io.lettuce.core.EpollProvider |Starting without optional epoll library
2021-01-10 00:15:21 |INFO  |http-nio-8160-exec-10 |KqueueProvider.java:70 |io.lettuce.core.KqueueProvider |Starting without optional kqueue library
2021-01-10 00:53:09 |INFO  |SpringContextShutdownHook |NacosServiceRegistry.java:74 |com.alibaba.cloud.nacos.registry.NacosServiceRegistry |De-registering from Nacos Server now...
2021-01-10 00:53:09 |INFO  |SpringContextShutdownHook |NacosServiceRegistry.java:93 |com.alibaba.cloud.nacos.registry.NacosServiceRegistry |De-registration finished.
2021-01-10 00:53:09 |INFO  |SpringContextShutdownHook |ExecutorConfigurationSupport.java:208 |org.springframework.scheduling.concurrent.ThreadPoolTaskExecutor |Shutting down ExecutorService 'applicationTaskExecutor'
2021-01-10 00:53:09 |INFO  |SpringContextShutdownHook |HikariDataSource.java:350 |com.zaxxer.hikari.HikariDataSource |HikariPool-1 - Shutdown initiated...
2021-01-10 00:53:09 |INFO  |SpringContextShutdownHook |HikariDataSource.java:352 |com.zaxxer.hikari.HikariDataSource |HikariPool-1 - Shutdown completed.
2021-01-10 00:53:18 |INFO  |main |SpringApplication.java:655 |com.bit.jinggong.service.ucenter.ServiceUcenterApplication |The following profiles are active: dev
2021-01-10 00:53:18 |INFO  |main |RepositoryConfigurationDelegate.java:249 |org.springframework.data.repository.config.RepositoryConfigurationDelegate |Multiple Spring Data modules found, entering strict repository configuration mode!
2021-01-10 00:53:18 |INFO  |main |RepositoryConfigurationDelegate.java:127 |org.springframework.data.repository.config.RepositoryConfigurationDelegate |Bootstrapping Spring Data Redis repositories in DEFAULT mode.
2021-01-10 00:53:18 |INFO  |main |RepositoryConfigurationDelegate.java:187 |org.springframework.data.repository.config.RepositoryConfigurationDelegate |Finished Spring Data repository scanning in 8ms. Found 0 Redis repository interfaces.
2021-01-10 00:53:18 |INFO  |main |GenericScope.java:295 |org.springframework.cloud.context.scope.GenericScope |BeanFactory id=befa22de-3b57-3c22-8009-8c6d2e778df6
2021-01-10 00:53:19 |INFO  |main |PostProcessorRegistrationDelegate.java:330 |org.springframework.context.support.PostProcessorRegistrationDelegate$BeanPostProcessorChecker |Bean 'org.springframework.transaction.annotation.ProxyTransactionManagementConfiguration' of type [org.springframework.transaction.annotation.ProxyTransactionManagementConfiguration] is not eligible for getting processed by all BeanPostProcessors (for example: not eligible for auto-proxying)
2021-01-10 00:53:19 |INFO  |main |PostProcessorRegistrationDelegate.java:330 |org.springframework.context.support.PostProcessorRegistrationDelegate$BeanPostProcessorChecker |Bean 'spring.cloud.sentinel-com.alibaba.cloud.sentinel.SentinelProperties' of type [com.alibaba.cloud.sentinel.SentinelProperties] is not eligible for getting processed by all BeanPostProcessors (for example: not eligible for auto-proxying)
2021-01-10 00:53:19 |INFO  |main |PostProcessorRegistrationDelegate.java:330 |org.springframework.context.support.PostProcessorRegistrationDelegate$BeanPostProcessorChecker |Bean 'com.alibaba.cloud.sentinel.custom.SentinelAutoConfiguration' of type [com.alibaba.cloud.sentinel.custom.SentinelAutoConfiguration$$EnhancerBySpringCGLIB$$816510b5] is not eligible for getting processed by all BeanPostProcessors (for example: not eligible for auto-proxying)
2021-01-10 00:53:19 |INFO  |main |TomcatWebServer.java:92 |org.springframework.boot.web.embedded.tomcat.TomcatWebServer |Tomcat initialized with port(s): 8160 (http)
2021-01-10 00:53:19 |INFO  |main |DirectJDKLog.java:173 |org.apache.coyote.http11.Http11NioProtocol |Initializing ProtocolHandler ["http-nio-8160"]
2021-01-10 00:53:19 |INFO  |main |DirectJDKLog.java:173 |org.apache.catalina.core.StandardService |Starting service [Tomcat]
2021-01-10 00:53:19 |INFO  |main |DirectJDKLog.java:173 |org.apache.catalina.core.StandardEngine |Starting Servlet engine: [Apache Tomcat/9.0.29]
2021-01-10 00:53:19 |INFO  |main |DirectJDKLog.java:173 |org.apache.catalina.core.ContainerBase.[Tomcat].[localhost].[/] |Initializing Spring embedded WebApplicationContext
2021-01-10 00:53:19 |INFO  |main |ServletWebServerApplicationContext.java:284 |org.springframework.web.context.ContextLoader |Root WebApplicationContext: initialization completed in 1422 ms
2021-01-10 00:53:19 |INFO  |main |SentinelWebAutoConfiguration.java:96 |com.alibaba.cloud.sentinel.SentinelWebAutoConfiguration |[Sentinel Starter] register Sentinel CommonFilter with urlPatterns: [/*].
2021-01-10 00:53:20 |INFO  |main |PropertySourcedRequestMappingHandlerMapping.java:69 |springfox.documentation.spring.web.PropertySourcedRequestMappingHandlerMapping |Mapped URL path [/v2/api-docs] onto method [springfox.documentation.swagger2.web.Swagger2Controller#getDocumentation(String, HttpServletRequest)]
2021-01-10 00:53:20 |INFO  |main |URLConfigurationSource.java:122 |com.netflix.config.sources.URLConfigurationSource |To enable URLs as dynamic configuration sources, define System property archaius.configurationSource.additionalUrls or make config.properties available on classpath.
2021-01-10 00:53:20 |INFO  |main |URLConfigurationSource.java:122 |com.netflix.config.sources.URLConfigurationSource |To enable URLs as dynamic configuration sources, define System property archaius.configurationSource.additionalUrls or make config.properties available on classpath.
2021-01-10 00:53:20 |INFO  |main |ExecutorConfigurationSupport.java:171 |org.springframework.scheduling.concurrent.ThreadPoolTaskExecutor |Initializing ExecutorService 'applicationTaskExecutor'
2021-01-10 00:53:20 |INFO  |main |ExecutorConfigurationSupport.java:171 |org.springframework.scheduling.concurrent.ThreadPoolTaskScheduler |Initializing ExecutorService
2021-01-10 00:53:20 |INFO  |main |DocumentationPluginsBootstrapper.java:147 |springfox.documentation.spring.web.plugins.DocumentationPluginsBootstrapper |Context refreshed
2021-01-10 00:53:21 |INFO  |main |DocumentationPluginsBootstrapper.java:150 |springfox.documentation.spring.web.plugins.DocumentationPluginsBootstrapper |Found 2 custom documentation plugin(s)
2021-01-10 00:53:21 |INFO  |main |ApiListingReferenceScanner.java:41 |springfox.documentation.spring.web.scanners.ApiListingReferenceScanner |Scanning for api listing references
2021-01-10 00:53:21 |INFO  |main |ApiListingReferenceScanner.java:41 |springfox.documentation.spring.web.scanners.ApiListingReferenceScanner |Scanning for api listing references
2021-01-10 00:53:21 |INFO  |main |DirectJDKLog.java:173 |org.apache.coyote.http11.Http11NioProtocol |Starting ProtocolHandler ["http-nio-8160"]
2021-01-10 00:53:21 |INFO  |main |TomcatWebServer.java:204 |org.springframework.boot.web.embedded.tomcat.TomcatWebServer |Tomcat started on port(s): 8160 (http) with context path ''
2021-01-10 00:53:21 |INFO  |main |NacosServiceRegistry.java:62 |com.alibaba.cloud.nacos.registry.NacosServiceRegistry |nacos registry, service-ucenter 192.168.152.141:8160 register finished
2021-01-10 00:53:21 |INFO  |main |StartupInfoLogger.java:61 |com.bit.jinggong.service.ucenter.ServiceUcenterApplication |Started ServiceUcenterApplication in 4.095 seconds (JVM running for 4.574)
2021-01-10 00:53:22 |INFO  |http-nio-8160-exec-1 |DirectJDKLog.java:173 |org.apache.catalina.core.ContainerBase.[Tomcat].[localhost].[/] |Initializing Spring DispatcherServlet 'dispatcherServlet'
2021-01-10 00:53:22 |INFO  |http-nio-8160-exec-1 |FrameworkServlet.java:525 |org.springframework.web.servlet.DispatcherServlet |Initializing Servlet 'dispatcherServlet'
2021-01-10 00:53:22 |INFO  |http-nio-8160-exec-1 |FrameworkServlet.java:547 |org.springframework.web.servlet.DispatcherServlet |Completed initialization in 6 ms
2021-01-10 00:53:38 |INFO  |http-nio-8160-exec-8 |HikariDataSource.java:110 |com.zaxxer.hikari.HikariDataSource |HikariPool-1 - Starting...
2021-01-10 00:53:38 |INFO  |http-nio-8160-exec-8 |HikariDataSource.java:123 |com.zaxxer.hikari.HikariDataSource |HikariPool-1 - Start completed.
2021-01-10 01:03:42 |INFO  |SpringContextShutdownHook |NacosServiceRegistry.java:74 |com.alibaba.cloud.nacos.registry.NacosServiceRegistry |De-registering from Nacos Server now...
2021-01-10 01:03:42 |INFO  |SpringContextShutdownHook |NacosServiceRegistry.java:93 |com.alibaba.cloud.nacos.registry.NacosServiceRegistry |De-registration finished.
2021-01-10 01:03:42 |INFO  |SpringContextShutdownHook |ExecutorConfigurationSupport.java:208 |org.springframework.scheduling.concurrent.ThreadPoolTaskExecutor |Shutting down ExecutorService 'applicationTaskExecutor'
2021-01-10 01:03:42 |INFO  |SpringContextShutdownHook |HikariDataSource.java:350 |com.zaxxer.hikari.HikariDataSource |HikariPool-1 - Shutdown initiated...
2021-01-10 01:03:42 |INFO  |SpringContextShutdownHook |HikariDataSource.java:352 |com.zaxxer.hikari.HikariDataSource |HikariPool-1 - Shutdown completed.
2021-01-10 01:03:45 |INFO  |main |SpringApplication.java:655 |com.bit.jinggong.service.ucenter.ServiceUcenterApplication |The following profiles are active: dev
2021-01-10 01:03:46 |INFO  |main |RepositoryConfigurationDelegate.java:249 |org.springframework.data.repository.config.RepositoryConfigurationDelegate |Multiple Spring Data modules found, entering strict repository configuration mode!
2021-01-10 01:03:46 |INFO  |main |RepositoryConfigurationDelegate.java:127 |org.springframework.data.repository.config.RepositoryConfigurationDelegate |Bootstrapping Spring Data Redis repositories in DEFAULT mode.
2021-01-10 01:03:46 |INFO  |main |RepositoryConfigurationDelegate.java:187 |org.springframework.data.repository.config.RepositoryConfigurationDelegate |Finished Spring Data repository scanning in 8ms. Found 0 Redis repository interfaces.
2021-01-10 01:03:46 |INFO  |main |GenericScope.java:295 |org.springframework.cloud.context.scope.GenericScope |BeanFactory id=befa22de-3b57-3c22-8009-8c6d2e778df6
2021-01-10 01:03:46 |INFO  |main |PostProcessorRegistrationDelegate.java:330 |org.springframework.context.support.PostProcessorRegistrationDelegate$BeanPostProcessorChecker |Bean 'org.springframework.transaction.annotation.ProxyTransactionManagementConfiguration' of type [org.springframework.transaction.annotation.ProxyTransactionManagementConfiguration] is not eligible for getting processed by all BeanPostProcessors (for example: not eligible for auto-proxying)
2021-01-10 01:03:46 |INFO  |main |PostProcessorRegistrationDelegate.java:330 |org.springframework.context.support.PostProcessorRegistrationDelegate$BeanPostProcessorChecker |Bean 'spring.cloud.sentinel-com.alibaba.cloud.sentinel.SentinelProperties' of type [com.alibaba.cloud.sentinel.SentinelProperties] is not eligible for getting processed by all BeanPostProcessors (for example: not eligible for auto-proxying)
2021-01-10 01:03:46 |INFO  |main |PostProcessorRegistrationDelegate.java:330 |org.springframework.context.support.PostProcessorRegistrationDelegate$BeanPostProcessorChecker |Bean 'com.alibaba.cloud.sentinel.custom.SentinelAutoConfiguration' of type [com.alibaba.cloud.sentinel.custom.SentinelAutoConfiguration$$EnhancerBySpringCGLIB$$af03027b] is not eligible for getting processed by all BeanPostProcessors (for example: not eligible for auto-proxying)
2021-01-10 01:03:46 |INFO  |main |TomcatWebServer.java:92 |org.springframework.boot.web.embedded.tomcat.TomcatWebServer |Tomcat initialized with port(s): 8160 (http)
2021-01-10 01:03:46 |INFO  |main |DirectJDKLog.java:173 |org.apache.coyote.http11.Http11NioProtocol |Initializing ProtocolHandler ["http-nio-8160"]
2021-01-10 01:03:46 |INFO  |main |DirectJDKLog.java:173 |org.apache.catalina.core.StandardService |Starting service [Tomcat]
2021-01-10 01:03:46 |INFO  |main |DirectJDKLog.java:173 |org.apache.catalina.core.StandardEngine |Starting Servlet engine: [Apache Tomcat/9.0.29]
2021-01-10 01:03:46 |INFO  |main |DirectJDKLog.java:173 |org.apache.catalina.core.ContainerBase.[Tomcat].[localhost].[/] |Initializing Spring embedded WebApplicationContext
2021-01-10 01:03:46 |INFO  |main |ServletWebServerApplicationContext.java:284 |org.springframework.web.context.ContextLoader |Root WebApplicationContext: initialization completed in 1252 ms
2021-01-10 01:03:46 |INFO  |main |SentinelWebAutoConfiguration.java:96 |com.alibaba.cloud.sentinel.SentinelWebAutoConfiguration |[Sentinel Starter] register Sentinel CommonFilter with urlPatterns: [/*].
2021-01-10 01:03:47 |INFO  |main |PropertySourcedRequestMappingHandlerMapping.java:69 |springfox.documentation.spring.web.PropertySourcedRequestMappingHandlerMapping |Mapped URL path [/v2/api-docs] onto method [springfox.documentation.swagger2.web.Swagger2Controller#getDocumentation(String, HttpServletRequest)]
2021-01-10 01:03:47 |INFO  |main |URLConfigurationSource.java:122 |com.netflix.config.sources.URLConfigurationSource |To enable URLs as dynamic configuration sources, define System property archaius.configurationSource.additionalUrls or make config.properties available on classpath.
2021-01-10 01:03:47 |INFO  |main |URLConfigurationSource.java:122 |com.netflix.config.sources.URLConfigurationSource |To enable URLs as dynamic configuration sources, define System property archaius.configurationSource.additionalUrls or make config.properties available on classpath.
2021-01-10 01:03:47 |INFO  |main |ExecutorConfigurationSupport.java:171 |org.springframework.scheduling.concurrent.ThreadPoolTaskExecutor |Initializing ExecutorService 'applicationTaskExecutor'
2021-01-10 01:03:47 |INFO  |main |ExecutorConfigurationSupport.java:171 |org.springframework.scheduling.concurrent.ThreadPoolTaskScheduler |Initializing ExecutorService
2021-01-10 01:03:48 |INFO  |main |DocumentationPluginsBootstrapper.java:147 |springfox.documentation.spring.web.plugins.DocumentationPluginsBootstrapper |Context refreshed
2021-01-10 01:03:48 |INFO  |main |DocumentationPluginsBootstrapper.java:150 |springfox.documentation.spring.web.plugins.DocumentationPluginsBootstrapper |Found 2 custom documentation plugin(s)
2021-01-10 01:03:48 |INFO  |main |ApiListingReferenceScanner.java:41 |springfox.documentation.spring.web.scanners.ApiListingReferenceScanner |Scanning for api listing references
2021-01-10 01:03:48 |INFO  |main |ApiListingReferenceScanner.java:41 |springfox.documentation.spring.web.scanners.ApiListingReferenceScanner |Scanning for api listing references
2021-01-10 01:03:48 |INFO  |main |DirectJDKLog.java:173 |org.apache.coyote.http11.Http11NioProtocol |Starting ProtocolHandler ["http-nio-8160"]
2021-01-10 01:03:48 |INFO  |main |TomcatWebServer.java:204 |org.springframework.boot.web.embedded.tomcat.TomcatWebServer |Tomcat started on port(s): 8160 (http) with context path ''
2021-01-10 01:03:48 |INFO  |main |NacosServiceRegistry.java:62 |com.alibaba.cloud.nacos.registry.NacosServiceRegistry |nacos registry, service-ucenter 192.168.152.141:8160 register finished
2021-01-10 01:03:48 |INFO  |main |StartupInfoLogger.java:61 |com.bit.jinggong.service.ucenter.ServiceUcenterApplication |Started ServiceUcenterApplication in 3.519 seconds (JVM running for 4.008)
2021-01-10 01:03:59 |INFO  |http-nio-8160-exec-1 |DirectJDKLog.java:173 |org.apache.catalina.core.ContainerBase.[Tomcat].[localhost].[/] |Initializing Spring DispatcherServlet 'dispatcherServlet'
2021-01-10 01:03:59 |INFO  |http-nio-8160-exec-1 |FrameworkServlet.java:525 |org.springframework.web.servlet.DispatcherServlet |Initializing Servlet 'dispatcherServlet'
2021-01-10 01:03:59 |INFO  |http-nio-8160-exec-1 |FrameworkServlet.java:547 |org.springframework.web.servlet.DispatcherServlet |Completed initialization in 7 ms
2021-01-10 01:32:18 |INFO  |SpringContextShutdownHook |NacosServiceRegistry.java:74 |com.alibaba.cloud.nacos.registry.NacosServiceRegistry |De-registering from Nacos Server now...
2021-01-10 01:32:18 |INFO  |SpringContextShutdownHook |NacosServiceRegistry.java:93 |com.alibaba.cloud.nacos.registry.NacosServiceRegistry |De-registration finished.
2021-01-10 01:32:18 |INFO  |SpringContextShutdownHook |ExecutorConfigurationSupport.java:208 |org.springframework.scheduling.concurrent.ThreadPoolTaskExecutor |Shutting down ExecutorService 'applicationTaskExecutor'
2021-01-10 01:34:41 |INFO  |main |SpringApplication.java:655 |com.bit.jinggong.service.ucenter.ServiceUcenterApplication |The following profiles are active: dev
2021-01-10 01:34:42 |INFO  |main |RepositoryConfigurationDelegate.java:249 |org.springframework.data.repository.config.RepositoryConfigurationDelegate |Multiple Spring Data modules found, entering strict repository configuration mode!
2021-01-10 01:34:42 |INFO  |main |RepositoryConfigurationDelegate.java:127 |org.springframework.data.repository.config.RepositoryConfigurationDelegate |Bootstrapping Spring Data Redis repositories in DEFAULT mode.
2021-01-10 01:34:42 |INFO  |main |RepositoryConfigurationDelegate.java:187 |org.springframework.data.repository.config.RepositoryConfigurationDelegate |Finished Spring Data repository scanning in 11ms. Found 0 Redis repository interfaces.
2021-01-10 01:34:42 |INFO  |main |GenericScope.java:295 |org.springframework.cloud.context.scope.GenericScope |BeanFactory id=7732ea4f-e9e4-3739-b1e9-cc66b1319812
2021-01-10 01:34:42 |INFO  |main |PostProcessorRegistrationDelegate.java:330 |org.springframework.context.support.PostProcessorRegistrationDelegate$BeanPostProcessorChecker |Bean 'org.springframework.transaction.annotation.ProxyTransactionManagementConfiguration' of type [org.springframework.transaction.annotation.ProxyTransactionManagementConfiguration] is not eligible for getting processed by all BeanPostProcessors (for example: not eligible for auto-proxying)
2021-01-10 01:34:42 |INFO  |main |PostProcessorRegistrationDelegate.java:330 |org.springframework.context.support.PostProcessorRegistrationDelegate$BeanPostProcessorChecker |Bean 'spring.cloud.sentinel-com.alibaba.cloud.sentinel.SentinelProperties' of type [com.alibaba.cloud.sentinel.SentinelProperties] is not eligible for getting processed by all BeanPostProcessors (for example: not eligible for auto-proxying)
2021-01-10 01:34:42 |INFO  |main |PostProcessorRegistrationDelegate.java:330 |org.springframework.context.support.PostProcessorRegistrationDelegate$BeanPostProcessorChecker |Bean 'com.alibaba.cloud.sentinel.custom.SentinelAutoConfiguration' of type [com.alibaba.cloud.sentinel.custom.SentinelAutoConfiguration$$EnhancerBySpringCGLIB$$52c8f25a] is not eligible for getting processed by all BeanPostProcessors (for example: not eligible for auto-proxying)
2021-01-10 01:34:43 |INFO  |main |TomcatWebServer.java:92 |org.springframework.boot.web.embedded.tomcat.TomcatWebServer |Tomcat initialized with port(s): 8160 (http)
2021-01-10 01:34:43 |INFO  |main |DirectJDKLog.java:173 |org.apache.coyote.http11.Http11NioProtocol |Initializing ProtocolHandler ["http-nio-8160"]
2021-01-10 01:34:43 |INFO  |main |DirectJDKLog.java:173 |org.apache.catalina.core.StandardService |Starting service [Tomcat]
2021-01-10 01:34:43 |INFO  |main |DirectJDKLog.java:173 |org.apache.catalina.core.StandardEngine |Starting Servlet engine: [Apache Tomcat/9.0.29]
2021-01-10 01:34:43 |INFO  |main |DirectJDKLog.java:173 |org.apache.catalina.core.ContainerBase.[Tomcat].[localhost].[/] |Initializing Spring embedded WebApplicationContext
2021-01-10 01:34:43 |INFO  |main |ServletWebServerApplicationContext.java:284 |org.springframework.web.context.ContextLoader |Root WebApplicationContext: initialization completed in 1456 ms
2021-01-10 01:34:43 |INFO  |main |SentinelWebAutoConfiguration.java:96 |com.alibaba.cloud.sentinel.SentinelWebAutoConfiguration |[Sentinel Starter] register Sentinel CommonFilter with urlPatterns: [/*].
2021-01-10 01:34:44 |INFO  |main |PropertySourcedRequestMappingHandlerMapping.java:69 |springfox.documentation.spring.web.PropertySourcedRequestMappingHandlerMapping |Mapped URL path [/v2/api-docs] onto method [springfox.documentation.swagger2.web.Swagger2Controller#getDocumentation(String, HttpServletRequest)]
2021-01-10 01:34:44 |INFO  |main |URLConfigurationSource.java:122 |com.netflix.config.sources.URLConfigurationSource |To enable URLs as dynamic configuration sources, define System property archaius.configurationSource.additionalUrls or make config.properties available on classpath.
2021-01-10 01:34:44 |INFO  |main |URLConfigurationSource.java:122 |com.netflix.config.sources.URLConfigurationSource |To enable URLs as dynamic configuration sources, define System property archaius.configurationSource.additionalUrls or make config.properties available on classpath.
2021-01-10 01:34:44 |INFO  |main |ExecutorConfigurationSupport.java:171 |org.springframework.scheduling.concurrent.ThreadPoolTaskExecutor |Initializing ExecutorService 'applicationTaskExecutor'
2021-01-10 01:34:44 |INFO  |main |ExecutorConfigurationSupport.java:171 |org.springframework.scheduling.concurrent.ThreadPoolTaskScheduler |Initializing ExecutorService
2021-01-10 01:34:44 |INFO  |main |DocumentationPluginsBootstrapper.java:147 |springfox.documentation.spring.web.plugins.DocumentationPluginsBootstrapper |Context refreshed
2021-01-10 01:34:44 |INFO  |main |DocumentationPluginsBootstrapper.java:150 |springfox.documentation.spring.web.plugins.DocumentationPluginsBootstrapper |Found 2 custom documentation plugin(s)
2021-01-10 01:34:44 |INFO  |main |ApiListingReferenceScanner.java:41 |springfox.documentation.spring.web.scanners.ApiListingReferenceScanner |Scanning for api listing references
2021-01-10 01:34:44 |INFO  |main |ApiListingReferenceScanner.java:41 |springfox.documentation.spring.web.scanners.ApiListingReferenceScanner |Scanning for api listing references
2021-01-10 01:34:44 |INFO  |main |DirectJDKLog.java:173 |org.apache.coyote.http11.Http11NioProtocol |Starting ProtocolHandler ["http-nio-8160"]
2021-01-10 01:34:44 |INFO  |main |TomcatWebServer.java:204 |org.springframework.boot.web.embedded.tomcat.TomcatWebServer |Tomcat started on port(s): 8160 (http) with context path ''
2021-01-10 01:34:45 |INFO  |main |NacosServiceRegistry.java:62 |com.alibaba.cloud.nacos.registry.NacosServiceRegistry |nacos registry, service-ucenter 192.168.152.141:8160 register finished
2021-01-10 01:34:45 |INFO  |main |StartupInfoLogger.java:61 |com.bit.jinggong.service.ucenter.ServiceUcenterApplication |Started ServiceUcenterApplication in 4.18 seconds (JVM running for 4.669)
2021-01-10 01:34:49 |INFO  |http-nio-8160-exec-1 |DirectJDKLog.java:173 |org.apache.catalina.core.ContainerBase.[Tomcat].[localhost].[/] |Initializing Spring DispatcherServlet 'dispatcherServlet'
2021-01-10 01:34:49 |INFO  |http-nio-8160-exec-1 |FrameworkServlet.java:525 |org.springframework.web.servlet.DispatcherServlet |Initializing Servlet 'dispatcherServlet'
2021-01-10 01:34:49 |INFO  |http-nio-8160-exec-1 |FrameworkServlet.java:547 |org.springframework.web.servlet.DispatcherServlet |Completed initialization in 7 ms
2021-01-10 01:37:21 |INFO  |SpringContextShutdownHook |NacosServiceRegistry.java:74 |com.alibaba.cloud.nacos.registry.NacosServiceRegistry |De-registering from Nacos Server now...
2021-01-10 01:37:21 |INFO  |SpringContextShutdownHook |NacosServiceRegistry.java:93 |com.alibaba.cloud.nacos.registry.NacosServiceRegistry |De-registration finished.
2021-01-10 01:37:21 |INFO  |SpringContextShutdownHook |ExecutorConfigurationSupport.java:208 |org.springframework.scheduling.concurrent.ThreadPoolTaskExecutor |Shutting down ExecutorService 'applicationTaskExecutor'
2021-01-10 01:37:26 |INFO  |main |SpringApplication.java:655 |com.bit.jinggong.service.ucenter.ServiceUcenterApplication |The following profiles are active: dev
2021-01-10 01:37:26 |INFO  |main |RepositoryConfigurationDelegate.java:249 |org.springframework.data.repository.config.RepositoryConfigurationDelegate |Multiple Spring Data modules found, entering strict repository configuration mode!
2021-01-10 01:37:26 |INFO  |main |RepositoryConfigurationDelegate.java:127 |org.springframework.data.repository.config.RepositoryConfigurationDelegate |Bootstrapping Spring Data Redis repositories in DEFAULT mode.
2021-01-10 01:37:26 |INFO  |main |RepositoryConfigurationDelegate.java:187 |org.springframework.data.repository.config.RepositoryConfigurationDelegate |Finished Spring Data repository scanning in 9ms. Found 0 Redis repository interfaces.
2021-01-10 01:37:26 |INFO  |main |GenericScope.java:295 |org.springframework.cloud.context.scope.GenericScope |BeanFactory id=7732ea4f-e9e4-3739-b1e9-cc66b1319812
2021-01-10 01:37:27 |INFO  |main |PostProcessorRegistrationDelegate.java:330 |org.springframework.context.support.PostProcessorRegistrationDelegate$BeanPostProcessorChecker |Bean 'org.springframework.transaction.annotation.ProxyTransactionManagementConfiguration' of type [org.springframework.transaction.annotation.ProxyTransactionManagementConfiguration] is not eligible for getting processed by all BeanPostProcessors (for example: not eligible for auto-proxying)
2021-01-10 01:37:27 |INFO  |main |PostProcessorRegistrationDelegate.java:330 |org.springframework.context.support.PostProcessorRegistrationDelegate$BeanPostProcessorChecker |Bean 'spring.cloud.sentinel-com.alibaba.cloud.sentinel.SentinelProperties' of type [com.alibaba.cloud.sentinel.SentinelProperties] is not eligible for getting processed by all BeanPostProcessors (for example: not eligible for auto-proxying)
2021-01-10 01:37:27 |INFO  |main |PostProcessorRegistrationDelegate.java:330 |org.springframework.context.support.PostProcessorRegistrationDelegate$BeanPostProcessorChecker |Bean 'com.alibaba.cloud.sentinel.custom.SentinelAutoConfiguration' of type [com.alibaba.cloud.sentinel.custom.SentinelAutoConfiguration$$EnhancerBySpringCGLIB$$a60feb16] is not eligible for getting processed by all BeanPostProcessors (for example: not eligible for auto-proxying)
2021-01-10 01:37:27 |INFO  |main |TomcatWebServer.java:92 |org.springframework.boot.web.embedded.tomcat.TomcatWebServer |Tomcat initialized with port(s): 8160 (http)
2021-01-10 01:37:27 |INFO  |main |DirectJDKLog.java:173 |org.apache.coyote.http11.Http11NioProtocol |Initializing ProtocolHandler ["http-nio-8160"]
2021-01-10 01:37:27 |INFO  |main |DirectJDKLog.java:173 |org.apache.catalina.core.StandardService |Starting service [Tomcat]
2021-01-10 01:37:27 |INFO  |main |DirectJDKLog.java:173 |org.apache.catalina.core.StandardEngine |Starting Servlet engine: [Apache Tomcat/9.0.29]
2021-01-10 01:37:27 |INFO  |main |DirectJDKLog.java:173 |org.apache.catalina.core.ContainerBase.[Tomcat].[localhost].[/] |Initializing Spring embedded WebApplicationContext
2021-01-10 01:37:27 |INFO  |main |ServletWebServerApplicationContext.java:284 |org.springframework.web.context.ContextLoader |Root WebApplicationContext: initialization completed in 1331 ms
2021-01-10 01:37:27 |INFO  |main |SentinelWebAutoConfiguration.java:96 |com.alibaba.cloud.sentinel.SentinelWebAutoConfiguration |[Sentinel Starter] register Sentinel CommonFilter with urlPatterns: [/*].
2021-01-10 01:37:28 |INFO  |main |PropertySourcedRequestMappingHandlerMapping.java:69 |springfox.documentation.spring.web.PropertySourcedRequestMappingHandlerMapping |Mapped URL path [/v2/api-docs] onto method [springfox.documentation.swagger2.web.Swagger2Controller#getDocumentation(String, HttpServletRequest)]
2021-01-10 01:37:28 |INFO  |main |URLConfigurationSource.java:122 |com.netflix.config.sources.URLConfigurationSource |To enable URLs as dynamic configuration sources, define System property archaius.configurationSource.additionalUrls or make config.properties available on classpath.
2021-01-10 01:37:28 |INFO  |main |URLConfigurationSource.java:122 |com.netflix.config.sources.URLConfigurationSource |To enable URLs as dynamic configuration sources, define System property archaius.configurationSource.additionalUrls or make config.properties available on classpath.
2021-01-10 01:37:28 |INFO  |main |ExecutorConfigurationSupport.java:171 |org.springframework.scheduling.concurrent.ThreadPoolTaskExecutor |Initializing ExecutorService 'applicationTaskExecutor'
2021-01-10 01:37:28 |INFO  |main |ExecutorConfigurationSupport.java:171 |org.springframework.scheduling.concurrent.ThreadPoolTaskScheduler |Initializing ExecutorService
2021-01-10 01:37:28 |INFO  |main |DocumentationPluginsBootstrapper.java:147 |springfox.documentation.spring.web.plugins.DocumentationPluginsBootstrapper |Context refreshed
2021-01-10 01:37:28 |INFO  |main |DocumentationPluginsBootstrapper.java:150 |springfox.documentation.spring.web.plugins.DocumentationPluginsBootstrapper |Found 2 custom documentation plugin(s)
2021-01-10 01:37:28 |INFO  |main |ApiListingReferenceScanner.java:41 |springfox.documentation.spring.web.scanners.ApiListingReferenceScanner |Scanning for api listing references
2021-01-10 01:37:28 |INFO  |main |ApiListingReferenceScanner.java:41 |springfox.documentation.spring.web.scanners.ApiListingReferenceScanner |Scanning for api listing references
2021-01-10 01:37:28 |INFO  |main |DirectJDKLog.java:173 |org.apache.coyote.http11.Http11NioProtocol |Starting ProtocolHandler ["http-nio-8160"]
2021-01-10 01:37:28 |INFO  |main |TomcatWebServer.java:204 |org.springframework.boot.web.embedded.tomcat.TomcatWebServer |Tomcat started on port(s): 8160 (http) with context path ''
2021-01-10 01:37:28 |INFO  |main |NacosServiceRegistry.java:62 |com.alibaba.cloud.nacos.registry.NacosServiceRegistry |nacos registry, service-ucenter 192.168.152.141:8160 register finished
2021-01-10 01:37:28 |INFO  |main |StartupInfoLogger.java:61 |com.bit.jinggong.service.ucenter.ServiceUcenterApplication |Started ServiceUcenterApplication in 3.673 seconds (JVM running for 4.092)
2021-01-10 01:37:31 |INFO  |http-nio-8160-exec-1 |DirectJDKLog.java:173 |org.apache.catalina.core.ContainerBase.[Tomcat].[localhost].[/] |Initializing Spring DispatcherServlet 'dispatcherServlet'
2021-01-10 01:37:31 |INFO  |http-nio-8160-exec-1 |FrameworkServlet.java:525 |org.springframework.web.servlet.DispatcherServlet |Initializing Servlet 'dispatcherServlet'
2021-01-10 01:37:31 |INFO  |http-nio-8160-exec-1 |FrameworkServlet.java:547 |org.springframework.web.servlet.DispatcherServlet |Completed initialization in 5 ms
2021-01-10 01:39:28 |INFO  |SpringContextShutdownHook |NacosServiceRegistry.java:74 |com.alibaba.cloud.nacos.registry.NacosServiceRegistry |De-registering from Nacos Server now...
2021-01-10 01:39:28 |INFO  |SpringContextShutdownHook |NacosServiceRegistry.java:93 |com.alibaba.cloud.nacos.registry.NacosServiceRegistry |De-registration finished.
2021-01-10 01:39:28 |INFO  |SpringContextShutdownHook |ExecutorConfigurationSupport.java:208 |org.springframework.scheduling.concurrent.ThreadPoolTaskExecutor |Shutting down ExecutorService 'applicationTaskExecutor'
2021-01-10 01:39:32 |INFO  |main |SpringApplication.java:655 |com.bit.jinggong.service.ucenter.ServiceUcenterApplication |The following profiles are active: dev
2021-01-10 01:39:33 |INFO  |main |RepositoryConfigurationDelegate.java:249 |org.springframework.data.repository.config.RepositoryConfigurationDelegate |Multiple Spring Data modules found, entering strict repository configuration mode!
2021-01-10 01:39:33 |INFO  |main |RepositoryConfigurationDelegate.java:127 |org.springframework.data.repository.config.RepositoryConfigurationDelegate |Bootstrapping Spring Data Redis repositories in DEFAULT mode.
2021-01-10 01:39:33 |INFO  |main |RepositoryConfigurationDelegate.java:187 |org.springframework.data.repository.config.RepositoryConfigurationDelegate |Finished Spring Data repository scanning in 7ms. Found 0 Redis repository interfaces.
2021-01-10 01:39:33 |INFO  |main |GenericScope.java:295 |org.springframework.cloud.context.scope.GenericScope |BeanFactory id=7732ea4f-e9e4-3739-b1e9-cc66b1319812
2021-01-10 01:39:33 |INFO  |main |PostProcessorRegistrationDelegate.java:330 |org.springframework.context.support.PostProcessorRegistrationDelegate$BeanPostProcessorChecker |Bean 'org.springframework.transaction.annotation.ProxyTransactionManagementConfiguration' of type [org.springframework.transaction.annotation.ProxyTransactionManagementConfiguration] is not eligible for getting processed by all BeanPostProcessors (for example: not eligible for auto-proxying)
2021-01-10 01:39:33 |INFO  |main |PostProcessorRegistrationDelegate.java:330 |org.springframework.context.support.PostProcessorRegistrationDelegate$BeanPostProcessorChecker |Bean 'spring.cloud.sentinel-com.alibaba.cloud.sentinel.SentinelProperties' of type [com.alibaba.cloud.sentinel.SentinelProperties] is not eligible for getting processed by all BeanPostProcessors (for example: not eligible for auto-proxying)
2021-01-10 01:39:33 |INFO  |main |PostProcessorRegistrationDelegate.java:330 |org.springframework.context.support.PostProcessorRegistrationDelegate$BeanPostProcessorChecker |Bean 'com.alibaba.cloud.sentinel.custom.SentinelAutoConfiguration' of type [com.alibaba.cloud.sentinel.custom.SentinelAutoConfiguration$$EnhancerBySpringCGLIB$$32188c44] is not eligible for getting processed by all BeanPostProcessors (for example: not eligible for auto-proxying)
2021-01-10 01:39:33 |INFO  |main |TomcatWebServer.java:92 |org.springframework.boot.web.embedded.tomcat.TomcatWebServer |Tomcat initialized with port(s): 8160 (http)
2021-01-10 01:39:33 |INFO  |main |DirectJDKLog.java:173 |org.apache.coyote.http11.Http11NioProtocol |Initializing ProtocolHandler ["http-nio-8160"]
2021-01-10 01:39:33 |INFO  |main |DirectJDKLog.java:173 |org.apache.catalina.core.StandardService |Starting service [Tomcat]
2021-01-10 01:39:33 |INFO  |main |DirectJDKLog.java:173 |org.apache.catalina.core.StandardEngine |Starting Servlet engine: [Apache Tomcat/9.0.29]
2021-01-10 01:39:33 |INFO  |main |DirectJDKLog.java:173 |org.apache.catalina.core.ContainerBase.[Tomcat].[localhost].[/] |Initializing Spring embedded WebApplicationContext
2021-01-10 01:39:33 |INFO  |main |ServletWebServerApplicationContext.java:284 |org.springframework.web.context.ContextLoader |Root WebApplicationContext: initialization completed in 1329 ms
2021-01-10 01:39:33 |INFO  |main |SentinelWebAutoConfiguration.java:96 |com.alibaba.cloud.sentinel.SentinelWebAutoConfiguration |[Sentinel Starter] register Sentinel CommonFilter with urlPatterns: [/*].
2021-01-10 01:39:34 |INFO  |main |PropertySourcedRequestMappingHandlerMapping.java:69 |springfox.documentation.spring.web.PropertySourcedRequestMappingHandlerMapping |Mapped URL path [/v2/api-docs] onto method [springfox.documentation.swagger2.web.Swagger2Controller#getDocumentation(String, HttpServletRequest)]
2021-01-10 01:39:34 |INFO  |main |URLConfigurationSource.java:122 |com.netflix.config.sources.URLConfigurationSource |To enable URLs as dynamic configuration sources, define System property archaius.configurationSource.additionalUrls or make config.properties available on classpath.
2021-01-10 01:39:34 |INFO  |main |URLConfigurationSource.java:122 |com.netflix.config.sources.URLConfigurationSource |To enable URLs as dynamic configuration sources, define System property archaius.configurationSource.additionalUrls or make config.properties available on classpath.
2021-01-10 01:39:34 |INFO  |main |ExecutorConfigurationSupport.java:171 |org.springframework.scheduling.concurrent.ThreadPoolTaskExecutor |Initializing ExecutorService 'applicationTaskExecutor'
2021-01-10 01:39:34 |INFO  |main |ExecutorConfigurationSupport.java:171 |org.springframework.scheduling.concurrent.ThreadPoolTaskScheduler |Initializing ExecutorService
2021-01-10 01:39:35 |INFO  |main |DocumentationPluginsBootstrapper.java:147 |springfox.documentation.spring.web.plugins.DocumentationPluginsBootstrapper |Context refreshed
2021-01-10 01:39:35 |INFO  |main |DocumentationPluginsBootstrapper.java:150 |springfox.documentation.spring.web.plugins.DocumentationPluginsBootstrapper |Found 2 custom documentation plugin(s)
2021-01-10 01:39:35 |INFO  |main |ApiListingReferenceScanner.java:41 |springfox.documentation.spring.web.scanners.ApiListingReferenceScanner |Scanning for api listing references
2021-01-10 01:39:35 |INFO  |main |ApiListingReferenceScanner.java:41 |springfox.documentation.spring.web.scanners.ApiListingReferenceScanner |Scanning for api listing references
2021-01-10 01:39:35 |INFO  |main |DirectJDKLog.java:173 |org.apache.coyote.http11.Http11NioProtocol |Starting ProtocolHandler ["http-nio-8160"]
2021-01-10 01:39:35 |INFO  |main |TomcatWebServer.java:204 |org.springframework.boot.web.embedded.tomcat.TomcatWebServer |Tomcat started on port(s): 8160 (http) with context path ''
2021-01-10 01:39:35 |INFO  |main |NacosServiceRegistry.java:62 |com.alibaba.cloud.nacos.registry.NacosServiceRegistry |nacos registry, service-ucenter 192.168.152.141:8160 register finished
2021-01-10 01:39:35 |INFO  |main |StartupInfoLogger.java:61 |com.bit.jinggong.service.ucenter.ServiceUcenterApplication |Started ServiceUcenterApplication in 3.702 seconds (JVM running for 4.154)
2021-01-10 01:39:40 |INFO  |http-nio-8160-exec-1 |DirectJDKLog.java:173 |org.apache.catalina.core.ContainerBase.[Tomcat].[localhost].[/] |Initializing Spring DispatcherServlet 'dispatcherServlet'
2021-01-10 01:39:40 |INFO  |http-nio-8160-exec-1 |FrameworkServlet.java:525 |org.springframework.web.servlet.DispatcherServlet |Initializing Servlet 'dispatcherServlet'
2021-01-10 01:39:40 |INFO  |http-nio-8160-exec-1 |FrameworkServlet.java:547 |org.springframework.web.servlet.DispatcherServlet |Completed initialization in 6 ms
2021-01-10 03:05:41 |INFO  |SpringContextShutdownHook |NacosServiceRegistry.java:74 |com.alibaba.cloud.nacos.registry.NacosServiceRegistry |De-registering from Nacos Server now...
2021-01-10 03:05:41 |INFO  |SpringContextShutdownHook |NacosServiceRegistry.java:93 |com.alibaba.cloud.nacos.registry.NacosServiceRegistry |De-registration finished.
2021-01-10 03:05:41 |INFO  |SpringContextShutdownHook |ExecutorConfigurationSupport.java:208 |org.springframework.scheduling.concurrent.ThreadPoolTaskExecutor |Shutting down ExecutorService 'applicationTaskExecutor'
2021-01-10 07:17:05 |INFO  |main |SpringApplication.java:655 |com.bit.jinggong.service.ucenter.ServiceUcenterApplication |The following profiles are active: dev
2021-01-10 07:17:06 |INFO  |main |RepositoryConfigurationDelegate.java:249 |org.springframework.data.repository.config.RepositoryConfigurationDelegate |Multiple Spring Data modules found, entering strict repository configuration mode!
2021-01-10 07:17:06 |INFO  |main |RepositoryConfigurationDelegate.java:127 |org.springframework.data.repository.config.RepositoryConfigurationDelegate |Bootstrapping Spring Data Redis repositories in DEFAULT mode.
2021-01-10 07:17:06 |INFO  |main |RepositoryConfigurationDelegate.java:187 |org.springframework.data.repository.config.RepositoryConfigurationDelegate |Finished Spring Data repository scanning in 12ms. Found 0 Redis repository interfaces.
2021-01-10 07:17:06 |INFO  |main |GenericScope.java:295 |org.springframework.cloud.context.scope.GenericScope |BeanFactory id=20f7a9c9-a1c8-3c14-b89e-816d9247cfff
2021-01-10 07:17:06 |INFO  |main |PostProcessorRegistrationDelegate.java:330 |org.springframework.context.support.PostProcessorRegistrationDelegate$BeanPostProcessorChecker |Bean 'org.springframework.transaction.annotation.ProxyTransactionManagementConfiguration' of type [org.springframework.transaction.annotation.ProxyTransactionManagementConfiguration] is not eligible for getting processed by all BeanPostProcessors (for example: not eligible for auto-proxying)
2021-01-10 07:17:06 |INFO  |main |PostProcessorRegistrationDelegate.java:330 |org.springframework.context.support.PostProcessorRegistrationDelegate$BeanPostProcessorChecker |Bean 'spring.cloud.sentinel-com.alibaba.cloud.sentinel.SentinelProperties' of type [com.alibaba.cloud.sentinel.SentinelProperties] is not eligible for getting processed by all BeanPostProcessors (for example: not eligible for auto-proxying)
2021-01-10 07:17:07 |INFO  |main |PostProcessorRegistrationDelegate.java:330 |org.springframework.context.support.PostProcessorRegistrationDelegate$BeanPostProcessorChecker |Bean 'com.alibaba.cloud.sentinel.custom.SentinelAutoConfiguration' of type [com.alibaba.cloud.sentinel.custom.SentinelAutoConfiguration] is not eligible for getting processed by all BeanPostProcessors (for example: not eligible for auto-proxying)
2021-01-10 07:17:07 |INFO  |main |TomcatWebServer.java:92 |org.springframework.boot.web.embedded.tomcat.TomcatWebServer |Tomcat initialized with port(s): 8160 (http)
2021-01-10 07:17:07 |INFO  |main |DirectJDKLog.java:173 |org.apache.coyote.http11.Http11NioProtocol |Initializing ProtocolHandler ["http-nio-8160"]
2021-01-10 07:17:07 |INFO  |main |DirectJDKLog.java:173 |org.apache.catalina.core.StandardService |Starting service [Tomcat]
2021-01-10 07:17:07 |INFO  |main |DirectJDKLog.java:173 |org.apache.catalina.core.StandardEngine |Starting Servlet engine: [Apache Tomcat/9.0.29]
2021-01-10 07:17:07 |INFO  |main |DirectJDKLog.java:173 |org.apache.catalina.core.ContainerBase.[Tomcat].[localhost].[/] |Initializing Spring embedded WebApplicationContext
2021-01-10 07:17:07 |INFO  |main |ServletWebServerApplicationContext.java:284 |org.springframework.web.context.ContextLoader |Root WebApplicationContext: initialization completed in 1486 ms
2021-01-10 07:17:08 |INFO  |main |SentinelWebAutoConfiguration.java:80 |com.alibaba.cloud.sentinel.SentinelWebAutoConfiguration |[Sentinel Starter] register SentinelWebInterceptor with urlPatterns: [/*].
2021-01-10 07:17:08 |INFO  |main |PropertySourcedRequestMappingHandlerMapping.java:69 |springfox.documentation.spring.web.PropertySourcedRequestMappingHandlerMapping |Mapped URL path [/v2/api-docs] onto method [springfox.documentation.swagger2.web.Swagger2Controller#getDocumentation(String, HttpServletRequest)]
2021-01-10 07:17:08 |INFO  |main |URLConfigurationSource.java:122 |com.netflix.config.sources.URLConfigurationSource |To enable URLs as dynamic configuration sources, define System property archaius.configurationSource.additionalUrls or make config.properties available on classpath.
2021-01-10 07:17:08 |INFO  |main |URLConfigurationSource.java:122 |com.netflix.config.sources.URLConfigurationSource |To enable URLs as dynamic configuration sources, define System property archaius.configurationSource.additionalUrls or make config.properties available on classpath.
2021-01-10 07:17:08 |INFO  |main |ExecutorConfigurationSupport.java:171 |org.springframework.scheduling.concurrent.ThreadPoolTaskExecutor |Initializing ExecutorService 'applicationTaskExecutor'
2021-01-10 07:17:08 |INFO  |main |ExecutorConfigurationSupport.java:171 |org.springframework.scheduling.concurrent.ThreadPoolTaskScheduler |Initializing ExecutorService 'Nacso-Watch-Task-Scheduler'
2021-01-10 07:17:08 |INFO  |main |DocumentationPluginsBootstrapper.java:147 |springfox.documentation.spring.web.plugins.DocumentationPluginsBootstrapper |Context refreshed
2021-01-10 07:17:08 |INFO  |main |DocumentationPluginsBootstrapper.java:150 |springfox.documentation.spring.web.plugins.DocumentationPluginsBootstrapper |Found 2 custom documentation plugin(s)
2021-01-10 07:17:08 |INFO  |main |ApiListingReferenceScanner.java:41 |springfox.documentation.spring.web.scanners.ApiListingReferenceScanner |Scanning for api listing references
2021-01-10 07:17:08 |INFO  |main |ApiListingReferenceScanner.java:41 |springfox.documentation.spring.web.scanners.ApiListingReferenceScanner |Scanning for api listing references
2021-01-10 07:17:08 |INFO  |main |DirectJDKLog.java:173 |org.apache.coyote.http11.Http11NioProtocol |Starting ProtocolHandler ["http-nio-8160"]
2021-01-10 07:17:08 |INFO  |main |TomcatWebServer.java:204 |org.springframework.boot.web.embedded.tomcat.TomcatWebServer |Tomcat started on port(s): 8160 (http) with context path ''
2021-01-10 07:17:09 |INFO  |main |NacosServiceRegistry.java:65 |com.alibaba.cloud.nacos.registry.NacosServiceRegistry |nacos registry, DEFAULT_GROUP service-ucenter 192.168.152.141:8160 register finished
2021-01-10 07:17:09 |INFO  |main |StartupInfoLogger.java:61 |com.bit.jinggong.service.ucenter.ServiceUcenterApplication |Started ServiceUcenterApplication in 4.532 seconds (JVM running for 5.273)
2021-01-10 07:17:32 |INFO  |http-nio-8160-exec-2 |DirectJDKLog.java:173 |org.apache.catalina.core.ContainerBase.[Tomcat].[localhost].[/] |Initializing Spring DispatcherServlet 'dispatcherServlet'
2021-01-10 07:17:32 |INFO  |http-nio-8160-exec-2 |FrameworkServlet.java:525 |org.springframework.web.servlet.DispatcherServlet |Initializing Servlet 'dispatcherServlet'
2021-01-10 07:17:32 |INFO  |http-nio-8160-exec-2 |FrameworkServlet.java:547 |org.springframework.web.servlet.DispatcherServlet |Completed initialization in 6 ms
2021-01-10 07:19:20 |INFO  |SpringContextShutdownHook |NacosServiceRegistry.java:80 |com.alibaba.cloud.nacos.registry.NacosServiceRegistry |De-registering from Nacos Server now...
2021-01-10 07:19:20 |INFO  |SpringContextShutdownHook |NacosServiceRegistry.java:100 |com.alibaba.cloud.nacos.registry.NacosServiceRegistry |De-registration finished.
2021-01-10 07:19:20 |INFO  |SpringContextShutdownHook |ExecutorConfigurationSupport.java:208 |org.springframework.scheduling.concurrent.ThreadPoolTaskExecutor |Shutting down ExecutorService 'applicationTaskExecutor'
2021-01-10 17:38:49 |INFO  |main |SpringApplication.java:655 |com.bit.jinggong.service.ucenter.ServiceUcenterApplication |The following profiles are active: dev
2021-01-10 17:38:50 |INFO  |main |RepositoryConfigurationDelegate.java:249 |org.springframework.data.repository.config.RepositoryConfigurationDelegate |Multiple Spring Data modules found, entering strict repository configuration mode!
2021-01-10 17:38:50 |INFO  |main |RepositoryConfigurationDelegate.java:127 |org.springframework.data.repository.config.RepositoryConfigurationDelegate |Bootstrapping Spring Data Redis repositories in DEFAULT mode.
2021-01-10 17:38:50 |INFO  |main |RepositoryConfigurationDelegate.java:187 |org.springframework.data.repository.config.RepositoryConfigurationDelegate |Finished Spring Data repository scanning in 12ms. Found 0 Redis repository interfaces.
2021-01-10 17:38:50 |INFO  |main |GenericScope.java:295 |org.springframework.cloud.context.scope.GenericScope |BeanFactory id=20f7a9c9-a1c8-3c14-b89e-816d9247cfff
2021-01-10 17:38:51 |INFO  |main |PostProcessorRegistrationDelegate.java:330 |org.springframework.context.support.PostProcessorRegistrationDelegate$BeanPostProcessorChecker |Bean 'org.springframework.transaction.annotation.ProxyTransactionManagementConfiguration' of type [org.springframework.transaction.annotation.ProxyTransactionManagementConfiguration] is not eligible for getting processed by all BeanPostProcessors (for example: not eligible for auto-proxying)
2021-01-10 17:38:51 |INFO  |main |PostProcessorRegistrationDelegate.java:330 |org.springframework.context.support.PostProcessorRegistrationDelegate$BeanPostProcessorChecker |Bean 'spring.cloud.sentinel-com.alibaba.cloud.sentinel.SentinelProperties' of type [com.alibaba.cloud.sentinel.SentinelProperties] is not eligible for getting processed by all BeanPostProcessors (for example: not eligible for auto-proxying)
2021-01-10 17:38:51 |INFO  |main |PostProcessorRegistrationDelegate.java:330 |org.springframework.context.support.PostProcessorRegistrationDelegate$BeanPostProcessorChecker |Bean 'com.alibaba.cloud.sentinel.custom.SentinelAutoConfiguration' of type [com.alibaba.cloud.sentinel.custom.SentinelAutoConfiguration] is not eligible for getting processed by all BeanPostProcessors (for example: not eligible for auto-proxying)
2021-01-10 17:38:51 |INFO  |main |TomcatWebServer.java:92 |org.springframework.boot.web.embedded.tomcat.TomcatWebServer |Tomcat initialized with port(s): 8160 (http)
2021-01-10 17:38:51 |INFO  |main |DirectJDKLog.java:173 |org.apache.coyote.http11.Http11NioProtocol |Initializing ProtocolHandler ["http-nio-8160"]
2021-01-10 17:38:51 |INFO  |main |DirectJDKLog.java:173 |org.apache.catalina.core.StandardService |Starting service [Tomcat]
2021-01-10 17:38:51 |INFO  |main |DirectJDKLog.java:173 |org.apache.catalina.core.StandardEngine |Starting Servlet engine: [Apache Tomcat/9.0.29]
2021-01-10 17:38:52 |INFO  |main |DirectJDKLog.java:173 |org.apache.catalina.core.ContainerBase.[Tomcat].[localhost].[/] |Initializing Spring embedded WebApplicationContext
2021-01-10 17:38:52 |INFO  |main |ServletWebServerApplicationContext.java:284 |org.springframework.web.context.ContextLoader |Root WebApplicationContext: initialization completed in 2551 ms
2021-01-10 17:38:53 |INFO  |main |SentinelWebAutoConfiguration.java:80 |com.alibaba.cloud.sentinel.SentinelWebAutoConfiguration |[Sentinel Starter] register SentinelWebInterceptor with urlPatterns: [/*].
2021-01-10 17:38:53 |INFO  |main |PropertySourcedRequestMappingHandlerMapping.java:69 |springfox.documentation.spring.web.PropertySourcedRequestMappingHandlerMapping |Mapped URL path [/v2/api-docs] onto method [springfox.documentation.swagger2.web.Swagger2Controller#getDocumentation(String, HttpServletRequest)]
2021-01-10 17:38:53 |INFO  |main |URLConfigurationSource.java:122 |com.netflix.config.sources.URLConfigurationSource |To enable URLs as dynamic configuration sources, define System property archaius.configurationSource.additionalUrls or make config.properties available on classpath.
2021-01-10 17:38:53 |INFO  |main |URLConfigurationSource.java:122 |com.netflix.config.sources.URLConfigurationSource |To enable URLs as dynamic configuration sources, define System property archaius.configurationSource.additionalUrls or make config.properties available on classpath.
2021-01-10 17:38:53 |INFO  |main |ExecutorConfigurationSupport.java:171 |org.springframework.scheduling.concurrent.ThreadPoolTaskExecutor |Initializing ExecutorService 'applicationTaskExecutor'
2021-01-10 17:38:53 |INFO  |main |ExecutorConfigurationSupport.java:171 |org.springframework.scheduling.concurrent.ThreadPoolTaskScheduler |Initializing ExecutorService 'Nacso-Watch-Task-Scheduler'
2021-01-10 17:38:53 |INFO  |main |DocumentationPluginsBootstrapper.java:147 |springfox.documentation.spring.web.plugins.DocumentationPluginsBootstrapper |Context refreshed
2021-01-10 17:38:53 |INFO  |main |DocumentationPluginsBootstrapper.java:150 |springfox.documentation.spring.web.plugins.DocumentationPluginsBootstrapper |Found 2 custom documentation plugin(s)
2021-01-10 17:38:53 |INFO  |main |ApiListingReferenceScanner.java:41 |springfox.documentation.spring.web.scanners.ApiListingReferenceScanner |Scanning for api listing references
2021-01-10 17:38:53 |INFO  |main |ApiListingReferenceScanner.java:41 |springfox.documentation.spring.web.scanners.ApiListingReferenceScanner |Scanning for api listing references
2021-01-10 17:38:54 |INFO  |main |DirectJDKLog.java:173 |org.apache.coyote.http11.Http11NioProtocol |Starting ProtocolHandler ["http-nio-8160"]
2021-01-10 17:38:54 |INFO  |main |TomcatWebServer.java:204 |org.springframework.boot.web.embedded.tomcat.TomcatWebServer |Tomcat started on port(s): 8160 (http) with context path ''
2021-01-10 17:38:54 |INFO  |main |NacosServiceRegistry.java:65 |com.alibaba.cloud.nacos.registry.NacosServiceRegistry |nacos registry, DEFAULT_GROUP service-ucenter 192.168.152.143:8160 register finished
2021-01-10 17:38:54 |INFO  |main |StartupInfoLogger.java:61 |com.bit.jinggong.service.ucenter.ServiceUcenterApplication |Started ServiceUcenterApplication in 5.68 seconds (JVM running for 6.324)
2021-01-10 17:38:57 |INFO  |http-nio-8160-exec-1 |DirectJDKLog.java:173 |org.apache.catalina.core.ContainerBase.[Tomcat].[localhost].[/] |Initializing Spring DispatcherServlet 'dispatcherServlet'
2021-01-10 17:38:57 |INFO  |http-nio-8160-exec-1 |FrameworkServlet.java:525 |org.springframework.web.servlet.DispatcherServlet |Initializing Servlet 'dispatcherServlet'
2021-01-10 17:38:57 |INFO  |http-nio-8160-exec-1 |FrameworkServlet.java:547 |org.springframework.web.servlet.DispatcherServlet |Completed initialization in 9 ms
2021-01-10 17:39:09 |INFO  |http-nio-8160-exec-2 |HikariDataSource.java:110 |com.zaxxer.hikari.HikariDataSource |HikariPool-1 - Starting...
2021-01-10 17:39:10 |INFO  |http-nio-8160-exec-2 |HikariDataSource.java:123 |com.zaxxer.hikari.HikariDataSource |HikariPool-1 - Start completed.
2021-01-10 17:45:24 |INFO  |SpringContextShutdownHook |NacosServiceRegistry.java:80 |com.alibaba.cloud.nacos.registry.NacosServiceRegistry |De-registering from Nacos Server now...
2021-01-10 17:45:24 |INFO  |SpringContextShutdownHook |NacosServiceRegistry.java:100 |com.alibaba.cloud.nacos.registry.NacosServiceRegistry |De-registration finished.
2021-01-10 17:45:24 |INFO  |SpringContextShutdownHook |ExecutorConfigurationSupport.java:208 |org.springframework.scheduling.concurrent.ThreadPoolTaskExecutor |Shutting down ExecutorService 'applicationTaskExecutor'
2021-01-10 17:45:24 |INFO  |SpringContextShutdownHook |HikariDataSource.java:350 |com.zaxxer.hikari.HikariDataSource |HikariPool-1 - Shutdown initiated...
2021-01-10 17:45:24 |INFO  |SpringContextShutdownHook |HikariDataSource.java:352 |com.zaxxer.hikari.HikariDataSource |HikariPool-1 - Shutdown completed.
