2021-01-14 00:05:01 |INFO  |SpringContextShutdownHook |NacosServiceRegistry.java:80 |com.alibaba.cloud.nacos.registry.NacosServiceRegistry |De-registering from Nacos Server now...
2021-01-14 00:05:01 |INFO  |Thread-27 |PollingServerListUpdater.java:53 |com.netflix.loadbalancer.PollingServerListUpdater |Shutting down the Executor Pool for PollingServerListUpdater
2021-01-14 00:05:01 |INFO  |SpringContextShutdownHook |NacosServiceRegistry.java:100 |com.alibaba.cloud.nacos.registry.NacosServiceRegistry |De-registration finished.
2021-01-14 00:05:07 |INFO  |main |SpringApplication.java:655 |com.bit.jinggong.infrastructure.apigateway.InfrastructureApiGatewayApplication |The following profiles are active: dev
2021-01-14 00:05:08 |INFO  |main |RepositoryConfigurationDelegate.java:249 |org.springframework.data.repository.config.RepositoryConfigurationDelegate |Multiple Spring Data modules found, entering strict repository configuration mode!
2021-01-14 00:05:08 |INFO  |main |RepositoryConfigurationDelegate.java:127 |org.springframework.data.repository.config.RepositoryConfigurationDelegate |Bootstrapping Spring Data Redis repositories in DEFAULT mode.
2021-01-14 00:05:08 |INFO  |main |RepositoryConfigurationDelegate.java:187 |org.springframework.data.repository.config.RepositoryConfigurationDelegate |Finished Spring Data repository scanning in 6ms. Found 0 Redis repository interfaces.
2021-01-14 00:05:08 |INFO  |main |GenericScope.java:295 |org.springframework.cloud.context.scope.GenericScope |BeanFactory id=97819f52-6293-3e9e-8db4-5fe6704a3b89
2021-01-14 00:05:08 |INFO  |main |PostProcessorRegistrationDelegate.java:330 |org.springframework.context.support.PostProcessorRegistrationDelegate$BeanPostProcessorChecker |Bean 'org.springframework.cloud.client.loadbalancer.reactive.LoadBalancerBeanPostProcessorAutoConfiguration' of type [org.springframework.cloud.client.loadbalancer.reactive.LoadBalancerBeanPostProcessorAutoConfiguration] is not eligible for getting processed by all BeanPostProcessors (for example: not eligible for auto-proxying)
2021-01-14 00:05:08 |INFO  |main |PostProcessorRegistrationDelegate.java:330 |org.springframework.context.support.PostProcessorRegistrationDelegate$BeanPostProcessorChecker |Bean 'org.springframework.cloud.client.loadbalancer.reactive.LoadBalancerBeanPostProcessorAutoConfiguration$ReactiveLoadBalancerConfig' of type [org.springframework.cloud.client.loadbalancer.reactive.LoadBalancerBeanPostProcessorAutoConfiguration$ReactiveLoadBalancerConfig] is not eligible for getting processed by all BeanPostProcessors (for example: not eligible for auto-proxying)
2021-01-14 00:05:08 |INFO  |main |PostProcessorRegistrationDelegate.java:330 |org.springframework.context.support.PostProcessorRegistrationDelegate$BeanPostProcessorChecker |Bean 'deferringLoadBalancerExchangeFilterFunction' of type [org.springframework.cloud.client.loadbalancer.reactive.DeferringLoadBalancerExchangeFilterFunction] is not eligible for getting processed by all BeanPostProcessors (for example: not eligible for auto-proxying)
2021-01-14 00:05:08 |INFO  |main |URLConfigurationSource.java:122 |com.netflix.config.sources.URLConfigurationSource |To enable URLs as dynamic configuration sources, define System property archaius.configurationSource.additionalUrls or make config.properties available on classpath.
2021-01-14 00:05:08 |INFO  |main |URLConfigurationSource.java:122 |com.netflix.config.sources.URLConfigurationSource |To enable URLs as dynamic configuration sources, define System property archaius.configurationSource.additionalUrls or make config.properties available on classpath.
2021-01-14 00:05:08 |INFO  |main |RouteDefinitionRouteLocator.java:139 |org.springframework.cloud.gateway.route.RouteDefinitionRouteLocator |Loaded RoutePredicateFactory [After]
2021-01-14 00:05:08 |INFO  |main |RouteDefinitionRouteLocator.java:139 |org.springframework.cloud.gateway.route.RouteDefinitionRouteLocator |Loaded RoutePredicateFactory [Before]
2021-01-14 00:05:08 |INFO  |main |RouteDefinitionRouteLocator.java:139 |org.springframework.cloud.gateway.route.RouteDefinitionRouteLocator |Loaded RoutePredicateFactory [Between]
2021-01-14 00:05:08 |INFO  |main |RouteDefinitionRouteLocator.java:139 |org.springframework.cloud.gateway.route.RouteDefinitionRouteLocator |Loaded RoutePredicateFactory [Cookie]
2021-01-14 00:05:08 |INFO  |main |RouteDefinitionRouteLocator.java:139 |org.springframework.cloud.gateway.route.RouteDefinitionRouteLocator |Loaded RoutePredicateFactory [Header]
2021-01-14 00:05:08 |INFO  |main |RouteDefinitionRouteLocator.java:139 |org.springframework.cloud.gateway.route.RouteDefinitionRouteLocator |Loaded RoutePredicateFactory [Host]
2021-01-14 00:05:08 |INFO  |main |RouteDefinitionRouteLocator.java:139 |org.springframework.cloud.gateway.route.RouteDefinitionRouteLocator |Loaded RoutePredicateFactory [Method]
2021-01-14 00:05:08 |INFO  |main |RouteDefinitionRouteLocator.java:139 |org.springframework.cloud.gateway.route.RouteDefinitionRouteLocator |Loaded RoutePredicateFactory [Path]
2021-01-14 00:05:08 |INFO  |main |RouteDefinitionRouteLocator.java:139 |org.springframework.cloud.gateway.route.RouteDefinitionRouteLocator |Loaded RoutePredicateFactory [Query]
2021-01-14 00:05:08 |INFO  |main |RouteDefinitionRouteLocator.java:139 |org.springframework.cloud.gateway.route.RouteDefinitionRouteLocator |Loaded RoutePredicateFactory [ReadBodyPredicateFactory]
2021-01-14 00:05:08 |INFO  |main |RouteDefinitionRouteLocator.java:139 |org.springframework.cloud.gateway.route.RouteDefinitionRouteLocator |Loaded RoutePredicateFactory [RemoteAddr]
2021-01-14 00:05:08 |INFO  |main |RouteDefinitionRouteLocator.java:139 |org.springframework.cloud.gateway.route.RouteDefinitionRouteLocator |Loaded RoutePredicateFactory [Weight]
2021-01-14 00:05:08 |INFO  |main |RouteDefinitionRouteLocator.java:139 |org.springframework.cloud.gateway.route.RouteDefinitionRouteLocator |Loaded RoutePredicateFactory [CloudFoundryRouteService]
2021-01-14 00:05:08 |INFO  |main |ExecutorConfigurationSupport.java:171 |org.springframework.scheduling.concurrent.ThreadPoolTaskScheduler |Initializing ExecutorService 'Nacso-Watch-Task-Scheduler'
2021-01-14 00:05:09 |INFO  |main |NettyWebServer.java:89 |org.springframework.boot.web.embedded.netty.NettyWebServer |Netty started on port(s): 9110
2021-01-14 00:05:09 |INFO  |main |NacosServiceRegistry.java:65 |com.alibaba.cloud.nacos.registry.NacosServiceRegistry |nacos registry, DEFAULT_GROUP infrastructure-apigateway 192.168.152.143:9110 register finished
2021-01-14 00:05:09 |INFO  |main |StartupInfoLogger.java:61 |com.bit.jinggong.infrastructure.apigateway.InfrastructureApiGatewayApplication |Started InfrastructureApiGatewayApplication in 3.83 seconds (JVM running for 4.568)
2021-01-14 00:06:16 |INFO  |reactor-http-epoll-2 |ChainedDynamicProperty.java:115 |com.netflix.config.ChainedDynamicProperty |Flipping property: service-ucenter.ribbon.ActiveConnectionsLimit to use NEXT property: niws.loadbalancer.availabilityFilteringRule.activeConnectionsLimit = 2147483647
2021-01-14 00:06:16 |INFO  |reactor-http-epoll-2 |BaseLoadBalancer.java:197 |com.netflix.loadbalancer.BaseLoadBalancer |Client: service-ucenter instantiated a LoadBalancer: DynamicServerListLoadBalancer:{NFLoadBalancer:name=service-ucenter,current list of Servers=[],Load balancer stats=Zone stats: {},Server stats: []}ServerList:null
2021-01-14 00:06:16 |INFO  |reactor-http-epoll-2 |DynamicServerListLoadBalancer.java:222 |com.netflix.loadbalancer.DynamicServerListLoadBalancer |Using serverListUpdater PollingServerListUpdater
2021-01-14 00:06:16 |INFO  |reactor-http-epoll-2 |ChainedDynamicProperty.java:115 |com.netflix.config.ChainedDynamicProperty |Flipping property: service-ucenter.ribbon.ActiveConnectionsLimit to use NEXT property: niws.loadbalancer.availabilityFilteringRule.activeConnectionsLimit = 2147483647
2021-01-14 00:06:16 |INFO  |reactor-http-epoll-2 |DynamicServerListLoadBalancer.java:150 |com.netflix.loadbalancer.DynamicServerListLoadBalancer |DynamicServerListLoadBalancer for client service-ucenter initialized: DynamicServerListLoadBalancer:{NFLoadBalancer:name=service-ucenter,current list of Servers=[192.168.152.143:8160],Load balancer stats=Zone stats: {unknown=[Zone:unknown;	Instance count:1;	Active connections count: 0;	Circuit breaker tripped count: 0;	Active connections per server: 0.0;]
},Server stats: [[Server:192.168.152.143:8160;	Zone:UNKNOWN;	Total Requests:0;	Successive connection failure:0;	Total blackout seconds:0;	Last connection made:Wed Dec 31 16:00:00 PST 1969;	First connection made: Wed Dec 31 16:00:00 PST 1969;	Active Connections:0;	total failure count in last (1000) msecs:0;	average resp time:0.0;	90 percentile resp time:0.0;	95 percentile resp time:0.0;	min resp time:0.0;	max resp time:0.0;	stddev resp time:0.0]
]}ServerList:com.alibaba.cloud.nacos.ribbon.NacosServerList@28186cd8
2021-01-14 00:06:17 |INFO  |PollingServerListUpdater-0 |ChainedDynamicProperty.java:115 |com.netflix.config.ChainedDynamicProperty |Flipping property: service-ucenter.ribbon.ActiveConnectionsLimit to use NEXT property: niws.loadbalancer.availabilityFilteringRule.activeConnectionsLimit = 2147483647
2021-01-14 00:08:37 |INFO  |reactor-http-epoll-4 |ChainedDynamicProperty.java:115 |com.netflix.config.ChainedDynamicProperty |Flipping property: service-cms.ribbon.ActiveConnectionsLimit to use NEXT property: niws.loadbalancer.availabilityFilteringRule.activeConnectionsLimit = 2147483647
2021-01-14 00:08:37 |INFO  |reactor-http-epoll-4 |BaseLoadBalancer.java:197 |com.netflix.loadbalancer.BaseLoadBalancer |Client: service-cms instantiated a LoadBalancer: DynamicServerListLoadBalancer:{NFLoadBalancer:name=service-cms,current list of Servers=[],Load balancer stats=Zone stats: {},Server stats: []}ServerList:null
2021-01-14 00:08:37 |INFO  |reactor-http-epoll-4 |DynamicServerListLoadBalancer.java:222 |com.netflix.loadbalancer.DynamicServerListLoadBalancer |Using serverListUpdater PollingServerListUpdater
2021-01-14 00:08:38 |INFO  |reactor-http-epoll-4 |DynamicServerListLoadBalancer.java:150 |com.netflix.loadbalancer.DynamicServerListLoadBalancer |DynamicServerListLoadBalancer for client service-cms initialized: DynamicServerListLoadBalancer:{NFLoadBalancer:name=service-cms,current list of Servers=[],Load balancer stats=Zone stats: {},Server stats: []}ServerList:com.alibaba.cloud.nacos.ribbon.NacosServerList@6a026e94
2021-01-14 00:33:08 |INFO  |PollingServerListUpdater-1 |ChainedDynamicProperty.java:115 |com.netflix.config.ChainedDynamicProperty |Flipping property: service-cms.ribbon.ActiveConnectionsLimit to use NEXT property: niws.loadbalancer.availabilityFilteringRule.activeConnectionsLimit = 2147483647
2021-01-14 00:34:38 |INFO  |reactor-http-epoll-3 |ChainedDynamicProperty.java:115 |com.netflix.config.ChainedDynamicProperty |Flipping property: service-edu.ribbon.ActiveConnectionsLimit to use NEXT property: niws.loadbalancer.availabilityFilteringRule.activeConnectionsLimit = 2147483647
2021-01-14 00:34:38 |INFO  |reactor-http-epoll-3 |BaseLoadBalancer.java:197 |com.netflix.loadbalancer.BaseLoadBalancer |Client: service-edu instantiated a LoadBalancer: DynamicServerListLoadBalancer:{NFLoadBalancer:name=service-edu,current list of Servers=[],Load balancer stats=Zone stats: {},Server stats: []}ServerList:null
2021-01-14 00:34:38 |INFO  |reactor-http-epoll-3 |DynamicServerListLoadBalancer.java:222 |com.netflix.loadbalancer.DynamicServerListLoadBalancer |Using serverListUpdater PollingServerListUpdater
2021-01-14 00:34:38 |INFO  |reactor-http-epoll-3 |ChainedDynamicProperty.java:115 |com.netflix.config.ChainedDynamicProperty |Flipping property: service-edu.ribbon.ActiveConnectionsLimit to use NEXT property: niws.loadbalancer.availabilityFilteringRule.activeConnectionsLimit = 2147483647
2021-01-14 00:34:38 |INFO  |reactor-http-epoll-3 |DynamicServerListLoadBalancer.java:150 |com.netflix.loadbalancer.DynamicServerListLoadBalancer |DynamicServerListLoadBalancer for client service-edu initialized: DynamicServerListLoadBalancer:{NFLoadBalancer:name=service-edu,current list of Servers=[192.168.152.143:8110],Load balancer stats=Zone stats: {unknown=[Zone:unknown;	Instance count:1;	Active connections count: 0;	Circuit breaker tripped count: 0;	Active connections per server: 0.0;]
},Server stats: [[Server:192.168.152.143:8110;	Zone:UNKNOWN;	Total Requests:0;	Successive connection failure:0;	Total blackout seconds:0;	Last connection made:Wed Dec 31 16:00:00 PST 1969;	First connection made: Wed Dec 31 16:00:00 PST 1969;	Active Connections:0;	total failure count in last (1000) msecs:0;	average resp time:0.0;	90 percentile resp time:0.0;	95 percentile resp time:0.0;	min resp time:0.0;	max resp time:0.0;	stddev resp time:0.0]
]}ServerList:com.alibaba.cloud.nacos.ribbon.NacosServerList@e8992bf
2021-01-14 00:34:39 |INFO  |PollingServerListUpdater-0 |ChainedDynamicProperty.java:115 |com.netflix.config.ChainedDynamicProperty |Flipping property: service-edu.ribbon.ActiveConnectionsLimit to use NEXT property: niws.loadbalancer.availabilityFilteringRule.activeConnectionsLimit = 2147483647
2021-01-14 18:31:45 |INFO  |reactor-http-epoll-3 |ChainedDynamicProperty.java:115 |com.netflix.config.ChainedDynamicProperty |Flipping property: service-oss.ribbon.ActiveConnectionsLimit to use NEXT property: niws.loadbalancer.availabilityFilteringRule.activeConnectionsLimit = 2147483647
2021-01-14 18:31:45 |INFO  |reactor-http-epoll-3 |BaseLoadBalancer.java:197 |com.netflix.loadbalancer.BaseLoadBalancer |Client: service-oss instantiated a LoadBalancer: DynamicServerListLoadBalancer:{NFLoadBalancer:name=service-oss,current list of Servers=[],Load balancer stats=Zone stats: {},Server stats: []}ServerList:null
2021-01-14 18:31:45 |INFO  |reactor-http-epoll-3 |DynamicServerListLoadBalancer.java:222 |com.netflix.loadbalancer.DynamicServerListLoadBalancer |Using serverListUpdater PollingServerListUpdater
2021-01-14 18:31:45 |INFO  |reactor-http-epoll-3 |DynamicServerListLoadBalancer.java:150 |com.netflix.loadbalancer.DynamicServerListLoadBalancer |DynamicServerListLoadBalancer for client service-oss initialized: DynamicServerListLoadBalancer:{NFLoadBalancer:name=service-oss,current list of Servers=[],Load balancer stats=Zone stats: {},Server stats: []}ServerList:com.alibaba.cloud.nacos.ribbon.NacosServerList@40b987df
2021-01-14 18:41:15 |INFO  |PollingServerListUpdater-1 |ChainedDynamicProperty.java:115 |com.netflix.config.ChainedDynamicProperty |Flipping property: service-oss.ribbon.ActiveConnectionsLimit to use NEXT property: niws.loadbalancer.availabilityFilteringRule.activeConnectionsLimit = 2147483647
