2021-01-13 23:51:46 |ERROR |main |NacosReactiveDiscoveryClient.java:76 |com.alibaba.cloud.nacos.discovery.reactive.NacosReactiveDiscoveryClient |get services from nacos server fail,
java.lang.IllegalStateException: failed to req API:/nacos/v1/ns/service/list after all servers([localhost:8848]) tried: failed to req API:localhost:8848/nacos/v1/ns/service/list. code:500 msg: java.net.ConnectException: 拒绝连接 (Connection refused)
	at com.alibaba.nacos.client.naming.net.NamingProxy.reqAPI(NamingProxy.java:467)
	at com.alibaba.nacos.client.naming.net.NamingProxy.reqAPI(NamingProxy.java:433)
	at com.alibaba.nacos.client.naming.net.NamingProxy.reqAPI(NamingProxy.java:379)
	at com.alibaba.nacos.client.naming.net.NamingProxy.getServiceList(NamingProxy.java:361)
	at com.alibaba.nacos.client.naming.NacosNamingService.getServicesOfServer(NacosNamingService.java:458)
	at com.alibaba.nacos.client.naming.NacosNamingService.getServicesOfServer(NacosNamingService.java:447)
	at com.alibaba.cloud.nacos.discovery.NacosServiceDiscovery.getServices(NacosServiceDiscovery.java:64)
	at com.alibaba.cloud.nacos.discovery.reactive.NacosReactiveDiscoveryClient.lambda$getServices$1(NacosReactiveDiscoveryClient.java:73)
	at reactor.core.publisher.FluxDefer.subscribe(FluxDefer.java:46)
	at reactor.core.publisher.Flux.subscribe(Flux.java:8143)
	at reactor.core.publisher.FluxFlatMap$FlatMapMain.onNext(FluxFlatMap.java:418)
	at reactor.core.publisher.FluxIterable$IterableSubscription.slowPath(FluxIterable.java:243)
	at reactor.core.publisher.FluxIterable$IterableSubscription.request(FluxIterable.java:201)
	at reactor.core.publisher.FluxFlatMap$FlatMapMain.onSubscribe(FluxFlatMap.java:363)
	at reactor.core.publisher.FluxIterable.subscribe(FluxIterable.java:139)
	at reactor.core.publisher.FluxIterable.subscribe(FluxIterable.java:63)
	at reactor.core.publisher.Flux.subscribe(Flux.java:8143)
	at reactor.core.publisher.FluxFlatMap$FlatMapMain.onNext(FluxFlatMap.java:418)
	at reactor.core.publisher.FluxIterable$IterableSubscription.slowPath(FluxIterable.java:243)
	at reactor.core.publisher.FluxIterable$IterableSubscription.request(FluxIterable.java:201)
	at reactor.core.publisher.FluxFlatMap$FlatMapMain.onSubscribe(FluxFlatMap.java:363)
	at reactor.core.publisher.FluxIterable.subscribe(FluxIterable.java:139)
	at reactor.core.publisher.FluxIterable.subscribe(FluxIterable.java:63)
	at reactor.core.publisher.Flux.subscribe(Flux.java:8143)
	at reactor.core.publisher.FluxFlatMap$FlatMapMain.onNext(FluxFlatMap.java:418)
	at reactor.core.publisher.FluxIterable$IterableSubscription.slowPath(FluxIterable.java:243)
	at reactor.core.publisher.FluxIterable$IterableSubscription.request(FluxIterable.java:201)
	at reactor.core.publisher.FluxFlatMap$FlatMapMain.onSubscribe(FluxFlatMap.java:363)
	at reactor.core.publisher.FluxIterable.subscribe(FluxIterable.java:139)
	at reactor.core.publisher.FluxIterable.subscribe(FluxIterable.java:63)
	at reactor.core.publisher.Mono.subscribe(Mono.java:4105)
	at reactor.core.publisher.Mono.subscribeWith(Mono.java:4211)
	at reactor.core.publisher.Mono.subscribe(Mono.java:3937)
	at org.springframework.cloud.gateway.route.CachingRouteLocator.onApplicationEvent(CachingRouteLocator.java:73)
	at org.springframework.cloud.gateway.route.CachingRouteLocator.onApplicationEvent(CachingRouteLocator.java:35)
	at org.springframework.context.event.SimpleApplicationEventMulticaster.doInvokeListener(SimpleApplicationEventMulticaster.java:172)
	at org.springframework.context.event.SimpleApplicationEventMulticaster.invokeListener(SimpleApplicationEventMulticaster.java:165)
	at org.springframework.context.event.SimpleApplicationEventMulticaster.multicastEvent(SimpleApplicationEventMulticaster.java:139)
	at org.springframework.context.support.AbstractApplicationContext.publishEvent(AbstractApplicationContext.java:403)
	at org.springframework.context.support.AbstractApplicationContext.publishEvent(AbstractApplicationContext.java:360)
	at org.springframework.cloud.gateway.route.RouteRefreshListener.reset(RouteRefreshListener.java:68)
	at org.springframework.cloud.gateway.route.RouteRefreshListener.onApplicationEvent(RouteRefreshListener.java:49)
	at org.springframework.context.event.SimpleApplicationEventMulticaster.doInvokeListener(SimpleApplicationEventMulticaster.java:172)
	at org.springframework.context.event.SimpleApplicationEventMulticaster.invokeListener(SimpleApplicationEventMulticaster.java:165)
	at org.springframework.context.event.SimpleApplicationEventMulticaster.multicastEvent(SimpleApplicationEventMulticaster.java:139)
	at org.springframework.context.support.AbstractApplicationContext.publishEvent(AbstractApplicationContext.java:403)
	at org.springframework.context.support.AbstractApplicationContext.publishEvent(AbstractApplicationContext.java:360)
	at org.springframework.context.support.AbstractApplicationContext.finishRefresh(AbstractApplicationContext.java:897)
	at org.springframework.boot.web.reactive.context.ReactiveWebServerApplicationContext.finishRefresh(ReactiveWebServerApplicationContext.java:129)
	at org.springframework.context.support.AbstractApplicationContext.refresh(AbstractApplicationContext.java:553)
	at org.springframework.boot.web.reactive.context.ReactiveWebServerApplicationContext.refresh(ReactiveWebServerApplicationContext.java:66)
	at org.springframework.boot.SpringApplication.refresh(SpringApplication.java:747)
	at org.springframework.boot.SpringApplication.refreshContext(SpringApplication.java:397)
	at org.springframework.boot.SpringApplication.run(SpringApplication.java:315)
	at org.springframework.boot.SpringApplication.run(SpringApplication.java:1226)
	at org.springframework.boot.SpringApplication.run(SpringApplication.java:1215)
	at com.bit.jinggong.infrastructure.apigateway.InfrastructureApiGatewayApplication.main(InfrastructureApiGatewayApplication.java:12)
2021-01-13 23:51:46 |ERROR |Nacso-Watch-Task-Scheduler-1 |NacosReactiveDiscoveryClient.java:76 |com.alibaba.cloud.nacos.discovery.reactive.NacosReactiveDiscoveryClient |get services from nacos server fail,
java.lang.IllegalStateException: failed to req API:/nacos/v1/ns/service/list after all servers([localhost:8848]) tried: failed to req API:localhost:8848/nacos/v1/ns/service/list. code:500 msg: java.net.ConnectException: 拒绝连接 (Connection refused)
	at com.alibaba.nacos.client.naming.net.NamingProxy.reqAPI(NamingProxy.java:467)
	at com.alibaba.nacos.client.naming.net.NamingProxy.reqAPI(NamingProxy.java:433)
	at com.alibaba.nacos.client.naming.net.NamingProxy.reqAPI(NamingProxy.java:379)
	at com.alibaba.nacos.client.naming.net.NamingProxy.getServiceList(NamingProxy.java:361)
	at com.alibaba.nacos.client.naming.NacosNamingService.getServicesOfServer(NacosNamingService.java:458)
	at com.alibaba.nacos.client.naming.NacosNamingService.getServicesOfServer(NacosNamingService.java:447)
	at com.alibaba.cloud.nacos.discovery.NacosServiceDiscovery.getServices(NacosServiceDiscovery.java:64)
	at com.alibaba.cloud.nacos.discovery.reactive.NacosReactiveDiscoveryClient.lambda$getServices$1(NacosReactiveDiscoveryClient.java:73)
	at reactor.core.publisher.FluxDefer.subscribe(FluxDefer.java:46)
	at reactor.core.publisher.Flux.subscribe(Flux.java:8143)
	at reactor.core.publisher.FluxFlatMap$FlatMapMain.onNext(FluxFlatMap.java:418)
	at reactor.core.publisher.FluxIterable$IterableSubscription.slowPath(FluxIterable.java:243)
	at reactor.core.publisher.FluxIterable$IterableSubscription.request(FluxIterable.java:201)
	at reactor.core.publisher.FluxFlatMap$FlatMapMain.onSubscribe(FluxFlatMap.java:363)
	at reactor.core.publisher.FluxIterable.subscribe(FluxIterable.java:139)
	at reactor.core.publisher.FluxIterable.subscribe(FluxIterable.java:63)
	at reactor.core.publisher.Flux.subscribe(Flux.java:8143)
	at reactor.core.publisher.FluxFlatMap$FlatMapMain.onNext(FluxFlatMap.java:418)
	at reactor.core.publisher.FluxIterable$IterableSubscription.slowPath(FluxIterable.java:243)
	at reactor.core.publisher.FluxIterable$IterableSubscription.request(FluxIterable.java:201)
	at reactor.core.publisher.FluxFlatMap$FlatMapMain.onSubscribe(FluxFlatMap.java:363)
	at reactor.core.publisher.FluxIterable.subscribe(FluxIterable.java:139)
	at reactor.core.publisher.FluxIterable.subscribe(FluxIterable.java:63)
	at reactor.core.publisher.Flux.subscribe(Flux.java:8143)
	at reactor.core.publisher.FluxFlatMap$FlatMapMain.onNext(FluxFlatMap.java:418)
	at reactor.core.publisher.FluxIterable$IterableSubscription.slowPath(FluxIterable.java:243)
	at reactor.core.publisher.FluxIterable$IterableSubscription.request(FluxIterable.java:201)
	at reactor.core.publisher.FluxFlatMap$FlatMapMain.onSubscribe(FluxFlatMap.java:363)
	at reactor.core.publisher.FluxIterable.subscribe(FluxIterable.java:139)
	at reactor.core.publisher.FluxIterable.subscribe(FluxIterable.java:63)
	at reactor.core.publisher.Mono.subscribe(Mono.java:4105)
	at reactor.core.publisher.Mono.subscribeWith(Mono.java:4211)
	at reactor.core.publisher.Mono.subscribe(Mono.java:3937)
	at org.springframework.cloud.gateway.route.CachingRouteLocator.onApplicationEvent(CachingRouteLocator.java:73)
	at org.springframework.cloud.gateway.route.CachingRouteLocator.onApplicationEvent(CachingRouteLocator.java:35)
	at org.springframework.context.event.SimpleApplicationEventMulticaster.doInvokeListener(SimpleApplicationEventMulticaster.java:172)
	at org.springframework.context.event.SimpleApplicationEventMulticaster.invokeListener(SimpleApplicationEventMulticaster.java:165)
	at org.springframework.context.event.SimpleApplicationEventMulticaster.multicastEvent(SimpleApplicationEventMulticaster.java:139)
	at org.springframework.context.support.AbstractApplicationContext.publishEvent(AbstractApplicationContext.java:403)
	at org.springframework.context.support.AbstractApplicationContext.publishEvent(AbstractApplicationContext.java:360)
	at org.springframework.cloud.gateway.route.RouteRefreshListener.reset(RouteRefreshListener.java:68)
	at org.springframework.cloud.gateway.route.RouteRefreshListener.resetIfNeeded(RouteRefreshListener.java:63)
	at org.springframework.cloud.gateway.route.RouteRefreshListener.onApplicationEvent(RouteRefreshListener.java:57)
	at org.springframework.context.event.SimpleApplicationEventMulticaster.doInvokeListener(SimpleApplicationEventMulticaster.java:172)
	at org.springframework.context.event.SimpleApplicationEventMulticaster.invokeListener(SimpleApplicationEventMulticaster.java:165)
	at org.springframework.context.event.SimpleApplicationEventMulticaster.multicastEvent(SimpleApplicationEventMulticaster.java:139)
	at org.springframework.context.support.AbstractApplicationContext.publishEvent(AbstractApplicationContext.java:403)
	at org.springframework.context.support.AbstractApplicationContext.publishEvent(AbstractApplicationContext.java:360)
	at com.alibaba.cloud.nacos.discovery.NacosWatch.nacosServicesWatch(NacosWatch.java:126)
	at org.springframework.scheduling.support.DelegatingErrorHandlingRunnable.run(DelegatingErrorHandlingRunnable.java:54)
	at java.util.concurrent.Executors$RunnableAdapter.call(Executors.java:511)
	at java.util.concurrent.FutureTask.runAndReset(FutureTask.java:308)
	at java.util.concurrent.ScheduledThreadPoolExecutor$ScheduledFutureTask.access$301(ScheduledThreadPoolExecutor.java:180)
	at java.util.concurrent.ScheduledThreadPoolExecutor$ScheduledFutureTask.run(ScheduledThreadPoolExecutor.java:294)
	at java.util.concurrent.ThreadPoolExecutor.runWorker(ThreadPoolExecutor.java:1149)
	at java.util.concurrent.ThreadPoolExecutor$Worker.run(ThreadPoolExecutor.java:624)
	at java.lang.Thread.run(Thread.java:748)
2021-01-13 23:51:46 |ERROR |main |NacosReactiveDiscoveryClient.java:76 |com.alibaba.cloud.nacos.discovery.reactive.NacosReactiveDiscoveryClient |get services from nacos server fail,
java.lang.IllegalStateException: failed to req API:/nacos/v1/ns/service/list after all servers([localhost:8848]) tried: failed to req API:localhost:8848/nacos/v1/ns/service/list. code:500 msg: java.net.ConnectException: 拒绝连接 (Connection refused)
	at com.alibaba.nacos.client.naming.net.NamingProxy.reqAPI(NamingProxy.java:467)
	at com.alibaba.nacos.client.naming.net.NamingProxy.reqAPI(NamingProxy.java:433)
	at com.alibaba.nacos.client.naming.net.NamingProxy.reqAPI(NamingProxy.java:379)
	at com.alibaba.nacos.client.naming.net.NamingProxy.getServiceList(NamingProxy.java:361)
	at com.alibaba.nacos.client.naming.NacosNamingService.getServicesOfServer(NacosNamingService.java:458)
	at com.alibaba.nacos.client.naming.NacosNamingService.getServicesOfServer(NacosNamingService.java:447)
	at com.alibaba.cloud.nacos.discovery.NacosServiceDiscovery.getServices(NacosServiceDiscovery.java:64)
	at com.alibaba.cloud.nacos.discovery.reactive.NacosReactiveDiscoveryClient.lambda$getServices$1(NacosReactiveDiscoveryClient.java:73)
	at reactor.core.publisher.FluxDefer.subscribe(FluxDefer.java:46)
	at reactor.core.publisher.Flux.subscribe(Flux.java:8143)
	at reactor.core.publisher.FluxFlatMap$FlatMapMain.onNext(FluxFlatMap.java:418)
	at reactor.core.publisher.FluxIterable$IterableSubscription.slowPath(FluxIterable.java:243)
	at reactor.core.publisher.FluxIterable$IterableSubscription.request(FluxIterable.java:201)
	at reactor.core.publisher.FluxFlatMap$FlatMapMain.onSubscribe(FluxFlatMap.java:363)
	at reactor.core.publisher.FluxIterable.subscribe(FluxIterable.java:139)
	at reactor.core.publisher.FluxIterable.subscribe(FluxIterable.java:63)
	at reactor.core.publisher.Flux.subscribe(Flux.java:8143)
	at reactor.core.publisher.FluxFlatMap$FlatMapMain.onNext(FluxFlatMap.java:418)
	at reactor.core.publisher.FluxIterable$IterableSubscription.slowPath(FluxIterable.java:243)
	at reactor.core.publisher.FluxIterable$IterableSubscription.request(FluxIterable.java:201)
	at reactor.core.publisher.FluxFlatMap$FlatMapMain.onSubscribe(FluxFlatMap.java:363)
	at reactor.core.publisher.FluxIterable.subscribe(FluxIterable.java:139)
	at reactor.core.publisher.FluxIterable.subscribe(FluxIterable.java:63)
	at reactor.core.publisher.Flux.subscribe(Flux.java:8143)
	at reactor.core.publisher.FluxFlatMap$FlatMapMain.onNext(FluxFlatMap.java:418)
	at reactor.core.publisher.FluxIterable$IterableSubscription.slowPath(FluxIterable.java:243)
	at reactor.core.publisher.FluxIterable$IterableSubscription.request(FluxIterable.java:201)
	at reactor.core.publisher.FluxFlatMap$FlatMapMain.onSubscribe(FluxFlatMap.java:363)
	at reactor.core.publisher.FluxIterable.subscribe(FluxIterable.java:139)
	at reactor.core.publisher.FluxIterable.subscribe(FluxIterable.java:63)
	at reactor.core.publisher.InternalFluxOperator.subscribe(InternalFluxOperator.java:53)
	at reactor.core.publisher.FluxDefer.subscribe(FluxDefer.java:54)
	at reactor.core.publisher.Flux.subscribe(Flux.java:8143)
	at reactor.core.publisher.Flux.subscribeWith(Flux.java:8307)
	at reactor.core.publisher.Flux.subscribe(Flux.java:8114)
	at reactor.core.publisher.Flux.subscribe(Flux.java:8041)
	at reactor.core.publisher.Flux.subscribe(Flux.java:7959)
	at org.springframework.cloud.gateway.filter.WeightCalculatorWebFilter.lambda$onApplicationEvent$0(WeightCalculatorWebFilter.java:146)
	at org.springframework.beans.factory.ObjectProvider.ifAvailable(ObjectProvider.java:93)
	at org.springframework.cloud.gateway.filter.WeightCalculatorWebFilter.onApplicationEvent(WeightCalculatorWebFilter.java:146)
	at org.springframework.context.event.SimpleApplicationEventMulticaster.doInvokeListener(SimpleApplicationEventMulticaster.java:172)
	at org.springframework.context.event.SimpleApplicationEventMulticaster.invokeListener(SimpleApplicationEventMulticaster.java:165)
	at org.springframework.context.event.SimpleApplicationEventMulticaster.multicastEvent(SimpleApplicationEventMulticaster.java:139)
	at org.springframework.context.support.AbstractApplicationContext.publishEvent(AbstractApplicationContext.java:403)
	at org.springframework.context.support.AbstractApplicationContext.publishEvent(AbstractApplicationContext.java:360)
	at org.springframework.cloud.gateway.route.RouteRefreshListener.reset(RouteRefreshListener.java:68)
	at org.springframework.cloud.gateway.route.RouteRefreshListener.onApplicationEvent(RouteRefreshListener.java:49)
	at org.springframework.context.event.SimpleApplicationEventMulticaster.doInvokeListener(SimpleApplicationEventMulticaster.java:172)
	at org.springframework.context.event.SimpleApplicationEventMulticaster.invokeListener(SimpleApplicationEventMulticaster.java:165)
	at org.springframework.context.event.SimpleApplicationEventMulticaster.multicastEvent(SimpleApplicationEventMulticaster.java:139)
	at org.springframework.context.support.AbstractApplicationContext.publishEvent(AbstractApplicationContext.java:403)
	at org.springframework.context.support.AbstractApplicationContext.publishEvent(AbstractApplicationContext.java:360)
	at org.springframework.context.support.AbstractApplicationContext.finishRefresh(AbstractApplicationContext.java:897)
	at org.springframework.boot.web.reactive.context.ReactiveWebServerApplicationContext.finishRefresh(ReactiveWebServerApplicationContext.java:129)
	at org.springframework.context.support.AbstractApplicationContext.refresh(AbstractApplicationContext.java:553)
	at org.springframework.boot.web.reactive.context.ReactiveWebServerApplicationContext.refresh(ReactiveWebServerApplicationContext.java:66)
	at org.springframework.boot.SpringApplication.refresh(SpringApplication.java:747)
	at org.springframework.boot.SpringApplication.refreshContext(SpringApplication.java:397)
	at org.springframework.boot.SpringApplication.run(SpringApplication.java:315)
	at org.springframework.boot.SpringApplication.run(SpringApplication.java:1226)
	at org.springframework.boot.SpringApplication.run(SpringApplication.java:1215)
	at com.bit.jinggong.infrastructure.apigateway.InfrastructureApiGatewayApplication.main(InfrastructureApiGatewayApplication.java:12)
2021-01-13 23:51:46 |ERROR |Nacso-Watch-Task-Scheduler-1 |NacosReactiveDiscoveryClient.java:76 |com.alibaba.cloud.nacos.discovery.reactive.NacosReactiveDiscoveryClient |get services from nacos server fail,
java.lang.IllegalStateException: failed to req API:/nacos/v1/ns/service/list after all servers([localhost:8848]) tried: failed to req API:localhost:8848/nacos/v1/ns/service/list. code:500 msg: java.net.ConnectException: 拒绝连接 (Connection refused)
	at com.alibaba.nacos.client.naming.net.NamingProxy.reqAPI(NamingProxy.java:467)
	at com.alibaba.nacos.client.naming.net.NamingProxy.reqAPI(NamingProxy.java:433)
	at com.alibaba.nacos.client.naming.net.NamingProxy.reqAPI(NamingProxy.java:379)
	at com.alibaba.nacos.client.naming.net.NamingProxy.getServiceList(NamingProxy.java:361)
	at com.alibaba.nacos.client.naming.NacosNamingService.getServicesOfServer(NacosNamingService.java:458)
	at com.alibaba.nacos.client.naming.NacosNamingService.getServicesOfServer(NacosNamingService.java:447)
	at com.alibaba.cloud.nacos.discovery.NacosServiceDiscovery.getServices(NacosServiceDiscovery.java:64)
	at com.alibaba.cloud.nacos.discovery.reactive.NacosReactiveDiscoveryClient.lambda$getServices$1(NacosReactiveDiscoveryClient.java:73)
	at reactor.core.publisher.FluxDefer.subscribe(FluxDefer.java:46)
	at reactor.core.publisher.Flux.subscribe(Flux.java:8143)
	at reactor.core.publisher.FluxFlatMap$FlatMapMain.onNext(FluxFlatMap.java:418)
	at reactor.core.publisher.FluxIterable$IterableSubscription.slowPath(FluxIterable.java:243)
	at reactor.core.publisher.FluxIterable$IterableSubscription.request(FluxIterable.java:201)
	at reactor.core.publisher.FluxFlatMap$FlatMapMain.onSubscribe(FluxFlatMap.java:363)
	at reactor.core.publisher.FluxIterable.subscribe(FluxIterable.java:139)
	at reactor.core.publisher.FluxIterable.subscribe(FluxIterable.java:63)
	at reactor.core.publisher.Flux.subscribe(Flux.java:8143)
	at reactor.core.publisher.FluxFlatMap$FlatMapMain.onNext(FluxFlatMap.java:418)
	at reactor.core.publisher.FluxIterable$IterableSubscription.slowPath(FluxIterable.java:243)
	at reactor.core.publisher.FluxIterable$IterableSubscription.request(FluxIterable.java:201)
	at reactor.core.publisher.FluxFlatMap$FlatMapMain.onSubscribe(FluxFlatMap.java:363)
	at reactor.core.publisher.FluxIterable.subscribe(FluxIterable.java:139)
	at reactor.core.publisher.FluxIterable.subscribe(FluxIterable.java:63)
	at reactor.core.publisher.Flux.subscribe(Flux.java:8143)
	at reactor.core.publisher.FluxFlatMap$FlatMapMain.onNext(FluxFlatMap.java:418)
	at reactor.core.publisher.FluxIterable$IterableSubscription.slowPath(FluxIterable.java:243)
	at reactor.core.publisher.FluxIterable$IterableSubscription.request(FluxIterable.java:201)
	at reactor.core.publisher.FluxFlatMap$FlatMapMain.onSubscribe(FluxFlatMap.java:363)
	at reactor.core.publisher.FluxIterable.subscribe(FluxIterable.java:139)
	at reactor.core.publisher.FluxIterable.subscribe(FluxIterable.java:63)
	at reactor.core.publisher.InternalFluxOperator.subscribe(InternalFluxOperator.java:53)
	at reactor.core.publisher.FluxDefer.subscribe(FluxDefer.java:54)
	at reactor.core.publisher.Flux.subscribe(Flux.java:8143)
	at reactor.core.publisher.Flux.subscribeWith(Flux.java:8307)
	at reactor.core.publisher.Flux.subscribe(Flux.java:8114)
	at reactor.core.publisher.Flux.subscribe(Flux.java:8041)
	at reactor.core.publisher.Flux.subscribe(Flux.java:7959)
	at org.springframework.cloud.gateway.filter.WeightCalculatorWebFilter.lambda$onApplicationEvent$0(WeightCalculatorWebFilter.java:146)
	at org.springframework.beans.factory.ObjectProvider.ifAvailable(ObjectProvider.java:93)
	at org.springframework.cloud.gateway.filter.WeightCalculatorWebFilter.onApplicationEvent(WeightCalculatorWebFilter.java:146)
	at org.springframework.context.event.SimpleApplicationEventMulticaster.doInvokeListener(SimpleApplicationEventMulticaster.java:172)
	at org.springframework.context.event.SimpleApplicationEventMulticaster.invokeListener(SimpleApplicationEventMulticaster.java:165)
	at org.springframework.context.event.SimpleApplicationEventMulticaster.multicastEvent(SimpleApplicationEventMulticaster.java:139)
	at org.springframework.context.support.AbstractApplicationContext.publishEvent(AbstractApplicationContext.java:403)
	at org.springframework.context.support.AbstractApplicationContext.publishEvent(AbstractApplicationContext.java:360)
	at org.springframework.cloud.gateway.route.RouteRefreshListener.reset(RouteRefreshListener.java:68)
	at org.springframework.cloud.gateway.route.RouteRefreshListener.resetIfNeeded(RouteRefreshListener.java:63)
	at org.springframework.cloud.gateway.route.RouteRefreshListener.onApplicationEvent(RouteRefreshListener.java:57)
	at org.springframework.context.event.SimpleApplicationEventMulticaster.doInvokeListener(SimpleApplicationEventMulticaster.java:172)
	at org.springframework.context.event.SimpleApplicationEventMulticaster.invokeListener(SimpleApplicationEventMulticaster.java:165)
	at org.springframework.context.event.SimpleApplicationEventMulticaster.multicastEvent(SimpleApplicationEventMulticaster.java:139)
	at org.springframework.context.support.AbstractApplicationContext.publishEvent(AbstractApplicationContext.java:403)
	at org.springframework.context.support.AbstractApplicationContext.publishEvent(AbstractApplicationContext.java:360)
	at com.alibaba.cloud.nacos.discovery.NacosWatch.nacosServicesWatch(NacosWatch.java:126)
	at org.springframework.scheduling.support.DelegatingErrorHandlingRunnable.run(DelegatingErrorHandlingRunnable.java:54)
	at java.util.concurrent.Executors$RunnableAdapter.call(Executors.java:511)
	at java.util.concurrent.FutureTask.runAndReset(FutureTask.java:308)
	at java.util.concurrent.ScheduledThreadPoolExecutor$ScheduledFutureTask.access$301(ScheduledThreadPoolExecutor.java:180)
	at java.util.concurrent.ScheduledThreadPoolExecutor$ScheduledFutureTask.run(ScheduledThreadPoolExecutor.java:294)
	at java.util.concurrent.ThreadPoolExecutor.runWorker(ThreadPoolExecutor.java:1149)
	at java.util.concurrent.ThreadPoolExecutor$Worker.run(ThreadPoolExecutor.java:624)
	at java.lang.Thread.run(Thread.java:748)
2021-01-13 23:51:46 |ERROR |main |NacosServiceRegistry.java:69 |com.alibaba.cloud.nacos.registry.NacosServiceRegistry |nacos registry, infrastructure-apigateway register failed...NacosRegistration{nacosDiscoveryProperties=NacosDiscoveryProperties{serverAddr='localhost:8848', endpoint='', namespace='', watchDelay=30000, logName='', service='infrastructure-apigateway', weight=1.0, clusterName='DEFAULT', group='DEFAULT_GROUP', namingLoadCacheAtStart='false', metadata={preserved.register.source=SPRING_CLOUD}, registerEnabled=true, ip='192.168.152.143', networkInterface='', port=9110, secure=false, accessKey='', secretKey='', heartBeatInterval=null, heartBeatTimeout=null, ipDeleteTimeout=null}},
java.lang.IllegalStateException: failed to req API:/nacos/v1/ns/instance after all servers([localhost:8848]) tried: failed to req API:localhost:8848/nacos/v1/ns/instance. code:500 msg: java.net.ConnectException: 拒绝连接 (Connection refused)
	at com.alibaba.nacos.client.naming.net.NamingProxy.reqAPI(NamingProxy.java:467)
	at com.alibaba.nacos.client.naming.net.NamingProxy.reqAPI(NamingProxy.java:389)
	at com.alibaba.nacos.client.naming.net.NamingProxy.registerService(NamingProxy.java:191)
	at com.alibaba.nacos.client.naming.NacosNamingService.registerInstance(NacosNamingService.java:207)
	at com.alibaba.cloud.nacos.registry.NacosServiceRegistry.register(NacosServiceRegistry.java:64)
	at org.springframework.cloud.client.serviceregistry.AbstractAutoServiceRegistration.register(AbstractAutoServiceRegistration.java:239)
	at com.alibaba.cloud.nacos.registry.NacosAutoServiceRegistration.register(NacosAutoServiceRegistration.java:76)
	at org.springframework.cloud.client.serviceregistry.AbstractAutoServiceRegistration.start(AbstractAutoServiceRegistration.java:138)
	at org.springframework.cloud.client.serviceregistry.AbstractAutoServiceRegistration.bind(AbstractAutoServiceRegistration.java:101)
	at org.springframework.cloud.client.serviceregistry.AbstractAutoServiceRegistration.onApplicationEvent(AbstractAutoServiceRegistration.java:88)
	at org.springframework.cloud.client.serviceregistry.AbstractAutoServiceRegistration.onApplicationEvent(AbstractAutoServiceRegistration.java:47)
	at org.springframework.context.event.SimpleApplicationEventMulticaster.doInvokeListener(SimpleApplicationEventMulticaster.java:172)
	at org.springframework.context.event.SimpleApplicationEventMulticaster.invokeListener(SimpleApplicationEventMulticaster.java:165)
	at org.springframework.context.event.SimpleApplicationEventMulticaster.multicastEvent(SimpleApplicationEventMulticaster.java:139)
	at org.springframework.context.support.AbstractApplicationContext.publishEvent(AbstractApplicationContext.java:403)
	at org.springframework.context.support.AbstractApplicationContext.publishEvent(AbstractApplicationContext.java:360)
	at org.springframework.boot.web.reactive.context.ReactiveWebServerApplicationContext.finishRefresh(ReactiveWebServerApplicationContext.java:132)
	at org.springframework.context.support.AbstractApplicationContext.refresh(AbstractApplicationContext.java:553)
	at org.springframework.boot.web.reactive.context.ReactiveWebServerApplicationContext.refresh(ReactiveWebServerApplicationContext.java:66)
	at org.springframework.boot.SpringApplication.refresh(SpringApplication.java:747)
	at org.springframework.boot.SpringApplication.refreshContext(SpringApplication.java:397)
	at org.springframework.boot.SpringApplication.run(SpringApplication.java:315)
	at org.springframework.boot.SpringApplication.run(SpringApplication.java:1226)
	at org.springframework.boot.SpringApplication.run(SpringApplication.java:1215)
	at com.bit.jinggong.infrastructure.apigateway.InfrastructureApiGatewayApplication.main(InfrastructureApiGatewayApplication.java:12)
2021-01-13 23:51:48 |ERROR |main |SpringApplication.java:826 |org.springframework.boot.SpringApplication |Application run failed
java.lang.IllegalStateException: failed to req API:/nacos/v1/ns/instance after all servers([localhost:8848]) tried: failed to req API:localhost:8848/nacos/v1/ns/instance. code:500 msg: java.net.ConnectException: 拒绝连接 (Connection refused)
	at com.alibaba.nacos.client.naming.net.NamingProxy.reqAPI(NamingProxy.java:467)
	at com.alibaba.nacos.client.naming.net.NamingProxy.reqAPI(NamingProxy.java:389)
	at com.alibaba.nacos.client.naming.net.NamingProxy.registerService(NamingProxy.java:191)
	at com.alibaba.nacos.client.naming.NacosNamingService.registerInstance(NacosNamingService.java:207)
	at com.alibaba.cloud.nacos.registry.NacosServiceRegistry.register(NacosServiceRegistry.java:64)
	at org.springframework.cloud.client.serviceregistry.AbstractAutoServiceRegistration.register(AbstractAutoServiceRegistration.java:239)
	at com.alibaba.cloud.nacos.registry.NacosAutoServiceRegistration.register(NacosAutoServiceRegistration.java:76)
	at org.springframework.cloud.client.serviceregistry.AbstractAutoServiceRegistration.start(AbstractAutoServiceRegistration.java:138)
	at org.springframework.cloud.client.serviceregistry.AbstractAutoServiceRegistration.bind(AbstractAutoServiceRegistration.java:101)
	at org.springframework.cloud.client.serviceregistry.AbstractAutoServiceRegistration.onApplicationEvent(AbstractAutoServiceRegistration.java:88)
	at org.springframework.cloud.client.serviceregistry.AbstractAutoServiceRegistration.onApplicationEvent(AbstractAutoServiceRegistration.java:47)
	at org.springframework.context.event.SimpleApplicationEventMulticaster.doInvokeListener(SimpleApplicationEventMulticaster.java:172)
	at org.springframework.context.event.SimpleApplicationEventMulticaster.invokeListener(SimpleApplicationEventMulticaster.java:165)
	at org.springframework.context.event.SimpleApplicationEventMulticaster.multicastEvent(SimpleApplicationEventMulticaster.java:139)
	at org.springframework.context.support.AbstractApplicationContext.publishEvent(AbstractApplicationContext.java:403)
	at org.springframework.context.support.AbstractApplicationContext.publishEvent(AbstractApplicationContext.java:360)
	at org.springframework.boot.web.reactive.context.ReactiveWebServerApplicationContext.finishRefresh(ReactiveWebServerApplicationContext.java:132)
	at org.springframework.context.support.AbstractApplicationContext.refresh(AbstractApplicationContext.java:553)
	at org.springframework.boot.web.reactive.context.ReactiveWebServerApplicationContext.refresh(ReactiveWebServerApplicationContext.java:66)
	at org.springframework.boot.SpringApplication.refresh(SpringApplication.java:747)
	at org.springframework.boot.SpringApplication.refreshContext(SpringApplication.java:397)
	at org.springframework.boot.SpringApplication.run(SpringApplication.java:315)
	at org.springframework.boot.SpringApplication.run(SpringApplication.java:1226)
	at org.springframework.boot.SpringApplication.run(SpringApplication.java:1215)
	at com.bit.jinggong.infrastructure.apigateway.InfrastructureApiGatewayApplication.main(InfrastructureApiGatewayApplication.java:12)
