2021-01-15 03:17:53 |INFO  |SpringContextShutdownHook |NacosServiceRegistry.java:80 |com.alibaba.cloud.nacos.registry.NacosServiceRegistry |De-registering from Nacos Server now...
2021-01-15 03:17:53 |INFO  |SpringContextShutdownHook |BeatReactor.java:71 |com.alibaba.nacos.client.naming |[BEAT] removing beat: DEFAULT_GROUP@@service-edu:192.168.152.143:8110 from beat map.
2021-01-15 03:17:53 |INFO  |SpringContextShutdownHook |NamingProxy.java:197 |com.alibaba.nacos.client.naming |[DEREGISTER-SERVICE] public deregistering service DEFAULT_GROUP@@service-edu with instance: {"clusterName":"DEFAULT","enabled":true,"ephemeral":true,"healthy":true,"instanceHeartBeatInterval":5000,"instanceHeartBeatTimeOut":15000,"instanceIdGenerator":"simple","ip":"192.168.152.143","ipDeleteTimeout":30000,"metadata":{},"port":8110,"weight":1.0}
2021-01-15 03:17:53 |INFO  |SpringContextShutdownHook |NacosServiceRegistry.java:100 |com.alibaba.cloud.nacos.registry.NacosServiceRegistry |De-registration finished.
2021-01-15 03:17:53 |INFO  |SpringContextShutdownHook |ExecutorConfigurationSupport.java:208 |org.springframework.scheduling.concurrent.ThreadPoolTaskExecutor |Shutting down ExecutorService 'applicationTaskExecutor'
2021-01-15 03:17:53 |INFO  |SpringContextShutdownHook |HikariDataSource.java:350 |com.zaxxer.hikari.HikariDataSource |HikariPool-1 - Shutdown initiated...
2021-01-15 03:17:53 |INFO  |SpringContextShutdownHook |HikariDataSource.java:352 |com.zaxxer.hikari.HikariDataSource |HikariPool-1 - Shutdown completed.
2021-01-15 03:25:47 |INFO  |main |LocalConfigInfoProcessor.java:195 |com.alibaba.nacos.client.config.impl.LocalConfigInfoProcessor |LOCAL_SNAPSHOT_PATH:/home/wang/nacos/config
2021-01-15 03:25:47 |INFO  |main |Limiter.java:53 |com.alibaba.nacos.client.config.impl.Limiter |limitTime:5.0
2021-01-15 03:25:47 |INFO  |main |JVMUtil.java:47 |com.alibaba.nacos.client.config.utils.JVMUtil |isMultiInstance:false
2021-01-15 03:25:47 |INFO  |main |PropertySourceBootstrapConfiguration.java:109 |org.springframework.cloud.bootstrap.config.PropertySourceBootstrapConfiguration |Located property source: [BootstrapPropertySource {name='bootstrapProperties-service-edu-dev.yaml,DEFAULT_GROUP'}, BootstrapPropertySource {name='bootstrapProperties-service-edu.yaml,DEFAULT_GROUP'}, BootstrapPropertySource {name='bootstrapProperties-service-edu,DEFAULT_GROUP'}]
2021-01-15 03:25:47 |INFO  |main |SpringApplication.java:655 |com.bit.jinggong.service.edu.ServiceEduApplication |The following profiles are active: dev
2021-01-15 03:25:47 |INFO  |main |RepositoryConfigurationDelegate.java:249 |org.springframework.data.repository.config.RepositoryConfigurationDelegate |Multiple Spring Data modules found, entering strict repository configuration mode!
2021-01-15 03:25:47 |INFO  |main |RepositoryConfigurationDelegate.java:127 |org.springframework.data.repository.config.RepositoryConfigurationDelegate |Bootstrapping Spring Data Redis repositories in DEFAULT mode.
2021-01-15 03:25:47 |INFO  |main |RepositoryConfigurationDelegate.java:187 |org.springframework.data.repository.config.RepositoryConfigurationDelegate |Finished Spring Data repository scanning in 10ms. Found 0 Redis repository interfaces.
2021-01-15 03:25:48 |INFO  |main |GenericScope.java:295 |org.springframework.cloud.context.scope.GenericScope |BeanFactory id=8e554e7f-09de-3b51-ba0c-8b965a0ec852
2021-01-15 03:25:48 |INFO  |main |PostProcessorRegistrationDelegate.java:330 |org.springframework.context.support.PostProcessorRegistrationDelegate$BeanPostProcessorChecker |Bean 'org.springframework.transaction.annotation.ProxyTransactionManagementConfiguration' of type [org.springframework.transaction.annotation.ProxyTransactionManagementConfiguration] is not eligible for getting processed by all BeanPostProcessors (for example: not eligible for auto-proxying)
2021-01-15 03:25:48 |INFO  |main |PostProcessorRegistrationDelegate.java:330 |org.springframework.context.support.PostProcessorRegistrationDelegate$BeanPostProcessorChecker |Bean 'spring.cloud.sentinel-com.alibaba.cloud.sentinel.SentinelProperties' of type [com.alibaba.cloud.sentinel.SentinelProperties] is not eligible for getting processed by all BeanPostProcessors (for example: not eligible for auto-proxying)
2021-01-15 03:25:48 |INFO  |main |PostProcessorRegistrationDelegate.java:330 |org.springframework.context.support.PostProcessorRegistrationDelegate$BeanPostProcessorChecker |Bean 'com.alibaba.cloud.sentinel.custom.SentinelAutoConfiguration' of type [com.alibaba.cloud.sentinel.custom.SentinelAutoConfiguration] is not eligible for getting processed by all BeanPostProcessors (for example: not eligible for auto-proxying)
2021-01-15 03:25:48 |INFO  |main |TomcatWebServer.java:92 |org.springframework.boot.web.embedded.tomcat.TomcatWebServer |Tomcat initialized with port(s): 8110 (http)
2021-01-15 03:25:48 |INFO  |main |DirectJDKLog.java:173 |org.apache.coyote.http11.Http11NioProtocol |Initializing ProtocolHandler ["http-nio-8110"]
2021-01-15 03:25:48 |INFO  |main |DirectJDKLog.java:173 |org.apache.catalina.core.StandardService |Starting service [Tomcat]
2021-01-15 03:25:48 |INFO  |main |DirectJDKLog.java:173 |org.apache.catalina.core.StandardEngine |Starting Servlet engine: [Apache Tomcat/9.0.29]
2021-01-15 03:25:48 |INFO  |main |DirectJDKLog.java:173 |org.apache.catalina.core.ContainerBase.[Tomcat].[localhost].[/] |Initializing Spring embedded WebApplicationContext
2021-01-15 03:25:48 |INFO  |main |ServletWebServerApplicationContext.java:284 |org.springframework.web.context.ContextLoader |Root WebApplicationContext: initialization completed in 1396 ms
2021-01-15 03:25:49 |INFO  |main |SentinelWebAutoConfiguration.java:80 |com.alibaba.cloud.sentinel.SentinelWebAutoConfiguration |[Sentinel Starter] register SentinelWebInterceptor with urlPatterns: [/*].
2021-01-15 03:25:49 |INFO  |main |PropertySourcedRequestMappingHandlerMapping.java:69 |springfox.documentation.spring.web.PropertySourcedRequestMappingHandlerMapping |Mapped URL path [/v2/api-docs] onto method [springfox.documentation.swagger2.web.Swagger2Controller#getDocumentation(String, HttpServletRequest)]
2021-01-15 03:25:49 |INFO  |main |URLConfigurationSource.java:122 |com.netflix.config.sources.URLConfigurationSource |To enable URLs as dynamic configuration sources, define System property archaius.configurationSource.additionalUrls or make config.properties available on classpath.
2021-01-15 03:25:49 |INFO  |main |URLConfigurationSource.java:122 |com.netflix.config.sources.URLConfigurationSource |To enable URLs as dynamic configuration sources, define System property archaius.configurationSource.additionalUrls or make config.properties available on classpath.
2021-01-15 03:25:49 |INFO  |main |ExecutorConfigurationSupport.java:171 |org.springframework.scheduling.concurrent.ThreadPoolTaskExecutor |Initializing ExecutorService 'applicationTaskExecutor'
2021-01-15 03:25:49 |INFO  |main |ExecutorConfigurationSupport.java:171 |org.springframework.scheduling.concurrent.ThreadPoolTaskScheduler |Initializing ExecutorService 'Nacso-Watch-Task-Scheduler'
2021-01-15 03:25:49 |INFO  |main |InitUtils.java:56 |com.alibaba.nacos.client.naming |initializer namespace from System Property :null
2021-01-15 03:25:49 |INFO  |main |InitUtils.java:65 |com.alibaba.nacos.client.naming |initializer namespace from System Environment :null
2021-01-15 03:25:49 |INFO  |main |InitUtils.java:75 |com.alibaba.nacos.client.naming |initializer namespace from System Property :null
2021-01-15 03:25:50 |INFO  |main |DocumentationPluginsBootstrapper.java:147 |springfox.documentation.spring.web.plugins.DocumentationPluginsBootstrapper |Context refreshed
2021-01-15 03:25:50 |INFO  |main |DocumentationPluginsBootstrapper.java:150 |springfox.documentation.spring.web.plugins.DocumentationPluginsBootstrapper |Found 2 custom documentation plugin(s)
2021-01-15 03:25:50 |INFO  |main |ApiListingReferenceScanner.java:41 |springfox.documentation.spring.web.scanners.ApiListingReferenceScanner |Scanning for api listing references
2021-01-15 03:25:50 |INFO  |main |CachingOperationNameGenerator.java:40 |springfox.documentation.spring.web.readers.operation.CachingOperationNameGenerator |Generating unique operation named: removeByIdUsingDELETE_1
2021-01-15 03:25:50 |INFO  |main |CachingOperationNameGenerator.java:40 |springfox.documentation.spring.web.readers.operation.CachingOperationNameGenerator |Generating unique operation named: getByIdUsingGET_1
2021-01-15 03:25:50 |INFO  |main |CachingOperationNameGenerator.java:40 |springfox.documentation.spring.web.readers.operation.CachingOperationNameGenerator |Generating unique operation named: listPageUsingGET_1
2021-01-15 03:25:50 |INFO  |main |CachingOperationNameGenerator.java:40 |springfox.documentation.spring.web.readers.operation.CachingOperationNameGenerator |Generating unique operation named: removeByIdUsingDELETE_2
2021-01-15 03:25:50 |INFO  |main |CachingOperationNameGenerator.java:40 |springfox.documentation.spring.web.readers.operation.CachingOperationNameGenerator |Generating unique operation named: saveUsingPOST_1
2021-01-15 03:25:50 |INFO  |main |CachingOperationNameGenerator.java:40 |springfox.documentation.spring.web.readers.operation.CachingOperationNameGenerator |Generating unique operation named: updateByIdUsingPUT_1
2021-01-15 03:25:50 |INFO  |main |CachingOperationNameGenerator.java:40 |springfox.documentation.spring.web.readers.operation.CachingOperationNameGenerator |Generating unique operation named: getByIdUsingGET_2
2021-01-15 03:25:50 |INFO  |main |CachingOperationNameGenerator.java:40 |springfox.documentation.spring.web.readers.operation.CachingOperationNameGenerator |Generating unique operation named: removeByIdUsingDELETE_3
2021-01-15 03:25:50 |INFO  |main |CachingOperationNameGenerator.java:40 |springfox.documentation.spring.web.readers.operation.CachingOperationNameGenerator |Generating unique operation named: saveUsingPOST_2
2021-01-15 03:25:50 |INFO  |main |CachingOperationNameGenerator.java:40 |springfox.documentation.spring.web.readers.operation.CachingOperationNameGenerator |Generating unique operation named: updateByIdUsingPUT_2
2021-01-15 03:25:50 |INFO  |main |ApiListingReferenceScanner.java:41 |springfox.documentation.spring.web.scanners.ApiListingReferenceScanner |Scanning for api listing references
2021-01-15 03:25:50 |INFO  |main |CachingOperationNameGenerator.java:40 |springfox.documentation.spring.web.readers.operation.CachingOperationNameGenerator |Generating unique operation named: saveUsingPOST_3
2021-01-15 03:25:50 |INFO  |main |CachingOperationNameGenerator.java:40 |springfox.documentation.spring.web.readers.operation.CachingOperationNameGenerator |Generating unique operation named: getByIdUsingGET_3
2021-01-15 03:25:50 |INFO  |main |CachingOperationNameGenerator.java:40 |springfox.documentation.spring.web.readers.operation.CachingOperationNameGenerator |Generating unique operation named: nestedListUsingGET_1
2021-01-15 03:25:50 |INFO  |main |DirectJDKLog.java:173 |org.apache.coyote.http11.Http11NioProtocol |Starting ProtocolHandler ["http-nio-8110"]
2021-01-15 03:25:50 |INFO  |main |TomcatWebServer.java:204 |org.springframework.boot.web.embedded.tomcat.TomcatWebServer |Tomcat started on port(s): 8110 (http) with context path ''
2021-01-15 03:25:50 |INFO  |main |BeatReactor.java:58 |com.alibaba.nacos.client.naming |[BEAT] adding beat: {"cluster":"DEFAULT","ip":"192.168.152.143","metadata":{"preserved.register.source":"SPRING_CLOUD"},"period":5000,"port":8110,"scheduled":false,"serviceName":"DEFAULT_GROUP@@service-edu","stopped":false,"weight":1.0} to beat map.
2021-01-15 03:25:50 |INFO  |main |NamingProxy.java:175 |com.alibaba.nacos.client.naming |[REGISTER-SERVICE] public registering service DEFAULT_GROUP@@service-edu with instance: {"clusterName":"DEFAULT","enabled":true,"ephemeral":true,"healthy":true,"instanceHeartBeatInterval":5000,"instanceHeartBeatTimeOut":15000,"ip":"192.168.152.143","ipDeleteTimeout":30000,"metadata":{"preserved.register.source":"SPRING_CLOUD"},"port":8110,"weight":1.0}
2021-01-15 03:25:50 |INFO  |main |NacosServiceRegistry.java:65 |com.alibaba.cloud.nacos.registry.NacosServiceRegistry |nacos registry, DEFAULT_GROUP service-edu 192.168.152.143:8110 register finished
2021-01-15 03:25:50 |INFO  |main |StartupInfoLogger.java:61 |com.bit.jinggong.service.edu.ServiceEduApplication |Started ServiceEduApplication in 5.071 seconds (JVM running for 5.456)
2021-01-15 03:25:50 |INFO  |main |ClientWorker.java:202 |com.alibaba.nacos.client.config.impl.ClientWorker |[fixed-39.102.46.244_8848] [subscribe] service-edu+DEFAULT_GROUP
2021-01-15 03:25:50 |INFO  |main |CacheData.java:79 |com.alibaba.nacos.client.config.impl.CacheData |[fixed-39.102.46.244_8848] [add-listener] ok, tenant=, dataId=service-edu, group=DEFAULT_GROUP, cnt=1
2021-01-15 03:25:50 |INFO  |main |ClientWorker.java:202 |com.alibaba.nacos.client.config.impl.ClientWorker |[fixed-39.102.46.244_8848] [subscribe] service-edu.yaml+DEFAULT_GROUP
2021-01-15 03:25:50 |INFO  |main |CacheData.java:79 |com.alibaba.nacos.client.config.impl.CacheData |[fixed-39.102.46.244_8848] [add-listener] ok, tenant=, dataId=service-edu.yaml, group=DEFAULT_GROUP, cnt=1
2021-01-15 03:25:50 |INFO  |main |ClientWorker.java:202 |com.alibaba.nacos.client.config.impl.ClientWorker |[fixed-39.102.46.244_8848] [subscribe] service-edu-dev.yaml+DEFAULT_GROUP
2021-01-15 03:25:50 |INFO  |main |CacheData.java:79 |com.alibaba.nacos.client.config.impl.CacheData |[fixed-39.102.46.244_8848] [add-listener] ok, tenant=, dataId=service-edu-dev.yaml, group=DEFAULT_GROUP, cnt=1
2021-01-15 03:26:51 |INFO  |http-nio-8110-exec-1 |DirectJDKLog.java:173 |org.apache.catalina.core.ContainerBase.[Tomcat].[localhost].[/] |Initializing Spring DispatcherServlet 'dispatcherServlet'
2021-01-15 03:26:51 |INFO  |http-nio-8110-exec-1 |FrameworkServlet.java:525 |org.springframework.web.servlet.DispatcherServlet |Initializing Servlet 'dispatcherServlet'
2021-01-15 03:26:51 |INFO  |http-nio-8110-exec-1 |FrameworkServlet.java:547 |org.springframework.web.servlet.DispatcherServlet |Completed initialization in 11 ms
2021-01-15 03:26:51 |INFO  |http-nio-8110-exec-1 |HikariDataSource.java:110 |com.zaxxer.hikari.HikariDataSource |HikariPool-1 - Starting...
2021-01-15 03:26:51 |INFO  |http-nio-8110-exec-1 |HikariDataSource.java:123 |com.zaxxer.hikari.HikariDataSource |HikariPool-1 - Start completed.
2021-01-15 04:06:04 |INFO  |SpringContextShutdownHook |NacosServiceRegistry.java:80 |com.alibaba.cloud.nacos.registry.NacosServiceRegistry |De-registering from Nacos Server now...
2021-01-15 04:06:04 |INFO  |SpringContextShutdownHook |BeatReactor.java:71 |com.alibaba.nacos.client.naming |[BEAT] removing beat: DEFAULT_GROUP@@service-edu:192.168.152.143:8110 from beat map.
2021-01-15 04:06:04 |INFO  |SpringContextShutdownHook |NamingProxy.java:197 |com.alibaba.nacos.client.naming |[DEREGISTER-SERVICE] public deregistering service DEFAULT_GROUP@@service-edu with instance: {"clusterName":"DEFAULT","enabled":true,"ephemeral":true,"healthy":true,"instanceHeartBeatInterval":5000,"instanceHeartBeatTimeOut":15000,"instanceIdGenerator":"simple","ip":"192.168.152.143","ipDeleteTimeout":30000,"metadata":{},"port":8110,"weight":1.0}
2021-01-15 04:06:04 |INFO  |SpringContextShutdownHook |NacosServiceRegistry.java:100 |com.alibaba.cloud.nacos.registry.NacosServiceRegistry |De-registration finished.
2021-01-15 04:06:04 |INFO  |SpringContextShutdownHook |ExecutorConfigurationSupport.java:208 |org.springframework.scheduling.concurrent.ThreadPoolTaskExecutor |Shutting down ExecutorService 'applicationTaskExecutor'
2021-01-15 04:06:04 |INFO  |SpringContextShutdownHook |HikariDataSource.java:350 |com.zaxxer.hikari.HikariDataSource |HikariPool-1 - Shutdown initiated...
2021-01-15 04:06:04 |INFO  |SpringContextShutdownHook |HikariDataSource.java:352 |com.zaxxer.hikari.HikariDataSource |HikariPool-1 - Shutdown completed.
2021-01-15 04:06:08 |INFO  |main |LocalConfigInfoProcessor.java:195 |com.alibaba.nacos.client.config.impl.LocalConfigInfoProcessor |LOCAL_SNAPSHOT_PATH:/home/wang/nacos/config
2021-01-15 04:06:08 |INFO  |main |Limiter.java:53 |com.alibaba.nacos.client.config.impl.Limiter |limitTime:5.0
2021-01-15 04:06:09 |INFO  |main |JVMUtil.java:47 |com.alibaba.nacos.client.config.utils.JVMUtil |isMultiInstance:false
2021-01-15 04:06:09 |INFO  |main |PropertySourceBootstrapConfiguration.java:109 |org.springframework.cloud.bootstrap.config.PropertySourceBootstrapConfiguration |Located property source: [BootstrapPropertySource {name='bootstrapProperties-service-edu-dev.yaml,DEFAULT_GROUP'}, BootstrapPropertySource {name='bootstrapProperties-service-edu.yaml,DEFAULT_GROUP'}, BootstrapPropertySource {name='bootstrapProperties-service-edu,DEFAULT_GROUP'}]
2021-01-15 04:06:09 |INFO  |main |SpringApplication.java:655 |com.bit.jinggong.service.edu.ServiceEduApplication |The following profiles are active: dev
2021-01-15 04:06:10 |INFO  |main |RepositoryConfigurationDelegate.java:249 |org.springframework.data.repository.config.RepositoryConfigurationDelegate |Multiple Spring Data modules found, entering strict repository configuration mode!
2021-01-15 04:06:10 |INFO  |main |RepositoryConfigurationDelegate.java:127 |org.springframework.data.repository.config.RepositoryConfigurationDelegate |Bootstrapping Spring Data Redis repositories in DEFAULT mode.
2021-01-15 04:06:10 |INFO  |main |RepositoryConfigurationDelegate.java:187 |org.springframework.data.repository.config.RepositoryConfigurationDelegate |Finished Spring Data repository scanning in 11ms. Found 0 Redis repository interfaces.
2021-01-15 04:06:10 |INFO  |main |GenericScope.java:295 |org.springframework.cloud.context.scope.GenericScope |BeanFactory id=8e554e7f-09de-3b51-ba0c-8b965a0ec852
2021-01-15 04:06:10 |INFO  |main |PostProcessorRegistrationDelegate.java:330 |org.springframework.context.support.PostProcessorRegistrationDelegate$BeanPostProcessorChecker |Bean 'org.springframework.transaction.annotation.ProxyTransactionManagementConfiguration' of type [org.springframework.transaction.annotation.ProxyTransactionManagementConfiguration] is not eligible for getting processed by all BeanPostProcessors (for example: not eligible for auto-proxying)
2021-01-15 04:06:10 |INFO  |main |PostProcessorRegistrationDelegate.java:330 |org.springframework.context.support.PostProcessorRegistrationDelegate$BeanPostProcessorChecker |Bean 'spring.cloud.sentinel-com.alibaba.cloud.sentinel.SentinelProperties' of type [com.alibaba.cloud.sentinel.SentinelProperties] is not eligible for getting processed by all BeanPostProcessors (for example: not eligible for auto-proxying)
2021-01-15 04:06:10 |INFO  |main |PostProcessorRegistrationDelegate.java:330 |org.springframework.context.support.PostProcessorRegistrationDelegate$BeanPostProcessorChecker |Bean 'com.alibaba.cloud.sentinel.custom.SentinelAutoConfiguration' of type [com.alibaba.cloud.sentinel.custom.SentinelAutoConfiguration] is not eligible for getting processed by all BeanPostProcessors (for example: not eligible for auto-proxying)
2021-01-15 04:06:11 |INFO  |main |TomcatWebServer.java:92 |org.springframework.boot.web.embedded.tomcat.TomcatWebServer |Tomcat initialized with port(s): 8110 (http)
2021-01-15 04:06:11 |INFO  |main |DirectJDKLog.java:173 |org.apache.coyote.http11.Http11NioProtocol |Initializing ProtocolHandler ["http-nio-8110"]
2021-01-15 04:06:11 |INFO  |main |DirectJDKLog.java:173 |org.apache.catalina.core.StandardService |Starting service [Tomcat]
2021-01-15 04:06:11 |INFO  |main |DirectJDKLog.java:173 |org.apache.catalina.core.StandardEngine |Starting Servlet engine: [Apache Tomcat/9.0.29]
2021-01-15 04:06:11 |INFO  |main |DirectJDKLog.java:173 |org.apache.catalina.core.ContainerBase.[Tomcat].[localhost].[/] |Initializing Spring embedded WebApplicationContext
2021-01-15 04:06:11 |INFO  |main |ServletWebServerApplicationContext.java:284 |org.springframework.web.context.ContextLoader |Root WebApplicationContext: initialization completed in 1379 ms
2021-01-15 04:06:12 |INFO  |main |SentinelWebAutoConfiguration.java:80 |com.alibaba.cloud.sentinel.SentinelWebAutoConfiguration |[Sentinel Starter] register SentinelWebInterceptor with urlPatterns: [/*].
2021-01-15 04:06:12 |INFO  |main |PropertySourcedRequestMappingHandlerMapping.java:69 |springfox.documentation.spring.web.PropertySourcedRequestMappingHandlerMapping |Mapped URL path [/v2/api-docs] onto method [springfox.documentation.swagger2.web.Swagger2Controller#getDocumentation(String, HttpServletRequest)]
2021-01-15 04:06:12 |INFO  |main |URLConfigurationSource.java:122 |com.netflix.config.sources.URLConfigurationSource |To enable URLs as dynamic configuration sources, define System property archaius.configurationSource.additionalUrls or make config.properties available on classpath.
2021-01-15 04:06:12 |INFO  |main |URLConfigurationSource.java:122 |com.netflix.config.sources.URLConfigurationSource |To enable URLs as dynamic configuration sources, define System property archaius.configurationSource.additionalUrls or make config.properties available on classpath.
2021-01-15 04:06:12 |INFO  |main |ExecutorConfigurationSupport.java:171 |org.springframework.scheduling.concurrent.ThreadPoolTaskExecutor |Initializing ExecutorService 'applicationTaskExecutor'
2021-01-15 04:06:12 |INFO  |main |ExecutorConfigurationSupport.java:171 |org.springframework.scheduling.concurrent.ThreadPoolTaskScheduler |Initializing ExecutorService 'Nacso-Watch-Task-Scheduler'
2021-01-15 04:06:12 |INFO  |main |InitUtils.java:56 |com.alibaba.nacos.client.naming |initializer namespace from System Property :null
2021-01-15 04:06:12 |INFO  |main |InitUtils.java:65 |com.alibaba.nacos.client.naming |initializer namespace from System Environment :null
2021-01-15 04:06:12 |INFO  |main |InitUtils.java:75 |com.alibaba.nacos.client.naming |initializer namespace from System Property :null
2021-01-15 04:06:12 |INFO  |main |DocumentationPluginsBootstrapper.java:147 |springfox.documentation.spring.web.plugins.DocumentationPluginsBootstrapper |Context refreshed
2021-01-15 04:06:12 |INFO  |main |DocumentationPluginsBootstrapper.java:150 |springfox.documentation.spring.web.plugins.DocumentationPluginsBootstrapper |Found 2 custom documentation plugin(s)
2021-01-15 04:06:12 |INFO  |main |ApiListingReferenceScanner.java:41 |springfox.documentation.spring.web.scanners.ApiListingReferenceScanner |Scanning for api listing references
2021-01-15 04:06:12 |INFO  |main |CachingOperationNameGenerator.java:40 |springfox.documentation.spring.web.readers.operation.CachingOperationNameGenerator |Generating unique operation named: getByIdUsingGET_1
2021-01-15 04:06:12 |INFO  |main |CachingOperationNameGenerator.java:40 |springfox.documentation.spring.web.readers.operation.CachingOperationNameGenerator |Generating unique operation named: removeByIdUsingDELETE_1
2021-01-15 04:06:13 |INFO  |main |CachingOperationNameGenerator.java:40 |springfox.documentation.spring.web.readers.operation.CachingOperationNameGenerator |Generating unique operation named: getByIdUsingGET_2
2021-01-15 04:06:13 |INFO  |main |CachingOperationNameGenerator.java:40 |springfox.documentation.spring.web.readers.operation.CachingOperationNameGenerator |Generating unique operation named: listPageUsingGET_1
2021-01-15 04:06:13 |INFO  |main |CachingOperationNameGenerator.java:40 |springfox.documentation.spring.web.readers.operation.CachingOperationNameGenerator |Generating unique operation named: removeByIdUsingDELETE_2
2021-01-15 04:06:13 |INFO  |main |CachingOperationNameGenerator.java:40 |springfox.documentation.spring.web.readers.operation.CachingOperationNameGenerator |Generating unique operation named: saveUsingPOST_1
2021-01-15 04:06:13 |INFO  |main |CachingOperationNameGenerator.java:40 |springfox.documentation.spring.web.readers.operation.CachingOperationNameGenerator |Generating unique operation named: updateByIdUsingPUT_1
2021-01-15 04:06:13 |INFO  |main |CachingOperationNameGenerator.java:40 |springfox.documentation.spring.web.readers.operation.CachingOperationNameGenerator |Generating unique operation named: getByIdUsingGET_3
2021-01-15 04:06:13 |INFO  |main |CachingOperationNameGenerator.java:40 |springfox.documentation.spring.web.readers.operation.CachingOperationNameGenerator |Generating unique operation named: removeByIdUsingDELETE_3
2021-01-15 04:06:13 |INFO  |main |CachingOperationNameGenerator.java:40 |springfox.documentation.spring.web.readers.operation.CachingOperationNameGenerator |Generating unique operation named: saveUsingPOST_2
2021-01-15 04:06:13 |INFO  |main |CachingOperationNameGenerator.java:40 |springfox.documentation.spring.web.readers.operation.CachingOperationNameGenerator |Generating unique operation named: updateByIdUsingPUT_2
2021-01-15 04:06:13 |INFO  |main |ApiListingReferenceScanner.java:41 |springfox.documentation.spring.web.scanners.ApiListingReferenceScanner |Scanning for api listing references
2021-01-15 04:06:13 |INFO  |main |CachingOperationNameGenerator.java:40 |springfox.documentation.spring.web.readers.operation.CachingOperationNameGenerator |Generating unique operation named: saveUsingPOST_3
2021-01-15 04:06:13 |INFO  |main |CachingOperationNameGenerator.java:40 |springfox.documentation.spring.web.readers.operation.CachingOperationNameGenerator |Generating unique operation named: getByIdUsingGET_4
2021-01-15 04:06:13 |INFO  |main |CachingOperationNameGenerator.java:40 |springfox.documentation.spring.web.readers.operation.CachingOperationNameGenerator |Generating unique operation named: nestedListUsingGET_1
2021-01-15 04:06:13 |INFO  |main |DirectJDKLog.java:173 |org.apache.coyote.http11.Http11NioProtocol |Starting ProtocolHandler ["http-nio-8110"]
2021-01-15 04:06:13 |INFO  |main |TomcatWebServer.java:204 |org.springframework.boot.web.embedded.tomcat.TomcatWebServer |Tomcat started on port(s): 8110 (http) with context path ''
2021-01-15 04:06:13 |INFO  |main |BeatReactor.java:58 |com.alibaba.nacos.client.naming |[BEAT] adding beat: {"cluster":"DEFAULT","ip":"192.168.152.143","metadata":{"preserved.register.source":"SPRING_CLOUD"},"period":5000,"port":8110,"scheduled":false,"serviceName":"DEFAULT_GROUP@@service-edu","stopped":false,"weight":1.0} to beat map.
2021-01-15 04:06:13 |INFO  |main |NamingProxy.java:175 |com.alibaba.nacos.client.naming |[REGISTER-SERVICE] public registering service DEFAULT_GROUP@@service-edu with instance: {"clusterName":"DEFAULT","enabled":true,"ephemeral":true,"healthy":true,"instanceHeartBeatInterval":5000,"instanceHeartBeatTimeOut":15000,"ip":"192.168.152.143","ipDeleteTimeout":30000,"metadata":{"preserved.register.source":"SPRING_CLOUD"},"port":8110,"weight":1.0}
2021-01-15 04:06:13 |INFO  |main |NacosServiceRegistry.java:65 |com.alibaba.cloud.nacos.registry.NacosServiceRegistry |nacos registry, DEFAULT_GROUP service-edu 192.168.152.143:8110 register finished
2021-01-15 04:06:13 |INFO  |main |StartupInfoLogger.java:61 |com.bit.jinggong.service.edu.ServiceEduApplication |Started ServiceEduApplication in 5.485 seconds (JVM running for 5.922)
2021-01-15 04:06:13 |INFO  |main |ClientWorker.java:202 |com.alibaba.nacos.client.config.impl.ClientWorker |[fixed-39.102.46.244_8848] [subscribe] service-edu+DEFAULT_GROUP
2021-01-15 04:06:13 |INFO  |main |CacheData.java:79 |com.alibaba.nacos.client.config.impl.CacheData |[fixed-39.102.46.244_8848] [add-listener] ok, tenant=, dataId=service-edu, group=DEFAULT_GROUP, cnt=1
2021-01-15 04:06:13 |INFO  |main |ClientWorker.java:202 |com.alibaba.nacos.client.config.impl.ClientWorker |[fixed-39.102.46.244_8848] [subscribe] service-edu.yaml+DEFAULT_GROUP
2021-01-15 04:06:13 |INFO  |main |CacheData.java:79 |com.alibaba.nacos.client.config.impl.CacheData |[fixed-39.102.46.244_8848] [add-listener] ok, tenant=, dataId=service-edu.yaml, group=DEFAULT_GROUP, cnt=1
2021-01-15 04:06:13 |INFO  |main |ClientWorker.java:202 |com.alibaba.nacos.client.config.impl.ClientWorker |[fixed-39.102.46.244_8848] [subscribe] service-edu-dev.yaml+DEFAULT_GROUP
2021-01-15 04:06:13 |INFO  |main |CacheData.java:79 |com.alibaba.nacos.client.config.impl.CacheData |[fixed-39.102.46.244_8848] [add-listener] ok, tenant=, dataId=service-edu-dev.yaml, group=DEFAULT_GROUP, cnt=1
2021-01-15 04:06:23 |INFO  |http-nio-8110-exec-1 |DirectJDKLog.java:173 |org.apache.catalina.core.ContainerBase.[Tomcat].[localhost].[/] |Initializing Spring DispatcherServlet 'dispatcherServlet'
2021-01-15 04:06:23 |INFO  |http-nio-8110-exec-1 |FrameworkServlet.java:525 |org.springframework.web.servlet.DispatcherServlet |Initializing Servlet 'dispatcherServlet'
2021-01-15 04:06:23 |INFO  |http-nio-8110-exec-1 |FrameworkServlet.java:547 |org.springframework.web.servlet.DispatcherServlet |Completed initialization in 9 ms
2021-01-15 04:06:23 |INFO  |http-nio-8110-exec-1 |HikariDataSource.java:110 |com.zaxxer.hikari.HikariDataSource |HikariPool-1 - Starting...
2021-01-15 04:06:23 |INFO  |http-nio-8110-exec-1 |HikariDataSource.java:123 |com.zaxxer.hikari.HikariDataSource |HikariPool-1 - Start completed.
2021-01-15 04:12:42 |INFO  |SpringContextShutdownHook |NacosServiceRegistry.java:80 |com.alibaba.cloud.nacos.registry.NacosServiceRegistry |De-registering from Nacos Server now...
2021-01-15 04:12:42 |INFO  |SpringContextShutdownHook |BeatReactor.java:71 |com.alibaba.nacos.client.naming |[BEAT] removing beat: DEFAULT_GROUP@@service-edu:192.168.152.143:8110 from beat map.
2021-01-15 04:12:42 |INFO  |SpringContextShutdownHook |NamingProxy.java:197 |com.alibaba.nacos.client.naming |[DEREGISTER-SERVICE] public deregistering service DEFAULT_GROUP@@service-edu with instance: {"clusterName":"DEFAULT","enabled":true,"ephemeral":true,"healthy":true,"instanceHeartBeatInterval":5000,"instanceHeartBeatTimeOut":15000,"instanceIdGenerator":"simple","ip":"192.168.152.143","ipDeleteTimeout":30000,"metadata":{},"port":8110,"weight":1.0}
2021-01-15 04:12:42 |INFO  |SpringContextShutdownHook |NacosServiceRegistry.java:100 |com.alibaba.cloud.nacos.registry.NacosServiceRegistry |De-registration finished.
2021-01-15 04:12:42 |INFO  |SpringContextShutdownHook |ExecutorConfigurationSupport.java:208 |org.springframework.scheduling.concurrent.ThreadPoolTaskExecutor |Shutting down ExecutorService 'applicationTaskExecutor'
2021-01-15 04:12:42 |INFO  |SpringContextShutdownHook |HikariDataSource.java:350 |com.zaxxer.hikari.HikariDataSource |HikariPool-1 - Shutdown initiated...
2021-01-15 04:12:42 |INFO  |SpringContextShutdownHook |HikariDataSource.java:352 |com.zaxxer.hikari.HikariDataSource |HikariPool-1 - Shutdown completed.
2021-01-15 04:12:47 |INFO  |main |LocalConfigInfoProcessor.java:195 |com.alibaba.nacos.client.config.impl.LocalConfigInfoProcessor |LOCAL_SNAPSHOT_PATH:/home/wang/nacos/config
2021-01-15 04:12:47 |INFO  |main |Limiter.java:53 |com.alibaba.nacos.client.config.impl.Limiter |limitTime:5.0
2021-01-15 04:12:47 |INFO  |main |JVMUtil.java:47 |com.alibaba.nacos.client.config.utils.JVMUtil |isMultiInstance:false
2021-01-15 04:12:47 |INFO  |main |PropertySourceBootstrapConfiguration.java:109 |org.springframework.cloud.bootstrap.config.PropertySourceBootstrapConfiguration |Located property source: [BootstrapPropertySource {name='bootstrapProperties-service-edu-dev.yaml,DEFAULT_GROUP'}, BootstrapPropertySource {name='bootstrapProperties-service-edu.yaml,DEFAULT_GROUP'}, BootstrapPropertySource {name='bootstrapProperties-service-edu,DEFAULT_GROUP'}]
2021-01-15 04:12:47 |INFO  |main |SpringApplication.java:655 |com.bit.jinggong.service.edu.ServiceEduApplication |The following profiles are active: dev
2021-01-15 04:12:47 |INFO  |main |RepositoryConfigurationDelegate.java:249 |org.springframework.data.repository.config.RepositoryConfigurationDelegate |Multiple Spring Data modules found, entering strict repository configuration mode!
2021-01-15 04:12:47 |INFO  |main |RepositoryConfigurationDelegate.java:127 |org.springframework.data.repository.config.RepositoryConfigurationDelegate |Bootstrapping Spring Data Redis repositories in DEFAULT mode.
2021-01-15 04:12:47 |INFO  |main |RepositoryConfigurationDelegate.java:187 |org.springframework.data.repository.config.RepositoryConfigurationDelegate |Finished Spring Data repository scanning in 11ms. Found 0 Redis repository interfaces.
2021-01-15 04:12:48 |INFO  |main |GenericScope.java:295 |org.springframework.cloud.context.scope.GenericScope |BeanFactory id=8e554e7f-09de-3b51-ba0c-8b965a0ec852
2021-01-15 04:12:48 |INFO  |main |PostProcessorRegistrationDelegate.java:330 |org.springframework.context.support.PostProcessorRegistrationDelegate$BeanPostProcessorChecker |Bean 'org.springframework.transaction.annotation.ProxyTransactionManagementConfiguration' of type [org.springframework.transaction.annotation.ProxyTransactionManagementConfiguration] is not eligible for getting processed by all BeanPostProcessors (for example: not eligible for auto-proxying)
2021-01-15 04:12:48 |INFO  |main |PostProcessorRegistrationDelegate.java:330 |org.springframework.context.support.PostProcessorRegistrationDelegate$BeanPostProcessorChecker |Bean 'spring.cloud.sentinel-com.alibaba.cloud.sentinel.SentinelProperties' of type [com.alibaba.cloud.sentinel.SentinelProperties] is not eligible for getting processed by all BeanPostProcessors (for example: not eligible for auto-proxying)
2021-01-15 04:12:48 |INFO  |main |PostProcessorRegistrationDelegate.java:330 |org.springframework.context.support.PostProcessorRegistrationDelegate$BeanPostProcessorChecker |Bean 'com.alibaba.cloud.sentinel.custom.SentinelAutoConfiguration' of type [com.alibaba.cloud.sentinel.custom.SentinelAutoConfiguration] is not eligible for getting processed by all BeanPostProcessors (for example: not eligible for auto-proxying)
2021-01-15 04:12:48 |INFO  |main |TomcatWebServer.java:92 |org.springframework.boot.web.embedded.tomcat.TomcatWebServer |Tomcat initialized with port(s): 8110 (http)
2021-01-15 04:12:48 |INFO  |main |DirectJDKLog.java:173 |org.apache.coyote.http11.Http11NioProtocol |Initializing ProtocolHandler ["http-nio-8110"]
2021-01-15 04:12:48 |INFO  |main |DirectJDKLog.java:173 |org.apache.catalina.core.StandardService |Starting service [Tomcat]
2021-01-15 04:12:48 |INFO  |main |DirectJDKLog.java:173 |org.apache.catalina.core.StandardEngine |Starting Servlet engine: [Apache Tomcat/9.0.29]
2021-01-15 04:12:48 |INFO  |main |DirectJDKLog.java:173 |org.apache.catalina.core.ContainerBase.[Tomcat].[localhost].[/] |Initializing Spring embedded WebApplicationContext
2021-01-15 04:12:48 |INFO  |main |ServletWebServerApplicationContext.java:284 |org.springframework.web.context.ContextLoader |Root WebApplicationContext: initialization completed in 1320 ms
2021-01-15 04:12:49 |INFO  |main |SentinelWebAutoConfiguration.java:80 |com.alibaba.cloud.sentinel.SentinelWebAutoConfiguration |[Sentinel Starter] register SentinelWebInterceptor with urlPatterns: [/*].
2021-01-15 04:12:49 |INFO  |main |PropertySourcedRequestMappingHandlerMapping.java:69 |springfox.documentation.spring.web.PropertySourcedRequestMappingHandlerMapping |Mapped URL path [/v2/api-docs] onto method [springfox.documentation.swagger2.web.Swagger2Controller#getDocumentation(String, HttpServletRequest)]
2021-01-15 04:12:49 |INFO  |main |URLConfigurationSource.java:122 |com.netflix.config.sources.URLConfigurationSource |To enable URLs as dynamic configuration sources, define System property archaius.configurationSource.additionalUrls or make config.properties available on classpath.
2021-01-15 04:12:49 |INFO  |main |URLConfigurationSource.java:122 |com.netflix.config.sources.URLConfigurationSource |To enable URLs as dynamic configuration sources, define System property archaius.configurationSource.additionalUrls or make config.properties available on classpath.
2021-01-15 04:12:49 |INFO  |main |ExecutorConfigurationSupport.java:171 |org.springframework.scheduling.concurrent.ThreadPoolTaskExecutor |Initializing ExecutorService 'applicationTaskExecutor'
2021-01-15 04:12:49 |INFO  |main |ExecutorConfigurationSupport.java:171 |org.springframework.scheduling.concurrent.ThreadPoolTaskScheduler |Initializing ExecutorService 'Nacso-Watch-Task-Scheduler'
2021-01-15 04:12:49 |INFO  |main |InitUtils.java:56 |com.alibaba.nacos.client.naming |initializer namespace from System Property :null
2021-01-15 04:12:49 |INFO  |main |InitUtils.java:65 |com.alibaba.nacos.client.naming |initializer namespace from System Environment :null
2021-01-15 04:12:49 |INFO  |main |InitUtils.java:75 |com.alibaba.nacos.client.naming |initializer namespace from System Property :null
2021-01-15 04:12:50 |INFO  |main |DocumentationPluginsBootstrapper.java:147 |springfox.documentation.spring.web.plugins.DocumentationPluginsBootstrapper |Context refreshed
2021-01-15 04:12:50 |INFO  |main |DocumentationPluginsBootstrapper.java:150 |springfox.documentation.spring.web.plugins.DocumentationPluginsBootstrapper |Found 2 custom documentation plugin(s)
2021-01-15 04:12:50 |INFO  |main |ApiListingReferenceScanner.java:41 |springfox.documentation.spring.web.scanners.ApiListingReferenceScanner |Scanning for api listing references
2021-01-15 04:12:50 |INFO  |main |CachingOperationNameGenerator.java:40 |springfox.documentation.spring.web.readers.operation.CachingOperationNameGenerator |Generating unique operation named: getByIdUsingGET_1
2021-01-15 04:12:50 |INFO  |main |CachingOperationNameGenerator.java:40 |springfox.documentation.spring.web.readers.operation.CachingOperationNameGenerator |Generating unique operation named: removeByIdUsingDELETE_1
2021-01-15 04:12:50 |INFO  |main |CachingOperationNameGenerator.java:40 |springfox.documentation.spring.web.readers.operation.CachingOperationNameGenerator |Generating unique operation named: getByIdUsingGET_2
2021-01-15 04:12:50 |INFO  |main |CachingOperationNameGenerator.java:40 |springfox.documentation.spring.web.readers.operation.CachingOperationNameGenerator |Generating unique operation named: listPageUsingGET_1
2021-01-15 04:12:50 |INFO  |main |CachingOperationNameGenerator.java:40 |springfox.documentation.spring.web.readers.operation.CachingOperationNameGenerator |Generating unique operation named: removeByIdUsingDELETE_2
2021-01-15 04:12:50 |INFO  |main |CachingOperationNameGenerator.java:40 |springfox.documentation.spring.web.readers.operation.CachingOperationNameGenerator |Generating unique operation named: saveUsingPOST_1
2021-01-15 04:12:50 |INFO  |main |CachingOperationNameGenerator.java:40 |springfox.documentation.spring.web.readers.operation.CachingOperationNameGenerator |Generating unique operation named: updateByIdUsingPUT_1
2021-01-15 04:12:50 |INFO  |main |CachingOperationNameGenerator.java:40 |springfox.documentation.spring.web.readers.operation.CachingOperationNameGenerator |Generating unique operation named: getByIdUsingGET_3
2021-01-15 04:12:50 |INFO  |main |CachingOperationNameGenerator.java:40 |springfox.documentation.spring.web.readers.operation.CachingOperationNameGenerator |Generating unique operation named: removeByIdUsingDELETE_3
2021-01-15 04:12:50 |INFO  |main |CachingOperationNameGenerator.java:40 |springfox.documentation.spring.web.readers.operation.CachingOperationNameGenerator |Generating unique operation named: saveUsingPOST_2
2021-01-15 04:12:50 |INFO  |main |CachingOperationNameGenerator.java:40 |springfox.documentation.spring.web.readers.operation.CachingOperationNameGenerator |Generating unique operation named: updateByIdUsingPUT_2
2021-01-15 04:12:50 |INFO  |main |ApiListingReferenceScanner.java:41 |springfox.documentation.spring.web.scanners.ApiListingReferenceScanner |Scanning for api listing references
2021-01-15 04:12:50 |INFO  |main |CachingOperationNameGenerator.java:40 |springfox.documentation.spring.web.readers.operation.CachingOperationNameGenerator |Generating unique operation named: saveUsingPOST_3
2021-01-15 04:12:50 |INFO  |main |CachingOperationNameGenerator.java:40 |springfox.documentation.spring.web.readers.operation.CachingOperationNameGenerator |Generating unique operation named: getByIdUsingGET_4
2021-01-15 04:12:50 |INFO  |main |CachingOperationNameGenerator.java:40 |springfox.documentation.spring.web.readers.operation.CachingOperationNameGenerator |Generating unique operation named: nestedListUsingGET_1
2021-01-15 04:12:50 |INFO  |main |DirectJDKLog.java:173 |org.apache.coyote.http11.Http11NioProtocol |Starting ProtocolHandler ["http-nio-8110"]
2021-01-15 04:12:50 |INFO  |main |TomcatWebServer.java:204 |org.springframework.boot.web.embedded.tomcat.TomcatWebServer |Tomcat started on port(s): 8110 (http) with context path ''
2021-01-15 04:12:50 |INFO  |main |BeatReactor.java:58 |com.alibaba.nacos.client.naming |[BEAT] adding beat: {"cluster":"DEFAULT","ip":"192.168.152.143","metadata":{"preserved.register.source":"SPRING_CLOUD"},"period":5000,"port":8110,"scheduled":false,"serviceName":"DEFAULT_GROUP@@service-edu","stopped":false,"weight":1.0} to beat map.
2021-01-15 04:12:50 |INFO  |main |NamingProxy.java:175 |com.alibaba.nacos.client.naming |[REGISTER-SERVICE] public registering service DEFAULT_GROUP@@service-edu with instance: {"clusterName":"DEFAULT","enabled":true,"ephemeral":true,"healthy":true,"instanceHeartBeatInterval":5000,"instanceHeartBeatTimeOut":15000,"ip":"192.168.152.143","ipDeleteTimeout":30000,"metadata":{"preserved.register.source":"SPRING_CLOUD"},"port":8110,"weight":1.0}
2021-01-15 04:12:50 |INFO  |main |NacosServiceRegistry.java:65 |com.alibaba.cloud.nacos.registry.NacosServiceRegistry |nacos registry, DEFAULT_GROUP service-edu 192.168.152.143:8110 register finished
2021-01-15 04:12:50 |INFO  |main |StartupInfoLogger.java:61 |com.bit.jinggong.service.edu.ServiceEduApplication |Started ServiceEduApplication in 4.876 seconds (JVM running for 5.271)
2021-01-15 04:12:50 |INFO  |main |ClientWorker.java:202 |com.alibaba.nacos.client.config.impl.ClientWorker |[fixed-39.102.46.244_8848] [subscribe] service-edu+DEFAULT_GROUP
2021-01-15 04:12:50 |INFO  |main |CacheData.java:79 |com.alibaba.nacos.client.config.impl.CacheData |[fixed-39.102.46.244_8848] [add-listener] ok, tenant=, dataId=service-edu, group=DEFAULT_GROUP, cnt=1
2021-01-15 04:12:50 |INFO  |main |ClientWorker.java:202 |com.alibaba.nacos.client.config.impl.ClientWorker |[fixed-39.102.46.244_8848] [subscribe] service-edu.yaml+DEFAULT_GROUP
2021-01-15 04:12:50 |INFO  |main |CacheData.java:79 |com.alibaba.nacos.client.config.impl.CacheData |[fixed-39.102.46.244_8848] [add-listener] ok, tenant=, dataId=service-edu.yaml, group=DEFAULT_GROUP, cnt=1
2021-01-15 04:12:50 |INFO  |main |ClientWorker.java:202 |com.alibaba.nacos.client.config.impl.ClientWorker |[fixed-39.102.46.244_8848] [subscribe] service-edu-dev.yaml+DEFAULT_GROUP
2021-01-15 04:12:50 |INFO  |main |CacheData.java:79 |com.alibaba.nacos.client.config.impl.CacheData |[fixed-39.102.46.244_8848] [add-listener] ok, tenant=, dataId=service-edu-dev.yaml, group=DEFAULT_GROUP, cnt=1
2021-01-15 04:13:29 |INFO  |http-nio-8110-exec-1 |DirectJDKLog.java:173 |org.apache.catalina.core.ContainerBase.[Tomcat].[localhost].[/] |Initializing Spring DispatcherServlet 'dispatcherServlet'
2021-01-15 04:13:29 |INFO  |http-nio-8110-exec-1 |FrameworkServlet.java:525 |org.springframework.web.servlet.DispatcherServlet |Initializing Servlet 'dispatcherServlet'
2021-01-15 04:13:29 |INFO  |http-nio-8110-exec-1 |FrameworkServlet.java:547 |org.springframework.web.servlet.DispatcherServlet |Completed initialization in 10 ms
2021-01-15 04:13:29 |INFO  |http-nio-8110-exec-1 |HikariDataSource.java:110 |com.zaxxer.hikari.HikariDataSource |HikariPool-1 - Starting...
2021-01-15 04:13:30 |INFO  |http-nio-8110-exec-1 |HikariDataSource.java:123 |com.zaxxer.hikari.HikariDataSource |HikariPool-1 - Start completed.
2021-01-15 04:20:00 |INFO  |http-nio-8110-exec-9 |ChainedDynamicProperty.java:115 |com.netflix.config.ChainedDynamicProperty |Flipping property: service-vod.ribbon.ActiveConnectionsLimit to use NEXT property: niws.loadbalancer.availabilityFilteringRule.activeConnectionsLimit = 2147483647
2021-01-15 04:20:00 |INFO  |http-nio-8110-exec-9 |BaseLoadBalancer.java:197 |com.netflix.loadbalancer.BaseLoadBalancer |Client: service-vod instantiated a LoadBalancer: DynamicServerListLoadBalancer:{NFLoadBalancer:name=service-vod,current list of Servers=[],Load balancer stats=Zone stats: {},Server stats: []}ServerList:null
2021-01-15 04:20:00 |INFO  |http-nio-8110-exec-9 |DynamicServerListLoadBalancer.java:222 |com.netflix.loadbalancer.DynamicServerListLoadBalancer |Using serverListUpdater PollingServerListUpdater
2021-01-15 04:20:00 |INFO  |http-nio-8110-exec-9 |HostReactor.java:164 |com.alibaba.nacos.client.naming |new ips(1) service: DEFAULT_GROUP@@service-vod -> [{"clusterName":"DEFAULT","enabled":true,"ephemeral":true,"healthy":true,"instanceHeartBeatInterval":5000,"instanceHeartBeatTimeOut":15000,"instanceId":"192.168.152.143#8130#DEFAULT#DEFAULT_GROUP@@service-vod","ip":"192.168.152.143","ipDeleteTimeout":30000,"metadata":{"preserved.register.source":"SPRING_CLOUD"},"port":8130,"serviceName":"DEFAULT_GROUP@@service-vod","weight":1.0}]
2021-01-15 04:20:00 |INFO  |http-nio-8110-exec-9 |HostReactor.java:200 |com.alibaba.nacos.client.naming |current ips:(1) service: DEFAULT_GROUP@@service-vod -> [{"clusterName":"DEFAULT","enabled":true,"ephemeral":true,"healthy":true,"instanceHeartBeatInterval":5000,"instanceHeartBeatTimeOut":15000,"instanceId":"192.168.152.143#8130#DEFAULT#DEFAULT_GROUP@@service-vod","ip":"192.168.152.143","ipDeleteTimeout":30000,"metadata":{"preserved.register.source":"SPRING_CLOUD"},"port":8130,"serviceName":"DEFAULT_GROUP@@service-vod","weight":1.0}]
2021-01-15 04:20:00 |INFO  |http-nio-8110-exec-9 |ChainedDynamicProperty.java:115 |com.netflix.config.ChainedDynamicProperty |Flipping property: service-vod.ribbon.ActiveConnectionsLimit to use NEXT property: niws.loadbalancer.availabilityFilteringRule.activeConnectionsLimit = 2147483647
2021-01-15 04:20:00 |INFO  |http-nio-8110-exec-9 |DynamicServerListLoadBalancer.java:150 |com.netflix.loadbalancer.DynamicServerListLoadBalancer |DynamicServerListLoadBalancer for client service-vod initialized: DynamicServerListLoadBalancer:{NFLoadBalancer:name=service-vod,current list of Servers=[192.168.152.143:8130],Load balancer stats=Zone stats: {unknown=[Zone:unknown;	Instance count:1;	Active connections count: 0;	Circuit breaker tripped count: 0;	Active connections per server: 0.0;]
},Server stats: [[Server:192.168.152.143:8130;	Zone:UNKNOWN;	Total Requests:0;	Successive connection failure:0;	Total blackout seconds:0;	Last connection made:Wed Dec 31 16:00:00 PST 1969;	First connection made: Wed Dec 31 16:00:00 PST 1969;	Active Connections:0;	total failure count in last (1000) msecs:0;	average resp time:0.0;	90 percentile resp time:0.0;	95 percentile resp time:0.0;	min resp time:0.0;	max resp time:0.0;	stddev resp time:0.0]
]}ServerList:com.alibaba.cloud.nacos.ribbon.NacosServerList@591c2c79
2021-01-15 04:20:01 |INFO  |PollingServerListUpdater-0 |ChainedDynamicProperty.java:115 |com.netflix.config.ChainedDynamicProperty |Flipping property: service-vod.ribbon.ActiveConnectionsLimit to use NEXT property: niws.loadbalancer.availabilityFilteringRule.activeConnectionsLimit = 2147483647
2021-01-15 04:23:33 |INFO  |Thread-33 |PollingServerListUpdater.java:53 |com.netflix.loadbalancer.PollingServerListUpdater |Shutting down the Executor Pool for PollingServerListUpdater
2021-01-15 04:23:33 |INFO  |SpringContextShutdownHook |NacosServiceRegistry.java:80 |com.alibaba.cloud.nacos.registry.NacosServiceRegistry |De-registering from Nacos Server now...
2021-01-15 04:23:33 |INFO  |SpringContextShutdownHook |BeatReactor.java:71 |com.alibaba.nacos.client.naming |[BEAT] removing beat: DEFAULT_GROUP@@service-edu:192.168.152.143:8110 from beat map.
2021-01-15 04:23:33 |INFO  |SpringContextShutdownHook |NamingProxy.java:197 |com.alibaba.nacos.client.naming |[DEREGISTER-SERVICE] public deregistering service DEFAULT_GROUP@@service-edu with instance: {"clusterName":"DEFAULT","enabled":true,"ephemeral":true,"healthy":true,"instanceHeartBeatInterval":5000,"instanceHeartBeatTimeOut":15000,"instanceIdGenerator":"simple","ip":"192.168.152.143","ipDeleteTimeout":30000,"metadata":{},"port":8110,"weight":1.0}
2021-01-15 04:23:33 |INFO  |SpringContextShutdownHook |NacosServiceRegistry.java:100 |com.alibaba.cloud.nacos.registry.NacosServiceRegistry |De-registration finished.
2021-01-15 04:23:33 |INFO  |SpringContextShutdownHook |ExecutorConfigurationSupport.java:208 |org.springframework.scheduling.concurrent.ThreadPoolTaskExecutor |Shutting down ExecutorService 'applicationTaskExecutor'
2021-01-15 04:23:33 |INFO  |SpringContextShutdownHook |HikariDataSource.java:350 |com.zaxxer.hikari.HikariDataSource |HikariPool-1 - Shutdown initiated...
2021-01-15 04:23:33 |INFO  |SpringContextShutdownHook |HikariDataSource.java:352 |com.zaxxer.hikari.HikariDataSource |HikariPool-1 - Shutdown completed.
2021-01-15 04:23:37 |INFO  |main |LocalConfigInfoProcessor.java:195 |com.alibaba.nacos.client.config.impl.LocalConfigInfoProcessor |LOCAL_SNAPSHOT_PATH:/home/wang/nacos/config
2021-01-15 04:23:37 |INFO  |main |Limiter.java:53 |com.alibaba.nacos.client.config.impl.Limiter |limitTime:5.0
2021-01-15 04:23:37 |INFO  |main |JVMUtil.java:47 |com.alibaba.nacos.client.config.utils.JVMUtil |isMultiInstance:false
2021-01-15 04:23:37 |INFO  |main |PropertySourceBootstrapConfiguration.java:109 |org.springframework.cloud.bootstrap.config.PropertySourceBootstrapConfiguration |Located property source: [BootstrapPropertySource {name='bootstrapProperties-service-edu-dev.yaml,DEFAULT_GROUP'}, BootstrapPropertySource {name='bootstrapProperties-service-edu.yaml,DEFAULT_GROUP'}, BootstrapPropertySource {name='bootstrapProperties-service-edu,DEFAULT_GROUP'}]
2021-01-15 04:23:37 |INFO  |main |SpringApplication.java:655 |com.bit.jinggong.service.edu.ServiceEduApplication |The following profiles are active: dev
2021-01-15 04:23:38 |INFO  |main |RepositoryConfigurationDelegate.java:249 |org.springframework.data.repository.config.RepositoryConfigurationDelegate |Multiple Spring Data modules found, entering strict repository configuration mode!
2021-01-15 04:23:38 |INFO  |main |RepositoryConfigurationDelegate.java:127 |org.springframework.data.repository.config.RepositoryConfigurationDelegate |Bootstrapping Spring Data Redis repositories in DEFAULT mode.
2021-01-15 04:23:38 |INFO  |main |RepositoryConfigurationDelegate.java:187 |org.springframework.data.repository.config.RepositoryConfigurationDelegate |Finished Spring Data repository scanning in 10ms. Found 0 Redis repository interfaces.
2021-01-15 04:23:38 |INFO  |main |GenericScope.java:295 |org.springframework.cloud.context.scope.GenericScope |BeanFactory id=8e554e7f-09de-3b51-ba0c-8b965a0ec852
2021-01-15 04:23:38 |INFO  |main |PostProcessorRegistrationDelegate.java:330 |org.springframework.context.support.PostProcessorRegistrationDelegate$BeanPostProcessorChecker |Bean 'org.springframework.transaction.annotation.ProxyTransactionManagementConfiguration' of type [org.springframework.transaction.annotation.ProxyTransactionManagementConfiguration] is not eligible for getting processed by all BeanPostProcessors (for example: not eligible for auto-proxying)
2021-01-15 04:23:38 |INFO  |main |PostProcessorRegistrationDelegate.java:330 |org.springframework.context.support.PostProcessorRegistrationDelegate$BeanPostProcessorChecker |Bean 'spring.cloud.sentinel-com.alibaba.cloud.sentinel.SentinelProperties' of type [com.alibaba.cloud.sentinel.SentinelProperties] is not eligible for getting processed by all BeanPostProcessors (for example: not eligible for auto-proxying)
2021-01-15 04:23:38 |INFO  |main |PostProcessorRegistrationDelegate.java:330 |org.springframework.context.support.PostProcessorRegistrationDelegate$BeanPostProcessorChecker |Bean 'com.alibaba.cloud.sentinel.custom.SentinelAutoConfiguration' of type [com.alibaba.cloud.sentinel.custom.SentinelAutoConfiguration] is not eligible for getting processed by all BeanPostProcessors (for example: not eligible for auto-proxying)
2021-01-15 04:23:38 |INFO  |main |TomcatWebServer.java:92 |org.springframework.boot.web.embedded.tomcat.TomcatWebServer |Tomcat initialized with port(s): 8110 (http)
2021-01-15 04:23:38 |INFO  |main |DirectJDKLog.java:173 |org.apache.coyote.http11.Http11NioProtocol |Initializing ProtocolHandler ["http-nio-8110"]
2021-01-15 04:23:38 |INFO  |main |DirectJDKLog.java:173 |org.apache.catalina.core.StandardService |Starting service [Tomcat]
2021-01-15 04:23:38 |INFO  |main |DirectJDKLog.java:173 |org.apache.catalina.core.StandardEngine |Starting Servlet engine: [Apache Tomcat/9.0.29]
2021-01-15 04:23:38 |INFO  |main |DirectJDKLog.java:173 |org.apache.catalina.core.ContainerBase.[Tomcat].[localhost].[/] |Initializing Spring embedded WebApplicationContext
2021-01-15 04:23:38 |INFO  |main |ServletWebServerApplicationContext.java:284 |org.springframework.web.context.ContextLoader |Root WebApplicationContext: initialization completed in 1247 ms
2021-01-15 04:23:39 |INFO  |main |SentinelWebAutoConfiguration.java:80 |com.alibaba.cloud.sentinel.SentinelWebAutoConfiguration |[Sentinel Starter] register SentinelWebInterceptor with urlPatterns: [/*].
2021-01-15 04:23:39 |INFO  |main |PropertySourcedRequestMappingHandlerMapping.java:69 |springfox.documentation.spring.web.PropertySourcedRequestMappingHandlerMapping |Mapped URL path [/v2/api-docs] onto method [springfox.documentation.swagger2.web.Swagger2Controller#getDocumentation(String, HttpServletRequest)]
2021-01-15 04:23:39 |INFO  |main |URLConfigurationSource.java:122 |com.netflix.config.sources.URLConfigurationSource |To enable URLs as dynamic configuration sources, define System property archaius.configurationSource.additionalUrls or make config.properties available on classpath.
2021-01-15 04:23:39 |INFO  |main |URLConfigurationSource.java:122 |com.netflix.config.sources.URLConfigurationSource |To enable URLs as dynamic configuration sources, define System property archaius.configurationSource.additionalUrls or make config.properties available on classpath.
2021-01-15 04:23:40 |INFO  |main |ExecutorConfigurationSupport.java:171 |org.springframework.scheduling.concurrent.ThreadPoolTaskExecutor |Initializing ExecutorService 'applicationTaskExecutor'
2021-01-15 04:23:40 |INFO  |main |ExecutorConfigurationSupport.java:171 |org.springframework.scheduling.concurrent.ThreadPoolTaskScheduler |Initializing ExecutorService 'Nacso-Watch-Task-Scheduler'
2021-01-15 04:23:40 |INFO  |main |InitUtils.java:56 |com.alibaba.nacos.client.naming |initializer namespace from System Property :null
2021-01-15 04:23:40 |INFO  |main |InitUtils.java:65 |com.alibaba.nacos.client.naming |initializer namespace from System Environment :null
2021-01-15 04:23:40 |INFO  |main |InitUtils.java:75 |com.alibaba.nacos.client.naming |initializer namespace from System Property :null
2021-01-15 04:23:40 |INFO  |main |DocumentationPluginsBootstrapper.java:147 |springfox.documentation.spring.web.plugins.DocumentationPluginsBootstrapper |Context refreshed
2021-01-15 04:23:40 |INFO  |main |DocumentationPluginsBootstrapper.java:150 |springfox.documentation.spring.web.plugins.DocumentationPluginsBootstrapper |Found 2 custom documentation plugin(s)
2021-01-15 04:23:40 |INFO  |main |ApiListingReferenceScanner.java:41 |springfox.documentation.spring.web.scanners.ApiListingReferenceScanner |Scanning for api listing references
2021-01-15 04:23:40 |INFO  |main |CachingOperationNameGenerator.java:40 |springfox.documentation.spring.web.readers.operation.CachingOperationNameGenerator |Generating unique operation named: getByIdUsingGET_1
2021-01-15 04:23:40 |INFO  |main |CachingOperationNameGenerator.java:40 |springfox.documentation.spring.web.readers.operation.CachingOperationNameGenerator |Generating unique operation named: removeByIdUsingDELETE_1
2021-01-15 04:23:40 |INFO  |main |CachingOperationNameGenerator.java:40 |springfox.documentation.spring.web.readers.operation.CachingOperationNameGenerator |Generating unique operation named: getByIdUsingGET_2
2021-01-15 04:23:40 |INFO  |main |CachingOperationNameGenerator.java:40 |springfox.documentation.spring.web.readers.operation.CachingOperationNameGenerator |Generating unique operation named: listPageUsingGET_1
2021-01-15 04:23:40 |INFO  |main |CachingOperationNameGenerator.java:40 |springfox.documentation.spring.web.readers.operation.CachingOperationNameGenerator |Generating unique operation named: removeByIdUsingDELETE_2
2021-01-15 04:23:40 |INFO  |main |CachingOperationNameGenerator.java:40 |springfox.documentation.spring.web.readers.operation.CachingOperationNameGenerator |Generating unique operation named: saveUsingPOST_1
2021-01-15 04:23:40 |INFO  |main |CachingOperationNameGenerator.java:40 |springfox.documentation.spring.web.readers.operation.CachingOperationNameGenerator |Generating unique operation named: updateByIdUsingPUT_1
2021-01-15 04:23:40 |INFO  |main |CachingOperationNameGenerator.java:40 |springfox.documentation.spring.web.readers.operation.CachingOperationNameGenerator |Generating unique operation named: getByIdUsingGET_3
2021-01-15 04:23:40 |INFO  |main |CachingOperationNameGenerator.java:40 |springfox.documentation.spring.web.readers.operation.CachingOperationNameGenerator |Generating unique operation named: removeByIdUsingDELETE_3
2021-01-15 04:23:40 |INFO  |main |CachingOperationNameGenerator.java:40 |springfox.documentation.spring.web.readers.operation.CachingOperationNameGenerator |Generating unique operation named: saveUsingPOST_2
2021-01-15 04:23:40 |INFO  |main |CachingOperationNameGenerator.java:40 |springfox.documentation.spring.web.readers.operation.CachingOperationNameGenerator |Generating unique operation named: updateByIdUsingPUT_2
2021-01-15 04:23:40 |INFO  |main |ApiListingReferenceScanner.java:41 |springfox.documentation.spring.web.scanners.ApiListingReferenceScanner |Scanning for api listing references
2021-01-15 04:23:40 |INFO  |main |CachingOperationNameGenerator.java:40 |springfox.documentation.spring.web.readers.operation.CachingOperationNameGenerator |Generating unique operation named: saveUsingPOST_3
2021-01-15 04:23:40 |INFO  |main |CachingOperationNameGenerator.java:40 |springfox.documentation.spring.web.readers.operation.CachingOperationNameGenerator |Generating unique operation named: getByIdUsingGET_4
2021-01-15 04:23:40 |INFO  |main |CachingOperationNameGenerator.java:40 |springfox.documentation.spring.web.readers.operation.CachingOperationNameGenerator |Generating unique operation named: nestedListUsingGET_1
2021-01-15 04:23:40 |INFO  |main |DirectJDKLog.java:173 |org.apache.coyote.http11.Http11NioProtocol |Starting ProtocolHandler ["http-nio-8110"]
2021-01-15 04:23:40 |INFO  |main |TomcatWebServer.java:204 |org.springframework.boot.web.embedded.tomcat.TomcatWebServer |Tomcat started on port(s): 8110 (http) with context path ''
2021-01-15 04:23:40 |INFO  |main |BeatReactor.java:58 |com.alibaba.nacos.client.naming |[BEAT] adding beat: {"cluster":"DEFAULT","ip":"192.168.152.143","metadata":{"preserved.register.source":"SPRING_CLOUD"},"period":5000,"port":8110,"scheduled":false,"serviceName":"DEFAULT_GROUP@@service-edu","stopped":false,"weight":1.0} to beat map.
2021-01-15 04:23:40 |INFO  |main |NamingProxy.java:175 |com.alibaba.nacos.client.naming |[REGISTER-SERVICE] public registering service DEFAULT_GROUP@@service-edu with instance: {"clusterName":"DEFAULT","enabled":true,"ephemeral":true,"healthy":true,"instanceHeartBeatInterval":5000,"instanceHeartBeatTimeOut":15000,"ip":"192.168.152.143","ipDeleteTimeout":30000,"metadata":{"preserved.register.source":"SPRING_CLOUD"},"port":8110,"weight":1.0}
2021-01-15 04:23:40 |INFO  |main |NacosServiceRegistry.java:65 |com.alibaba.cloud.nacos.registry.NacosServiceRegistry |nacos registry, DEFAULT_GROUP service-edu 192.168.152.143:8110 register finished
2021-01-15 04:23:40 |INFO  |main |StartupInfoLogger.java:61 |com.bit.jinggong.service.edu.ServiceEduApplication |Started ServiceEduApplication in 4.07 seconds (JVM running for 4.441)
2021-01-15 04:23:40 |INFO  |main |ClientWorker.java:202 |com.alibaba.nacos.client.config.impl.ClientWorker |[fixed-39.102.46.244_8848] [subscribe] service-edu+DEFAULT_GROUP
2021-01-15 04:23:40 |INFO  |main |CacheData.java:79 |com.alibaba.nacos.client.config.impl.CacheData |[fixed-39.102.46.244_8848] [add-listener] ok, tenant=, dataId=service-edu, group=DEFAULT_GROUP, cnt=1
2021-01-15 04:23:40 |INFO  |main |ClientWorker.java:202 |com.alibaba.nacos.client.config.impl.ClientWorker |[fixed-39.102.46.244_8848] [subscribe] service-edu.yaml+DEFAULT_GROUP
2021-01-15 04:23:40 |INFO  |main |CacheData.java:79 |com.alibaba.nacos.client.config.impl.CacheData |[fixed-39.102.46.244_8848] [add-listener] ok, tenant=, dataId=service-edu.yaml, group=DEFAULT_GROUP, cnt=1
2021-01-15 04:23:40 |INFO  |main |ClientWorker.java:202 |com.alibaba.nacos.client.config.impl.ClientWorker |[fixed-39.102.46.244_8848] [subscribe] service-edu-dev.yaml+DEFAULT_GROUP
2021-01-15 04:23:40 |INFO  |main |CacheData.java:79 |com.alibaba.nacos.client.config.impl.CacheData |[fixed-39.102.46.244_8848] [add-listener] ok, tenant=, dataId=service-edu-dev.yaml, group=DEFAULT_GROUP, cnt=1
2021-01-15 04:23:47 |INFO  |http-nio-8110-exec-2 |DirectJDKLog.java:173 |org.apache.catalina.core.ContainerBase.[Tomcat].[localhost].[/] |Initializing Spring DispatcherServlet 'dispatcherServlet'
2021-01-15 04:23:47 |INFO  |http-nio-8110-exec-2 |FrameworkServlet.java:525 |org.springframework.web.servlet.DispatcherServlet |Initializing Servlet 'dispatcherServlet'
2021-01-15 04:23:47 |INFO  |http-nio-8110-exec-2 |FrameworkServlet.java:547 |org.springframework.web.servlet.DispatcherServlet |Completed initialization in 10 ms
2021-01-15 04:23:48 |INFO  |http-nio-8110-exec-2 |HikariDataSource.java:110 |com.zaxxer.hikari.HikariDataSource |HikariPool-1 - Starting...
2021-01-15 04:23:48 |INFO  |http-nio-8110-exec-2 |HikariDataSource.java:123 |com.zaxxer.hikari.HikariDataSource |HikariPool-1 - Start completed.
2021-01-15 04:23:55 |INFO  |http-nio-8110-exec-3 |ChainedDynamicProperty.java:115 |com.netflix.config.ChainedDynamicProperty |Flipping property: service-vod.ribbon.ActiveConnectionsLimit to use NEXT property: niws.loadbalancer.availabilityFilteringRule.activeConnectionsLimit = 2147483647
2021-01-15 04:23:55 |INFO  |http-nio-8110-exec-3 |BaseLoadBalancer.java:197 |com.netflix.loadbalancer.BaseLoadBalancer |Client: service-vod instantiated a LoadBalancer: DynamicServerListLoadBalancer:{NFLoadBalancer:name=service-vod,current list of Servers=[],Load balancer stats=Zone stats: {},Server stats: []}ServerList:null
2021-01-15 04:23:55 |INFO  |http-nio-8110-exec-3 |DynamicServerListLoadBalancer.java:222 |com.netflix.loadbalancer.DynamicServerListLoadBalancer |Using serverListUpdater PollingServerListUpdater
2021-01-15 04:23:55 |INFO  |http-nio-8110-exec-3 |HostReactor.java:164 |com.alibaba.nacos.client.naming |new ips(1) service: DEFAULT_GROUP@@service-vod -> [{"clusterName":"DEFAULT","enabled":true,"ephemeral":true,"healthy":true,"instanceHeartBeatInterval":5000,"instanceHeartBeatTimeOut":15000,"instanceId":"192.168.152.143#8130#DEFAULT#DEFAULT_GROUP@@service-vod","ip":"192.168.152.143","ipDeleteTimeout":30000,"metadata":{"preserved.register.source":"SPRING_CLOUD"},"port":8130,"serviceName":"DEFAULT_GROUP@@service-vod","weight":1.0}]
2021-01-15 04:23:55 |INFO  |http-nio-8110-exec-3 |HostReactor.java:200 |com.alibaba.nacos.client.naming |current ips:(1) service: DEFAULT_GROUP@@service-vod -> [{"clusterName":"DEFAULT","enabled":true,"ephemeral":true,"healthy":true,"instanceHeartBeatInterval":5000,"instanceHeartBeatTimeOut":15000,"instanceId":"192.168.152.143#8130#DEFAULT#DEFAULT_GROUP@@service-vod","ip":"192.168.152.143","ipDeleteTimeout":30000,"metadata":{"preserved.register.source":"SPRING_CLOUD"},"port":8130,"serviceName":"DEFAULT_GROUP@@service-vod","weight":1.0}]
2021-01-15 04:23:55 |INFO  |http-nio-8110-exec-3 |ChainedDynamicProperty.java:115 |com.netflix.config.ChainedDynamicProperty |Flipping property: service-vod.ribbon.ActiveConnectionsLimit to use NEXT property: niws.loadbalancer.availabilityFilteringRule.activeConnectionsLimit = 2147483647
2021-01-15 04:23:55 |INFO  |http-nio-8110-exec-3 |DynamicServerListLoadBalancer.java:150 |com.netflix.loadbalancer.DynamicServerListLoadBalancer |DynamicServerListLoadBalancer for client service-vod initialized: DynamicServerListLoadBalancer:{NFLoadBalancer:name=service-vod,current list of Servers=[192.168.152.143:8130],Load balancer stats=Zone stats: {unknown=[Zone:unknown;	Instance count:1;	Active connections count: 0;	Circuit breaker tripped count: 0;	Active connections per server: 0.0;]
},Server stats: [[Server:192.168.152.143:8130;	Zone:UNKNOWN;	Total Requests:0;	Successive connection failure:0;	Total blackout seconds:0;	Last connection made:Wed Dec 31 16:00:00 PST 1969;	First connection made: Wed Dec 31 16:00:00 PST 1969;	Active Connections:0;	total failure count in last (1000) msecs:0;	average resp time:0.0;	90 percentile resp time:0.0;	95 percentile resp time:0.0;	min resp time:0.0;	max resp time:0.0;	stddev resp time:0.0]
]}ServerList:com.alibaba.cloud.nacos.ribbon.NacosServerList@73d64c62
2021-01-15 04:23:56 |INFO  |PollingServerListUpdater-0 |ChainedDynamicProperty.java:115 |com.netflix.config.ChainedDynamicProperty |Flipping property: service-vod.ribbon.ActiveConnectionsLimit to use NEXT property: niws.loadbalancer.availabilityFilteringRule.activeConnectionsLimit = 2147483647
2021-01-15 04:44:42 |INFO  |http-nio-8110-exec-10 |EpollProvider.java:68 |io.lettuce.core.EpollProvider |Starting without optional epoll library
2021-01-15 04:44:42 |INFO  |http-nio-8110-exec-10 |KqueueProvider.java:70 |io.lettuce.core.KqueueProvider |Starting without optional kqueue library
2021-01-15 05:51:43 |INFO  |lettuce-eventExecutorLoop-1-4 |AbstractInternalLogger.java:173 |io.lettuce.core.protocol.ConnectionWatchdog |Reconnecting, last destination was /39.102.36.248:6379
2021-01-15 05:51:43 |INFO  |lettuce-nioEventLoop-4-2 |ReconnectionHandler.java:188 |io.lettuce.core.protocol.ReconnectionHandler |Reconnected to 39.102.36.248:6379
2021-01-15 21:06:01 |INFO  |com.alibaba.nacos.client.naming.updater |HostReactor.java:170 |com.alibaba.nacos.client.naming |removed ips(1) service: DEFAULT_GROUP@@service-vod -> [{"clusterName":"DEFAULT","enabled":true,"ephemeral":true,"healthy":true,"instanceHeartBeatInterval":5000,"instanceHeartBeatTimeOut":15000,"instanceId":"192.168.152.143#8130#DEFAULT#DEFAULT_GROUP@@service-vod","ip":"192.168.152.143","ipDeleteTimeout":30000,"metadata":{"preserved.register.source":"SPRING_CLOUD"},"port":8130,"serviceName":"DEFAULT_GROUP@@service-vod","weight":1.0}]
2021-01-15 21:06:01 |INFO  |com.alibaba.nacos.client.naming.updater |HostReactor.java:200 |com.alibaba.nacos.client.naming |current ips:(0) service: DEFAULT_GROUP@@service-vod -> []
2021-01-15 21:06:10 |INFO  |com.alibaba.nacos.client.naming.updater |HostReactor.java:164 |com.alibaba.nacos.client.naming |new ips(1) service: DEFAULT_GROUP@@service-vod -> [{"clusterName":"DEFAULT","enabled":true,"ephemeral":true,"healthy":true,"instanceHeartBeatInterval":5000,"instanceHeartBeatTimeOut":15000,"instanceId":"192.168.152.143#8130#DEFAULT#DEFAULT_GROUP@@service-vod","ip":"192.168.152.143","ipDeleteTimeout":30000,"metadata":{"preserved.register.source":"SPRING_CLOUD"},"port":8130,"serviceName":"DEFAULT_GROUP@@service-vod","weight":1.0}]
2021-01-15 21:06:10 |INFO  |com.alibaba.nacos.client.naming.updater |HostReactor.java:200 |com.alibaba.nacos.client.naming |current ips:(1) service: DEFAULT_GROUP@@service-vod -> [{"clusterName":"DEFAULT","enabled":true,"ephemeral":true,"healthy":true,"instanceHeartBeatInterval":5000,"instanceHeartBeatTimeOut":15000,"instanceId":"192.168.152.143#8130#DEFAULT#DEFAULT_GROUP@@service-vod","ip":"192.168.152.143","ipDeleteTimeout":30000,"metadata":{"preserved.register.source":"SPRING_CLOUD"},"port":8130,"serviceName":"DEFAULT_GROUP@@service-vod","weight":1.0}]
2021-01-15 21:07:06 |INFO  |lettuce-eventExecutorLoop-1-2 |AbstractInternalLogger.java:173 |io.lettuce.core.protocol.ConnectionWatchdog |Reconnecting, last destination was /39.102.36.248:6379
2021-01-15 21:07:06 |INFO  |lettuce-nioEventLoop-4-3 |ReconnectionHandler.java:188 |io.lettuce.core.protocol.ReconnectionHandler |Reconnected to 39.102.36.248:6379
2021-01-15 21:21:40 |INFO  |lettuce-eventExecutorLoop-1-3 |AbstractInternalLogger.java:173 |io.lettuce.core.protocol.ConnectionWatchdog |Reconnecting, last destination was /39.102.36.248:6379
2021-01-15 21:21:40 |INFO  |lettuce-nioEventLoop-4-4 |ReconnectionHandler.java:188 |io.lettuce.core.protocol.ReconnectionHandler |Reconnected to 39.102.36.248:6379
2021-01-15 22:00:58 |INFO  |lettuce-eventExecutorLoop-1-2 |AbstractInternalLogger.java:173 |io.lettuce.core.protocol.ConnectionWatchdog |Reconnecting, last destination was /39.102.36.248:6379
2021-01-15 22:00:59 |INFO  |lettuce-nioEventLoop-4-1 |ReconnectionHandler.java:188 |io.lettuce.core.protocol.ReconnectionHandler |Reconnected to 39.102.36.248:6379
2021-01-15 23:25:28 |INFO  |lettuce-eventExecutorLoop-1-2 |AbstractInternalLogger.java:173 |io.lettuce.core.protocol.ConnectionWatchdog |Reconnecting, last destination was /39.102.36.248:6379
2021-01-15 23:25:28 |INFO  |lettuce-nioEventLoop-4-2 |ReconnectionHandler.java:188 |io.lettuce.core.protocol.ReconnectionHandler |Reconnected to 39.102.36.248:6379
