2021-01-16 03:41:08 |INFO  |Thread-29 |PollingServerListUpdater.java:53 |com.netflix.loadbalancer.PollingServerListUpdater |Shutting down the Executor Pool for PollingServerListUpdater
2021-01-16 03:41:08 |INFO  |SpringContextShutdownHook |NacosServiceRegistry.java:80 |com.alibaba.cloud.nacos.registry.NacosServiceRegistry |De-registering from Nacos Server now...
2021-01-16 03:41:08 |INFO  |SpringContextShutdownHook |NacosServiceRegistry.java:100 |com.alibaba.cloud.nacos.registry.NacosServiceRegistry |De-registration finished.
2021-01-16 03:41:17 |INFO  |main |SpringApplication.java:655 |com.bit.jinggong.infrastructure.apigateway.InfrastructureApiGatewayApplication |The following profiles are active: dev
2021-01-16 03:41:18 |INFO  |main |RepositoryConfigurationDelegate.java:249 |org.springframework.data.repository.config.RepositoryConfigurationDelegate |Multiple Spring Data modules found, entering strict repository configuration mode!
2021-01-16 03:41:18 |INFO  |main |RepositoryConfigurationDelegate.java:127 |org.springframework.data.repository.config.RepositoryConfigurationDelegate |Bootstrapping Spring Data Redis repositories in DEFAULT mode.
2021-01-16 03:41:18 |INFO  |main |RepositoryConfigurationDelegate.java:187 |org.springframework.data.repository.config.RepositoryConfigurationDelegate |Finished Spring Data repository scanning in 9ms. Found 0 Redis repository interfaces.
2021-01-16 03:41:18 |INFO  |main |GenericScope.java:295 |org.springframework.cloud.context.scope.GenericScope |BeanFactory id=97819f52-6293-3e9e-8db4-5fe6704a3b89
2021-01-16 03:41:18 |INFO  |main |PostProcessorRegistrationDelegate.java:330 |org.springframework.context.support.PostProcessorRegistrationDelegate$BeanPostProcessorChecker |Bean 'org.springframework.cloud.client.loadbalancer.reactive.LoadBalancerBeanPostProcessorAutoConfiguration' of type [org.springframework.cloud.client.loadbalancer.reactive.LoadBalancerBeanPostProcessorAutoConfiguration] is not eligible for getting processed by all BeanPostProcessors (for example: not eligible for auto-proxying)
2021-01-16 03:41:18 |INFO  |main |PostProcessorRegistrationDelegate.java:330 |org.springframework.context.support.PostProcessorRegistrationDelegate$BeanPostProcessorChecker |Bean 'org.springframework.cloud.client.loadbalancer.reactive.LoadBalancerBeanPostProcessorAutoConfiguration$ReactiveLoadBalancerConfig' of type [org.springframework.cloud.client.loadbalancer.reactive.LoadBalancerBeanPostProcessorAutoConfiguration$ReactiveLoadBalancerConfig] is not eligible for getting processed by all BeanPostProcessors (for example: not eligible for auto-proxying)
2021-01-16 03:41:18 |INFO  |main |PostProcessorRegistrationDelegate.java:330 |org.springframework.context.support.PostProcessorRegistrationDelegate$BeanPostProcessorChecker |Bean 'deferringLoadBalancerExchangeFilterFunction' of type [org.springframework.cloud.client.loadbalancer.reactive.DeferringLoadBalancerExchangeFilterFunction] is not eligible for getting processed by all BeanPostProcessors (for example: not eligible for auto-proxying)
2021-01-16 03:41:18 |INFO  |main |URLConfigurationSource.java:122 |com.netflix.config.sources.URLConfigurationSource |To enable URLs as dynamic configuration sources, define System property archaius.configurationSource.additionalUrls or make config.properties available on classpath.
2021-01-16 03:41:18 |INFO  |main |URLConfigurationSource.java:122 |com.netflix.config.sources.URLConfigurationSource |To enable URLs as dynamic configuration sources, define System property archaius.configurationSource.additionalUrls or make config.properties available on classpath.
2021-01-16 03:41:19 |INFO  |main |RouteDefinitionRouteLocator.java:139 |org.springframework.cloud.gateway.route.RouteDefinitionRouteLocator |Loaded RoutePredicateFactory [After]
2021-01-16 03:41:19 |INFO  |main |RouteDefinitionRouteLocator.java:139 |org.springframework.cloud.gateway.route.RouteDefinitionRouteLocator |Loaded RoutePredicateFactory [Before]
2021-01-16 03:41:19 |INFO  |main |RouteDefinitionRouteLocator.java:139 |org.springframework.cloud.gateway.route.RouteDefinitionRouteLocator |Loaded RoutePredicateFactory [Between]
2021-01-16 03:41:19 |INFO  |main |RouteDefinitionRouteLocator.java:139 |org.springframework.cloud.gateway.route.RouteDefinitionRouteLocator |Loaded RoutePredicateFactory [Cookie]
2021-01-16 03:41:19 |INFO  |main |RouteDefinitionRouteLocator.java:139 |org.springframework.cloud.gateway.route.RouteDefinitionRouteLocator |Loaded RoutePredicateFactory [Header]
2021-01-16 03:41:19 |INFO  |main |RouteDefinitionRouteLocator.java:139 |org.springframework.cloud.gateway.route.RouteDefinitionRouteLocator |Loaded RoutePredicateFactory [Host]
2021-01-16 03:41:19 |INFO  |main |RouteDefinitionRouteLocator.java:139 |org.springframework.cloud.gateway.route.RouteDefinitionRouteLocator |Loaded RoutePredicateFactory [Method]
2021-01-16 03:41:19 |INFO  |main |RouteDefinitionRouteLocator.java:139 |org.springframework.cloud.gateway.route.RouteDefinitionRouteLocator |Loaded RoutePredicateFactory [Path]
2021-01-16 03:41:19 |INFO  |main |RouteDefinitionRouteLocator.java:139 |org.springframework.cloud.gateway.route.RouteDefinitionRouteLocator |Loaded RoutePredicateFactory [Query]
2021-01-16 03:41:19 |INFO  |main |RouteDefinitionRouteLocator.java:139 |org.springframework.cloud.gateway.route.RouteDefinitionRouteLocator |Loaded RoutePredicateFactory [ReadBodyPredicateFactory]
2021-01-16 03:41:19 |INFO  |main |RouteDefinitionRouteLocator.java:139 |org.springframework.cloud.gateway.route.RouteDefinitionRouteLocator |Loaded RoutePredicateFactory [RemoteAddr]
2021-01-16 03:41:19 |INFO  |main |RouteDefinitionRouteLocator.java:139 |org.springframework.cloud.gateway.route.RouteDefinitionRouteLocator |Loaded RoutePredicateFactory [Weight]
2021-01-16 03:41:19 |INFO  |main |RouteDefinitionRouteLocator.java:139 |org.springframework.cloud.gateway.route.RouteDefinitionRouteLocator |Loaded RoutePredicateFactory [CloudFoundryRouteService]
2021-01-16 03:41:19 |INFO  |main |ExecutorConfigurationSupport.java:171 |org.springframework.scheduling.concurrent.ThreadPoolTaskScheduler |Initializing ExecutorService 'Nacso-Watch-Task-Scheduler'
2021-01-16 03:41:20 |INFO  |main |NettyWebServer.java:89 |org.springframework.boot.web.embedded.netty.NettyWebServer |Netty started on port(s): 9110
2021-01-16 03:41:20 |INFO  |main |NacosServiceRegistry.java:65 |com.alibaba.cloud.nacos.registry.NacosServiceRegistry |nacos registry, DEFAULT_GROUP infrastructure-apigateway 192.168.152.143:9110 register finished
2021-01-16 03:41:20 |INFO  |main |StartupInfoLogger.java:61 |com.bit.jinggong.infrastructure.apigateway.InfrastructureApiGatewayApplication |Started InfrastructureApiGatewayApplication in 3.674 seconds (JVM running for 4.457)
2021-01-16 03:41:54 |INFO  |reactor-http-epoll-2 |ChainedDynamicProperty.java:115 |com.netflix.config.ChainedDynamicProperty |Flipping property: service-cms.ribbon.ActiveConnectionsLimit to use NEXT property: niws.loadbalancer.availabilityFilteringRule.activeConnectionsLimit = 2147483647
2021-01-16 03:41:54 |INFO  |reactor-http-epoll-2 |BaseLoadBalancer.java:197 |com.netflix.loadbalancer.BaseLoadBalancer |Client: service-cms instantiated a LoadBalancer: DynamicServerListLoadBalancer:{NFLoadBalancer:name=service-cms,current list of Servers=[],Load balancer stats=Zone stats: {},Server stats: []}ServerList:null
2021-01-16 03:41:54 |INFO  |reactor-http-epoll-2 |DynamicServerListLoadBalancer.java:222 |com.netflix.loadbalancer.DynamicServerListLoadBalancer |Using serverListUpdater PollingServerListUpdater
2021-01-16 03:41:54 |INFO  |reactor-http-epoll-2 |DynamicServerListLoadBalancer.java:150 |com.netflix.loadbalancer.DynamicServerListLoadBalancer |DynamicServerListLoadBalancer for client service-cms initialized: DynamicServerListLoadBalancer:{NFLoadBalancer:name=service-cms,current list of Servers=[],Load balancer stats=Zone stats: {},Server stats: []}ServerList:com.alibaba.cloud.nacos.ribbon.NacosServerList@7633ec96
2021-01-16 03:42:55 |INFO  |PollingServerListUpdater-0 |ChainedDynamicProperty.java:115 |com.netflix.config.ChainedDynamicProperty |Flipping property: service-cms.ribbon.ActiveConnectionsLimit to use NEXT property: niws.loadbalancer.availabilityFilteringRule.activeConnectionsLimit = 2147483647
2021-01-16 03:43:18 |INFO  |reactor-http-epoll-3 |ChainedDynamicProperty.java:115 |com.netflix.config.ChainedDynamicProperty |Flipping property: service-edu.ribbon.ActiveConnectionsLimit to use NEXT property: niws.loadbalancer.availabilityFilteringRule.activeConnectionsLimit = 2147483647
2021-01-16 03:43:18 |INFO  |reactor-http-epoll-3 |BaseLoadBalancer.java:197 |com.netflix.loadbalancer.BaseLoadBalancer |Client: service-edu instantiated a LoadBalancer: DynamicServerListLoadBalancer:{NFLoadBalancer:name=service-edu,current list of Servers=[],Load balancer stats=Zone stats: {},Server stats: []}ServerList:null
2021-01-16 03:43:18 |INFO  |reactor-http-epoll-3 |DynamicServerListLoadBalancer.java:222 |com.netflix.loadbalancer.DynamicServerListLoadBalancer |Using serverListUpdater PollingServerListUpdater
2021-01-16 03:43:18 |INFO  |reactor-http-epoll-3 |ChainedDynamicProperty.java:115 |com.netflix.config.ChainedDynamicProperty |Flipping property: service-edu.ribbon.ActiveConnectionsLimit to use NEXT property: niws.loadbalancer.availabilityFilteringRule.activeConnectionsLimit = 2147483647
2021-01-16 03:43:18 |INFO  |reactor-http-epoll-3 |DynamicServerListLoadBalancer.java:150 |com.netflix.loadbalancer.DynamicServerListLoadBalancer |DynamicServerListLoadBalancer for client service-edu initialized: DynamicServerListLoadBalancer:{NFLoadBalancer:name=service-edu,current list of Servers=[192.168.152.143:8110],Load balancer stats=Zone stats: {unknown=[Zone:unknown;	Instance count:1;	Active connections count: 0;	Circuit breaker tripped count: 0;	Active connections per server: 0.0;]
},Server stats: [[Server:192.168.152.143:8110;	Zone:UNKNOWN;	Total Requests:0;	Successive connection failure:0;	Total blackout seconds:0;	Last connection made:Wed Dec 31 16:00:00 PST 1969;	First connection made: Wed Dec 31 16:00:00 PST 1969;	Active Connections:0;	total failure count in last (1000) msecs:0;	average resp time:0.0;	90 percentile resp time:0.0;	95 percentile resp time:0.0;	min resp time:0.0;	max resp time:0.0;	stddev resp time:0.0]
]}ServerList:com.alibaba.cloud.nacos.ribbon.NacosServerList@434e10ef
2021-01-16 03:43:19 |INFO  |PollingServerListUpdater-1 |ChainedDynamicProperty.java:115 |com.netflix.config.ChainedDynamicProperty |Flipping property: service-edu.ribbon.ActiveConnectionsLimit to use NEXT property: niws.loadbalancer.availabilityFilteringRule.activeConnectionsLimit = 2147483647
2021-01-16 03:43:29 |INFO  |reactor-http-epoll-4 |ChainedDynamicProperty.java:115 |com.netflix.config.ChainedDynamicProperty |Flipping property: service-ucenter.ribbon.ActiveConnectionsLimit to use NEXT property: niws.loadbalancer.availabilityFilteringRule.activeConnectionsLimit = 2147483647
2021-01-16 03:43:29 |INFO  |reactor-http-epoll-4 |BaseLoadBalancer.java:197 |com.netflix.loadbalancer.BaseLoadBalancer |Client: service-ucenter instantiated a LoadBalancer: DynamicServerListLoadBalancer:{NFLoadBalancer:name=service-ucenter,current list of Servers=[],Load balancer stats=Zone stats: {},Server stats: []}ServerList:null
2021-01-16 03:43:29 |INFO  |reactor-http-epoll-4 |DynamicServerListLoadBalancer.java:222 |com.netflix.loadbalancer.DynamicServerListLoadBalancer |Using serverListUpdater PollingServerListUpdater
2021-01-16 03:43:29 |INFO  |reactor-http-epoll-4 |ChainedDynamicProperty.java:115 |com.netflix.config.ChainedDynamicProperty |Flipping property: service-ucenter.ribbon.ActiveConnectionsLimit to use NEXT property: niws.loadbalancer.availabilityFilteringRule.activeConnectionsLimit = 2147483647
2021-01-16 03:43:29 |INFO  |reactor-http-epoll-4 |DynamicServerListLoadBalancer.java:150 |com.netflix.loadbalancer.DynamicServerListLoadBalancer |DynamicServerListLoadBalancer for client service-ucenter initialized: DynamicServerListLoadBalancer:{NFLoadBalancer:name=service-ucenter,current list of Servers=[192.168.152.143:8160],Load balancer stats=Zone stats: {unknown=[Zone:unknown;	Instance count:1;	Active connections count: 0;	Circuit breaker tripped count: 0;	Active connections per server: 0.0;]
},Server stats: [[Server:192.168.152.143:8160;	Zone:UNKNOWN;	Total Requests:0;	Successive connection failure:0;	Total blackout seconds:0;	Last connection made:Wed Dec 31 16:00:00 PST 1969;	First connection made: Wed Dec 31 16:00:00 PST 1969;	Active Connections:0;	total failure count in last (1000) msecs:0;	average resp time:0.0;	90 percentile resp time:0.0;	95 percentile resp time:0.0;	min resp time:0.0;	max resp time:0.0;	stddev resp time:0.0]
]}ServerList:com.alibaba.cloud.nacos.ribbon.NacosServerList@2b112485
2021-01-16 03:43:30 |INFO  |PollingServerListUpdater-1 |ChainedDynamicProperty.java:115 |com.netflix.config.ChainedDynamicProperty |Flipping property: service-ucenter.ribbon.ActiveConnectionsLimit to use NEXT property: niws.loadbalancer.availabilityFilteringRule.activeConnectionsLimit = 2147483647
2021-01-16 03:56:28 |INFO  |reactor-http-epoll-2 |ChainedDynamicProperty.java:115 |com.netflix.config.ChainedDynamicProperty |Flipping property: service-trade.ribbon.ActiveConnectionsLimit to use NEXT property: niws.loadbalancer.availabilityFilteringRule.activeConnectionsLimit = 2147483647
2021-01-16 03:56:28 |INFO  |reactor-http-epoll-2 |BaseLoadBalancer.java:197 |com.netflix.loadbalancer.BaseLoadBalancer |Client: service-trade instantiated a LoadBalancer: DynamicServerListLoadBalancer:{NFLoadBalancer:name=service-trade,current list of Servers=[],Load balancer stats=Zone stats: {},Server stats: []}ServerList:null
2021-01-16 03:56:28 |INFO  |reactor-http-epoll-2 |DynamicServerListLoadBalancer.java:222 |com.netflix.loadbalancer.DynamicServerListLoadBalancer |Using serverListUpdater PollingServerListUpdater
2021-01-16 03:56:28 |INFO  |reactor-http-epoll-2 |ChainedDynamicProperty.java:115 |com.netflix.config.ChainedDynamicProperty |Flipping property: service-trade.ribbon.ActiveConnectionsLimit to use NEXT property: niws.loadbalancer.availabilityFilteringRule.activeConnectionsLimit = 2147483647
2021-01-16 03:56:28 |INFO  |reactor-http-epoll-2 |DynamicServerListLoadBalancer.java:150 |com.netflix.loadbalancer.DynamicServerListLoadBalancer |DynamicServerListLoadBalancer for client service-trade initialized: DynamicServerListLoadBalancer:{NFLoadBalancer:name=service-trade,current list of Servers=[192.168.152.143:8170],Load balancer stats=Zone stats: {unknown=[Zone:unknown;	Instance count:1;	Active connections count: 0;	Circuit breaker tripped count: 0;	Active connections per server: 0.0;]
},Server stats: [[Server:192.168.152.143:8170;	Zone:UNKNOWN;	Total Requests:0;	Successive connection failure:0;	Total blackout seconds:0;	Last connection made:Wed Dec 31 16:00:00 PST 1969;	First connection made: Wed Dec 31 16:00:00 PST 1969;	Active Connections:0;	total failure count in last (1000) msecs:0;	average resp time:0.0;	90 percentile resp time:0.0;	95 percentile resp time:0.0;	min resp time:0.0;	max resp time:0.0;	stddev resp time:0.0]
]}ServerList:com.alibaba.cloud.nacos.ribbon.NacosServerList@6c9a378b
2021-01-16 03:56:29 |INFO  |PollingServerListUpdater-1 |ChainedDynamicProperty.java:115 |com.netflix.config.ChainedDynamicProperty |Flipping property: service-trade.ribbon.ActiveConnectionsLimit to use NEXT property: niws.loadbalancer.availabilityFilteringRule.activeConnectionsLimit = 2147483647
2021-01-16 05:48:10 |INFO  |Thread-27 |PollingServerListUpdater.java:53 |com.netflix.loadbalancer.PollingServerListUpdater |Shutting down the Executor Pool for PollingServerListUpdater
2021-01-16 05:48:10 |INFO  |SpringContextShutdownHook |NacosServiceRegistry.java:80 |com.alibaba.cloud.nacos.registry.NacosServiceRegistry |De-registering from Nacos Server now...
2021-01-16 05:48:10 |INFO  |SpringContextShutdownHook |NacosServiceRegistry.java:100 |com.alibaba.cloud.nacos.registry.NacosServiceRegistry |De-registration finished.
2021-01-16 11:40:37 |INFO  |main |SpringApplication.java:655 |com.bit.jinggong.infrastructure.apigateway.InfrastructureApiGatewayApplication |The following profiles are active: dev
2021-01-16 11:40:38 |INFO  |main |RepositoryConfigurationDelegate.java:249 |org.springframework.data.repository.config.RepositoryConfigurationDelegate |Multiple Spring Data modules found, entering strict repository configuration mode!
2021-01-16 11:40:38 |INFO  |main |RepositoryConfigurationDelegate.java:127 |org.springframework.data.repository.config.RepositoryConfigurationDelegate |Bootstrapping Spring Data Redis repositories in DEFAULT mode.
2021-01-16 11:40:38 |INFO  |main |RepositoryConfigurationDelegate.java:187 |org.springframework.data.repository.config.RepositoryConfigurationDelegate |Finished Spring Data repository scanning in 6ms. Found 0 Redis repository interfaces.
2021-01-16 11:40:38 |INFO  |main |GenericScope.java:295 |org.springframework.cloud.context.scope.GenericScope |BeanFactory id=587f5842-e117-3626-bba8-94a98542e215
2021-01-16 11:40:38 |INFO  |main |PostProcessorRegistrationDelegate.java:330 |org.springframework.context.support.PostProcessorRegistrationDelegate$BeanPostProcessorChecker |Bean 'org.springframework.cloud.client.loadbalancer.reactive.LoadBalancerBeanPostProcessorAutoConfiguration' of type [org.springframework.cloud.client.loadbalancer.reactive.LoadBalancerBeanPostProcessorAutoConfiguration] is not eligible for getting processed by all BeanPostProcessors (for example: not eligible for auto-proxying)
2021-01-16 11:40:38 |INFO  |main |PostProcessorRegistrationDelegate.java:330 |org.springframework.context.support.PostProcessorRegistrationDelegate$BeanPostProcessorChecker |Bean 'org.springframework.cloud.client.loadbalancer.reactive.LoadBalancerBeanPostProcessorAutoConfiguration$ReactiveLoadBalancerConfig' of type [org.springframework.cloud.client.loadbalancer.reactive.LoadBalancerBeanPostProcessorAutoConfiguration$ReactiveLoadBalancerConfig] is not eligible for getting processed by all BeanPostProcessors (for example: not eligible for auto-proxying)
2021-01-16 11:40:38 |INFO  |main |PostProcessorRegistrationDelegate.java:330 |org.springframework.context.support.PostProcessorRegistrationDelegate$BeanPostProcessorChecker |Bean 'deferringLoadBalancerExchangeFilterFunction' of type [org.springframework.cloud.client.loadbalancer.reactive.DeferringLoadBalancerExchangeFilterFunction] is not eligible for getting processed by all BeanPostProcessors (for example: not eligible for auto-proxying)
2021-01-16 11:40:38 |INFO  |main |URLConfigurationSource.java:122 |com.netflix.config.sources.URLConfigurationSource |To enable URLs as dynamic configuration sources, define System property archaius.configurationSource.additionalUrls or make config.properties available on classpath.
2021-01-16 11:40:38 |INFO  |main |URLConfigurationSource.java:122 |com.netflix.config.sources.URLConfigurationSource |To enable URLs as dynamic configuration sources, define System property archaius.configurationSource.additionalUrls or make config.properties available on classpath.
2021-01-16 11:40:38 |INFO  |main |RouteDefinitionRouteLocator.java:139 |org.springframework.cloud.gateway.route.RouteDefinitionRouteLocator |Loaded RoutePredicateFactory [After]
2021-01-16 11:40:38 |INFO  |main |RouteDefinitionRouteLocator.java:139 |org.springframework.cloud.gateway.route.RouteDefinitionRouteLocator |Loaded RoutePredicateFactory [Before]
2021-01-16 11:40:38 |INFO  |main |RouteDefinitionRouteLocator.java:139 |org.springframework.cloud.gateway.route.RouteDefinitionRouteLocator |Loaded RoutePredicateFactory [Between]
2021-01-16 11:40:38 |INFO  |main |RouteDefinitionRouteLocator.java:139 |org.springframework.cloud.gateway.route.RouteDefinitionRouteLocator |Loaded RoutePredicateFactory [Cookie]
2021-01-16 11:40:38 |INFO  |main |RouteDefinitionRouteLocator.java:139 |org.springframework.cloud.gateway.route.RouteDefinitionRouteLocator |Loaded RoutePredicateFactory [Header]
2021-01-16 11:40:38 |INFO  |main |RouteDefinitionRouteLocator.java:139 |org.springframework.cloud.gateway.route.RouteDefinitionRouteLocator |Loaded RoutePredicateFactory [Host]
2021-01-16 11:40:38 |INFO  |main |RouteDefinitionRouteLocator.java:139 |org.springframework.cloud.gateway.route.RouteDefinitionRouteLocator |Loaded RoutePredicateFactory [Method]
2021-01-16 11:40:38 |INFO  |main |RouteDefinitionRouteLocator.java:139 |org.springframework.cloud.gateway.route.RouteDefinitionRouteLocator |Loaded RoutePredicateFactory [Path]
2021-01-16 11:40:38 |INFO  |main |RouteDefinitionRouteLocator.java:139 |org.springframework.cloud.gateway.route.RouteDefinitionRouteLocator |Loaded RoutePredicateFactory [Query]
2021-01-16 11:40:38 |INFO  |main |RouteDefinitionRouteLocator.java:139 |org.springframework.cloud.gateway.route.RouteDefinitionRouteLocator |Loaded RoutePredicateFactory [ReadBodyPredicateFactory]
2021-01-16 11:40:38 |INFO  |main |RouteDefinitionRouteLocator.java:139 |org.springframework.cloud.gateway.route.RouteDefinitionRouteLocator |Loaded RoutePredicateFactory [RemoteAddr]
2021-01-16 11:40:38 |INFO  |main |RouteDefinitionRouteLocator.java:139 |org.springframework.cloud.gateway.route.RouteDefinitionRouteLocator |Loaded RoutePredicateFactory [Weight]
2021-01-16 11:40:38 |INFO  |main |RouteDefinitionRouteLocator.java:139 |org.springframework.cloud.gateway.route.RouteDefinitionRouteLocator |Loaded RoutePredicateFactory [CloudFoundryRouteService]
2021-01-16 11:40:38 |INFO  |main |ExecutorConfigurationSupport.java:171 |org.springframework.scheduling.concurrent.ThreadPoolTaskScheduler |Initializing ExecutorService 'Nacso-Watch-Task-Scheduler'
2021-01-16 11:40:39 |INFO  |main |NettyWebServer.java:89 |org.springframework.boot.web.embedded.netty.NettyWebServer |Netty started on port(s): 8080
2021-01-16 11:40:39 |INFO  |main |ConditionEvaluationReportLoggingListener.java:136 |org.springframework.boot.autoconfigure.logging.ConditionEvaluationReportLoggingListener |

Error starting ApplicationContext. To display the conditions report re-run your application with 'debug' enabled.
2021-01-16 11:41:10 |INFO  |main |SpringApplication.java:655 |com.bit.jinggong.infrastructure.apigateway.InfrastructureApiGatewayApplication |The following profiles are active: dev
2021-01-16 11:41:11 |INFO  |main |RepositoryConfigurationDelegate.java:249 |org.springframework.data.repository.config.RepositoryConfigurationDelegate |Multiple Spring Data modules found, entering strict repository configuration mode!
2021-01-16 11:41:11 |INFO  |main |RepositoryConfigurationDelegate.java:127 |org.springframework.data.repository.config.RepositoryConfigurationDelegate |Bootstrapping Spring Data Redis repositories in DEFAULT mode.
2021-01-16 11:41:11 |INFO  |main |RepositoryConfigurationDelegate.java:187 |org.springframework.data.repository.config.RepositoryConfigurationDelegate |Finished Spring Data repository scanning in 7ms. Found 0 Redis repository interfaces.
2021-01-16 11:41:11 |INFO  |main |GenericScope.java:295 |org.springframework.cloud.context.scope.GenericScope |BeanFactory id=587f5842-e117-3626-bba8-94a98542e215
2021-01-16 11:41:11 |INFO  |main |PostProcessorRegistrationDelegate.java:330 |org.springframework.context.support.PostProcessorRegistrationDelegate$BeanPostProcessorChecker |Bean 'org.springframework.cloud.client.loadbalancer.reactive.LoadBalancerBeanPostProcessorAutoConfiguration' of type [org.springframework.cloud.client.loadbalancer.reactive.LoadBalancerBeanPostProcessorAutoConfiguration] is not eligible for getting processed by all BeanPostProcessors (for example: not eligible for auto-proxying)
2021-01-16 11:41:11 |INFO  |main |PostProcessorRegistrationDelegate.java:330 |org.springframework.context.support.PostProcessorRegistrationDelegate$BeanPostProcessorChecker |Bean 'org.springframework.cloud.client.loadbalancer.reactive.LoadBalancerBeanPostProcessorAutoConfiguration$ReactiveLoadBalancerConfig' of type [org.springframework.cloud.client.loadbalancer.reactive.LoadBalancerBeanPostProcessorAutoConfiguration$ReactiveLoadBalancerConfig] is not eligible for getting processed by all BeanPostProcessors (for example: not eligible for auto-proxying)
2021-01-16 11:41:11 |INFO  |main |PostProcessorRegistrationDelegate.java:330 |org.springframework.context.support.PostProcessorRegistrationDelegate$BeanPostProcessorChecker |Bean 'deferringLoadBalancerExchangeFilterFunction' of type [org.springframework.cloud.client.loadbalancer.reactive.DeferringLoadBalancerExchangeFilterFunction] is not eligible for getting processed by all BeanPostProcessors (for example: not eligible for auto-proxying)
2021-01-16 11:41:11 |INFO  |main |URLConfigurationSource.java:122 |com.netflix.config.sources.URLConfigurationSource |To enable URLs as dynamic configuration sources, define System property archaius.configurationSource.additionalUrls or make config.properties available on classpath.
2021-01-16 11:41:11 |INFO  |main |URLConfigurationSource.java:122 |com.netflix.config.sources.URLConfigurationSource |To enable URLs as dynamic configuration sources, define System property archaius.configurationSource.additionalUrls or make config.properties available on classpath.
2021-01-16 11:41:12 |INFO  |main |RouteDefinitionRouteLocator.java:139 |org.springframework.cloud.gateway.route.RouteDefinitionRouteLocator |Loaded RoutePredicateFactory [After]
2021-01-16 11:41:12 |INFO  |main |RouteDefinitionRouteLocator.java:139 |org.springframework.cloud.gateway.route.RouteDefinitionRouteLocator |Loaded RoutePredicateFactory [Before]
2021-01-16 11:41:12 |INFO  |main |RouteDefinitionRouteLocator.java:139 |org.springframework.cloud.gateway.route.RouteDefinitionRouteLocator |Loaded RoutePredicateFactory [Between]
2021-01-16 11:41:12 |INFO  |main |RouteDefinitionRouteLocator.java:139 |org.springframework.cloud.gateway.route.RouteDefinitionRouteLocator |Loaded RoutePredicateFactory [Cookie]
2021-01-16 11:41:12 |INFO  |main |RouteDefinitionRouteLocator.java:139 |org.springframework.cloud.gateway.route.RouteDefinitionRouteLocator |Loaded RoutePredicateFactory [Header]
2021-01-16 11:41:12 |INFO  |main |RouteDefinitionRouteLocator.java:139 |org.springframework.cloud.gateway.route.RouteDefinitionRouteLocator |Loaded RoutePredicateFactory [Host]
2021-01-16 11:41:12 |INFO  |main |RouteDefinitionRouteLocator.java:139 |org.springframework.cloud.gateway.route.RouteDefinitionRouteLocator |Loaded RoutePredicateFactory [Method]
2021-01-16 11:41:12 |INFO  |main |RouteDefinitionRouteLocator.java:139 |org.springframework.cloud.gateway.route.RouteDefinitionRouteLocator |Loaded RoutePredicateFactory [Path]
2021-01-16 11:41:12 |INFO  |main |RouteDefinitionRouteLocator.java:139 |org.springframework.cloud.gateway.route.RouteDefinitionRouteLocator |Loaded RoutePredicateFactory [Query]
2021-01-16 11:41:12 |INFO  |main |RouteDefinitionRouteLocator.java:139 |org.springframework.cloud.gateway.route.RouteDefinitionRouteLocator |Loaded RoutePredicateFactory [ReadBodyPredicateFactory]
2021-01-16 11:41:12 |INFO  |main |RouteDefinitionRouteLocator.java:139 |org.springframework.cloud.gateway.route.RouteDefinitionRouteLocator |Loaded RoutePredicateFactory [RemoteAddr]
2021-01-16 11:41:12 |INFO  |main |RouteDefinitionRouteLocator.java:139 |org.springframework.cloud.gateway.route.RouteDefinitionRouteLocator |Loaded RoutePredicateFactory [Weight]
2021-01-16 11:41:12 |INFO  |main |RouteDefinitionRouteLocator.java:139 |org.springframework.cloud.gateway.route.RouteDefinitionRouteLocator |Loaded RoutePredicateFactory [CloudFoundryRouteService]
2021-01-16 11:41:12 |INFO  |main |ExecutorConfigurationSupport.java:171 |org.springframework.scheduling.concurrent.ThreadPoolTaskScheduler |Initializing ExecutorService 'Nacso-Watch-Task-Scheduler'
2021-01-16 11:41:12 |INFO  |main |NettyWebServer.java:89 |org.springframework.boot.web.embedded.netty.NettyWebServer |Netty started on port(s): 8080
2021-01-16 11:41:12 |INFO  |main |ConditionEvaluationReportLoggingListener.java:136 |org.springframework.boot.autoconfigure.logging.ConditionEvaluationReportLoggingListener |

Error starting ApplicationContext. To display the conditions report re-run your application with 'debug' enabled.
2021-01-16 11:45:16 |INFO  |main |SpringApplication.java:655 |com.bit.jinggong.infrastructure.apigateway.InfrastructureApiGatewayApplication |The following profiles are active: dev
2021-01-16 11:45:16 |INFO  |main |RepositoryConfigurationDelegate.java:249 |org.springframework.data.repository.config.RepositoryConfigurationDelegate |Multiple Spring Data modules found, entering strict repository configuration mode!
2021-01-16 11:45:16 |INFO  |main |RepositoryConfigurationDelegate.java:127 |org.springframework.data.repository.config.RepositoryConfigurationDelegate |Bootstrapping Spring Data Redis repositories in DEFAULT mode.
2021-01-16 11:45:16 |INFO  |main |RepositoryConfigurationDelegate.java:187 |org.springframework.data.repository.config.RepositoryConfigurationDelegate |Finished Spring Data repository scanning in 6ms. Found 0 Redis repository interfaces.
2021-01-16 11:45:17 |INFO  |main |GenericScope.java:295 |org.springframework.cloud.context.scope.GenericScope |BeanFactory id=587f5842-e117-3626-bba8-94a98542e215
2021-01-16 11:45:17 |INFO  |main |PostProcessorRegistrationDelegate.java:330 |org.springframework.context.support.PostProcessorRegistrationDelegate$BeanPostProcessorChecker |Bean 'org.springframework.cloud.client.loadbalancer.reactive.LoadBalancerBeanPostProcessorAutoConfiguration' of type [org.springframework.cloud.client.loadbalancer.reactive.LoadBalancerBeanPostProcessorAutoConfiguration] is not eligible for getting processed by all BeanPostProcessors (for example: not eligible for auto-proxying)
2021-01-16 11:45:17 |INFO  |main |PostProcessorRegistrationDelegate.java:330 |org.springframework.context.support.PostProcessorRegistrationDelegate$BeanPostProcessorChecker |Bean 'org.springframework.cloud.client.loadbalancer.reactive.LoadBalancerBeanPostProcessorAutoConfiguration$ReactiveLoadBalancerConfig' of type [org.springframework.cloud.client.loadbalancer.reactive.LoadBalancerBeanPostProcessorAutoConfiguration$ReactiveLoadBalancerConfig] is not eligible for getting processed by all BeanPostProcessors (for example: not eligible for auto-proxying)
2021-01-16 11:45:17 |INFO  |main |PostProcessorRegistrationDelegate.java:330 |org.springframework.context.support.PostProcessorRegistrationDelegate$BeanPostProcessorChecker |Bean 'deferringLoadBalancerExchangeFilterFunction' of type [org.springframework.cloud.client.loadbalancer.reactive.DeferringLoadBalancerExchangeFilterFunction] is not eligible for getting processed by all BeanPostProcessors (for example: not eligible for auto-proxying)
2021-01-16 11:45:17 |INFO  |main |URLConfigurationSource.java:122 |com.netflix.config.sources.URLConfigurationSource |To enable URLs as dynamic configuration sources, define System property archaius.configurationSource.additionalUrls or make config.properties available on classpath.
2021-01-16 11:45:17 |INFO  |main |URLConfigurationSource.java:122 |com.netflix.config.sources.URLConfigurationSource |To enable URLs as dynamic configuration sources, define System property archaius.configurationSource.additionalUrls or make config.properties available on classpath.
2021-01-16 11:45:17 |INFO  |main |RouteDefinitionRouteLocator.java:139 |org.springframework.cloud.gateway.route.RouteDefinitionRouteLocator |Loaded RoutePredicateFactory [After]
2021-01-16 11:45:17 |INFO  |main |RouteDefinitionRouteLocator.java:139 |org.springframework.cloud.gateway.route.RouteDefinitionRouteLocator |Loaded RoutePredicateFactory [Before]
2021-01-16 11:45:17 |INFO  |main |RouteDefinitionRouteLocator.java:139 |org.springframework.cloud.gateway.route.RouteDefinitionRouteLocator |Loaded RoutePredicateFactory [Between]
2021-01-16 11:45:17 |INFO  |main |RouteDefinitionRouteLocator.java:139 |org.springframework.cloud.gateway.route.RouteDefinitionRouteLocator |Loaded RoutePredicateFactory [Cookie]
2021-01-16 11:45:17 |INFO  |main |RouteDefinitionRouteLocator.java:139 |org.springframework.cloud.gateway.route.RouteDefinitionRouteLocator |Loaded RoutePredicateFactory [Header]
2021-01-16 11:45:17 |INFO  |main |RouteDefinitionRouteLocator.java:139 |org.springframework.cloud.gateway.route.RouteDefinitionRouteLocator |Loaded RoutePredicateFactory [Host]
2021-01-16 11:45:17 |INFO  |main |RouteDefinitionRouteLocator.java:139 |org.springframework.cloud.gateway.route.RouteDefinitionRouteLocator |Loaded RoutePredicateFactory [Method]
2021-01-16 11:45:17 |INFO  |main |RouteDefinitionRouteLocator.java:139 |org.springframework.cloud.gateway.route.RouteDefinitionRouteLocator |Loaded RoutePredicateFactory [Path]
2021-01-16 11:45:17 |INFO  |main |RouteDefinitionRouteLocator.java:139 |org.springframework.cloud.gateway.route.RouteDefinitionRouteLocator |Loaded RoutePredicateFactory [Query]
2021-01-16 11:45:17 |INFO  |main |RouteDefinitionRouteLocator.java:139 |org.springframework.cloud.gateway.route.RouteDefinitionRouteLocator |Loaded RoutePredicateFactory [ReadBodyPredicateFactory]
2021-01-16 11:45:17 |INFO  |main |RouteDefinitionRouteLocator.java:139 |org.springframework.cloud.gateway.route.RouteDefinitionRouteLocator |Loaded RoutePredicateFactory [RemoteAddr]
2021-01-16 11:45:17 |INFO  |main |RouteDefinitionRouteLocator.java:139 |org.springframework.cloud.gateway.route.RouteDefinitionRouteLocator |Loaded RoutePredicateFactory [Weight]
2021-01-16 11:45:17 |INFO  |main |RouteDefinitionRouteLocator.java:139 |org.springframework.cloud.gateway.route.RouteDefinitionRouteLocator |Loaded RoutePredicateFactory [CloudFoundryRouteService]
2021-01-16 11:45:17 |INFO  |main |ExecutorConfigurationSupport.java:171 |org.springframework.scheduling.concurrent.ThreadPoolTaskScheduler |Initializing ExecutorService 'Nacso-Watch-Task-Scheduler'
2021-01-16 11:45:17 |INFO  |main |NettyWebServer.java:89 |org.springframework.boot.web.embedded.netty.NettyWebServer |Netty started on port(s): 8080
2021-01-16 11:45:17 |INFO  |main |ConditionEvaluationReportLoggingListener.java:136 |org.springframework.boot.autoconfigure.logging.ConditionEvaluationReportLoggingListener |

Error starting ApplicationContext. To display the conditions report re-run your application with 'debug' enabled.
2021-01-16 11:45:46 |INFO  |main |LocalConfigInfoProcessor.java:195 |com.alibaba.nacos.client.config.impl.LocalConfigInfoProcessor |LOCAL_SNAPSHOT_PATH:/home/wang/nacos/config
2021-01-16 11:45:46 |INFO  |main |Limiter.java:53 |com.alibaba.nacos.client.config.impl.Limiter |limitTime:5.0
2021-01-16 11:45:46 |INFO  |main |JVMUtil.java:47 |com.alibaba.nacos.client.config.utils.JVMUtil |isMultiInstance:false
2021-01-16 11:45:46 |INFO  |main |PropertySourceBootstrapConfiguration.java:109 |org.springframework.cloud.bootstrap.config.PropertySourceBootstrapConfiguration |Located property source: [BootstrapPropertySource {name='bootstrapProperties-infrastructure-apigateway-dev.yaml,DEFAULT_GROUP'}, BootstrapPropertySource {name='bootstrapProperties-infrastructure-apigateway.yaml,DEFAULT_GROUP'}, BootstrapPropertySource {name='bootstrapProperties-infrastructure-apigateway,DEFAULT_GROUP'}]
2021-01-16 11:45:46 |INFO  |main |SpringApplication.java:655 |com.bit.jinggong.infrastructure.apigateway.InfrastructureApiGatewayApplication |The following profiles are active: dev
2021-01-16 11:45:46 |INFO  |main |RepositoryConfigurationDelegate.java:249 |org.springframework.data.repository.config.RepositoryConfigurationDelegate |Multiple Spring Data modules found, entering strict repository configuration mode!
2021-01-16 11:45:46 |INFO  |main |RepositoryConfigurationDelegate.java:127 |org.springframework.data.repository.config.RepositoryConfigurationDelegate |Bootstrapping Spring Data Redis repositories in DEFAULT mode.
2021-01-16 11:45:46 |INFO  |main |RepositoryConfigurationDelegate.java:187 |org.springframework.data.repository.config.RepositoryConfigurationDelegate |Finished Spring Data repository scanning in 7ms. Found 0 Redis repository interfaces.
2021-01-16 11:45:46 |INFO  |main |GenericScope.java:295 |org.springframework.cloud.context.scope.GenericScope |BeanFactory id=71a409b7-a987-3fa6-b3eb-60cd08c7cbfe
2021-01-16 11:45:47 |INFO  |main |PostProcessorRegistrationDelegate.java:330 |org.springframework.context.support.PostProcessorRegistrationDelegate$BeanPostProcessorChecker |Bean 'org.springframework.cloud.client.loadbalancer.reactive.LoadBalancerBeanPostProcessorAutoConfiguration' of type [org.springframework.cloud.client.loadbalancer.reactive.LoadBalancerBeanPostProcessorAutoConfiguration] is not eligible for getting processed by all BeanPostProcessors (for example: not eligible for auto-proxying)
2021-01-16 11:45:47 |INFO  |main |PostProcessorRegistrationDelegate.java:330 |org.springframework.context.support.PostProcessorRegistrationDelegate$BeanPostProcessorChecker |Bean 'org.springframework.cloud.client.loadbalancer.reactive.LoadBalancerBeanPostProcessorAutoConfiguration$ReactiveLoadBalancerConfig' of type [org.springframework.cloud.client.loadbalancer.reactive.LoadBalancerBeanPostProcessorAutoConfiguration$ReactiveLoadBalancerConfig] is not eligible for getting processed by all BeanPostProcessors (for example: not eligible for auto-proxying)
2021-01-16 11:45:47 |INFO  |main |PostProcessorRegistrationDelegate.java:330 |org.springframework.context.support.PostProcessorRegistrationDelegate$BeanPostProcessorChecker |Bean 'deferringLoadBalancerExchangeFilterFunction' of type [org.springframework.cloud.client.loadbalancer.reactive.DeferringLoadBalancerExchangeFilterFunction] is not eligible for getting processed by all BeanPostProcessors (for example: not eligible for auto-proxying)
2021-01-16 11:45:47 |INFO  |main |URLConfigurationSource.java:122 |com.netflix.config.sources.URLConfigurationSource |To enable URLs as dynamic configuration sources, define System property archaius.configurationSource.additionalUrls or make config.properties available on classpath.
2021-01-16 11:45:47 |INFO  |main |URLConfigurationSource.java:122 |com.netflix.config.sources.URLConfigurationSource |To enable URLs as dynamic configuration sources, define System property archaius.configurationSource.additionalUrls or make config.properties available on classpath.
2021-01-16 11:45:47 |INFO  |main |RouteDefinitionRouteLocator.java:139 |org.springframework.cloud.gateway.route.RouteDefinitionRouteLocator |Loaded RoutePredicateFactory [After]
2021-01-16 11:45:47 |INFO  |main |RouteDefinitionRouteLocator.java:139 |org.springframework.cloud.gateway.route.RouteDefinitionRouteLocator |Loaded RoutePredicateFactory [Before]
2021-01-16 11:45:47 |INFO  |main |RouteDefinitionRouteLocator.java:139 |org.springframework.cloud.gateway.route.RouteDefinitionRouteLocator |Loaded RoutePredicateFactory [Between]
2021-01-16 11:45:47 |INFO  |main |RouteDefinitionRouteLocator.java:139 |org.springframework.cloud.gateway.route.RouteDefinitionRouteLocator |Loaded RoutePredicateFactory [Cookie]
2021-01-16 11:45:47 |INFO  |main |RouteDefinitionRouteLocator.java:139 |org.springframework.cloud.gateway.route.RouteDefinitionRouteLocator |Loaded RoutePredicateFactory [Header]
2021-01-16 11:45:47 |INFO  |main |RouteDefinitionRouteLocator.java:139 |org.springframework.cloud.gateway.route.RouteDefinitionRouteLocator |Loaded RoutePredicateFactory [Host]
2021-01-16 11:45:47 |INFO  |main |RouteDefinitionRouteLocator.java:139 |org.springframework.cloud.gateway.route.RouteDefinitionRouteLocator |Loaded RoutePredicateFactory [Method]
2021-01-16 11:45:47 |INFO  |main |RouteDefinitionRouteLocator.java:139 |org.springframework.cloud.gateway.route.RouteDefinitionRouteLocator |Loaded RoutePredicateFactory [Path]
2021-01-16 11:45:47 |INFO  |main |RouteDefinitionRouteLocator.java:139 |org.springframework.cloud.gateway.route.RouteDefinitionRouteLocator |Loaded RoutePredicateFactory [Query]
2021-01-16 11:45:47 |INFO  |main |RouteDefinitionRouteLocator.java:139 |org.springframework.cloud.gateway.route.RouteDefinitionRouteLocator |Loaded RoutePredicateFactory [ReadBodyPredicateFactory]
2021-01-16 11:45:47 |INFO  |main |RouteDefinitionRouteLocator.java:139 |org.springframework.cloud.gateway.route.RouteDefinitionRouteLocator |Loaded RoutePredicateFactory [RemoteAddr]
2021-01-16 11:45:47 |INFO  |main |RouteDefinitionRouteLocator.java:139 |org.springframework.cloud.gateway.route.RouteDefinitionRouteLocator |Loaded RoutePredicateFactory [Weight]
2021-01-16 11:45:47 |INFO  |main |RouteDefinitionRouteLocator.java:139 |org.springframework.cloud.gateway.route.RouteDefinitionRouteLocator |Loaded RoutePredicateFactory [CloudFoundryRouteService]
2021-01-16 11:45:47 |INFO  |main |ExecutorConfigurationSupport.java:171 |org.springframework.scheduling.concurrent.ThreadPoolTaskScheduler |Initializing ExecutorService 'Nacso-Watch-Task-Scheduler'
2021-01-16 11:45:47 |INFO  |main |InitUtils.java:56 |com.alibaba.nacos.client.naming |initializer namespace from System Property :null
2021-01-16 11:45:47 |INFO  |main |InitUtils.java:65 |com.alibaba.nacos.client.naming |initializer namespace from System Environment :null
2021-01-16 11:45:47 |INFO  |main |InitUtils.java:75 |com.alibaba.nacos.client.naming |initializer namespace from System Property :null
2021-01-16 11:45:47 |INFO  |main |HostReactor.java:164 |com.alibaba.nacos.client.naming |new ips(1) service: DEFAULT_GROUP@@service-edu -> [{"clusterName":"DEFAULT","enabled":true,"ephemeral":true,"healthy":true,"instanceHeartBeatInterval":5000,"instanceHeartBeatTimeOut":15000,"instanceId":"8.131.54.86#8110#DEFAULT#DEFAULT_GROUP@@service-edu","ip":"8.131.54.86","ipDeleteTimeout":30000,"metadata":{"preserved.register.source":"SPRING_CLOUD"},"port":8110,"serviceName":"DEFAULT_GROUP@@service-edu","weight":1.0}]
2021-01-16 11:45:47 |INFO  |main |HostReactor.java:200 |com.alibaba.nacos.client.naming |current ips:(1) service: DEFAULT_GROUP@@service-edu -> [{"clusterName":"DEFAULT","enabled":true,"ephemeral":true,"healthy":true,"instanceHeartBeatInterval":5000,"instanceHeartBeatTimeOut":15000,"instanceId":"8.131.54.86#8110#DEFAULT#DEFAULT_GROUP@@service-edu","ip":"8.131.54.86","ipDeleteTimeout":30000,"metadata":{"preserved.register.source":"SPRING_CLOUD"},"port":8110,"serviceName":"DEFAULT_GROUP@@service-edu","weight":1.0}]
2021-01-16 11:45:47 |INFO  |Nacso-Watch-Task-Scheduler-1 |HostReactor.java:164 |com.alibaba.nacos.client.naming |new ips(1) service: DEFAULT_GROUP@@service-oss -> [{"clusterName":"DEFAULT","enabled":true,"ephemeral":true,"healthy":true,"instanceHeartBeatInterval":5000,"instanceHeartBeatTimeOut":15000,"instanceId":"172.17.0.5#8120#DEFAULT#DEFAULT_GROUP@@service-oss","ip":"172.17.0.5","ipDeleteTimeout":30000,"metadata":{"preserved.register.source":"SPRING_CLOUD"},"port":8120,"serviceName":"DEFAULT_GROUP@@service-oss","weight":1.0}]
2021-01-16 11:45:47 |INFO  |Nacso-Watch-Task-Scheduler-1 |HostReactor.java:200 |com.alibaba.nacos.client.naming |current ips:(1) service: DEFAULT_GROUP@@service-oss -> [{"clusterName":"DEFAULT","enabled":true,"ephemeral":true,"healthy":true,"instanceHeartBeatInterval":5000,"instanceHeartBeatTimeOut":15000,"instanceId":"172.17.0.5#8120#DEFAULT#DEFAULT_GROUP@@service-oss","ip":"172.17.0.5","ipDeleteTimeout":30000,"metadata":{"preserved.register.source":"SPRING_CLOUD"},"port":8120,"serviceName":"DEFAULT_GROUP@@service-oss","weight":1.0}]
2021-01-16 11:45:48 |INFO  |Nacso-Watch-Task-Scheduler-1 |HostReactor.java:164 |com.alibaba.nacos.client.naming |new ips(1) service: DEFAULT_GROUP@@service-cms -> [{"clusterName":"DEFAULT","enabled":true,"ephemeral":true,"healthy":true,"instanceHeartBeatInterval":5000,"instanceHeartBeatTimeOut":15000,"instanceId":"39.102.36.248#8140#DEFAULT#DEFAULT_GROUP@@service-cms","ip":"39.102.36.248","ipDeleteTimeout":30000,"metadata":{"preserved.register.source":"SPRING_CLOUD"},"port":8140,"serviceName":"DEFAULT_GROUP@@service-cms","weight":1.0}]
2021-01-16 11:45:48 |INFO  |Nacso-Watch-Task-Scheduler-1 |HostReactor.java:200 |com.alibaba.nacos.client.naming |current ips:(1) service: DEFAULT_GROUP@@service-cms -> [{"clusterName":"DEFAULT","enabled":true,"ephemeral":true,"healthy":true,"instanceHeartBeatInterval":5000,"instanceHeartBeatTimeOut":15000,"instanceId":"39.102.36.248#8140#DEFAULT#DEFAULT_GROUP@@service-cms","ip":"39.102.36.248","ipDeleteTimeout":30000,"metadata":{"preserved.register.source":"SPRING_CLOUD"},"port":8140,"serviceName":"DEFAULT_GROUP@@service-cms","weight":1.0}]
2021-01-16 11:45:48 |INFO  |main |HostReactor.java:164 |com.alibaba.nacos.client.naming |new ips(1) service: DEFAULT_GROUP@@service-vod -> [{"clusterName":"DEFAULT","enabled":true,"ephemeral":true,"healthy":true,"instanceHeartBeatInterval":5000,"instanceHeartBeatTimeOut":15000,"instanceId":"172.17.0.6#8130#DEFAULT#DEFAULT_GROUP@@service-vod","ip":"172.17.0.6","ipDeleteTimeout":30000,"metadata":{"preserved.register.source":"SPRING_CLOUD"},"port":8130,"serviceName":"DEFAULT_GROUP@@service-vod","weight":1.0}]
2021-01-16 11:45:48 |INFO  |main |HostReactor.java:200 |com.alibaba.nacos.client.naming |current ips:(1) service: DEFAULT_GROUP@@service-vod -> [{"clusterName":"DEFAULT","enabled":true,"ephemeral":true,"healthy":true,"instanceHeartBeatInterval":5000,"instanceHeartBeatTimeOut":15000,"instanceId":"172.17.0.6#8130#DEFAULT#DEFAULT_GROUP@@service-vod","ip":"172.17.0.6","ipDeleteTimeout":30000,"metadata":{"preserved.register.source":"SPRING_CLOUD"},"port":8130,"serviceName":"DEFAULT_GROUP@@service-vod","weight":1.0}]
2021-01-16 11:45:48 |INFO  |main |HostReactor.java:164 |com.alibaba.nacos.client.naming |new ips(1) service: DEFAULT_GROUP@@service-statistics -> [{"clusterName":"DEFAULT","enabled":true,"ephemeral":true,"healthy":true,"instanceHeartBeatInterval":5000,"instanceHeartBeatTimeOut":15000,"instanceId":"172.17.0.7#8180#DEFAULT#DEFAULT_GROUP@@service-statistics","ip":"172.17.0.7","ipDeleteTimeout":30000,"metadata":{"preserved.register.source":"SPRING_CLOUD"},"port":8180,"serviceName":"DEFAULT_GROUP@@service-statistics","weight":1.0}]
2021-01-16 11:45:48 |INFO  |main |HostReactor.java:200 |com.alibaba.nacos.client.naming |current ips:(1) service: DEFAULT_GROUP@@service-statistics -> [{"clusterName":"DEFAULT","enabled":true,"ephemeral":true,"healthy":true,"instanceHeartBeatInterval":5000,"instanceHeartBeatTimeOut":15000,"instanceId":"172.17.0.7#8180#DEFAULT#DEFAULT_GROUP@@service-statistics","ip":"172.17.0.7","ipDeleteTimeout":30000,"metadata":{"preserved.register.source":"SPRING_CLOUD"},"port":8180,"serviceName":"DEFAULT_GROUP@@service-statistics","weight":1.0}]
2021-01-16 11:45:48 |INFO  |main |HostReactor.java:164 |com.alibaba.nacos.client.naming |new ips(1) service: DEFAULT_GROUP@@service-ucenter -> [{"clusterName":"DEFAULT","enabled":true,"ephemeral":true,"healthy":true,"instanceHeartBeatInterval":5000,"instanceHeartBeatTimeOut":15000,"instanceId":"172.17.0.3#8160#DEFAULT#DEFAULT_GROUP@@service-ucenter","ip":"172.17.0.3","ipDeleteTimeout":30000,"metadata":{"preserved.register.source":"SPRING_CLOUD"},"port":8160,"serviceName":"DEFAULT_GROUP@@service-ucenter","weight":1.0}]
2021-01-16 11:45:48 |INFO  |main |HostReactor.java:200 |com.alibaba.nacos.client.naming |current ips:(1) service: DEFAULT_GROUP@@service-ucenter -> [{"clusterName":"DEFAULT","enabled":true,"ephemeral":true,"healthy":true,"instanceHeartBeatInterval":5000,"instanceHeartBeatTimeOut":15000,"instanceId":"172.17.0.3#8160#DEFAULT#DEFAULT_GROUP@@service-ucenter","ip":"172.17.0.3","ipDeleteTimeout":30000,"metadata":{"preserved.register.source":"SPRING_CLOUD"},"port":8160,"serviceName":"DEFAULT_GROUP@@service-ucenter","weight":1.0}]
2021-01-16 11:45:48 |INFO  |Nacso-Watch-Task-Scheduler-1 |HostReactor.java:164 |com.alibaba.nacos.client.naming |new ips(1) service: DEFAULT_GROUP@@service-trade -> [{"clusterName":"DEFAULT","enabled":true,"ephemeral":true,"healthy":true,"instanceHeartBeatInterval":5000,"instanceHeartBeatTimeOut":15000,"instanceId":"172.17.0.8#8170#DEFAULT#DEFAULT_GROUP@@service-trade","ip":"172.17.0.8","ipDeleteTimeout":30000,"metadata":{"preserved.register.source":"SPRING_CLOUD"},"port":8170,"serviceName":"DEFAULT_GROUP@@service-trade","weight":1.0}]
2021-01-16 11:45:48 |INFO  |Nacso-Watch-Task-Scheduler-1 |HostReactor.java:200 |com.alibaba.nacos.client.naming |current ips:(1) service: DEFAULT_GROUP@@service-trade -> [{"clusterName":"DEFAULT","enabled":true,"ephemeral":true,"healthy":true,"instanceHeartBeatInterval":5000,"instanceHeartBeatTimeOut":15000,"instanceId":"172.17.0.8#8170#DEFAULT#DEFAULT_GROUP@@service-trade","ip":"172.17.0.8","ipDeleteTimeout":30000,"metadata":{"preserved.register.source":"SPRING_CLOUD"},"port":8170,"serviceName":"DEFAULT_GROUP@@service-trade","weight":1.0}]
2021-01-16 11:45:48 |INFO  |main |NettyWebServer.java:89 |org.springframework.boot.web.embedded.netty.NettyWebServer |Netty started on port(s): 9110
2021-01-16 11:45:48 |INFO  |main |BeatReactor.java:58 |com.alibaba.nacos.client.naming |[BEAT] adding beat: {"cluster":"DEFAULT","ip":"8.131.54.86","metadata":{"preserved.register.source":"SPRING_CLOUD"},"period":5000,"port":9110,"scheduled":false,"serviceName":"DEFAULT_GROUP@@infrastructure-apigateway","stopped":false,"weight":1.0} to beat map.
2021-01-16 11:45:48 |INFO  |main |NamingProxy.java:175 |com.alibaba.nacos.client.naming |[REGISTER-SERVICE] public registering service DEFAULT_GROUP@@infrastructure-apigateway with instance: {"clusterName":"DEFAULT","enabled":true,"ephemeral":true,"healthy":true,"instanceHeartBeatInterval":5000,"instanceHeartBeatTimeOut":15000,"ip":"8.131.54.86","ipDeleteTimeout":30000,"metadata":{"preserved.register.source":"SPRING_CLOUD"},"port":9110,"weight":1.0}
2021-01-16 11:45:48 |INFO  |main |NacosServiceRegistry.java:65 |com.alibaba.cloud.nacos.registry.NacosServiceRegistry |nacos registry, DEFAULT_GROUP infrastructure-apigateway 8.131.54.86:9110 register finished
2021-01-16 11:45:48 |INFO  |main |StartupInfoLogger.java:61 |com.bit.jinggong.infrastructure.apigateway.InfrastructureApiGatewayApplication |Started InfrastructureApiGatewayApplication in 2.618 seconds (JVM running for 3.013)
2021-01-16 11:45:48 |INFO  |main |ClientWorker.java:202 |com.alibaba.nacos.client.config.impl.ClientWorker |[fixed-39.102.46.244_8848] [subscribe] infrastructure-apigateway+DEFAULT_GROUP
2021-01-16 11:45:48 |INFO  |main |CacheData.java:79 |com.alibaba.nacos.client.config.impl.CacheData |[fixed-39.102.46.244_8848] [add-listener] ok, tenant=, dataId=infrastructure-apigateway, group=DEFAULT_GROUP, cnt=1
2021-01-16 11:45:48 |INFO  |main |ClientWorker.java:202 |com.alibaba.nacos.client.config.impl.ClientWorker |[fixed-39.102.46.244_8848] [subscribe] infrastructure-apigateway-dev.yaml+DEFAULT_GROUP
2021-01-16 11:45:48 |INFO  |main |CacheData.java:79 |com.alibaba.nacos.client.config.impl.CacheData |[fixed-39.102.46.244_8848] [add-listener] ok, tenant=, dataId=infrastructure-apigateway-dev.yaml, group=DEFAULT_GROUP, cnt=1
2021-01-16 11:45:48 |INFO  |main |ClientWorker.java:202 |com.alibaba.nacos.client.config.impl.ClientWorker |[fixed-39.102.46.244_8848] [subscribe] infrastructure-apigateway.yaml+DEFAULT_GROUP
2021-01-16 11:45:48 |INFO  |main |CacheData.java:79 |com.alibaba.nacos.client.config.impl.CacheData |[fixed-39.102.46.244_8848] [add-listener] ok, tenant=, dataId=infrastructure-apigateway.yaml, group=DEFAULT_GROUP, cnt=1
2021-01-16 11:45:49 |INFO  |com.alibaba.nacos.client.naming.updater |HostReactor.java:164 |com.alibaba.nacos.client.naming |new ips(1) service: DEFAULT_GROUP@@infrastructure-apigateway -> [{"clusterName":"DEFAULT","enabled":true,"ephemeral":true,"healthy":true,"instanceHeartBeatInterval":5000,"instanceHeartBeatTimeOut":15000,"instanceId":"8.131.54.86#9110#DEFAULT#DEFAULT_GROUP@@infrastructure-apigateway","ip":"8.131.54.86","ipDeleteTimeout":30000,"metadata":{"preserved.register.source":"SPRING_CLOUD"},"port":9110,"serviceName":"DEFAULT_GROUP@@infrastructure-apigateway","weight":1.0}]
2021-01-16 11:45:49 |INFO  |com.alibaba.nacos.client.naming.updater |HostReactor.java:200 |com.alibaba.nacos.client.naming |current ips:(1) service: DEFAULT_GROUP@@infrastructure-apigateway -> [{"clusterName":"DEFAULT","enabled":true,"ephemeral":true,"healthy":true,"instanceHeartBeatInterval":5000,"instanceHeartBeatTimeOut":15000,"instanceId":"8.131.54.86#9110#DEFAULT#DEFAULT_GROUP@@infrastructure-apigateway","ip":"8.131.54.86","ipDeleteTimeout":30000,"metadata":{"preserved.register.source":"SPRING_CLOUD"},"port":9110,"serviceName":"DEFAULT_GROUP@@infrastructure-apigateway","weight":1.0}]
2021-01-16 11:45:50 |INFO  |SpringContextShutdownHook |NacosServiceRegistry.java:80 |com.alibaba.cloud.nacos.registry.NacosServiceRegistry |De-registering from Nacos Server now...
2021-01-16 11:45:50 |INFO  |SpringContextShutdownHook |BeatReactor.java:71 |com.alibaba.nacos.client.naming |[BEAT] removing beat: DEFAULT_GROUP@@infrastructure-apigateway:8.131.54.86:9110 from beat map.
2021-01-16 11:45:50 |INFO  |SpringContextShutdownHook |NamingProxy.java:197 |com.alibaba.nacos.client.naming |[DEREGISTER-SERVICE] public deregistering service DEFAULT_GROUP@@infrastructure-apigateway with instance: {"clusterName":"DEFAULT","enabled":true,"ephemeral":true,"healthy":true,"instanceHeartBeatInterval":5000,"instanceHeartBeatTimeOut":15000,"instanceIdGenerator":"simple","ip":"8.131.54.86","ipDeleteTimeout":30000,"metadata":{},"port":9110,"weight":1.0}
2021-01-16 11:45:50 |INFO  |SpringContextShutdownHook |NacosServiceRegistry.java:100 |com.alibaba.cloud.nacos.registry.NacosServiceRegistry |De-registration finished.
2021-01-16 11:46:20 |INFO  |main |LocalConfigInfoProcessor.java:195 |com.alibaba.nacos.client.config.impl.LocalConfigInfoProcessor |LOCAL_SNAPSHOT_PATH:/home/wang/nacos/config
2021-01-16 11:46:20 |INFO  |main |Limiter.java:53 |com.alibaba.nacos.client.config.impl.Limiter |limitTime:5.0
2021-01-16 11:46:20 |INFO  |main |JVMUtil.java:47 |com.alibaba.nacos.client.config.utils.JVMUtil |isMultiInstance:false
2021-01-16 11:46:20 |INFO  |main |PropertySourceBootstrapConfiguration.java:109 |org.springframework.cloud.bootstrap.config.PropertySourceBootstrapConfiguration |Located property source: [BootstrapPropertySource {name='bootstrapProperties-infrastructure-apigateway-dev.yaml,DEFAULT_GROUP'}, BootstrapPropertySource {name='bootstrapProperties-infrastructure-apigateway.yaml,DEFAULT_GROUP'}, BootstrapPropertySource {name='bootstrapProperties-infrastructure-apigateway,DEFAULT_GROUP'}]
2021-01-16 11:46:20 |INFO  |main |SpringApplication.java:655 |com.bit.jinggong.infrastructure.apigateway.InfrastructureApiGatewayApplication |The following profiles are active: dev
2021-01-16 11:46:20 |INFO  |main |RepositoryConfigurationDelegate.java:249 |org.springframework.data.repository.config.RepositoryConfigurationDelegate |Multiple Spring Data modules found, entering strict repository configuration mode!
2021-01-16 11:46:20 |INFO  |main |RepositoryConfigurationDelegate.java:127 |org.springframework.data.repository.config.RepositoryConfigurationDelegate |Bootstrapping Spring Data Redis repositories in DEFAULT mode.
2021-01-16 11:46:20 |INFO  |main |RepositoryConfigurationDelegate.java:187 |org.springframework.data.repository.config.RepositoryConfigurationDelegate |Finished Spring Data repository scanning in 6ms. Found 0 Redis repository interfaces.
2021-01-16 11:46:20 |INFO  |main |GenericScope.java:295 |org.springframework.cloud.context.scope.GenericScope |BeanFactory id=71a409b7-a987-3fa6-b3eb-60cd08c7cbfe
2021-01-16 11:46:20 |INFO  |main |PostProcessorRegistrationDelegate.java:330 |org.springframework.context.support.PostProcessorRegistrationDelegate$BeanPostProcessorChecker |Bean 'org.springframework.cloud.client.loadbalancer.reactive.LoadBalancerBeanPostProcessorAutoConfiguration' of type [org.springframework.cloud.client.loadbalancer.reactive.LoadBalancerBeanPostProcessorAutoConfiguration] is not eligible for getting processed by all BeanPostProcessors (for example: not eligible for auto-proxying)
2021-01-16 11:46:20 |INFO  |main |PostProcessorRegistrationDelegate.java:330 |org.springframework.context.support.PostProcessorRegistrationDelegate$BeanPostProcessorChecker |Bean 'org.springframework.cloud.client.loadbalancer.reactive.LoadBalancerBeanPostProcessorAutoConfiguration$ReactiveLoadBalancerConfig' of type [org.springframework.cloud.client.loadbalancer.reactive.LoadBalancerBeanPostProcessorAutoConfiguration$ReactiveLoadBalancerConfig] is not eligible for getting processed by all BeanPostProcessors (for example: not eligible for auto-proxying)
2021-01-16 11:46:20 |INFO  |main |PostProcessorRegistrationDelegate.java:330 |org.springframework.context.support.PostProcessorRegistrationDelegate$BeanPostProcessorChecker |Bean 'deferringLoadBalancerExchangeFilterFunction' of type [org.springframework.cloud.client.loadbalancer.reactive.DeferringLoadBalancerExchangeFilterFunction] is not eligible for getting processed by all BeanPostProcessors (for example: not eligible for auto-proxying)
2021-01-16 11:46:20 |INFO  |main |URLConfigurationSource.java:122 |com.netflix.config.sources.URLConfigurationSource |To enable URLs as dynamic configuration sources, define System property archaius.configurationSource.additionalUrls or make config.properties available on classpath.
2021-01-16 11:46:20 |INFO  |main |URLConfigurationSource.java:122 |com.netflix.config.sources.URLConfigurationSource |To enable URLs as dynamic configuration sources, define System property archaius.configurationSource.additionalUrls or make config.properties available on classpath.
2021-01-16 11:46:21 |INFO  |main |RouteDefinitionRouteLocator.java:139 |org.springframework.cloud.gateway.route.RouteDefinitionRouteLocator |Loaded RoutePredicateFactory [After]
2021-01-16 11:46:21 |INFO  |main |RouteDefinitionRouteLocator.java:139 |org.springframework.cloud.gateway.route.RouteDefinitionRouteLocator |Loaded RoutePredicateFactory [Before]
2021-01-16 11:46:21 |INFO  |main |RouteDefinitionRouteLocator.java:139 |org.springframework.cloud.gateway.route.RouteDefinitionRouteLocator |Loaded RoutePredicateFactory [Between]
2021-01-16 11:46:21 |INFO  |main |RouteDefinitionRouteLocator.java:139 |org.springframework.cloud.gateway.route.RouteDefinitionRouteLocator |Loaded RoutePredicateFactory [Cookie]
2021-01-16 11:46:21 |INFO  |main |RouteDefinitionRouteLocator.java:139 |org.springframework.cloud.gateway.route.RouteDefinitionRouteLocator |Loaded RoutePredicateFactory [Header]
2021-01-16 11:46:21 |INFO  |main |RouteDefinitionRouteLocator.java:139 |org.springframework.cloud.gateway.route.RouteDefinitionRouteLocator |Loaded RoutePredicateFactory [Host]
2021-01-16 11:46:21 |INFO  |main |RouteDefinitionRouteLocator.java:139 |org.springframework.cloud.gateway.route.RouteDefinitionRouteLocator |Loaded RoutePredicateFactory [Method]
2021-01-16 11:46:21 |INFO  |main |RouteDefinitionRouteLocator.java:139 |org.springframework.cloud.gateway.route.RouteDefinitionRouteLocator |Loaded RoutePredicateFactory [Path]
2021-01-16 11:46:21 |INFO  |main |RouteDefinitionRouteLocator.java:139 |org.springframework.cloud.gateway.route.RouteDefinitionRouteLocator |Loaded RoutePredicateFactory [Query]
2021-01-16 11:46:21 |INFO  |main |RouteDefinitionRouteLocator.java:139 |org.springframework.cloud.gateway.route.RouteDefinitionRouteLocator |Loaded RoutePredicateFactory [ReadBodyPredicateFactory]
2021-01-16 11:46:21 |INFO  |main |RouteDefinitionRouteLocator.java:139 |org.springframework.cloud.gateway.route.RouteDefinitionRouteLocator |Loaded RoutePredicateFactory [RemoteAddr]
2021-01-16 11:46:21 |INFO  |main |RouteDefinitionRouteLocator.java:139 |org.springframework.cloud.gateway.route.RouteDefinitionRouteLocator |Loaded RoutePredicateFactory [Weight]
2021-01-16 11:46:21 |INFO  |main |RouteDefinitionRouteLocator.java:139 |org.springframework.cloud.gateway.route.RouteDefinitionRouteLocator |Loaded RoutePredicateFactory [CloudFoundryRouteService]
2021-01-16 11:46:21 |INFO  |main |ExecutorConfigurationSupport.java:171 |org.springframework.scheduling.concurrent.ThreadPoolTaskScheduler |Initializing ExecutorService 'Nacso-Watch-Task-Scheduler'
2021-01-16 11:46:21 |INFO  |main |InitUtils.java:56 |com.alibaba.nacos.client.naming |initializer namespace from System Property :null
2021-01-16 11:46:21 |INFO  |main |InitUtils.java:65 |com.alibaba.nacos.client.naming |initializer namespace from System Environment :null
2021-01-16 11:46:21 |INFO  |main |InitUtils.java:75 |com.alibaba.nacos.client.naming |initializer namespace from System Property :null
2021-01-16 11:46:21 |INFO  |main |HostReactor.java:164 |com.alibaba.nacos.client.naming |new ips(1) service: DEFAULT_GROUP@@service-edu -> [{"clusterName":"DEFAULT","enabled":true,"ephemeral":true,"healthy":true,"instanceHeartBeatInterval":5000,"instanceHeartBeatTimeOut":15000,"instanceId":"8.131.54.86#8110#DEFAULT#DEFAULT_GROUP@@service-edu","ip":"8.131.54.86","ipDeleteTimeout":30000,"metadata":{"preserved.register.source":"SPRING_CLOUD"},"port":8110,"serviceName":"DEFAULT_GROUP@@service-edu","weight":1.0}]
2021-01-16 11:46:21 |INFO  |main |HostReactor.java:200 |com.alibaba.nacos.client.naming |current ips:(1) service: DEFAULT_GROUP@@service-edu -> [{"clusterName":"DEFAULT","enabled":true,"ephemeral":true,"healthy":true,"instanceHeartBeatInterval":5000,"instanceHeartBeatTimeOut":15000,"instanceId":"8.131.54.86#8110#DEFAULT#DEFAULT_GROUP@@service-edu","ip":"8.131.54.86","ipDeleteTimeout":30000,"metadata":{"preserved.register.source":"SPRING_CLOUD"},"port":8110,"serviceName":"DEFAULT_GROUP@@service-edu","weight":1.0}]
2021-01-16 11:46:21 |INFO  |main |HostReactor.java:164 |com.alibaba.nacos.client.naming |new ips(1) service: DEFAULT_GROUP@@service-oss -> [{"clusterName":"DEFAULT","enabled":true,"ephemeral":true,"healthy":true,"instanceHeartBeatInterval":5000,"instanceHeartBeatTimeOut":15000,"instanceId":"172.17.0.5#8120#DEFAULT#DEFAULT_GROUP@@service-oss","ip":"172.17.0.5","ipDeleteTimeout":30000,"metadata":{"preserved.register.source":"SPRING_CLOUD"},"port":8120,"serviceName":"DEFAULT_GROUP@@service-oss","weight":1.0}]
2021-01-16 11:46:21 |INFO  |main |HostReactor.java:200 |com.alibaba.nacos.client.naming |current ips:(1) service: DEFAULT_GROUP@@service-oss -> [{"clusterName":"DEFAULT","enabled":true,"ephemeral":true,"healthy":true,"instanceHeartBeatInterval":5000,"instanceHeartBeatTimeOut":15000,"instanceId":"172.17.0.5#8120#DEFAULT#DEFAULT_GROUP@@service-oss","ip":"172.17.0.5","ipDeleteTimeout":30000,"metadata":{"preserved.register.source":"SPRING_CLOUD"},"port":8120,"serviceName":"DEFAULT_GROUP@@service-oss","weight":1.0}]
2021-01-16 11:46:21 |INFO  |main |HostReactor.java:164 |com.alibaba.nacos.client.naming |new ips(1) service: DEFAULT_GROUP@@service-cms -> [{"clusterName":"DEFAULT","enabled":true,"ephemeral":true,"healthy":true,"instanceHeartBeatInterval":5000,"instanceHeartBeatTimeOut":15000,"instanceId":"39.102.36.248#8140#DEFAULT#DEFAULT_GROUP@@service-cms","ip":"39.102.36.248","ipDeleteTimeout":30000,"metadata":{"preserved.register.source":"SPRING_CLOUD"},"port":8140,"serviceName":"DEFAULT_GROUP@@service-cms","weight":1.0}]
2021-01-16 11:46:21 |INFO  |main |HostReactor.java:200 |com.alibaba.nacos.client.naming |current ips:(1) service: DEFAULT_GROUP@@service-cms -> [{"clusterName":"DEFAULT","enabled":true,"ephemeral":true,"healthy":true,"instanceHeartBeatInterval":5000,"instanceHeartBeatTimeOut":15000,"instanceId":"39.102.36.248#8140#DEFAULT#DEFAULT_GROUP@@service-cms","ip":"39.102.36.248","ipDeleteTimeout":30000,"metadata":{"preserved.register.source":"SPRING_CLOUD"},"port":8140,"serviceName":"DEFAULT_GROUP@@service-cms","weight":1.0}]
2021-01-16 11:46:21 |INFO  |Nacso-Watch-Task-Scheduler-1 |HostReactor.java:164 |com.alibaba.nacos.client.naming |new ips(1) service: DEFAULT_GROUP@@service-vod -> [{"clusterName":"DEFAULT","enabled":true,"ephemeral":true,"healthy":true,"instanceHeartBeatInterval":5000,"instanceHeartBeatTimeOut":15000,"instanceId":"172.17.0.6#8130#DEFAULT#DEFAULT_GROUP@@service-vod","ip":"172.17.0.6","ipDeleteTimeout":30000,"metadata":{"preserved.register.source":"SPRING_CLOUD"},"port":8130,"serviceName":"DEFAULT_GROUP@@service-vod","weight":1.0}]
2021-01-16 11:46:21 |INFO  |Nacso-Watch-Task-Scheduler-1 |HostReactor.java:200 |com.alibaba.nacos.client.naming |current ips:(1) service: DEFAULT_GROUP@@service-vod -> [{"clusterName":"DEFAULT","enabled":true,"ephemeral":true,"healthy":true,"instanceHeartBeatInterval":5000,"instanceHeartBeatTimeOut":15000,"instanceId":"172.17.0.6#8130#DEFAULT#DEFAULT_GROUP@@service-vod","ip":"172.17.0.6","ipDeleteTimeout":30000,"metadata":{"preserved.register.source":"SPRING_CLOUD"},"port":8130,"serviceName":"DEFAULT_GROUP@@service-vod","weight":1.0}]
2021-01-16 11:46:21 |INFO  |main |HostReactor.java:164 |com.alibaba.nacos.client.naming |new ips(1) service: DEFAULT_GROUP@@service-statistics -> [{"clusterName":"DEFAULT","enabled":true,"ephemeral":true,"healthy":true,"instanceHeartBeatInterval":5000,"instanceHeartBeatTimeOut":15000,"instanceId":"172.17.0.7#8180#DEFAULT#DEFAULT_GROUP@@service-statistics","ip":"172.17.0.7","ipDeleteTimeout":30000,"metadata":{"preserved.register.source":"SPRING_CLOUD"},"port":8180,"serviceName":"DEFAULT_GROUP@@service-statistics","weight":1.0}]
2021-01-16 11:46:21 |INFO  |main |HostReactor.java:200 |com.alibaba.nacos.client.naming |current ips:(1) service: DEFAULT_GROUP@@service-statistics -> [{"clusterName":"DEFAULT","enabled":true,"ephemeral":true,"healthy":true,"instanceHeartBeatInterval":5000,"instanceHeartBeatTimeOut":15000,"instanceId":"172.17.0.7#8180#DEFAULT#DEFAULT_GROUP@@service-statistics","ip":"172.17.0.7","ipDeleteTimeout":30000,"metadata":{"preserved.register.source":"SPRING_CLOUD"},"port":8180,"serviceName":"DEFAULT_GROUP@@service-statistics","weight":1.0}]
2021-01-16 11:46:21 |INFO  |main |HostReactor.java:164 |com.alibaba.nacos.client.naming |new ips(1) service: DEFAULT_GROUP@@service-ucenter -> [{"clusterName":"DEFAULT","enabled":true,"ephemeral":true,"healthy":true,"instanceHeartBeatInterval":5000,"instanceHeartBeatTimeOut":15000,"instanceId":"172.17.0.3#8160#DEFAULT#DEFAULT_GROUP@@service-ucenter","ip":"172.17.0.3","ipDeleteTimeout":30000,"metadata":{"preserved.register.source":"SPRING_CLOUD"},"port":8160,"serviceName":"DEFAULT_GROUP@@service-ucenter","weight":1.0}]
2021-01-16 11:46:21 |INFO  |main |HostReactor.java:200 |com.alibaba.nacos.client.naming |current ips:(1) service: DEFAULT_GROUP@@service-ucenter -> [{"clusterName":"DEFAULT","enabled":true,"ephemeral":true,"healthy":true,"instanceHeartBeatInterval":5000,"instanceHeartBeatTimeOut":15000,"instanceId":"172.17.0.3#8160#DEFAULT#DEFAULT_GROUP@@service-ucenter","ip":"172.17.0.3","ipDeleteTimeout":30000,"metadata":{"preserved.register.source":"SPRING_CLOUD"},"port":8160,"serviceName":"DEFAULT_GROUP@@service-ucenter","weight":1.0}]
2021-01-16 11:46:21 |INFO  |main |HostReactor.java:164 |com.alibaba.nacos.client.naming |new ips(1) service: DEFAULT_GROUP@@service-trade -> [{"clusterName":"DEFAULT","enabled":true,"ephemeral":true,"healthy":true,"instanceHeartBeatInterval":5000,"instanceHeartBeatTimeOut":15000,"instanceId":"172.17.0.8#8170#DEFAULT#DEFAULT_GROUP@@service-trade","ip":"172.17.0.8","ipDeleteTimeout":30000,"metadata":{"preserved.register.source":"SPRING_CLOUD"},"port":8170,"serviceName":"DEFAULT_GROUP@@service-trade","weight":1.0}]
2021-01-16 11:46:21 |INFO  |main |HostReactor.java:200 |com.alibaba.nacos.client.naming |current ips:(1) service: DEFAULT_GROUP@@service-trade -> [{"clusterName":"DEFAULT","enabled":true,"ephemeral":true,"healthy":true,"instanceHeartBeatInterval":5000,"instanceHeartBeatTimeOut":15000,"instanceId":"172.17.0.8#8170#DEFAULT#DEFAULT_GROUP@@service-trade","ip":"172.17.0.8","ipDeleteTimeout":30000,"metadata":{"preserved.register.source":"SPRING_CLOUD"},"port":8170,"serviceName":"DEFAULT_GROUP@@service-trade","weight":1.0}]
2021-01-16 11:46:21 |INFO  |main |NettyWebServer.java:89 |org.springframework.boot.web.embedded.netty.NettyWebServer |Netty started on port(s): 9110
2021-01-16 11:46:21 |INFO  |main |BeatReactor.java:58 |com.alibaba.nacos.client.naming |[BEAT] adding beat: {"cluster":"DEFAULT","ip":"8.131.54.86","metadata":{"preserved.register.source":"SPRING_CLOUD"},"period":5000,"port":9110,"scheduled":false,"serviceName":"DEFAULT_GROUP@@infrastructure-apigateway","stopped":false,"weight":1.0} to beat map.
2021-01-16 11:46:21 |INFO  |main |NamingProxy.java:175 |com.alibaba.nacos.client.naming |[REGISTER-SERVICE] public registering service DEFAULT_GROUP@@infrastructure-apigateway with instance: {"clusterName":"DEFAULT","enabled":true,"ephemeral":true,"healthy":true,"instanceHeartBeatInterval":5000,"instanceHeartBeatTimeOut":15000,"ip":"8.131.54.86","ipDeleteTimeout":30000,"metadata":{"preserved.register.source":"SPRING_CLOUD"},"port":9110,"weight":1.0}
2021-01-16 11:46:22 |INFO  |main |NacosServiceRegistry.java:65 |com.alibaba.cloud.nacos.registry.NacosServiceRegistry |nacos registry, DEFAULT_GROUP infrastructure-apigateway 8.131.54.86:9110 register finished
2021-01-16 11:46:22 |INFO  |main |StartupInfoLogger.java:61 |com.bit.jinggong.infrastructure.apigateway.InfrastructureApiGatewayApplication |Started InfrastructureApiGatewayApplication in 2.535 seconds (JVM running for 2.936)
2021-01-16 11:46:22 |INFO  |main |ClientWorker.java:202 |com.alibaba.nacos.client.config.impl.ClientWorker |[fixed-39.102.46.244_8848] [subscribe] infrastructure-apigateway+DEFAULT_GROUP
2021-01-16 11:46:22 |INFO  |main |CacheData.java:79 |com.alibaba.nacos.client.config.impl.CacheData |[fixed-39.102.46.244_8848] [add-listener] ok, tenant=, dataId=infrastructure-apigateway, group=DEFAULT_GROUP, cnt=1
2021-01-16 11:46:22 |INFO  |main |ClientWorker.java:202 |com.alibaba.nacos.client.config.impl.ClientWorker |[fixed-39.102.46.244_8848] [subscribe] infrastructure-apigateway-dev.yaml+DEFAULT_GROUP
2021-01-16 11:46:22 |INFO  |main |CacheData.java:79 |com.alibaba.nacos.client.config.impl.CacheData |[fixed-39.102.46.244_8848] [add-listener] ok, tenant=, dataId=infrastructure-apigateway-dev.yaml, group=DEFAULT_GROUP, cnt=1
2021-01-16 11:46:22 |INFO  |main |ClientWorker.java:202 |com.alibaba.nacos.client.config.impl.ClientWorker |[fixed-39.102.46.244_8848] [subscribe] infrastructure-apigateway.yaml+DEFAULT_GROUP
2021-01-16 11:46:22 |INFO  |main |CacheData.java:79 |com.alibaba.nacos.client.config.impl.CacheData |[fixed-39.102.46.244_8848] [add-listener] ok, tenant=, dataId=infrastructure-apigateway.yaml, group=DEFAULT_GROUP, cnt=1
2021-01-16 11:46:22 |INFO  |com.alibaba.nacos.client.naming.updater |HostReactor.java:164 |com.alibaba.nacos.client.naming |new ips(1) service: DEFAULT_GROUP@@infrastructure-apigateway -> [{"clusterName":"DEFAULT","enabled":true,"ephemeral":true,"healthy":true,"instanceHeartBeatInterval":5000,"instanceHeartBeatTimeOut":15000,"instanceId":"8.131.54.86#9110#DEFAULT#DEFAULT_GROUP@@infrastructure-apigateway","ip":"8.131.54.86","ipDeleteTimeout":30000,"metadata":{"preserved.register.source":"SPRING_CLOUD"},"port":9110,"serviceName":"DEFAULT_GROUP@@infrastructure-apigateway","weight":1.0}]
2021-01-16 11:46:22 |INFO  |com.alibaba.nacos.client.naming.updater |HostReactor.java:200 |com.alibaba.nacos.client.naming |current ips:(1) service: DEFAULT_GROUP@@infrastructure-apigateway -> [{"clusterName":"DEFAULT","enabled":true,"ephemeral":true,"healthy":true,"instanceHeartBeatInterval":5000,"instanceHeartBeatTimeOut":15000,"instanceId":"8.131.54.86#9110#DEFAULT#DEFAULT_GROUP@@infrastructure-apigateway","ip":"8.131.54.86","ipDeleteTimeout":30000,"metadata":{"preserved.register.source":"SPRING_CLOUD"},"port":9110,"serviceName":"DEFAULT_GROUP@@infrastructure-apigateway","weight":1.0}]
2021-01-16 11:46:32 |INFO  |SpringContextShutdownHook |NacosServiceRegistry.java:80 |com.alibaba.cloud.nacos.registry.NacosServiceRegistry |De-registering from Nacos Server now...
2021-01-16 11:46:32 |INFO  |SpringContextShutdownHook |BeatReactor.java:71 |com.alibaba.nacos.client.naming |[BEAT] removing beat: DEFAULT_GROUP@@infrastructure-apigateway:8.131.54.86:9110 from beat map.
2021-01-16 11:46:32 |INFO  |SpringContextShutdownHook |NamingProxy.java:197 |com.alibaba.nacos.client.naming |[DEREGISTER-SERVICE] public deregistering service DEFAULT_GROUP@@infrastructure-apigateway with instance: {"clusterName":"DEFAULT","enabled":true,"ephemeral":true,"healthy":true,"instanceHeartBeatInterval":5000,"instanceHeartBeatTimeOut":15000,"instanceIdGenerator":"simple","ip":"8.131.54.86","ipDeleteTimeout":30000,"metadata":{},"port":9110,"weight":1.0}
2021-01-16 11:46:32 |INFO  |SpringContextShutdownHook |NacosServiceRegistry.java:100 |com.alibaba.cloud.nacos.registry.NacosServiceRegistry |De-registration finished.
2021-01-16 11:46:32 |INFO  |com.alibaba.nacos.client.naming.updater |HostReactor.java:170 |com.alibaba.nacos.client.naming |removed ips(1) service: DEFAULT_GROUP@@infrastructure-apigateway -> [{"clusterName":"DEFAULT","enabled":true,"ephemeral":true,"healthy":true,"instanceHeartBeatInterval":5000,"instanceHeartBeatTimeOut":15000,"instanceId":"8.131.54.86#9110#DEFAULT#DEFAULT_GROUP@@infrastructure-apigateway","ip":"8.131.54.86","ipDeleteTimeout":30000,"metadata":{"preserved.register.source":"SPRING_CLOUD"},"port":9110,"serviceName":"DEFAULT_GROUP@@infrastructure-apigateway","weight":1.0}]
2021-01-16 11:46:32 |INFO  |com.alibaba.nacos.client.naming.updater |HostReactor.java:200 |com.alibaba.nacos.client.naming |current ips:(0) service: DEFAULT_GROUP@@infrastructure-apigateway -> []
