2021-01-08 00:00:44 |INFO  |main |SpringApplication.java:655 |com.bit.jinggong.service.oss.ServiceOssApplication |The following profiles are active: dev
2021-01-08 00:00:45 |INFO  |main |GenericScope.java:295 |org.springframework.cloud.context.scope.GenericScope |BeanFactory id=d70d0150-f61a-3d41-b16a-cdf572a2df60
2021-01-08 00:00:45 |INFO  |main |PostProcessorRegistrationDelegate.java:330 |org.springframework.context.support.PostProcessorRegistrationDelegate$BeanPostProcessorChecker |Bean 'org.springframework.transaction.annotation.ProxyTransactionManagementConfiguration' of type [org.springframework.transaction.annotation.ProxyTransactionManagementConfiguration] is not eligible for getting processed by all BeanPostProcessors (for example: not eligible for auto-proxying)
2021-01-08 00:00:45 |INFO  |main |TomcatWebServer.java:92 |org.springframework.boot.web.embedded.tomcat.TomcatWebServer |Tomcat initialized with port(s): 8120 (http)
2021-01-08 00:00:45 |INFO  |main |DirectJDKLog.java:173 |org.apache.coyote.http11.Http11NioProtocol |Initializing ProtocolHandler ["http-nio-8120"]
2021-01-08 00:00:45 |INFO  |main |DirectJDKLog.java:173 |org.apache.catalina.core.StandardService |Starting service [Tomcat]
2021-01-08 00:00:45 |INFO  |main |DirectJDKLog.java:173 |org.apache.catalina.core.StandardEngine |Starting Servlet engine: [Apache Tomcat/9.0.29]
2021-01-08 00:00:45 |INFO  |main |DirectJDKLog.java:173 |org.apache.catalina.core.ContainerBase.[Tomcat].[localhost].[/] |Initializing Spring embedded WebApplicationContext
2021-01-08 00:00:45 |INFO  |main |ServletWebServerApplicationContext.java:284 |org.springframework.web.context.ContextLoader |Root WebApplicationContext: initialization completed in 1154 ms
2021-01-08 00:00:46 |INFO  |main |PropertySourcedRequestMappingHandlerMapping.java:69 |springfox.documentation.spring.web.PropertySourcedRequestMappingHandlerMapping |Mapped URL path [/v2/api-docs] onto method [springfox.documentation.swagger2.web.Swagger2Controller#getDocumentation(String, HttpServletRequest)]
2021-01-08 00:00:46 |INFO  |main |URLConfigurationSource.java:122 |com.netflix.config.sources.URLConfigurationSource |To enable URLs as dynamic configuration sources, define System property archaius.configurationSource.additionalUrls or make config.properties available on classpath.
2021-01-08 00:00:46 |INFO  |main |URLConfigurationSource.java:122 |com.netflix.config.sources.URLConfigurationSource |To enable URLs as dynamic configuration sources, define System property archaius.configurationSource.additionalUrls or make config.properties available on classpath.
2021-01-08 00:00:46 |INFO  |main |ExecutorConfigurationSupport.java:171 |org.springframework.scheduling.concurrent.ThreadPoolTaskExecutor |Initializing ExecutorService 'applicationTaskExecutor'
2021-01-08 00:00:46 |INFO  |main |ExecutorConfigurationSupport.java:171 |org.springframework.scheduling.concurrent.ThreadPoolTaskScheduler |Initializing ExecutorService
2021-01-08 00:00:46 |INFO  |main |DocumentationPluginsBootstrapper.java:147 |springfox.documentation.spring.web.plugins.DocumentationPluginsBootstrapper |Context refreshed
2021-01-08 00:00:46 |INFO  |main |DocumentationPluginsBootstrapper.java:150 |springfox.documentation.spring.web.plugins.DocumentationPluginsBootstrapper |Found 2 custom documentation plugin(s)
2021-01-08 00:00:46 |INFO  |main |ApiListingReferenceScanner.java:41 |springfox.documentation.spring.web.scanners.ApiListingReferenceScanner |Scanning for api listing references
2021-01-08 00:00:46 |INFO  |main |ApiListingReferenceScanner.java:41 |springfox.documentation.spring.web.scanners.ApiListingReferenceScanner |Scanning for api listing references
2021-01-08 00:00:46 |INFO  |main |DirectJDKLog.java:173 |org.apache.coyote.http11.Http11NioProtocol |Starting ProtocolHandler ["http-nio-8120"]
2021-01-08 00:00:46 |INFO  |main |TomcatWebServer.java:204 |org.springframework.boot.web.embedded.tomcat.TomcatWebServer |Tomcat started on port(s): 8120 (http) with context path ''
2021-01-08 00:00:46 |INFO  |main |NacosServiceRegistry.java:62 |com.alibaba.cloud.nacos.registry.NacosServiceRegistry |nacos registry, service-oss 192.168.152.141:8120 register finished
2021-01-08 00:00:47 |INFO  |main |StartupInfoLogger.java:61 |com.bit.jinggong.service.oss.ServiceOssApplication |Started ServiceOssApplication in 3.464 seconds (JVM running for 4.181)
2021-01-08 00:03:16 |INFO  |SpringContextShutdownHook |NacosServiceRegistry.java:74 |com.alibaba.cloud.nacos.registry.NacosServiceRegistry |De-registering from Nacos Server now...
2021-01-08 00:03:16 |INFO  |SpringContextShutdownHook |NacosServiceRegistry.java:93 |com.alibaba.cloud.nacos.registry.NacosServiceRegistry |De-registration finished.
2021-01-08 00:03:16 |INFO  |SpringContextShutdownHook |ExecutorConfigurationSupport.java:208 |org.springframework.scheduling.concurrent.ThreadPoolTaskExecutor |Shutting down ExecutorService 'applicationTaskExecutor'
2021-01-08 00:03:20 |INFO  |main |SpringApplication.java:655 |com.bit.jinggong.service.oss.ServiceOssApplication |The following profiles are active: dev
2021-01-08 00:03:21 |INFO  |main |GenericScope.java:295 |org.springframework.cloud.context.scope.GenericScope |BeanFactory id=d70d0150-f61a-3d41-b16a-cdf572a2df60
2021-01-08 00:03:21 |INFO  |main |PostProcessorRegistrationDelegate.java:330 |org.springframework.context.support.PostProcessorRegistrationDelegate$BeanPostProcessorChecker |Bean 'org.springframework.transaction.annotation.ProxyTransactionManagementConfiguration' of type [org.springframework.transaction.annotation.ProxyTransactionManagementConfiguration] is not eligible for getting processed by all BeanPostProcessors (for example: not eligible for auto-proxying)
2021-01-08 00:03:21 |INFO  |main |TomcatWebServer.java:92 |org.springframework.boot.web.embedded.tomcat.TomcatWebServer |Tomcat initialized with port(s): 8120 (http)
2021-01-08 00:03:21 |INFO  |main |DirectJDKLog.java:173 |org.apache.coyote.http11.Http11NioProtocol |Initializing ProtocolHandler ["http-nio-8120"]
2021-01-08 00:03:21 |INFO  |main |DirectJDKLog.java:173 |org.apache.catalina.core.StandardService |Starting service [Tomcat]
2021-01-08 00:03:21 |INFO  |main |DirectJDKLog.java:173 |org.apache.catalina.core.StandardEngine |Starting Servlet engine: [Apache Tomcat/9.0.29]
2021-01-08 00:03:21 |INFO  |main |DirectJDKLog.java:173 |org.apache.catalina.core.ContainerBase.[Tomcat].[localhost].[/] |Initializing Spring embedded WebApplicationContext
2021-01-08 00:03:21 |INFO  |main |ServletWebServerApplicationContext.java:284 |org.springframework.web.context.ContextLoader |Root WebApplicationContext: initialization completed in 866 ms
2021-01-08 00:03:21 |INFO  |main |PropertySourcedRequestMappingHandlerMapping.java:69 |springfox.documentation.spring.web.PropertySourcedRequestMappingHandlerMapping |Mapped URL path [/v2/api-docs] onto method [springfox.documentation.swagger2.web.Swagger2Controller#getDocumentation(String, HttpServletRequest)]
2021-01-08 00:03:21 |INFO  |main |URLConfigurationSource.java:122 |com.netflix.config.sources.URLConfigurationSource |To enable URLs as dynamic configuration sources, define System property archaius.configurationSource.additionalUrls or make config.properties available on classpath.
2021-01-08 00:03:21 |INFO  |main |URLConfigurationSource.java:122 |com.netflix.config.sources.URLConfigurationSource |To enable URLs as dynamic configuration sources, define System property archaius.configurationSource.additionalUrls or make config.properties available on classpath.
2021-01-08 00:03:21 |INFO  |main |ExecutorConfigurationSupport.java:171 |org.springframework.scheduling.concurrent.ThreadPoolTaskExecutor |Initializing ExecutorService 'applicationTaskExecutor'
2021-01-08 00:03:21 |INFO  |main |ExecutorConfigurationSupport.java:171 |org.springframework.scheduling.concurrent.ThreadPoolTaskScheduler |Initializing ExecutorService
2021-01-08 00:03:21 |INFO  |main |DocumentationPluginsBootstrapper.java:147 |springfox.documentation.spring.web.plugins.DocumentationPluginsBootstrapper |Context refreshed
2021-01-08 00:03:21 |INFO  |main |DocumentationPluginsBootstrapper.java:150 |springfox.documentation.spring.web.plugins.DocumentationPluginsBootstrapper |Found 2 custom documentation plugin(s)
2021-01-08 00:03:21 |INFO  |main |ApiListingReferenceScanner.java:41 |springfox.documentation.spring.web.scanners.ApiListingReferenceScanner |Scanning for api listing references
2021-01-08 00:03:21 |INFO  |main |ApiListingReferenceScanner.java:41 |springfox.documentation.spring.web.scanners.ApiListingReferenceScanner |Scanning for api listing references
2021-01-08 00:03:22 |INFO  |main |DirectJDKLog.java:173 |org.apache.coyote.http11.Http11NioProtocol |Starting ProtocolHandler ["http-nio-8120"]
2021-01-08 00:03:22 |INFO  |main |TomcatWebServer.java:204 |org.springframework.boot.web.embedded.tomcat.TomcatWebServer |Tomcat started on port(s): 8120 (http) with context path ''
2021-01-08 00:03:22 |INFO  |main |NacosServiceRegistry.java:62 |com.alibaba.cloud.nacos.registry.NacosServiceRegistry |nacos registry, service-oss 192.168.152.141:8120 register finished
2021-01-08 00:03:22 |INFO  |main |StartupInfoLogger.java:61 |com.bit.jinggong.service.oss.ServiceOssApplication |Started ServiceOssApplication in 2.577 seconds (JVM running for 3.079)
2021-01-08 00:03:23 |INFO  |http-nio-8120-exec-1 |DirectJDKLog.java:173 |org.apache.catalina.core.ContainerBase.[Tomcat].[localhost].[/] |Initializing Spring DispatcherServlet 'dispatcherServlet'
2021-01-08 00:03:23 |INFO  |http-nio-8120-exec-1 |FrameworkServlet.java:525 |org.springframework.web.servlet.DispatcherServlet |Initializing Servlet 'dispatcherServlet'
2021-01-08 00:03:23 |INFO  |http-nio-8120-exec-1 |FrameworkServlet.java:547 |org.springframework.web.servlet.DispatcherServlet |Completed initialization in 4 ms
2021-01-08 00:03:28 |INFO  |http-nio-8120-exec-5 |FileController.java:59 |FileController |oss test被调用
2021-01-08 00:10:58 |INFO  |http-nio-8120-exec-6 |FileController.java:59 |FileController |oss test被调用
2021-01-08 00:11:40 |INFO  |http-nio-8120-exec-7 |FileController.java:59 |FileController |oss test被调用
2021-01-08 00:24:57 |INFO  |SpringContextShutdownHook |NacosServiceRegistry.java:74 |com.alibaba.cloud.nacos.registry.NacosServiceRegistry |De-registering from Nacos Server now...
2021-01-08 00:24:57 |INFO  |SpringContextShutdownHook |NacosServiceRegistry.java:93 |com.alibaba.cloud.nacos.registry.NacosServiceRegistry |De-registration finished.
2021-01-08 00:24:57 |INFO  |SpringContextShutdownHook |ExecutorConfigurationSupport.java:208 |org.springframework.scheduling.concurrent.ThreadPoolTaskExecutor |Shutting down ExecutorService 'applicationTaskExecutor'
2021-01-08 00:25:02 |INFO  |main |SpringApplication.java:655 |com.bit.jinggong.service.oss.ServiceOssApplication |The following profiles are active: dev
2021-01-08 00:25:02 |INFO  |main |GenericScope.java:295 |org.springframework.cloud.context.scope.GenericScope |BeanFactory id=d70d0150-f61a-3d41-b16a-cdf572a2df60
2021-01-08 00:25:02 |INFO  |main |PostProcessorRegistrationDelegate.java:330 |org.springframework.context.support.PostProcessorRegistrationDelegate$BeanPostProcessorChecker |Bean 'org.springframework.transaction.annotation.ProxyTransactionManagementConfiguration' of type [org.springframework.transaction.annotation.ProxyTransactionManagementConfiguration] is not eligible for getting processed by all BeanPostProcessors (for example: not eligible for auto-proxying)
2021-01-08 00:25:02 |INFO  |main |TomcatWebServer.java:92 |org.springframework.boot.web.embedded.tomcat.TomcatWebServer |Tomcat initialized with port(s): 8120 (http)
2021-01-08 00:25:02 |INFO  |main |DirectJDKLog.java:173 |org.apache.coyote.http11.Http11NioProtocol |Initializing ProtocolHandler ["http-nio-8120"]
2021-01-08 00:25:02 |INFO  |main |DirectJDKLog.java:173 |org.apache.catalina.core.StandardService |Starting service [Tomcat]
2021-01-08 00:25:02 |INFO  |main |DirectJDKLog.java:173 |org.apache.catalina.core.StandardEngine |Starting Servlet engine: [Apache Tomcat/9.0.29]
2021-01-08 00:25:02 |INFO  |main |DirectJDKLog.java:173 |org.apache.catalina.core.ContainerBase.[Tomcat].[localhost].[/] |Initializing Spring embedded WebApplicationContext
2021-01-08 00:25:02 |INFO  |main |ServletWebServerApplicationContext.java:284 |org.springframework.web.context.ContextLoader |Root WebApplicationContext: initialization completed in 813 ms
2021-01-08 00:25:03 |INFO  |main |PropertySourcedRequestMappingHandlerMapping.java:69 |springfox.documentation.spring.web.PropertySourcedRequestMappingHandlerMapping |Mapped URL path [/v2/api-docs] onto method [springfox.documentation.swagger2.web.Swagger2Controller#getDocumentation(String, HttpServletRequest)]
2021-01-08 00:25:03 |INFO  |main |URLConfigurationSource.java:122 |com.netflix.config.sources.URLConfigurationSource |To enable URLs as dynamic configuration sources, define System property archaius.configurationSource.additionalUrls or make config.properties available on classpath.
2021-01-08 00:25:03 |INFO  |main |URLConfigurationSource.java:122 |com.netflix.config.sources.URLConfigurationSource |To enable URLs as dynamic configuration sources, define System property archaius.configurationSource.additionalUrls or make config.properties available on classpath.
2021-01-08 00:25:03 |INFO  |main |ExecutorConfigurationSupport.java:171 |org.springframework.scheduling.concurrent.ThreadPoolTaskExecutor |Initializing ExecutorService 'applicationTaskExecutor'
2021-01-08 00:25:03 |INFO  |main |ExecutorConfigurationSupport.java:171 |org.springframework.scheduling.concurrent.ThreadPoolTaskScheduler |Initializing ExecutorService
2021-01-08 00:25:03 |INFO  |main |DocumentationPluginsBootstrapper.java:147 |springfox.documentation.spring.web.plugins.DocumentationPluginsBootstrapper |Context refreshed
2021-01-08 00:25:03 |INFO  |main |DocumentationPluginsBootstrapper.java:150 |springfox.documentation.spring.web.plugins.DocumentationPluginsBootstrapper |Found 2 custom documentation plugin(s)
2021-01-08 00:25:03 |INFO  |main |ApiListingReferenceScanner.java:41 |springfox.documentation.spring.web.scanners.ApiListingReferenceScanner |Scanning for api listing references
2021-01-08 00:25:03 |INFO  |main |ApiListingReferenceScanner.java:41 |springfox.documentation.spring.web.scanners.ApiListingReferenceScanner |Scanning for api listing references
2021-01-08 00:25:03 |INFO  |main |DirectJDKLog.java:173 |org.apache.coyote.http11.Http11NioProtocol |Starting ProtocolHandler ["http-nio-8120"]
2021-01-08 00:25:03 |INFO  |main |TomcatWebServer.java:204 |org.springframework.boot.web.embedded.tomcat.TomcatWebServer |Tomcat started on port(s): 8120 (http) with context path ''
2021-01-08 00:25:03 |INFO  |main |NacosServiceRegistry.java:62 |com.alibaba.cloud.nacos.registry.NacosServiceRegistry |nacos registry, service-oss 192.168.152.141:8120 register finished
2021-01-08 00:25:03 |INFO  |main |StartupInfoLogger.java:61 |com.bit.jinggong.service.oss.ServiceOssApplication |Started ServiceOssApplication in 2.331 seconds (JVM running for 2.711)
2021-01-08 00:25:08 |INFO  |http-nio-8120-exec-1 |DirectJDKLog.java:173 |org.apache.catalina.core.ContainerBase.[Tomcat].[localhost].[/] |Initializing Spring DispatcherServlet 'dispatcherServlet'
2021-01-08 00:25:08 |INFO  |http-nio-8120-exec-1 |FrameworkServlet.java:525 |org.springframework.web.servlet.DispatcherServlet |Initializing Servlet 'dispatcherServlet'
2021-01-08 00:25:08 |INFO  |http-nio-8120-exec-1 |FrameworkServlet.java:547 |org.springframework.web.servlet.DispatcherServlet |Completed initialization in 5 ms
2021-01-08 00:50:40 |INFO  |SpringContextShutdownHook |NacosServiceRegistry.java:74 |com.alibaba.cloud.nacos.registry.NacosServiceRegistry |De-registering from Nacos Server now...
2021-01-08 00:50:40 |INFO  |SpringContextShutdownHook |NacosServiceRegistry.java:93 |com.alibaba.cloud.nacos.registry.NacosServiceRegistry |De-registration finished.
2021-01-08 00:50:40 |INFO  |SpringContextShutdownHook |ExecutorConfigurationSupport.java:208 |org.springframework.scheduling.concurrent.ThreadPoolTaskExecutor |Shutting down ExecutorService 'applicationTaskExecutor'
2021-01-08 00:50:43 |INFO  |main |SpringApplication.java:655 |com.bit.jinggong.service.oss.ServiceOssApplication |The following profiles are active: dev
2021-01-08 00:50:43 |INFO  |main |GenericScope.java:295 |org.springframework.cloud.context.scope.GenericScope |BeanFactory id=d70d0150-f61a-3d41-b16a-cdf572a2df60
2021-01-08 00:50:43 |INFO  |main |PostProcessorRegistrationDelegate.java:330 |org.springframework.context.support.PostProcessorRegistrationDelegate$BeanPostProcessorChecker |Bean 'org.springframework.transaction.annotation.ProxyTransactionManagementConfiguration' of type [org.springframework.transaction.annotation.ProxyTransactionManagementConfiguration] is not eligible for getting processed by all BeanPostProcessors (for example: not eligible for auto-proxying)
2021-01-08 00:50:43 |INFO  |main |TomcatWebServer.java:92 |org.springframework.boot.web.embedded.tomcat.TomcatWebServer |Tomcat initialized with port(s): 8120 (http)
2021-01-08 00:50:43 |INFO  |main |DirectJDKLog.java:173 |org.apache.coyote.http11.Http11NioProtocol |Initializing ProtocolHandler ["http-nio-8120"]
2021-01-08 00:50:43 |INFO  |main |DirectJDKLog.java:173 |org.apache.catalina.core.StandardService |Starting service [Tomcat]
2021-01-08 00:50:43 |INFO  |main |DirectJDKLog.java:173 |org.apache.catalina.core.StandardEngine |Starting Servlet engine: [Apache Tomcat/9.0.29]
2021-01-08 00:50:43 |INFO  |main |DirectJDKLog.java:173 |org.apache.catalina.core.ContainerBase.[Tomcat].[localhost].[/] |Initializing Spring embedded WebApplicationContext
2021-01-08 00:50:43 |INFO  |main |ServletWebServerApplicationContext.java:284 |org.springframework.web.context.ContextLoader |Root WebApplicationContext: initialization completed in 795 ms
2021-01-08 00:50:44 |INFO  |main |PropertySourcedRequestMappingHandlerMapping.java:69 |springfox.documentation.spring.web.PropertySourcedRequestMappingHandlerMapping |Mapped URL path [/v2/api-docs] onto method [springfox.documentation.swagger2.web.Swagger2Controller#getDocumentation(String, HttpServletRequest)]
2021-01-08 00:50:44 |INFO  |main |URLConfigurationSource.java:122 |com.netflix.config.sources.URLConfigurationSource |To enable URLs as dynamic configuration sources, define System property archaius.configurationSource.additionalUrls or make config.properties available on classpath.
2021-01-08 00:50:44 |INFO  |main |URLConfigurationSource.java:122 |com.netflix.config.sources.URLConfigurationSource |To enable URLs as dynamic configuration sources, define System property archaius.configurationSource.additionalUrls or make config.properties available on classpath.
2021-01-08 00:50:44 |INFO  |main |ExecutorConfigurationSupport.java:171 |org.springframework.scheduling.concurrent.ThreadPoolTaskExecutor |Initializing ExecutorService 'applicationTaskExecutor'
2021-01-08 00:50:44 |INFO  |main |ExecutorConfigurationSupport.java:171 |org.springframework.scheduling.concurrent.ThreadPoolTaskScheduler |Initializing ExecutorService
2021-01-08 00:50:44 |INFO  |main |DocumentationPluginsBootstrapper.java:147 |springfox.documentation.spring.web.plugins.DocumentationPluginsBootstrapper |Context refreshed
2021-01-08 00:50:44 |INFO  |main |DocumentationPluginsBootstrapper.java:150 |springfox.documentation.spring.web.plugins.DocumentationPluginsBootstrapper |Found 2 custom documentation plugin(s)
2021-01-08 00:50:44 |INFO  |main |ApiListingReferenceScanner.java:41 |springfox.documentation.spring.web.scanners.ApiListingReferenceScanner |Scanning for api listing references
2021-01-08 00:50:44 |INFO  |main |ApiListingReferenceScanner.java:41 |springfox.documentation.spring.web.scanners.ApiListingReferenceScanner |Scanning for api listing references
2021-01-08 00:50:44 |INFO  |main |DirectJDKLog.java:173 |org.apache.coyote.http11.Http11NioProtocol |Starting ProtocolHandler ["http-nio-8120"]
2021-01-08 00:50:44 |INFO  |main |TomcatWebServer.java:204 |org.springframework.boot.web.embedded.tomcat.TomcatWebServer |Tomcat started on port(s): 8120 (http) with context path ''
2021-01-08 00:50:44 |INFO  |main |NacosServiceRegistry.java:62 |com.alibaba.cloud.nacos.registry.NacosServiceRegistry |nacos registry, service-oss 192.168.152.141:8120 register finished
2021-01-08 00:50:44 |INFO  |main |StartupInfoLogger.java:61 |com.bit.jinggong.service.oss.ServiceOssApplication |Started ServiceOssApplication in 2.295 seconds (JVM running for 2.759)
2021-01-08 00:51:29 |INFO  |http-nio-8120-exec-2 |DirectJDKLog.java:173 |org.apache.catalina.core.ContainerBase.[Tomcat].[localhost].[/] |Initializing Spring DispatcherServlet 'dispatcherServlet'
2021-01-08 00:51:29 |INFO  |http-nio-8120-exec-2 |FrameworkServlet.java:525 |org.springframework.web.servlet.DispatcherServlet |Initializing Servlet 'dispatcherServlet'
2021-01-08 00:51:29 |INFO  |http-nio-8120-exec-2 |FrameworkServlet.java:547 |org.springframework.web.servlet.DispatcherServlet |Completed initialization in 5 ms
2021-01-08 00:53:36 |INFO  |SpringContextShutdownHook |NacosServiceRegistry.java:74 |com.alibaba.cloud.nacos.registry.NacosServiceRegistry |De-registering from Nacos Server now...
2021-01-08 00:53:36 |INFO  |SpringContextShutdownHook |NacosServiceRegistry.java:93 |com.alibaba.cloud.nacos.registry.NacosServiceRegistry |De-registration finished.
2021-01-08 00:53:36 |INFO  |SpringContextShutdownHook |ExecutorConfigurationSupport.java:208 |org.springframework.scheduling.concurrent.ThreadPoolTaskExecutor |Shutting down ExecutorService 'applicationTaskExecutor'
2021-01-08 00:53:39 |INFO  |main |SpringApplication.java:655 |com.bit.jinggong.service.oss.ServiceOssApplication |The following profiles are active: dev
2021-01-08 00:53:39 |INFO  |main |GenericScope.java:295 |org.springframework.cloud.context.scope.GenericScope |BeanFactory id=d70d0150-f61a-3d41-b16a-cdf572a2df60
2021-01-08 00:53:39 |INFO  |main |PostProcessorRegistrationDelegate.java:330 |org.springframework.context.support.PostProcessorRegistrationDelegate$BeanPostProcessorChecker |Bean 'org.springframework.transaction.annotation.ProxyTransactionManagementConfiguration' of type [org.springframework.transaction.annotation.ProxyTransactionManagementConfiguration] is not eligible for getting processed by all BeanPostProcessors (for example: not eligible for auto-proxying)
2021-01-08 00:53:40 |INFO  |main |TomcatWebServer.java:92 |org.springframework.boot.web.embedded.tomcat.TomcatWebServer |Tomcat initialized with port(s): 8120 (http)
2021-01-08 00:53:40 |INFO  |main |DirectJDKLog.java:173 |org.apache.coyote.http11.Http11NioProtocol |Initializing ProtocolHandler ["http-nio-8120"]
2021-01-08 00:53:40 |INFO  |main |DirectJDKLog.java:173 |org.apache.catalina.core.StandardService |Starting service [Tomcat]
2021-01-08 00:53:40 |INFO  |main |DirectJDKLog.java:173 |org.apache.catalina.core.StandardEngine |Starting Servlet engine: [Apache Tomcat/9.0.29]
2021-01-08 00:53:40 |INFO  |main |DirectJDKLog.java:173 |org.apache.catalina.core.ContainerBase.[Tomcat].[localhost].[/] |Initializing Spring embedded WebApplicationContext
2021-01-08 00:53:40 |INFO  |main |ServletWebServerApplicationContext.java:284 |org.springframework.web.context.ContextLoader |Root WebApplicationContext: initialization completed in 807 ms
2021-01-08 00:53:40 |INFO  |main |PropertySourcedRequestMappingHandlerMapping.java:69 |springfox.documentation.spring.web.PropertySourcedRequestMappingHandlerMapping |Mapped URL path [/v2/api-docs] onto method [springfox.documentation.swagger2.web.Swagger2Controller#getDocumentation(String, HttpServletRequest)]
2021-01-08 00:53:40 |INFO  |main |URLConfigurationSource.java:122 |com.netflix.config.sources.URLConfigurationSource |To enable URLs as dynamic configuration sources, define System property archaius.configurationSource.additionalUrls or make config.properties available on classpath.
2021-01-08 00:53:40 |INFO  |main |URLConfigurationSource.java:122 |com.netflix.config.sources.URLConfigurationSource |To enable URLs as dynamic configuration sources, define System property archaius.configurationSource.additionalUrls or make config.properties available on classpath.
2021-01-08 00:53:40 |INFO  |main |ExecutorConfigurationSupport.java:171 |org.springframework.scheduling.concurrent.ThreadPoolTaskExecutor |Initializing ExecutorService 'applicationTaskExecutor'
2021-01-08 00:53:40 |INFO  |main |ExecutorConfigurationSupport.java:171 |org.springframework.scheduling.concurrent.ThreadPoolTaskScheduler |Initializing ExecutorService
2021-01-08 00:53:40 |INFO  |main |DocumentationPluginsBootstrapper.java:147 |springfox.documentation.spring.web.plugins.DocumentationPluginsBootstrapper |Context refreshed
2021-01-08 00:53:40 |INFO  |main |DocumentationPluginsBootstrapper.java:150 |springfox.documentation.spring.web.plugins.DocumentationPluginsBootstrapper |Found 2 custom documentation plugin(s)
2021-01-08 00:53:40 |INFO  |main |ApiListingReferenceScanner.java:41 |springfox.documentation.spring.web.scanners.ApiListingReferenceScanner |Scanning for api listing references
2021-01-08 00:53:40 |INFO  |main |ApiListingReferenceScanner.java:41 |springfox.documentation.spring.web.scanners.ApiListingReferenceScanner |Scanning for api listing references
2021-01-08 00:53:40 |INFO  |main |DirectJDKLog.java:173 |org.apache.coyote.http11.Http11NioProtocol |Starting ProtocolHandler ["http-nio-8120"]
2021-01-08 00:53:40 |INFO  |main |TomcatWebServer.java:204 |org.springframework.boot.web.embedded.tomcat.TomcatWebServer |Tomcat started on port(s): 8120 (http) with context path ''
2021-01-08 00:53:40 |INFO  |main |NacosServiceRegistry.java:62 |com.alibaba.cloud.nacos.registry.NacosServiceRegistry |nacos registry, service-oss 192.168.152.141:8120 register finished
2021-01-08 00:53:40 |INFO  |main |StartupInfoLogger.java:61 |com.bit.jinggong.service.oss.ServiceOssApplication |Started ServiceOssApplication in 2.481 seconds (JVM running for 2.956)
2021-01-08 01:00:43 |INFO  |SpringContextShutdownHook |NacosServiceRegistry.java:74 |com.alibaba.cloud.nacos.registry.NacosServiceRegistry |De-registering from Nacos Server now...
2021-01-08 01:00:43 |INFO  |SpringContextShutdownHook |NacosServiceRegistry.java:93 |com.alibaba.cloud.nacos.registry.NacosServiceRegistry |De-registration finished.
2021-01-08 01:00:43 |INFO  |SpringContextShutdownHook |ExecutorConfigurationSupport.java:208 |org.springframework.scheduling.concurrent.ThreadPoolTaskExecutor |Shutting down ExecutorService 'applicationTaskExecutor'
2021-01-09 17:56:24 |INFO  |main |SpringApplication.java:655 |com.bit.jinggong.service.oss.ServiceOssApplication |The following profiles are active: dev
2021-01-09 17:56:26 |INFO  |main |GenericScope.java:295 |org.springframework.cloud.context.scope.GenericScope |BeanFactory id=77978b44-ec2d-3c0f-b254-e41fa2a78a69
2021-01-09 17:56:26 |INFO  |main |PostProcessorRegistrationDelegate.java:330 |org.springframework.context.support.PostProcessorRegistrationDelegate$BeanPostProcessorChecker |Bean 'org.springframework.transaction.annotation.ProxyTransactionManagementConfiguration' of type [org.springframework.transaction.annotation.ProxyTransactionManagementConfiguration] is not eligible for getting processed by all BeanPostProcessors (for example: not eligible for auto-proxying)
2021-01-09 17:56:26 |INFO  |main |PostProcessorRegistrationDelegate.java:330 |org.springframework.context.support.PostProcessorRegistrationDelegate$BeanPostProcessorChecker |Bean 'spring.cloud.sentinel-com.alibaba.cloud.sentinel.SentinelProperties' of type [com.alibaba.cloud.sentinel.SentinelProperties] is not eligible for getting processed by all BeanPostProcessors (for example: not eligible for auto-proxying)
2021-01-09 17:56:26 |INFO  |main |PostProcessorRegistrationDelegate.java:330 |org.springframework.context.support.PostProcessorRegistrationDelegate$BeanPostProcessorChecker |Bean 'com.alibaba.cloud.sentinel.custom.SentinelAutoConfiguration' of type [com.alibaba.cloud.sentinel.custom.SentinelAutoConfiguration$$EnhancerBySpringCGLIB$$64b8155b] is not eligible for getting processed by all BeanPostProcessors (for example: not eligible for auto-proxying)
2021-01-09 17:56:27 |INFO  |main |TomcatWebServer.java:92 |org.springframework.boot.web.embedded.tomcat.TomcatWebServer |Tomcat initialized with port(s): 8120 (http)
2021-01-09 17:56:27 |INFO  |main |DirectJDKLog.java:173 |org.apache.coyote.http11.Http11NioProtocol |Initializing ProtocolHandler ["http-nio-8120"]
2021-01-09 17:56:27 |INFO  |main |DirectJDKLog.java:173 |org.apache.catalina.core.StandardService |Starting service [Tomcat]
2021-01-09 17:56:27 |INFO  |main |DirectJDKLog.java:173 |org.apache.catalina.core.StandardEngine |Starting Servlet engine: [Apache Tomcat/9.0.29]
2021-01-09 17:56:27 |INFO  |main |DirectJDKLog.java:173 |org.apache.catalina.core.ContainerBase.[Tomcat].[localhost].[/] |Initializing Spring embedded WebApplicationContext
2021-01-09 17:56:27 |INFO  |main |ServletWebServerApplicationContext.java:284 |org.springframework.web.context.ContextLoader |Root WebApplicationContext: initialization completed in 2502 ms
2021-01-09 17:56:27 |INFO  |main |SentinelWebAutoConfiguration.java:96 |com.alibaba.cloud.sentinel.SentinelWebAutoConfiguration |[Sentinel Starter] register Sentinel CommonFilter with urlPatterns: [/*].
2021-01-09 17:56:27 |INFO  |main |PropertySourcedRequestMappingHandlerMapping.java:69 |springfox.documentation.spring.web.PropertySourcedRequestMappingHandlerMapping |Mapped URL path [/v2/api-docs] onto method [springfox.documentation.swagger2.web.Swagger2Controller#getDocumentation(String, HttpServletRequest)]
2021-01-09 17:56:28 |INFO  |main |URLConfigurationSource.java:122 |com.netflix.config.sources.URLConfigurationSource |To enable URLs as dynamic configuration sources, define System property archaius.configurationSource.additionalUrls or make config.properties available on classpath.
2021-01-09 17:56:28 |INFO  |main |URLConfigurationSource.java:122 |com.netflix.config.sources.URLConfigurationSource |To enable URLs as dynamic configuration sources, define System property archaius.configurationSource.additionalUrls or make config.properties available on classpath.
2021-01-09 17:56:28 |INFO  |main |ExecutorConfigurationSupport.java:171 |org.springframework.scheduling.concurrent.ThreadPoolTaskExecutor |Initializing ExecutorService 'applicationTaskExecutor'
2021-01-09 17:56:28 |INFO  |main |ExecutorConfigurationSupport.java:171 |org.springframework.scheduling.concurrent.ThreadPoolTaskScheduler |Initializing ExecutorService
2021-01-09 17:56:28 |INFO  |main |DocumentationPluginsBootstrapper.java:147 |springfox.documentation.spring.web.plugins.DocumentationPluginsBootstrapper |Context refreshed
2021-01-09 17:56:28 |INFO  |main |DocumentationPluginsBootstrapper.java:150 |springfox.documentation.spring.web.plugins.DocumentationPluginsBootstrapper |Found 2 custom documentation plugin(s)
2021-01-09 17:56:28 |INFO  |main |ApiListingReferenceScanner.java:41 |springfox.documentation.spring.web.scanners.ApiListingReferenceScanner |Scanning for api listing references
2021-01-09 17:56:29 |INFO  |main |ApiListingReferenceScanner.java:41 |springfox.documentation.spring.web.scanners.ApiListingReferenceScanner |Scanning for api listing references
2021-01-09 17:56:29 |INFO  |main |DirectJDKLog.java:173 |org.apache.coyote.http11.Http11NioProtocol |Starting ProtocolHandler ["http-nio-8120"]
2021-01-09 17:56:29 |INFO  |main |TomcatWebServer.java:204 |org.springframework.boot.web.embedded.tomcat.TomcatWebServer |Tomcat started on port(s): 8120 (http) with context path ''
2021-01-09 17:56:29 |INFO  |main |NacosServiceRegistry.java:62 |com.alibaba.cloud.nacos.registry.NacosServiceRegistry |nacos registry, service-oss 192.168.152.141:8120 register finished
2021-01-09 17:56:29 |INFO  |main |StartupInfoLogger.java:61 |com.bit.jinggong.service.oss.ServiceOssApplication |Started ServiceOssApplication in 7.832 seconds (JVM running for 9.36)
2021-01-09 17:57:29 |INFO  |SpringContextShutdownHook |NacosServiceRegistry.java:74 |com.alibaba.cloud.nacos.registry.NacosServiceRegistry |De-registering from Nacos Server now...
2021-01-09 17:57:29 |INFO  |SpringContextShutdownHook |NacosServiceRegistry.java:93 |com.alibaba.cloud.nacos.registry.NacosServiceRegistry |De-registration finished.
2021-01-09 17:57:29 |INFO  |SpringContextShutdownHook |ExecutorConfigurationSupport.java:208 |org.springframework.scheduling.concurrent.ThreadPoolTaskExecutor |Shutting down ExecutorService 'applicationTaskExecutor'
2021-01-09 18:54:41 |INFO  |main |SpringApplication.java:655 |com.bit.jinggong.service.oss.ServiceOssApplication |The following profiles are active: dev
2021-01-09 18:54:43 |INFO  |main |GenericScope.java:295 |org.springframework.cloud.context.scope.GenericScope |BeanFactory id=77978b44-ec2d-3c0f-b254-e41fa2a78a69
2021-01-09 18:54:44 |INFO  |main |PostProcessorRegistrationDelegate.java:330 |org.springframework.context.support.PostProcessorRegistrationDelegate$BeanPostProcessorChecker |Bean 'org.springframework.transaction.annotation.ProxyTransactionManagementConfiguration' of type [org.springframework.transaction.annotation.ProxyTransactionManagementConfiguration] is not eligible for getting processed by all BeanPostProcessors (for example: not eligible for auto-proxying)
2021-01-09 18:54:44 |INFO  |main |PostProcessorRegistrationDelegate.java:330 |org.springframework.context.support.PostProcessorRegistrationDelegate$BeanPostProcessorChecker |Bean 'spring.cloud.sentinel-com.alibaba.cloud.sentinel.SentinelProperties' of type [com.alibaba.cloud.sentinel.SentinelProperties] is not eligible for getting processed by all BeanPostProcessors (for example: not eligible for auto-proxying)
2021-01-09 18:54:44 |INFO  |main |PostProcessorRegistrationDelegate.java:330 |org.springframework.context.support.PostProcessorRegistrationDelegate$BeanPostProcessorChecker |Bean 'com.alibaba.cloud.sentinel.custom.SentinelAutoConfiguration' of type [com.alibaba.cloud.sentinel.custom.SentinelAutoConfiguration$$EnhancerBySpringCGLIB$$6bb2d81e] is not eligible for getting processed by all BeanPostProcessors (for example: not eligible for auto-proxying)
2021-01-09 18:54:45 |INFO  |main |TomcatWebServer.java:92 |org.springframework.boot.web.embedded.tomcat.TomcatWebServer |Tomcat initialized with port(s): 8120 (http)
2021-01-09 18:54:45 |INFO  |main |DirectJDKLog.java:173 |org.apache.coyote.http11.Http11NioProtocol |Initializing ProtocolHandler ["http-nio-8120"]
2021-01-09 18:54:45 |INFO  |main |DirectJDKLog.java:173 |org.apache.catalina.core.StandardService |Starting service [Tomcat]
2021-01-09 18:54:45 |INFO  |main |DirectJDKLog.java:173 |org.apache.catalina.core.StandardEngine |Starting Servlet engine: [Apache Tomcat/9.0.29]
2021-01-09 18:54:45 |INFO  |main |DirectJDKLog.java:173 |org.apache.catalina.core.ContainerBase.[Tomcat].[localhost].[/] |Initializing Spring embedded WebApplicationContext
2021-01-09 18:54:45 |INFO  |main |ServletWebServerApplicationContext.java:284 |org.springframework.web.context.ContextLoader |Root WebApplicationContext: initialization completed in 3854 ms
2021-01-09 18:54:45 |INFO  |main |SentinelWebAutoConfiguration.java:96 |com.alibaba.cloud.sentinel.SentinelWebAutoConfiguration |[Sentinel Starter] register Sentinel CommonFilter with urlPatterns: [/*].
2021-01-09 18:54:46 |INFO  |main |PropertySourcedRequestMappingHandlerMapping.java:69 |springfox.documentation.spring.web.PropertySourcedRequestMappingHandlerMapping |Mapped URL path [/v2/api-docs] onto method [springfox.documentation.swagger2.web.Swagger2Controller#getDocumentation(String, HttpServletRequest)]
2021-01-09 18:54:46 |INFO  |main |URLConfigurationSource.java:122 |com.netflix.config.sources.URLConfigurationSource |To enable URLs as dynamic configuration sources, define System property archaius.configurationSource.additionalUrls or make config.properties available on classpath.
2021-01-09 18:54:46 |INFO  |main |URLConfigurationSource.java:122 |com.netflix.config.sources.URLConfigurationSource |To enable URLs as dynamic configuration sources, define System property archaius.configurationSource.additionalUrls or make config.properties available on classpath.
2021-01-09 18:54:46 |INFO  |main |ExecutorConfigurationSupport.java:171 |org.springframework.scheduling.concurrent.ThreadPoolTaskExecutor |Initializing ExecutorService 'applicationTaskExecutor'
2021-01-09 18:54:47 |INFO  |main |ExecutorConfigurationSupport.java:171 |org.springframework.scheduling.concurrent.ThreadPoolTaskScheduler |Initializing ExecutorService
2021-01-09 18:54:47 |INFO  |main |DocumentationPluginsBootstrapper.java:147 |springfox.documentation.spring.web.plugins.DocumentationPluginsBootstrapper |Context refreshed
2021-01-09 18:54:47 |INFO  |main |DocumentationPluginsBootstrapper.java:150 |springfox.documentation.spring.web.plugins.DocumentationPluginsBootstrapper |Found 2 custom documentation plugin(s)
2021-01-09 18:54:47 |INFO  |main |ApiListingReferenceScanner.java:41 |springfox.documentation.spring.web.scanners.ApiListingReferenceScanner |Scanning for api listing references
2021-01-09 18:54:48 |INFO  |main |ApiListingReferenceScanner.java:41 |springfox.documentation.spring.web.scanners.ApiListingReferenceScanner |Scanning for api listing references
2021-01-09 18:54:48 |INFO  |main |DirectJDKLog.java:173 |org.apache.coyote.http11.Http11NioProtocol |Starting ProtocolHandler ["http-nio-8120"]
2021-01-09 18:54:48 |INFO  |main |TomcatWebServer.java:204 |org.springframework.boot.web.embedded.tomcat.TomcatWebServer |Tomcat started on port(s): 8120 (http) with context path ''
2021-01-09 18:54:48 |INFO  |main |NacosServiceRegistry.java:62 |com.alibaba.cloud.nacos.registry.NacosServiceRegistry |nacos registry, service-oss 192.168.152.141:8120 register finished
2021-01-09 18:54:48 |INFO  |main |StartupInfoLogger.java:61 |com.bit.jinggong.service.oss.ServiceOssApplication |Started ServiceOssApplication in 9.6 seconds (JVM running for 11.14)
2021-01-09 20:12:20 |INFO  |SpringContextShutdownHook |NacosServiceRegistry.java:74 |com.alibaba.cloud.nacos.registry.NacosServiceRegistry |De-registering from Nacos Server now...
2021-01-09 20:12:20 |INFO  |SpringContextShutdownHook |NacosServiceRegistry.java:93 |com.alibaba.cloud.nacos.registry.NacosServiceRegistry |De-registration finished.
2021-01-09 20:12:20 |INFO  |SpringContextShutdownHook |ExecutorConfigurationSupport.java:208 |org.springframework.scheduling.concurrent.ThreadPoolTaskExecutor |Shutting down ExecutorService 'applicationTaskExecutor'
2021-01-09 21:58:33 |INFO  |main |SpringApplication.java:655 |com.bit.jinggong.service.oss.ServiceOssApplication |The following profiles are active: dev
2021-01-09 21:58:33 |INFO  |main |RepositoryConfigurationDelegate.java:249 |org.springframework.data.repository.config.RepositoryConfigurationDelegate |Multiple Spring Data modules found, entering strict repository configuration mode!
2021-01-09 21:58:33 |INFO  |main |RepositoryConfigurationDelegate.java:127 |org.springframework.data.repository.config.RepositoryConfigurationDelegate |Bootstrapping Spring Data Redis repositories in DEFAULT mode.
2021-01-09 21:58:33 |INFO  |main |RepositoryConfigurationDelegate.java:187 |org.springframework.data.repository.config.RepositoryConfigurationDelegate |Finished Spring Data repository scanning in 10ms. Found 0 Redis repository interfaces.
2021-01-09 21:58:33 |INFO  |main |GenericScope.java:295 |org.springframework.cloud.context.scope.GenericScope |BeanFactory id=4c0f8ee2-31d4-34d8-a360-94e1e3d6b857
2021-01-09 21:58:34 |INFO  |main |PostProcessorRegistrationDelegate.java:330 |org.springframework.context.support.PostProcessorRegistrationDelegate$BeanPostProcessorChecker |Bean 'org.springframework.transaction.annotation.ProxyTransactionManagementConfiguration' of type [org.springframework.transaction.annotation.ProxyTransactionManagementConfiguration] is not eligible for getting processed by all BeanPostProcessors (for example: not eligible for auto-proxying)
2021-01-09 21:58:34 |INFO  |main |PostProcessorRegistrationDelegate.java:330 |org.springframework.context.support.PostProcessorRegistrationDelegate$BeanPostProcessorChecker |Bean 'spring.cloud.sentinel-com.alibaba.cloud.sentinel.SentinelProperties' of type [com.alibaba.cloud.sentinel.SentinelProperties] is not eligible for getting processed by all BeanPostProcessors (for example: not eligible for auto-proxying)
2021-01-09 21:58:34 |INFO  |main |PostProcessorRegistrationDelegate.java:330 |org.springframework.context.support.PostProcessorRegistrationDelegate$BeanPostProcessorChecker |Bean 'com.alibaba.cloud.sentinel.custom.SentinelAutoConfiguration' of type [com.alibaba.cloud.sentinel.custom.SentinelAutoConfiguration$$EnhancerBySpringCGLIB$$d93108fb] is not eligible for getting processed by all BeanPostProcessors (for example: not eligible for auto-proxying)
2021-01-09 21:58:34 |INFO  |main |TomcatWebServer.java:92 |org.springframework.boot.web.embedded.tomcat.TomcatWebServer |Tomcat initialized with port(s): 8120 (http)
2021-01-09 21:58:34 |INFO  |main |DirectJDKLog.java:173 |org.apache.coyote.http11.Http11NioProtocol |Initializing ProtocolHandler ["http-nio-8120"]
2021-01-09 21:58:34 |INFO  |main |DirectJDKLog.java:173 |org.apache.catalina.core.StandardService |Starting service [Tomcat]
2021-01-09 21:58:34 |INFO  |main |DirectJDKLog.java:173 |org.apache.catalina.core.StandardEngine |Starting Servlet engine: [Apache Tomcat/9.0.29]
2021-01-09 21:58:34 |INFO  |main |DirectJDKLog.java:173 |org.apache.catalina.core.ContainerBase.[Tomcat].[localhost].[/] |Initializing Spring embedded WebApplicationContext
2021-01-09 21:58:34 |INFO  |main |ServletWebServerApplicationContext.java:284 |org.springframework.web.context.ContextLoader |Root WebApplicationContext: initialization completed in 1409 ms
2021-01-09 21:58:34 |INFO  |main |SentinelWebAutoConfiguration.java:96 |com.alibaba.cloud.sentinel.SentinelWebAutoConfiguration |[Sentinel Starter] register Sentinel CommonFilter with urlPatterns: [/*].
2021-01-09 21:58:35 |INFO  |main |PropertySourcedRequestMappingHandlerMapping.java:69 |springfox.documentation.spring.web.PropertySourcedRequestMappingHandlerMapping |Mapped URL path [/v2/api-docs] onto method [springfox.documentation.swagger2.web.Swagger2Controller#getDocumentation(String, HttpServletRequest)]
2021-01-09 21:58:35 |INFO  |main |URLConfigurationSource.java:122 |com.netflix.config.sources.URLConfigurationSource |To enable URLs as dynamic configuration sources, define System property archaius.configurationSource.additionalUrls or make config.properties available on classpath.
2021-01-09 21:58:35 |INFO  |main |URLConfigurationSource.java:122 |com.netflix.config.sources.URLConfigurationSource |To enable URLs as dynamic configuration sources, define System property archaius.configurationSource.additionalUrls or make config.properties available on classpath.
2021-01-09 21:58:35 |INFO  |main |ExecutorConfigurationSupport.java:171 |org.springframework.scheduling.concurrent.ThreadPoolTaskExecutor |Initializing ExecutorService 'applicationTaskExecutor'
2021-01-09 21:58:35 |INFO  |main |ExecutorConfigurationSupport.java:171 |org.springframework.scheduling.concurrent.ThreadPoolTaskScheduler |Initializing ExecutorService
2021-01-09 21:58:35 |INFO  |main |DocumentationPluginsBootstrapper.java:147 |springfox.documentation.spring.web.plugins.DocumentationPluginsBootstrapper |Context refreshed
2021-01-09 21:58:35 |INFO  |main |DocumentationPluginsBootstrapper.java:150 |springfox.documentation.spring.web.plugins.DocumentationPluginsBootstrapper |Found 2 custom documentation plugin(s)
2021-01-09 21:58:35 |INFO  |main |ApiListingReferenceScanner.java:41 |springfox.documentation.spring.web.scanners.ApiListingReferenceScanner |Scanning for api listing references
2021-01-09 21:58:35 |INFO  |main |ApiListingReferenceScanner.java:41 |springfox.documentation.spring.web.scanners.ApiListingReferenceScanner |Scanning for api listing references
2021-01-09 21:58:35 |INFO  |main |DirectJDKLog.java:173 |org.apache.coyote.http11.Http11NioProtocol |Starting ProtocolHandler ["http-nio-8120"]
2021-01-09 21:58:35 |INFO  |main |TomcatWebServer.java:204 |org.springframework.boot.web.embedded.tomcat.TomcatWebServer |Tomcat started on port(s): 8120 (http) with context path ''
2021-01-09 21:58:35 |INFO  |main |NacosServiceRegistry.java:62 |com.alibaba.cloud.nacos.registry.NacosServiceRegistry |nacos registry, service-oss 192.168.152.141:8120 register finished
2021-01-09 21:58:35 |INFO  |main |StartupInfoLogger.java:61 |com.bit.jinggong.service.oss.ServiceOssApplication |Started ServiceOssApplication in 3.458 seconds (JVM running for 4.009)
2021-01-09 22:01:03 |INFO  |http-nio-8120-exec-1 |DirectJDKLog.java:173 |org.apache.catalina.core.ContainerBase.[Tomcat].[localhost].[/] |Initializing Spring DispatcherServlet 'dispatcherServlet'
2021-01-09 22:01:03 |INFO  |http-nio-8120-exec-1 |FrameworkServlet.java:525 |org.springframework.web.servlet.DispatcherServlet |Initializing Servlet 'dispatcherServlet'
2021-01-09 22:01:03 |INFO  |http-nio-8120-exec-1 |FrameworkServlet.java:547 |org.springframework.web.servlet.DispatcherServlet |Completed initialization in 10 ms
2021-01-09 22:02:49 |INFO  |SpringContextShutdownHook |NacosServiceRegistry.java:74 |com.alibaba.cloud.nacos.registry.NacosServiceRegistry |De-registering from Nacos Server now...
2021-01-09 22:02:49 |INFO  |SpringContextShutdownHook |NacosServiceRegistry.java:93 |com.alibaba.cloud.nacos.registry.NacosServiceRegistry |De-registration finished.
2021-01-09 22:02:49 |INFO  |SpringContextShutdownHook |ExecutorConfigurationSupport.java:208 |org.springframework.scheduling.concurrent.ThreadPoolTaskExecutor |Shutting down ExecutorService 'applicationTaskExecutor'
