2021-01-14 18:38:05 |INFO  |main |LocalConfigInfoProcessor.java:195 |com.alibaba.nacos.client.config.impl.LocalConfigInfoProcessor |LOCAL_SNAPSHOT_PATH:/home/wang/nacos/config
2021-01-14 18:38:05 |INFO  |main |Limiter.java:53 |com.alibaba.nacos.client.config.impl.Limiter |limitTime:5.0
2021-01-14 18:38:06 |INFO  |main |PropertySourceBootstrapConfiguration.java:109 |org.springframework.cloud.bootstrap.config.PropertySourceBootstrapConfiguration |Located property source: [BootstrapPropertySource {name='bootstrapProperties-service-oss-dev.properties,DEFAULT_GROUP'}, BootstrapPropertySource {name='bootstrapProperties-service-oss.properties,DEFAULT_GROUP'}, BootstrapPropertySource {name='bootstrapProperties-service-oss,DEFAULT_GROUP'}]
2021-01-14 18:38:06 |INFO  |main |SpringApplication.java:655 |com.bit.jinggong.service.oss.ServiceOssApplication |The following profiles are active: dev
2021-01-14 18:38:07 |INFO  |main |RepositoryConfigurationDelegate.java:249 |org.springframework.data.repository.config.RepositoryConfigurationDelegate |Multiple Spring Data modules found, entering strict repository configuration mode!
2021-01-14 18:38:07 |INFO  |main |RepositoryConfigurationDelegate.java:127 |org.springframework.data.repository.config.RepositoryConfigurationDelegate |Bootstrapping Spring Data Redis repositories in DEFAULT mode.
2021-01-14 18:38:07 |INFO  |main |RepositoryConfigurationDelegate.java:187 |org.springframework.data.repository.config.RepositoryConfigurationDelegate |Finished Spring Data repository scanning in 6ms. Found 0 Redis repository interfaces.
2021-01-14 18:38:07 |INFO  |main |GenericScope.java:295 |org.springframework.cloud.context.scope.GenericScope |BeanFactory id=157a7cc4-5a89-3aa5-a31b-663a262cb4bd
2021-01-14 18:38:07 |INFO  |main |PostProcessorRegistrationDelegate.java:330 |org.springframework.context.support.PostProcessorRegistrationDelegate$BeanPostProcessorChecker |Bean 'org.springframework.transaction.annotation.ProxyTransactionManagementConfiguration' of type [org.springframework.transaction.annotation.ProxyTransactionManagementConfiguration] is not eligible for getting processed by all BeanPostProcessors (for example: not eligible for auto-proxying)
2021-01-14 18:38:07 |INFO  |main |PostProcessorRegistrationDelegate.java:330 |org.springframework.context.support.PostProcessorRegistrationDelegate$BeanPostProcessorChecker |Bean 'spring.cloud.sentinel-com.alibaba.cloud.sentinel.SentinelProperties' of type [com.alibaba.cloud.sentinel.SentinelProperties] is not eligible for getting processed by all BeanPostProcessors (for example: not eligible for auto-proxying)
2021-01-14 18:38:07 |INFO  |main |PostProcessorRegistrationDelegate.java:330 |org.springframework.context.support.PostProcessorRegistrationDelegate$BeanPostProcessorChecker |Bean 'com.alibaba.cloud.sentinel.custom.SentinelAutoConfiguration' of type [com.alibaba.cloud.sentinel.custom.SentinelAutoConfiguration] is not eligible for getting processed by all BeanPostProcessors (for example: not eligible for auto-proxying)
2021-01-14 18:38:08 |INFO  |main |TomcatWebServer.java:92 |org.springframework.boot.web.embedded.tomcat.TomcatWebServer |Tomcat initialized with port(s): 8120 (http)
2021-01-14 18:38:08 |INFO  |main |DirectJDKLog.java:173 |org.apache.coyote.http11.Http11NioProtocol |Initializing ProtocolHandler ["http-nio-8120"]
2021-01-14 18:38:08 |INFO  |main |DirectJDKLog.java:173 |org.apache.catalina.core.StandardService |Starting service [Tomcat]
2021-01-14 18:38:08 |INFO  |main |DirectJDKLog.java:173 |org.apache.catalina.core.StandardEngine |Starting Servlet engine: [Apache Tomcat/9.0.29]
2021-01-14 18:38:08 |INFO  |main |DirectJDKLog.java:173 |org.apache.catalina.core.ContainerBase.[Tomcat].[localhost].[/] |Initializing Spring embedded WebApplicationContext
2021-01-14 18:38:08 |INFO  |main |ServletWebServerApplicationContext.java:284 |org.springframework.web.context.ContextLoader |Root WebApplicationContext: initialization completed in 1180 ms
2021-01-14 18:38:08 |INFO  |main |SentinelWebAutoConfiguration.java:80 |com.alibaba.cloud.sentinel.SentinelWebAutoConfiguration |[Sentinel Starter] register SentinelWebInterceptor with urlPatterns: [/*].
2021-01-14 18:38:08 |INFO  |main |PropertySourcedRequestMappingHandlerMapping.java:69 |springfox.documentation.spring.web.PropertySourcedRequestMappingHandlerMapping |Mapped URL path [/v2/api-docs] onto method [springfox.documentation.swagger2.web.Swagger2Controller#getDocumentation(String, HttpServletRequest)]
2021-01-14 18:38:08 |INFO  |main |URLConfigurationSource.java:122 |com.netflix.config.sources.URLConfigurationSource |To enable URLs as dynamic configuration sources, define System property archaius.configurationSource.additionalUrls or make config.properties available on classpath.
2021-01-14 18:38:08 |INFO  |main |URLConfigurationSource.java:122 |com.netflix.config.sources.URLConfigurationSource |To enable URLs as dynamic configuration sources, define System property archaius.configurationSource.additionalUrls or make config.properties available on classpath.
2021-01-14 18:38:08 |INFO  |main |ExecutorConfigurationSupport.java:171 |org.springframework.scheduling.concurrent.ThreadPoolTaskExecutor |Initializing ExecutorService 'applicationTaskExecutor'
2021-01-14 18:38:08 |INFO  |main |ExecutorConfigurationSupport.java:171 |org.springframework.scheduling.concurrent.ThreadPoolTaskScheduler |Initializing ExecutorService 'Nacso-Watch-Task-Scheduler'
2021-01-14 18:38:08 |INFO  |main |InitUtils.java:56 |com.alibaba.nacos.client.naming |initializer namespace from System Property :null
2021-01-14 18:38:08 |INFO  |main |InitUtils.java:65 |com.alibaba.nacos.client.naming |initializer namespace from System Environment :null
2021-01-14 18:38:08 |INFO  |main |InitUtils.java:75 |com.alibaba.nacos.client.naming |initializer namespace from System Property :null
2021-01-14 18:38:09 |INFO  |main |DocumentationPluginsBootstrapper.java:147 |springfox.documentation.spring.web.plugins.DocumentationPluginsBootstrapper |Context refreshed
2021-01-14 18:38:09 |INFO  |main |DocumentationPluginsBootstrapper.java:150 |springfox.documentation.spring.web.plugins.DocumentationPluginsBootstrapper |Found 2 custom documentation plugin(s)
2021-01-14 18:38:09 |INFO  |main |ApiListingReferenceScanner.java:41 |springfox.documentation.spring.web.scanners.ApiListingReferenceScanner |Scanning for api listing references
2021-01-14 18:38:09 |INFO  |main |ApiListingReferenceScanner.java:41 |springfox.documentation.spring.web.scanners.ApiListingReferenceScanner |Scanning for api listing references
2021-01-14 18:38:09 |INFO  |main |DirectJDKLog.java:173 |org.apache.coyote.http11.Http11NioProtocol |Starting ProtocolHandler ["http-nio-8120"]
2021-01-14 18:38:09 |INFO  |main |TomcatWebServer.java:204 |org.springframework.boot.web.embedded.tomcat.TomcatWebServer |Tomcat started on port(s): 8120 (http) with context path ''
2021-01-14 18:38:09 |INFO  |main |BeatReactor.java:58 |com.alibaba.nacos.client.naming |[BEAT] adding beat: {"cluster":"DEFAULT","ip":"192.168.152.143","metadata":{"preserved.register.source":"SPRING_CLOUD"},"period":5000,"port":8120,"scheduled":false,"serviceName":"DEFAULT_GROUP@@service-oss","stopped":false,"weight":1.0} to beat map.
2021-01-14 18:38:09 |INFO  |main |NamingProxy.java:175 |com.alibaba.nacos.client.naming |[REGISTER-SERVICE] public registering service DEFAULT_GROUP@@service-oss with instance: {"clusterName":"DEFAULT","enabled":true,"ephemeral":true,"healthy":true,"instanceHeartBeatInterval":5000,"instanceHeartBeatTimeOut":15000,"ip":"192.168.152.143","ipDeleteTimeout":30000,"metadata":{"preserved.register.source":"SPRING_CLOUD"},"port":8120,"weight":1.0}
2021-01-14 18:38:09 |INFO  |main |DirectJDKLog.java:173 |org.apache.coyote.http11.Http11NioProtocol |Pausing ProtocolHandler ["http-nio-8120"]
2021-01-14 18:38:09 |INFO  |main |DirectJDKLog.java:173 |org.apache.catalina.core.StandardService |Stopping service [Tomcat]
2021-01-14 18:38:09 |INFO  |main |DirectJDKLog.java:173 |org.apache.coyote.http11.Http11NioProtocol |Stopping ProtocolHandler ["http-nio-8120"]
2021-01-14 18:38:09 |INFO  |main |DirectJDKLog.java:173 |org.apache.coyote.http11.Http11NioProtocol |Destroying ProtocolHandler ["http-nio-8120"]
2021-01-14 18:38:09 |INFO  |main |ConditionEvaluationReportLoggingListener.java:136 |org.springframework.boot.autoconfigure.logging.ConditionEvaluationReportLoggingListener |

Error starting ApplicationContext. To display the conditions report re-run your application with 'debug' enabled.
2021-01-14 18:38:09 |INFO  |main |ExecutorConfigurationSupport.java:208 |org.springframework.scheduling.concurrent.ThreadPoolTaskExecutor |Shutting down ExecutorService 'applicationTaskExecutor'
2021-01-14 18:40:50 |INFO  |main |LocalConfigInfoProcessor.java:195 |com.alibaba.nacos.client.config.impl.LocalConfigInfoProcessor |LOCAL_SNAPSHOT_PATH:/home/wang/nacos/config
2021-01-14 18:40:50 |INFO  |main |Limiter.java:53 |com.alibaba.nacos.client.config.impl.Limiter |limitTime:5.0
2021-01-14 18:40:50 |INFO  |main |PropertySourceBootstrapConfiguration.java:109 |org.springframework.cloud.bootstrap.config.PropertySourceBootstrapConfiguration |Located property source: [BootstrapPropertySource {name='bootstrapProperties-service-oss-dev.yaml,DEFAULT_GROUP'}, BootstrapPropertySource {name='bootstrapProperties-service-oss.yaml,DEFAULT_GROUP'}, BootstrapPropertySource {name='bootstrapProperties-service-oss,DEFAULT_GROUP'}]
2021-01-14 18:40:50 |INFO  |main |SpringApplication.java:655 |com.bit.jinggong.service.oss.ServiceOssApplication |The following profiles are active: dev
2021-01-14 18:40:51 |INFO  |main |RepositoryConfigurationDelegate.java:249 |org.springframework.data.repository.config.RepositoryConfigurationDelegate |Multiple Spring Data modules found, entering strict repository configuration mode!
2021-01-14 18:40:51 |INFO  |main |RepositoryConfigurationDelegate.java:127 |org.springframework.data.repository.config.RepositoryConfigurationDelegate |Bootstrapping Spring Data Redis repositories in DEFAULT mode.
2021-01-14 18:40:51 |INFO  |main |RepositoryConfigurationDelegate.java:187 |org.springframework.data.repository.config.RepositoryConfigurationDelegate |Finished Spring Data repository scanning in 6ms. Found 0 Redis repository interfaces.
2021-01-14 18:40:51 |INFO  |main |GenericScope.java:295 |org.springframework.cloud.context.scope.GenericScope |BeanFactory id=157a7cc4-5a89-3aa5-a31b-663a262cb4bd
2021-01-14 18:40:51 |INFO  |main |PostProcessorRegistrationDelegate.java:330 |org.springframework.context.support.PostProcessorRegistrationDelegate$BeanPostProcessorChecker |Bean 'org.springframework.transaction.annotation.ProxyTransactionManagementConfiguration' of type [org.springframework.transaction.annotation.ProxyTransactionManagementConfiguration] is not eligible for getting processed by all BeanPostProcessors (for example: not eligible for auto-proxying)
2021-01-14 18:40:51 |INFO  |main |PostProcessorRegistrationDelegate.java:330 |org.springframework.context.support.PostProcessorRegistrationDelegate$BeanPostProcessorChecker |Bean 'spring.cloud.sentinel-com.alibaba.cloud.sentinel.SentinelProperties' of type [com.alibaba.cloud.sentinel.SentinelProperties] is not eligible for getting processed by all BeanPostProcessors (for example: not eligible for auto-proxying)
2021-01-14 18:40:51 |INFO  |main |PostProcessorRegistrationDelegate.java:330 |org.springframework.context.support.PostProcessorRegistrationDelegate$BeanPostProcessorChecker |Bean 'com.alibaba.cloud.sentinel.custom.SentinelAutoConfiguration' of type [com.alibaba.cloud.sentinel.custom.SentinelAutoConfiguration] is not eligible for getting processed by all BeanPostProcessors (for example: not eligible for auto-proxying)
2021-01-14 18:40:52 |INFO  |main |TomcatWebServer.java:92 |org.springframework.boot.web.embedded.tomcat.TomcatWebServer |Tomcat initialized with port(s): 8120 (http)
2021-01-14 18:40:52 |INFO  |main |DirectJDKLog.java:173 |org.apache.coyote.http11.Http11NioProtocol |Initializing ProtocolHandler ["http-nio-8120"]
2021-01-14 18:40:52 |INFO  |main |DirectJDKLog.java:173 |org.apache.catalina.core.StandardService |Starting service [Tomcat]
2021-01-14 18:40:52 |INFO  |main |DirectJDKLog.java:173 |org.apache.catalina.core.StandardEngine |Starting Servlet engine: [Apache Tomcat/9.0.29]
2021-01-14 18:40:52 |INFO  |main |DirectJDKLog.java:173 |org.apache.catalina.core.ContainerBase.[Tomcat].[localhost].[/] |Initializing Spring embedded WebApplicationContext
2021-01-14 18:40:52 |INFO  |main |ServletWebServerApplicationContext.java:284 |org.springframework.web.context.ContextLoader |Root WebApplicationContext: initialization completed in 1170 ms
2021-01-14 18:40:52 |INFO  |main |SentinelWebAutoConfiguration.java:80 |com.alibaba.cloud.sentinel.SentinelWebAutoConfiguration |[Sentinel Starter] register SentinelWebInterceptor with urlPatterns: [/*].
2021-01-14 18:40:52 |INFO  |main |PropertySourcedRequestMappingHandlerMapping.java:69 |springfox.documentation.spring.web.PropertySourcedRequestMappingHandlerMapping |Mapped URL path [/v2/api-docs] onto method [springfox.documentation.swagger2.web.Swagger2Controller#getDocumentation(String, HttpServletRequest)]
2021-01-14 18:40:52 |INFO  |main |URLConfigurationSource.java:122 |com.netflix.config.sources.URLConfigurationSource |To enable URLs as dynamic configuration sources, define System property archaius.configurationSource.additionalUrls or make config.properties available on classpath.
2021-01-14 18:40:52 |INFO  |main |URLConfigurationSource.java:122 |com.netflix.config.sources.URLConfigurationSource |To enable URLs as dynamic configuration sources, define System property archaius.configurationSource.additionalUrls or make config.properties available on classpath.
2021-01-14 18:40:52 |INFO  |main |ExecutorConfigurationSupport.java:171 |org.springframework.scheduling.concurrent.ThreadPoolTaskExecutor |Initializing ExecutorService 'applicationTaskExecutor'
2021-01-14 18:40:52 |INFO  |main |ExecutorConfigurationSupport.java:171 |org.springframework.scheduling.concurrent.ThreadPoolTaskScheduler |Initializing ExecutorService 'Nacso-Watch-Task-Scheduler'
2021-01-14 18:40:52 |INFO  |main |InitUtils.java:56 |com.alibaba.nacos.client.naming |initializer namespace from System Property :null
2021-01-14 18:40:52 |INFO  |main |InitUtils.java:65 |com.alibaba.nacos.client.naming |initializer namespace from System Environment :null
2021-01-14 18:40:52 |INFO  |main |InitUtils.java:75 |com.alibaba.nacos.client.naming |initializer namespace from System Property :null
2021-01-14 18:40:53 |INFO  |main |DocumentationPluginsBootstrapper.java:147 |springfox.documentation.spring.web.plugins.DocumentationPluginsBootstrapper |Context refreshed
2021-01-14 18:40:53 |INFO  |main |DocumentationPluginsBootstrapper.java:150 |springfox.documentation.spring.web.plugins.DocumentationPluginsBootstrapper |Found 2 custom documentation plugin(s)
2021-01-14 18:40:53 |INFO  |main |ApiListingReferenceScanner.java:41 |springfox.documentation.spring.web.scanners.ApiListingReferenceScanner |Scanning for api listing references
2021-01-14 18:40:53 |INFO  |main |ApiListingReferenceScanner.java:41 |springfox.documentation.spring.web.scanners.ApiListingReferenceScanner |Scanning for api listing references
2021-01-14 18:40:53 |INFO  |main |DirectJDKLog.java:173 |org.apache.coyote.http11.Http11NioProtocol |Starting ProtocolHandler ["http-nio-8120"]
2021-01-14 18:40:53 |INFO  |main |TomcatWebServer.java:204 |org.springframework.boot.web.embedded.tomcat.TomcatWebServer |Tomcat started on port(s): 8120 (http) with context path ''
2021-01-14 18:40:53 |INFO  |main |BeatReactor.java:58 |com.alibaba.nacos.client.naming |[BEAT] adding beat: {"cluster":"DEFAULT","ip":"192.168.152.143","metadata":{"preserved.register.source":"SPRING_CLOUD"},"period":5000,"port":8120,"scheduled":false,"serviceName":"DEFAULT_GROUP@@service-oss","stopped":false,"weight":1.0} to beat map.
2021-01-14 18:40:53 |INFO  |main |NamingProxy.java:175 |com.alibaba.nacos.client.naming |[REGISTER-SERVICE] public registering service DEFAULT_GROUP@@service-oss with instance: {"clusterName":"DEFAULT","enabled":true,"ephemeral":true,"healthy":true,"instanceHeartBeatInterval":5000,"instanceHeartBeatTimeOut":15000,"ip":"192.168.152.143","ipDeleteTimeout":30000,"metadata":{"preserved.register.source":"SPRING_CLOUD"},"port":8120,"weight":1.0}
2021-01-14 18:40:53 |INFO  |main |NacosServiceRegistry.java:65 |com.alibaba.cloud.nacos.registry.NacosServiceRegistry |nacos registry, DEFAULT_GROUP service-oss 192.168.152.143:8120 register finished
2021-01-14 18:40:53 |INFO  |main |StartupInfoLogger.java:61 |com.bit.jinggong.service.oss.ServiceOssApplication |Started ServiceOssApplication in 3.337 seconds (JVM running for 3.758)
2021-01-14 18:40:53 |INFO  |main |ClientWorker.java:202 |com.alibaba.nacos.client.config.impl.ClientWorker |[fixed-39.102.46.244_8848] [subscribe] service-oss+DEFAULT_GROUP
2021-01-14 18:40:53 |INFO  |main |CacheData.java:79 |com.alibaba.nacos.client.config.impl.CacheData |[fixed-39.102.46.244_8848] [add-listener] ok, tenant=, dataId=service-oss, group=DEFAULT_GROUP, cnt=1
2021-01-14 18:40:53 |INFO  |main |ClientWorker.java:202 |com.alibaba.nacos.client.config.impl.ClientWorker |[fixed-39.102.46.244_8848] [subscribe] service-oss.yaml+DEFAULT_GROUP
2021-01-14 18:40:53 |INFO  |main |CacheData.java:79 |com.alibaba.nacos.client.config.impl.CacheData |[fixed-39.102.46.244_8848] [add-listener] ok, tenant=, dataId=service-oss.yaml, group=DEFAULT_GROUP, cnt=1
2021-01-14 18:40:53 |INFO  |main |ClientWorker.java:202 |com.alibaba.nacos.client.config.impl.ClientWorker |[fixed-39.102.46.244_8848] [subscribe] service-oss-dev.yaml+DEFAULT_GROUP
2021-01-14 18:40:53 |INFO  |main |CacheData.java:79 |com.alibaba.nacos.client.config.impl.CacheData |[fixed-39.102.46.244_8848] [add-listener] ok, tenant=, dataId=service-oss-dev.yaml, group=DEFAULT_GROUP, cnt=1
2021-01-14 18:43:30 |INFO  |http-nio-8120-exec-1 |DirectJDKLog.java:173 |org.apache.catalina.core.ContainerBase.[Tomcat].[localhost].[/] |Initializing Spring DispatcherServlet 'dispatcherServlet'
2021-01-14 18:43:30 |INFO  |http-nio-8120-exec-1 |FrameworkServlet.java:525 |org.springframework.web.servlet.DispatcherServlet |Initializing Servlet 'dispatcherServlet'
2021-01-14 18:43:30 |INFO  |http-nio-8120-exec-1 |FrameworkServlet.java:547 |org.springframework.web.servlet.DispatcherServlet |Completed initialization in 5 ms
