2021-01-16 03:33:06 |WARN  |com.alibaba.nacos.naming.beat.sender |HttpClient.java:95 |com.alibaba.nacos.client.naming |failed to request http://39.102.46.244:8848/nacos/v1/ns/instance/beat?beat=%7B%22cluster%22%3A%22DEFAULT%22%2C%22ip%22%3A%22192.168.152.143%22%2C%22metadata%22%3A%7B%22preserved.register.source%22%3A%22SPRING_CLOUD%22%7D%2C%22period%22%3A5000%2C%22port%22%3A8170%2C%22scheduled%22%3Afalse%2C%22serviceName%22%3A%22DEFAULT_GROUP%40%40service-trade%22%2C%22stopped%22%3Afalse%2C%22weight%22%3A1.0%7D&app=service-trade&serviceName=DEFAULT_GROUP%40%40service-trade&encoding=UTF-8&namespaceId=public from 39.102.46.244
2021-01-16 03:41:44 |WARN  |main |NacosPropertySourceBuilder.java:87 |com.alibaba.cloud.nacos.client.NacosPropertySourceBuilder |Ignore the empty nacos configuration and get it based on dataId[service-trade] & group[DEFAULT_GROUP]
2021-01-16 03:41:44 |WARN  |main |NacosPropertySourceBuilder.java:87 |com.alibaba.cloud.nacos.client.NacosPropertySourceBuilder |Ignore the empty nacos configuration and get it based on dataId[service-trade.yaml] & group[DEFAULT_GROUP]
2021-01-16 03:41:44 |WARN  |main |NacosPropertySourceBuilder.java:87 |com.alibaba.cloud.nacos.client.NacosPropertySourceBuilder |Ignore the empty nacos configuration and get it based on dataId[service-trade-dev.yaml] & group[DEFAULT_GROUP]
2021-01-16 03:41:47 |WARN  |main |URLConfigurationSource.java:121 |com.netflix.config.sources.URLConfigurationSource |No URLs will be polled as dynamic configuration sources.
2021-01-16 03:41:47 |WARN  |main |URLConfigurationSource.java:121 |com.netflix.config.sources.URLConfigurationSource |No URLs will be polled as dynamic configuration sources.
2021-01-16 04:15:51 |WARN  |main |NacosPropertySourceBuilder.java:87 |com.alibaba.cloud.nacos.client.NacosPropertySourceBuilder |Ignore the empty nacos configuration and get it based on dataId[service-trade] & group[DEFAULT_GROUP]
2021-01-16 04:15:51 |WARN  |main |NacosPropertySourceBuilder.java:87 |com.alibaba.cloud.nacos.client.NacosPropertySourceBuilder |Ignore the empty nacos configuration and get it based on dataId[service-trade.yaml] & group[DEFAULT_GROUP]
2021-01-16 04:15:51 |WARN  |main |NacosPropertySourceBuilder.java:87 |com.alibaba.cloud.nacos.client.NacosPropertySourceBuilder |Ignore the empty nacos configuration and get it based on dataId[service-trade-dev.yaml] & group[DEFAULT_GROUP]
2021-01-16 04:15:53 |WARN  |main |URLConfigurationSource.java:121 |com.netflix.config.sources.URLConfigurationSource |No URLs will be polled as dynamic configuration sources.
2021-01-16 04:15:53 |WARN  |main |URLConfigurationSource.java:121 |com.netflix.config.sources.URLConfigurationSource |No URLs will be polled as dynamic configuration sources.
2021-01-16 04:17:15 |WARN  |main |NacosPropertySourceBuilder.java:87 |com.alibaba.cloud.nacos.client.NacosPropertySourceBuilder |Ignore the empty nacos configuration and get it based on dataId[service-trade] & group[DEFAULT_GROUP]
2021-01-16 04:17:15 |WARN  |main |NacosPropertySourceBuilder.java:87 |com.alibaba.cloud.nacos.client.NacosPropertySourceBuilder |Ignore the empty nacos configuration and get it based on dataId[service-trade.yaml] & group[DEFAULT_GROUP]
2021-01-16 04:17:15 |WARN  |main |NacosPropertySourceBuilder.java:87 |com.alibaba.cloud.nacos.client.NacosPropertySourceBuilder |Ignore the empty nacos configuration and get it based on dataId[service-trade-dev.yaml] & group[DEFAULT_GROUP]
2021-01-16 04:17:17 |WARN  |main |URLConfigurationSource.java:121 |com.netflix.config.sources.URLConfigurationSource |No URLs will be polled as dynamic configuration sources.
2021-01-16 04:17:17 |WARN  |main |URLConfigurationSource.java:121 |com.netflix.config.sources.URLConfigurationSource |No URLs will be polled as dynamic configuration sources.
2021-01-16 04:26:00 |WARN  |com.alibaba.nacos.client.naming.updater |HttpClient.java:95 |com.alibaba.nacos.client.naming |failed to request http://39.102.46.244:8848/nacos/v1/ns/instance/list?app=service-trade&healthyOnly=false&namespaceId=public&clientIP=127.0.1.1&serviceName=DEFAULT_GROUP%40%40service-edu&udpPort=50190&encoding=UTF-8 from 39.102.46.244
2021-01-16 04:41:40 |WARN  |main |NacosPropertySourceBuilder.java:87 |com.alibaba.cloud.nacos.client.NacosPropertySourceBuilder |Ignore the empty nacos configuration and get it based on dataId[service-trade] & group[DEFAULT_GROUP]
2021-01-16 04:41:40 |WARN  |main |NacosPropertySourceBuilder.java:87 |com.alibaba.cloud.nacos.client.NacosPropertySourceBuilder |Ignore the empty nacos configuration and get it based on dataId[service-trade.yaml] & group[DEFAULT_GROUP]
2021-01-16 04:41:40 |WARN  |main |NacosPropertySourceBuilder.java:87 |com.alibaba.cloud.nacos.client.NacosPropertySourceBuilder |Ignore the empty nacos configuration and get it based on dataId[service-trade-dev.yaml] & group[DEFAULT_GROUP]
2021-01-16 04:41:42 |WARN  |main |URLConfigurationSource.java:121 |com.netflix.config.sources.URLConfigurationSource |No URLs will be polled as dynamic configuration sources.
2021-01-16 04:41:42 |WARN  |main |URLConfigurationSource.java:121 |com.netflix.config.sources.URLConfigurationSource |No URLs will be polled as dynamic configuration sources.
2021-01-16 04:44:01 |WARN  |main |NacosPropertySourceBuilder.java:87 |com.alibaba.cloud.nacos.client.NacosPropertySourceBuilder |Ignore the empty nacos configuration and get it based on dataId[service-trade] & group[DEFAULT_GROUP]
2021-01-16 04:44:01 |WARN  |main |NacosPropertySourceBuilder.java:87 |com.alibaba.cloud.nacos.client.NacosPropertySourceBuilder |Ignore the empty nacos configuration and get it based on dataId[service-trade.yaml] & group[DEFAULT_GROUP]
2021-01-16 04:44:01 |WARN  |main |NacosPropertySourceBuilder.java:87 |com.alibaba.cloud.nacos.client.NacosPropertySourceBuilder |Ignore the empty nacos configuration and get it based on dataId[service-trade-dev.yaml] & group[DEFAULT_GROUP]
2021-01-16 04:44:03 |WARN  |main |URLConfigurationSource.java:121 |com.netflix.config.sources.URLConfigurationSource |No URLs will be polled as dynamic configuration sources.
2021-01-16 04:44:03 |WARN  |main |URLConfigurationSource.java:121 |com.netflix.config.sources.URLConfigurationSource |No URLs will be polled as dynamic configuration sources.
2021-01-16 05:00:46 |WARN  |http-nio-8170-exec-2 |PoolBase.java:179 |com.zaxxer.hikari.pool.PoolBase |HikariPool-1 - Failed to validate connection com.mysql.cj.jdbc.ConnectionImpl@6568aa62 (No operations allowed after connection closed.). Possibly consider using a shorter maxLifetime value.
2021-01-16 05:00:49 |WARN  |http-nio-8170-exec-3 |PoolBase.java:179 |com.zaxxer.hikari.pool.PoolBase |HikariPool-1 - Failed to validate connection com.mysql.cj.jdbc.ConnectionImpl@557761eb (No operations allowed after connection closed.). Possibly consider using a shorter maxLifetime value.
2021-01-16 05:00:51 |WARN  |http-nio-8170-exec-2 |PoolBase.java:179 |com.zaxxer.hikari.pool.PoolBase |HikariPool-1 - Failed to validate connection com.mysql.cj.jdbc.ConnectionImpl@7050361f (No operations allowed after connection closed.). Possibly consider using a shorter maxLifetime value.
2021-01-16 05:00:54 |WARN  |http-nio-8170-exec-3 |PoolBase.java:179 |com.zaxxer.hikari.pool.PoolBase |HikariPool-1 - Failed to validate connection com.mysql.cj.jdbc.ConnectionImpl@1d30da1 (No operations allowed after connection closed.). Possibly consider using a shorter maxLifetime value.
2021-01-16 05:00:56 |WARN  |http-nio-8170-exec-2 |PoolBase.java:179 |com.zaxxer.hikari.pool.PoolBase |HikariPool-1 - Failed to validate connection com.mysql.cj.jdbc.ConnectionImpl@4758f2ee (No operations allowed after connection closed.). Possibly consider using a shorter maxLifetime value.
2021-01-16 05:00:59 |WARN  |http-nio-8170-exec-3 |PoolBase.java:179 |com.zaxxer.hikari.pool.PoolBase |HikariPool-1 - Failed to validate connection com.mysql.cj.jdbc.ConnectionImpl@5c37cd27 (No operations allowed after connection closed.). Possibly consider using a shorter maxLifetime value.
2021-01-16 05:02:16 |WARN  |main |NacosPropertySourceBuilder.java:87 |com.alibaba.cloud.nacos.client.NacosPropertySourceBuilder |Ignore the empty nacos configuration and get it based on dataId[service-trade] & group[DEFAULT_GROUP]
2021-01-16 05:02:16 |WARN  |main |NacosPropertySourceBuilder.java:87 |com.alibaba.cloud.nacos.client.NacosPropertySourceBuilder |Ignore the empty nacos configuration and get it based on dataId[service-trade.yaml] & group[DEFAULT_GROUP]
2021-01-16 05:02:16 |WARN  |main |NacosPropertySourceBuilder.java:87 |com.alibaba.cloud.nacos.client.NacosPropertySourceBuilder |Ignore the empty nacos configuration and get it based on dataId[service-trade-dev.yaml] & group[DEFAULT_GROUP]
2021-01-16 05:02:18 |WARN  |main |URLConfigurationSource.java:121 |com.netflix.config.sources.URLConfigurationSource |No URLs will be polled as dynamic configuration sources.
2021-01-16 05:02:18 |WARN  |main |URLConfigurationSource.java:121 |com.netflix.config.sources.URLConfigurationSource |No URLs will be polled as dynamic configuration sources.
2021-01-16 05:22:26 |WARN  |main |NacosPropertySourceBuilder.java:87 |com.alibaba.cloud.nacos.client.NacosPropertySourceBuilder |Ignore the empty nacos configuration and get it based on dataId[service-trade] & group[DEFAULT_GROUP]
2021-01-16 05:22:26 |WARN  |main |NacosPropertySourceBuilder.java:87 |com.alibaba.cloud.nacos.client.NacosPropertySourceBuilder |Ignore the empty nacos configuration and get it based on dataId[service-trade.yaml] & group[DEFAULT_GROUP]
2021-01-16 05:22:26 |WARN  |main |NacosPropertySourceBuilder.java:87 |com.alibaba.cloud.nacos.client.NacosPropertySourceBuilder |Ignore the empty nacos configuration and get it based on dataId[service-trade-dev.yaml] & group[DEFAULT_GROUP]
2021-01-16 05:22:28 |WARN  |main |URLConfigurationSource.java:121 |com.netflix.config.sources.URLConfigurationSource |No URLs will be polled as dynamic configuration sources.
2021-01-16 05:22:28 |WARN  |main |URLConfigurationSource.java:121 |com.netflix.config.sources.URLConfigurationSource |No URLs will be polled as dynamic configuration sources.
2021-01-16 05:23:49 |WARN  |main |NacosPropertySourceBuilder.java:87 |com.alibaba.cloud.nacos.client.NacosPropertySourceBuilder |Ignore the empty nacos configuration and get it based on dataId[service-trade] & group[DEFAULT_GROUP]
2021-01-16 05:23:49 |WARN  |main |NacosPropertySourceBuilder.java:87 |com.alibaba.cloud.nacos.client.NacosPropertySourceBuilder |Ignore the empty nacos configuration and get it based on dataId[service-trade.yaml] & group[DEFAULT_GROUP]
2021-01-16 05:23:49 |WARN  |main |NacosPropertySourceBuilder.java:87 |com.alibaba.cloud.nacos.client.NacosPropertySourceBuilder |Ignore the empty nacos configuration and get it based on dataId[service-trade-dev.yaml] & group[DEFAULT_GROUP]
2021-01-16 05:23:51 |WARN  |main |URLConfigurationSource.java:121 |com.netflix.config.sources.URLConfigurationSource |No URLs will be polled as dynamic configuration sources.
2021-01-16 05:23:51 |WARN  |main |URLConfigurationSource.java:121 |com.netflix.config.sources.URLConfigurationSource |No URLs will be polled as dynamic configuration sources.
2021-01-16 08:24:20 |WARN  |main |NacosPropertySourceBuilder.java:87 |com.alibaba.cloud.nacos.client.NacosPropertySourceBuilder |Ignore the empty nacos configuration and get it based on dataId[service-trade] & group[DEFAULT_GROUP]
2021-01-16 08:24:20 |WARN  |main |NacosPropertySourceBuilder.java:87 |com.alibaba.cloud.nacos.client.NacosPropertySourceBuilder |Ignore the empty nacos configuration and get it based on dataId[service-trade.yaml] & group[DEFAULT_GROUP]
2021-01-16 08:24:20 |WARN  |main |NacosPropertySourceBuilder.java:87 |com.alibaba.cloud.nacos.client.NacosPropertySourceBuilder |Ignore the empty nacos configuration and get it based on dataId[service-trade-dev.yaml] & group[DEFAULT_GROUP]
2021-01-16 08:24:22 |WARN  |main |URLConfigurationSource.java:121 |com.netflix.config.sources.URLConfigurationSource |No URLs will be polled as dynamic configuration sources.
2021-01-16 08:24:22 |WARN  |main |URLConfigurationSource.java:121 |com.netflix.config.sources.URLConfigurationSource |No URLs will be polled as dynamic configuration sources.
