2021-01-14 00:09:52 |WARN  |main |NacosPropertySourceBuilder.java:87 |com.alibaba.cloud.nacos.client.NacosPropertySourceBuilder |Ignore the empty nacos configuration and get it based on dataId[service-edu] & group[DEFAULT_GROUP]
2021-01-14 00:09:52 |WARN  |main |NacosPropertySourceBuilder.java:87 |com.alibaba.cloud.nacos.client.NacosPropertySourceBuilder |Ignore the empty nacos configuration and get it based on dataId[service-edu-dev.yaml] & group[DEFAULT_GROUP]
2021-01-14 00:09:56 |WARN  |main |URLConfigurationSource.java:121 |com.netflix.config.sources.URLConfigurationSource |No URLs will be polled as dynamic configuration sources.
2021-01-14 00:09:56 |WARN  |main |URLConfigurationSource.java:121 |com.netflix.config.sources.URLConfigurationSource |No URLs will be polled as dynamic configuration sources.
2021-01-14 00:59:04 |WARN  |com.alibaba.nacos.naming.beat.sender |HttpClient.java:95 |com.alibaba.nacos.client.naming |failed to request http://39.102.46.244:8848/nacos/v1/ns/instance/beat?beat=%7B%22cluster%22%3A%22DEFAULT%22%2C%22ip%22%3A%22192.168.152.143%22%2C%22metadata%22%3A%7B%22preserved.register.source%22%3A%22SPRING_CLOUD%22%7D%2C%22period%22%3A5000%2C%22port%22%3A8110%2C%22scheduled%22%3Afalse%2C%22serviceName%22%3A%22DEFAULT_GROUP%40%40service-edu%22%2C%22stopped%22%3Afalse%2C%22weight%22%3A1.0%7D&app=service-edu&serviceName=DEFAULT_GROUP%40%40service-edu&encoding=UTF-8&namespaceId=public from 39.102.46.244
2021-01-14 18:02:20 |WARN  |main |NacosPropertySourceBuilder.java:87 |com.alibaba.cloud.nacos.client.NacosPropertySourceBuilder |Ignore the empty nacos configuration and get it based on dataId[service-edu] & group[DEFAULT_GROUP]
2021-01-14 18:02:20 |WARN  |main |NacosPropertySourceBuilder.java:87 |com.alibaba.cloud.nacos.client.NacosPropertySourceBuilder |Ignore the empty nacos configuration and get it based on dataId[service-edu-dev.yaml] & group[DEFAULT_GROUP]
2021-01-14 18:02:22 |WARN  |main |URLConfigurationSource.java:121 |com.netflix.config.sources.URLConfigurationSource |No URLs will be polled as dynamic configuration sources.
2021-01-14 18:02:22 |WARN  |main |URLConfigurationSource.java:121 |com.netflix.config.sources.URLConfigurationSource |No URLs will be polled as dynamic configuration sources.
2021-01-14 23:13:03 |WARN  |http-nio-8110-exec-9 |PoolBase.java:179 |com.zaxxer.hikari.pool.PoolBase |HikariPool-1 - Failed to validate connection com.mysql.cj.jdbc.ConnectionImpl@3e000072 (No operations allowed after connection closed.). Possibly consider using a shorter maxLifetime value.
2021-01-14 23:13:03 |WARN  |http-nio-8110-exec-9 |PoolBase.java:179 |com.zaxxer.hikari.pool.PoolBase |HikariPool-1 - Failed to validate connection com.mysql.cj.jdbc.ConnectionImpl@166dadb9 (No operations allowed after connection closed.). Possibly consider using a shorter maxLifetime value.
2021-01-14 23:13:03 |WARN  |http-nio-8110-exec-8 |PoolBase.java:179 |com.zaxxer.hikari.pool.PoolBase |HikariPool-1 - Failed to validate connection com.mysql.cj.jdbc.ConnectionImpl@619d60b1 (No operations allowed after connection closed.). Possibly consider using a shorter maxLifetime value.
2021-01-14 23:13:03 |WARN  |http-nio-8110-exec-9 |PoolBase.java:179 |com.zaxxer.hikari.pool.PoolBase |HikariPool-1 - Failed to validate connection com.mysql.cj.jdbc.ConnectionImpl@5ef70591 (No operations allowed after connection closed.). Possibly consider using a shorter maxLifetime value.
2021-01-14 23:13:03 |WARN  |http-nio-8110-exec-8 |PoolBase.java:179 |com.zaxxer.hikari.pool.PoolBase |HikariPool-1 - Failed to validate connection com.mysql.cj.jdbc.ConnectionImpl@67fdedb2 (No operations allowed after connection closed.). Possibly consider using a shorter maxLifetime value.
2021-01-14 23:13:03 |WARN  |http-nio-8110-exec-9 |PoolBase.java:179 |com.zaxxer.hikari.pool.PoolBase |HikariPool-1 - Failed to validate connection com.mysql.cj.jdbc.ConnectionImpl@b02db02 (No operations allowed after connection closed.). Possibly consider using a shorter maxLifetime value.
2021-01-14 23:13:03 |WARN  |http-nio-8110-exec-8 |PoolBase.java:179 |com.zaxxer.hikari.pool.PoolBase |HikariPool-1 - Failed to validate connection com.mysql.cj.jdbc.ConnectionImpl@5235f3a3 (No operations allowed after connection closed.). Possibly consider using a shorter maxLifetime value.
2021-01-14 23:13:03 |WARN  |http-nio-8110-exec-9 |PoolBase.java:179 |com.zaxxer.hikari.pool.PoolBase |HikariPool-1 - Failed to validate connection com.mysql.cj.jdbc.ConnectionImpl@7862d153 (No operations allowed after connection closed.). Possibly consider using a shorter maxLifetime value.
2021-01-14 23:13:03 |WARN  |http-nio-8110-exec-8 |PoolBase.java:179 |com.zaxxer.hikari.pool.PoolBase |HikariPool-1 - Failed to validate connection com.mysql.cj.jdbc.ConnectionImpl@576568aa (No operations allowed after connection closed.). Possibly consider using a shorter maxLifetime value.
2021-01-14 23:13:03 |WARN  |http-nio-8110-exec-9 |PoolBase.java:179 |com.zaxxer.hikari.pool.PoolBase |HikariPool-1 - Failed to validate connection com.mysql.cj.jdbc.ConnectionImpl@399ab83 (No operations allowed after connection closed.). Possibly consider using a shorter maxLifetime value.
2021-01-14 23:27:14 |WARN  |main |NacosPropertySourceBuilder.java:87 |com.alibaba.cloud.nacos.client.NacosPropertySourceBuilder |Ignore the empty nacos configuration and get it based on dataId[service-edu] & group[DEFAULT_GROUP]
2021-01-14 23:27:14 |WARN  |main |NacosPropertySourceBuilder.java:87 |com.alibaba.cloud.nacos.client.NacosPropertySourceBuilder |Ignore the empty nacos configuration and get it based on dataId[service-edu-dev.yaml] & group[DEFAULT_GROUP]
2021-01-14 23:27:16 |WARN  |main |URLConfigurationSource.java:121 |com.netflix.config.sources.URLConfigurationSource |No URLs will be polled as dynamic configuration sources.
2021-01-14 23:27:16 |WARN  |main |URLConfigurationSource.java:121 |com.netflix.config.sources.URLConfigurationSource |No URLs will be polled as dynamic configuration sources.
2021-01-14 23:32:42 |WARN  |com.alibaba.nacos.naming.beat.sender |HttpClient.java:95 |com.alibaba.nacos.client.naming |failed to request http://39.102.46.244:8848/nacos/v1/ns/instance/beat?beat=%7B%22cluster%22%3A%22DEFAULT%22%2C%22ip%22%3A%22192.168.152.143%22%2C%22metadata%22%3A%7B%22preserved.register.source%22%3A%22SPRING_CLOUD%22%7D%2C%22period%22%3A5000%2C%22port%22%3A8110%2C%22scheduled%22%3Afalse%2C%22serviceName%22%3A%22DEFAULT_GROUP%40%40service-edu%22%2C%22stopped%22%3Afalse%2C%22weight%22%3A1.0%7D&app=service-edu&serviceName=DEFAULT_GROUP%40%40service-edu&encoding=UTF-8&namespaceId=public from 39.102.46.244
