2021-01-14 00:32:34 |INFO  |main |LocalConfigInfoProcessor.java:195 |com.alibaba.nacos.client.config.impl.LocalConfigInfoProcessor |LOCAL_SNAPSHOT_PATH:/home/wang/nacos/config
2021-01-14 00:32:34 |INFO  |main |Limiter.java:53 |com.alibaba.nacos.client.config.impl.Limiter |limitTime:5.0
2021-01-14 00:32:34 |INFO  |main |PropertySourceBootstrapConfiguration.java:109 |org.springframework.cloud.bootstrap.config.PropertySourceBootstrapConfiguration |Located property source: [BootstrapPropertySource {name='bootstrapProperties-service-cms-dev.yaml,DEFAULT_GROUP'}, BootstrapPropertySource {name='bootstrapProperties-service-cms.yaml,DEFAULT_GROUP'}, BootstrapPropertySource {name='bootstrapProperties-service-cms,DEFAULT_GROUP'}]
2021-01-14 00:32:34 |INFO  |main |SpringApplication.java:655 |com.bit.jinggong.service.cms.ServiceCmsApplication |The following profiles are active: dev
2021-01-14 00:32:35 |INFO  |main |RepositoryConfigurationDelegate.java:249 |org.springframework.data.repository.config.RepositoryConfigurationDelegate |Multiple Spring Data modules found, entering strict repository configuration mode!
2021-01-14 00:32:35 |INFO  |main |RepositoryConfigurationDelegate.java:127 |org.springframework.data.repository.config.RepositoryConfigurationDelegate |Bootstrapping Spring Data Redis repositories in DEFAULT mode.
2021-01-14 00:32:35 |INFO  |main |RepositoryConfigurationDelegate.java:187 |org.springframework.data.repository.config.RepositoryConfigurationDelegate |Finished Spring Data repository scanning in 11ms. Found 0 Redis repository interfaces.
2021-01-14 00:32:35 |INFO  |main |GenericScope.java:295 |org.springframework.cloud.context.scope.GenericScope |BeanFactory id=7c1cdb4b-4b0e-3838-9a72-33ecdc79c57e
2021-01-14 00:32:35 |INFO  |main |PostProcessorRegistrationDelegate.java:330 |org.springframework.context.support.PostProcessorRegistrationDelegate$BeanPostProcessorChecker |Bean 'org.springframework.transaction.annotation.ProxyTransactionManagementConfiguration' of type [org.springframework.transaction.annotation.ProxyTransactionManagementConfiguration] is not eligible for getting processed by all BeanPostProcessors (for example: not eligible for auto-proxying)
2021-01-14 00:32:36 |INFO  |main |PostProcessorRegistrationDelegate.java:330 |org.springframework.context.support.PostProcessorRegistrationDelegate$BeanPostProcessorChecker |Bean 'spring.cloud.sentinel-com.alibaba.cloud.sentinel.SentinelProperties' of type [com.alibaba.cloud.sentinel.SentinelProperties] is not eligible for getting processed by all BeanPostProcessors (for example: not eligible for auto-proxying)
2021-01-14 00:32:36 |INFO  |main |PostProcessorRegistrationDelegate.java:330 |org.springframework.context.support.PostProcessorRegistrationDelegate$BeanPostProcessorChecker |Bean 'com.alibaba.cloud.sentinel.custom.SentinelAutoConfiguration' of type [com.alibaba.cloud.sentinel.custom.SentinelAutoConfiguration] is not eligible for getting processed by all BeanPostProcessors (for example: not eligible for auto-proxying)
2021-01-14 00:32:36 |INFO  |main |TomcatWebServer.java:92 |org.springframework.boot.web.embedded.tomcat.TomcatWebServer |Tomcat initialized with port(s): 8140 (http)
2021-01-14 00:32:36 |INFO  |main |DirectJDKLog.java:173 |org.apache.coyote.http11.Http11NioProtocol |Initializing ProtocolHandler ["http-nio-8140"]
2021-01-14 00:32:36 |INFO  |main |DirectJDKLog.java:173 |org.apache.catalina.core.StandardService |Starting service [Tomcat]
2021-01-14 00:32:36 |INFO  |main |DirectJDKLog.java:173 |org.apache.catalina.core.StandardEngine |Starting Servlet engine: [Apache Tomcat/9.0.29]
2021-01-14 00:32:36 |INFO  |main |DirectJDKLog.java:173 |org.apache.catalina.core.ContainerBase.[Tomcat].[localhost].[/] |Initializing Spring embedded WebApplicationContext
2021-01-14 00:32:36 |INFO  |main |ServletWebServerApplicationContext.java:284 |org.springframework.web.context.ContextLoader |Root WebApplicationContext: initialization completed in 2365 ms
2021-01-14 00:32:38 |INFO  |main |SentinelWebAutoConfiguration.java:80 |com.alibaba.cloud.sentinel.SentinelWebAutoConfiguration |[Sentinel Starter] register SentinelWebInterceptor with urlPatterns: [/*].
2021-01-14 00:32:38 |INFO  |main |PropertySourcedRequestMappingHandlerMapping.java:69 |springfox.documentation.spring.web.PropertySourcedRequestMappingHandlerMapping |Mapped URL path [/v2/api-docs] onto method [springfox.documentation.swagger2.web.Swagger2Controller#getDocumentation(String, HttpServletRequest)]
2021-01-14 00:32:38 |INFO  |main |URLConfigurationSource.java:122 |com.netflix.config.sources.URLConfigurationSource |To enable URLs as dynamic configuration sources, define System property archaius.configurationSource.additionalUrls or make config.properties available on classpath.
2021-01-14 00:32:38 |INFO  |main |URLConfigurationSource.java:122 |com.netflix.config.sources.URLConfigurationSource |To enable URLs as dynamic configuration sources, define System property archaius.configurationSource.additionalUrls or make config.properties available on classpath.
2021-01-14 00:32:38 |INFO  |main |ExecutorConfigurationSupport.java:171 |org.springframework.scheduling.concurrent.ThreadPoolTaskExecutor |Initializing ExecutorService 'applicationTaskExecutor'
2021-01-14 00:32:38 |INFO  |main |ExecutorConfigurationSupport.java:171 |org.springframework.scheduling.concurrent.ThreadPoolTaskScheduler |Initializing ExecutorService 'Nacso-Watch-Task-Scheduler'
2021-01-14 00:32:38 |INFO  |main |InitUtils.java:56 |com.alibaba.nacos.client.naming |initializer namespace from System Property :null
2021-01-14 00:32:38 |INFO  |main |InitUtils.java:65 |com.alibaba.nacos.client.naming |initializer namespace from System Environment :null
2021-01-14 00:32:38 |INFO  |main |InitUtils.java:75 |com.alibaba.nacos.client.naming |initializer namespace from System Property :null
2021-01-14 00:32:38 |INFO  |main |DocumentationPluginsBootstrapper.java:147 |springfox.documentation.spring.web.plugins.DocumentationPluginsBootstrapper |Context refreshed
2021-01-14 00:32:39 |INFO  |main |DocumentationPluginsBootstrapper.java:150 |springfox.documentation.spring.web.plugins.DocumentationPluginsBootstrapper |Found 2 custom documentation plugin(s)
2021-01-14 00:32:39 |INFO  |main |ApiListingReferenceScanner.java:41 |springfox.documentation.spring.web.scanners.ApiListingReferenceScanner |Scanning for api listing references
2021-01-14 00:32:39 |INFO  |main |CachingOperationNameGenerator.java:40 |springfox.documentation.spring.web.readers.operation.CachingOperationNameGenerator |Generating unique operation named: getByIdUsingGET_1
2021-01-14 00:32:39 |INFO  |main |CachingOperationNameGenerator.java:40 |springfox.documentation.spring.web.readers.operation.CachingOperationNameGenerator |Generating unique operation named: listPageUsingGET_1
2021-01-14 00:32:39 |INFO  |main |CachingOperationNameGenerator.java:40 |springfox.documentation.spring.web.readers.operation.CachingOperationNameGenerator |Generating unique operation named: removeByIdUsingDELETE_1
2021-01-14 00:32:39 |INFO  |main |CachingOperationNameGenerator.java:40 |springfox.documentation.spring.web.readers.operation.CachingOperationNameGenerator |Generating unique operation named: saveUsingPOST_1
2021-01-14 00:32:39 |INFO  |main |CachingOperationNameGenerator.java:40 |springfox.documentation.spring.web.readers.operation.CachingOperationNameGenerator |Generating unique operation named: updateByIdUsingPUT_1
2021-01-14 00:32:39 |INFO  |main |CachingOperationNameGenerator.java:40 |springfox.documentation.spring.web.readers.operation.CachingOperationNameGenerator |Generating unique operation named: getByIdUsingGET_2
2021-01-14 00:32:39 |INFO  |main |CachingOperationNameGenerator.java:40 |springfox.documentation.spring.web.readers.operation.CachingOperationNameGenerator |Generating unique operation named: removeByIdUsingDELETE_2
2021-01-14 00:32:39 |INFO  |main |CachingOperationNameGenerator.java:40 |springfox.documentation.spring.web.readers.operation.CachingOperationNameGenerator |Generating unique operation named: saveUsingPOST_2
2021-01-14 00:32:39 |INFO  |main |CachingOperationNameGenerator.java:40 |springfox.documentation.spring.web.readers.operation.CachingOperationNameGenerator |Generating unique operation named: updateByIdUsingPUT_2
2021-01-14 00:32:39 |INFO  |main |CachingOperationNameGenerator.java:40 |springfox.documentation.spring.web.readers.operation.CachingOperationNameGenerator |Generating unique operation named: listPageUsingGET_2
2021-01-14 00:32:39 |INFO  |main |CachingOperationNameGenerator.java:40 |springfox.documentation.spring.web.readers.operation.CachingOperationNameGenerator |Generating unique operation named: removeByIdUsingDELETE_3
2021-01-14 00:32:39 |INFO  |main |CachingOperationNameGenerator.java:40 |springfox.documentation.spring.web.readers.operation.CachingOperationNameGenerator |Generating unique operation named: getByIdUsingGET_3
2021-01-14 00:32:39 |INFO  |main |CachingOperationNameGenerator.java:40 |springfox.documentation.spring.web.readers.operation.CachingOperationNameGenerator |Generating unique operation named: listPageUsingGET_3
2021-01-14 00:32:39 |INFO  |main |CachingOperationNameGenerator.java:40 |springfox.documentation.spring.web.readers.operation.CachingOperationNameGenerator |Generating unique operation named: removeByIdUsingDELETE_4
2021-01-14 00:32:39 |INFO  |main |CachingOperationNameGenerator.java:40 |springfox.documentation.spring.web.readers.operation.CachingOperationNameGenerator |Generating unique operation named: saveUsingPOST_3
2021-01-14 00:32:39 |INFO  |main |CachingOperationNameGenerator.java:40 |springfox.documentation.spring.web.readers.operation.CachingOperationNameGenerator |Generating unique operation named: updateByIdUsingPUT_3
2021-01-14 00:32:39 |INFO  |main |CachingOperationNameGenerator.java:40 |springfox.documentation.spring.web.readers.operation.CachingOperationNameGenerator |Generating unique operation named: getByIdUsingGET_4
2021-01-14 00:32:39 |INFO  |main |CachingOperationNameGenerator.java:40 |springfox.documentation.spring.web.readers.operation.CachingOperationNameGenerator |Generating unique operation named: removeByIdUsingDELETE_5
2021-01-14 00:32:39 |INFO  |main |CachingOperationNameGenerator.java:40 |springfox.documentation.spring.web.readers.operation.CachingOperationNameGenerator |Generating unique operation named: saveUsingPOST_4
2021-01-14 00:32:39 |INFO  |main |CachingOperationNameGenerator.java:40 |springfox.documentation.spring.web.readers.operation.CachingOperationNameGenerator |Generating unique operation named: updateByIdUsingPUT_4
2021-01-14 00:32:39 |INFO  |main |ApiListingReferenceScanner.java:41 |springfox.documentation.spring.web.scanners.ApiListingReferenceScanner |Scanning for api listing references
2021-01-14 00:32:39 |INFO  |main |CachingOperationNameGenerator.java:40 |springfox.documentation.spring.web.readers.operation.CachingOperationNameGenerator |Generating unique operation named: saveUsingPOST_5
2021-01-14 00:32:39 |INFO  |main |CachingOperationNameGenerator.java:40 |springfox.documentation.spring.web.readers.operation.CachingOperationNameGenerator |Generating unique operation named: getByIdUsingGET_5
2021-01-14 00:32:39 |INFO  |main |CachingOperationNameGenerator.java:40 |springfox.documentation.spring.web.readers.operation.CachingOperationNameGenerator |Generating unique operation named: nestedListUsingGET_1
2021-01-14 00:32:39 |INFO  |main |CachingOperationNameGenerator.java:40 |springfox.documentation.spring.web.readers.operation.CachingOperationNameGenerator |Generating unique operation named: listAllUsingGET_1
2021-01-14 00:32:39 |INFO  |main |DirectJDKLog.java:173 |org.apache.coyote.http11.Http11NioProtocol |Starting ProtocolHandler ["http-nio-8140"]
2021-01-14 00:32:39 |INFO  |main |TomcatWebServer.java:204 |org.springframework.boot.web.embedded.tomcat.TomcatWebServer |Tomcat started on port(s): 8140 (http) with context path ''
2021-01-14 00:32:39 |INFO  |main |BeatReactor.java:58 |com.alibaba.nacos.client.naming |[BEAT] adding beat: {"cluster":"DEFAULT","ip":"192.168.152.143","metadata":{"preserved.register.source":"SPRING_CLOUD"},"period":5000,"port":8140,"scheduled":false,"serviceName":"DEFAULT_GROUP@@service-cms","stopped":false,"weight":1.0} to beat map.
2021-01-14 00:32:39 |INFO  |main |NamingProxy.java:175 |com.alibaba.nacos.client.naming |[REGISTER-SERVICE] public registering service DEFAULT_GROUP@@service-cms with instance: {"clusterName":"DEFAULT","enabled":true,"ephemeral":true,"healthy":true,"instanceHeartBeatInterval":5000,"instanceHeartBeatTimeOut":15000,"ip":"192.168.152.143","ipDeleteTimeout":30000,"metadata":{"preserved.register.source":"SPRING_CLOUD"},"port":8140,"weight":1.0}
2021-01-14 00:32:39 |INFO  |main |NacosServiceRegistry.java:65 |com.alibaba.cloud.nacos.registry.NacosServiceRegistry |nacos registry, DEFAULT_GROUP service-cms 192.168.152.143:8140 register finished
2021-01-14 00:32:39 |INFO  |main |StartupInfoLogger.java:61 |com.bit.jinggong.service.cms.ServiceCmsApplication |Started ServiceCmsApplication in 6.689 seconds (JVM running for 7.09)
2021-01-14 00:32:39 |INFO  |main |ClientWorker.java:202 |com.alibaba.nacos.client.config.impl.ClientWorker |[fixed-39.102.46.244_8848] [subscribe] service-cms-dev.yaml+DEFAULT_GROUP
2021-01-14 00:32:39 |INFO  |main |CacheData.java:79 |com.alibaba.nacos.client.config.impl.CacheData |[fixed-39.102.46.244_8848] [add-listener] ok, tenant=, dataId=service-cms-dev.yaml, group=DEFAULT_GROUP, cnt=1
2021-01-14 00:32:39 |INFO  |main |ClientWorker.java:202 |com.alibaba.nacos.client.config.impl.ClientWorker |[fixed-39.102.46.244_8848] [subscribe] service-cms.yaml+DEFAULT_GROUP
2021-01-14 00:32:39 |INFO  |main |CacheData.java:79 |com.alibaba.nacos.client.config.impl.CacheData |[fixed-39.102.46.244_8848] [add-listener] ok, tenant=, dataId=service-cms.yaml, group=DEFAULT_GROUP, cnt=1
2021-01-14 00:32:39 |INFO  |main |ClientWorker.java:202 |com.alibaba.nacos.client.config.impl.ClientWorker |[fixed-39.102.46.244_8848] [subscribe] service-cms+DEFAULT_GROUP
2021-01-14 00:32:39 |INFO  |main |CacheData.java:79 |com.alibaba.nacos.client.config.impl.CacheData |[fixed-39.102.46.244_8848] [add-listener] ok, tenant=, dataId=service-cms, group=DEFAULT_GROUP, cnt=1
2021-01-14 00:34:36 |INFO  |http-nio-8140-exec-2 |DirectJDKLog.java:173 |org.apache.catalina.core.ContainerBase.[Tomcat].[localhost].[/] |Initializing Spring DispatcherServlet 'dispatcherServlet'
2021-01-14 00:34:36 |INFO  |http-nio-8140-exec-2 |FrameworkServlet.java:525 |org.springframework.web.servlet.DispatcherServlet |Initializing Servlet 'dispatcherServlet'
2021-01-14 00:34:36 |INFO  |http-nio-8140-exec-2 |FrameworkServlet.java:547 |org.springframework.web.servlet.DispatcherServlet |Completed initialization in 7 ms
2021-01-14 00:34:37 |INFO  |http-nio-8140-exec-2 |EpollProvider.java:68 |io.lettuce.core.EpollProvider |Starting without optional epoll library
2021-01-14 00:34:37 |INFO  |http-nio-8140-exec-2 |KqueueProvider.java:70 |io.lettuce.core.KqueueProvider |Starting without optional kqueue library
2021-01-14 00:34:37 |INFO  |http-nio-8140-exec-2 |HikariDataSource.java:110 |com.zaxxer.hikari.HikariDataSource |HikariPool-1 - Starting...
2021-01-14 00:34:38 |INFO  |http-nio-8140-exec-2 |HikariDataSource.java:123 |com.zaxxer.hikari.HikariDataSource |HikariPool-1 - Start completed.
2021-01-14 18:02:31 |INFO  |SpringContextShutdownHook |NacosServiceRegistry.java:80 |com.alibaba.cloud.nacos.registry.NacosServiceRegistry |De-registering from Nacos Server now...
2021-01-14 18:02:31 |INFO  |SpringContextShutdownHook |BeatReactor.java:71 |com.alibaba.nacos.client.naming |[BEAT] removing beat: DEFAULT_GROUP@@service-cms:192.168.152.143:8140 from beat map.
2021-01-14 18:02:31 |INFO  |SpringContextShutdownHook |NamingProxy.java:197 |com.alibaba.nacos.client.naming |[DEREGISTER-SERVICE] public deregistering service DEFAULT_GROUP@@service-cms with instance: {"clusterName":"DEFAULT","enabled":true,"ephemeral":true,"healthy":true,"instanceHeartBeatInterval":5000,"instanceHeartBeatTimeOut":15000,"instanceIdGenerator":"simple","ip":"192.168.152.143","ipDeleteTimeout":30000,"metadata":{},"port":8140,"weight":1.0}
2021-01-14 18:02:31 |INFO  |SpringContextShutdownHook |NacosServiceRegistry.java:100 |com.alibaba.cloud.nacos.registry.NacosServiceRegistry |De-registration finished.
2021-01-14 18:02:31 |INFO  |SpringContextShutdownHook |ExecutorConfigurationSupport.java:208 |org.springframework.scheduling.concurrent.ThreadPoolTaskExecutor |Shutting down ExecutorService 'applicationTaskExecutor'
2021-01-14 18:02:31 |INFO  |SpringContextShutdownHook |HikariDataSource.java:350 |com.zaxxer.hikari.HikariDataSource |HikariPool-1 - Shutdown initiated...
2021-01-14 18:02:31 |INFO  |SpringContextShutdownHook |HikariDataSource.java:352 |com.zaxxer.hikari.HikariDataSource |HikariPool-1 - Shutdown completed.
2021-01-14 18:02:35 |INFO  |main |LocalConfigInfoProcessor.java:195 |com.alibaba.nacos.client.config.impl.LocalConfigInfoProcessor |LOCAL_SNAPSHOT_PATH:/home/wang/nacos/config
2021-01-14 18:02:35 |INFO  |main |Limiter.java:53 |com.alibaba.nacos.client.config.impl.Limiter |limitTime:5.0
2021-01-14 18:02:35 |INFO  |main |PropertySourceBootstrapConfiguration.java:109 |org.springframework.cloud.bootstrap.config.PropertySourceBootstrapConfiguration |Located property source: [BootstrapPropertySource {name='bootstrapProperties-service-cms-dev.yaml,DEFAULT_GROUP'}, BootstrapPropertySource {name='bootstrapProperties-service-cms.yaml,DEFAULT_GROUP'}, BootstrapPropertySource {name='bootstrapProperties-service-cms,DEFAULT_GROUP'}]
2021-01-14 18:02:35 |INFO  |main |SpringApplication.java:655 |com.bit.jinggong.service.cms.ServiceCmsApplication |The following profiles are active: dev
2021-01-14 18:02:36 |INFO  |main |RepositoryConfigurationDelegate.java:249 |org.springframework.data.repository.config.RepositoryConfigurationDelegate |Multiple Spring Data modules found, entering strict repository configuration mode!
2021-01-14 18:02:36 |INFO  |main |RepositoryConfigurationDelegate.java:127 |org.springframework.data.repository.config.RepositoryConfigurationDelegate |Bootstrapping Spring Data Redis repositories in DEFAULT mode.
2021-01-14 18:02:36 |INFO  |main |RepositoryConfigurationDelegate.java:187 |org.springframework.data.repository.config.RepositoryConfigurationDelegate |Finished Spring Data repository scanning in 11ms. Found 0 Redis repository interfaces.
2021-01-14 18:02:36 |INFO  |main |GenericScope.java:295 |org.springframework.cloud.context.scope.GenericScope |BeanFactory id=7c1cdb4b-4b0e-3838-9a72-33ecdc79c57e
2021-01-14 18:02:36 |INFO  |main |PostProcessorRegistrationDelegate.java:330 |org.springframework.context.support.PostProcessorRegistrationDelegate$BeanPostProcessorChecker |Bean 'org.springframework.transaction.annotation.ProxyTransactionManagementConfiguration' of type [org.springframework.transaction.annotation.ProxyTransactionManagementConfiguration] is not eligible for getting processed by all BeanPostProcessors (for example: not eligible for auto-proxying)
2021-01-14 18:02:36 |INFO  |main |PostProcessorRegistrationDelegate.java:330 |org.springframework.context.support.PostProcessorRegistrationDelegate$BeanPostProcessorChecker |Bean 'spring.cloud.sentinel-com.alibaba.cloud.sentinel.SentinelProperties' of type [com.alibaba.cloud.sentinel.SentinelProperties] is not eligible for getting processed by all BeanPostProcessors (for example: not eligible for auto-proxying)
2021-01-14 18:02:36 |INFO  |main |PostProcessorRegistrationDelegate.java:330 |org.springframework.context.support.PostProcessorRegistrationDelegate$BeanPostProcessorChecker |Bean 'com.alibaba.cloud.sentinel.custom.SentinelAutoConfiguration' of type [com.alibaba.cloud.sentinel.custom.SentinelAutoConfiguration] is not eligible for getting processed by all BeanPostProcessors (for example: not eligible for auto-proxying)
2021-01-14 18:02:36 |INFO  |main |TomcatWebServer.java:92 |org.springframework.boot.web.embedded.tomcat.TomcatWebServer |Tomcat initialized with port(s): 8140 (http)
2021-01-14 18:02:36 |INFO  |main |DirectJDKLog.java:173 |org.apache.coyote.http11.Http11NioProtocol |Initializing ProtocolHandler ["http-nio-8140"]
2021-01-14 18:02:36 |INFO  |main |DirectJDKLog.java:173 |org.apache.catalina.core.StandardService |Starting service [Tomcat]
2021-01-14 18:02:36 |INFO  |main |DirectJDKLog.java:173 |org.apache.catalina.core.StandardEngine |Starting Servlet engine: [Apache Tomcat/9.0.29]
2021-01-14 18:02:36 |INFO  |main |DirectJDKLog.java:173 |org.apache.catalina.core.ContainerBase.[Tomcat].[localhost].[/] |Initializing Spring embedded WebApplicationContext
2021-01-14 18:02:36 |INFO  |main |ServletWebServerApplicationContext.java:284 |org.springframework.web.context.ContextLoader |Root WebApplicationContext: initialization completed in 1469 ms
2021-01-14 18:02:38 |INFO  |main |SentinelWebAutoConfiguration.java:80 |com.alibaba.cloud.sentinel.SentinelWebAutoConfiguration |[Sentinel Starter] register SentinelWebInterceptor with urlPatterns: [/*].
2021-01-14 18:02:38 |INFO  |main |PropertySourcedRequestMappingHandlerMapping.java:69 |springfox.documentation.spring.web.PropertySourcedRequestMappingHandlerMapping |Mapped URL path [/v2/api-docs] onto method [springfox.documentation.swagger2.web.Swagger2Controller#getDocumentation(String, HttpServletRequest)]
2021-01-14 18:02:38 |INFO  |main |URLConfigurationSource.java:122 |com.netflix.config.sources.URLConfigurationSource |To enable URLs as dynamic configuration sources, define System property archaius.configurationSource.additionalUrls or make config.properties available on classpath.
2021-01-14 18:02:38 |INFO  |main |URLConfigurationSource.java:122 |com.netflix.config.sources.URLConfigurationSource |To enable URLs as dynamic configuration sources, define System property archaius.configurationSource.additionalUrls or make config.properties available on classpath.
2021-01-14 18:02:38 |INFO  |main |ExecutorConfigurationSupport.java:171 |org.springframework.scheduling.concurrent.ThreadPoolTaskExecutor |Initializing ExecutorService 'applicationTaskExecutor'
2021-01-14 18:02:38 |INFO  |main |ExecutorConfigurationSupport.java:171 |org.springframework.scheduling.concurrent.ThreadPoolTaskScheduler |Initializing ExecutorService 'Nacso-Watch-Task-Scheduler'
2021-01-14 18:02:38 |INFO  |main |InitUtils.java:56 |com.alibaba.nacos.client.naming |initializer namespace from System Property :null
2021-01-14 18:02:38 |INFO  |main |InitUtils.java:65 |com.alibaba.nacos.client.naming |initializer namespace from System Environment :null
2021-01-14 18:02:38 |INFO  |main |InitUtils.java:75 |com.alibaba.nacos.client.naming |initializer namespace from System Property :null
2021-01-14 18:02:38 |INFO  |main |DocumentationPluginsBootstrapper.java:147 |springfox.documentation.spring.web.plugins.DocumentationPluginsBootstrapper |Context refreshed
2021-01-14 18:02:38 |INFO  |main |DocumentationPluginsBootstrapper.java:150 |springfox.documentation.spring.web.plugins.DocumentationPluginsBootstrapper |Found 2 custom documentation plugin(s)
2021-01-14 18:02:38 |INFO  |main |ApiListingReferenceScanner.java:41 |springfox.documentation.spring.web.scanners.ApiListingReferenceScanner |Scanning for api listing references
2021-01-14 18:02:38 |INFO  |main |CachingOperationNameGenerator.java:40 |springfox.documentation.spring.web.readers.operation.CachingOperationNameGenerator |Generating unique operation named: getByIdUsingGET_1
2021-01-14 18:02:38 |INFO  |main |CachingOperationNameGenerator.java:40 |springfox.documentation.spring.web.readers.operation.CachingOperationNameGenerator |Generating unique operation named: listPageUsingGET_1
2021-01-14 18:02:38 |INFO  |main |CachingOperationNameGenerator.java:40 |springfox.documentation.spring.web.readers.operation.CachingOperationNameGenerator |Generating unique operation named: removeByIdUsingDELETE_1
2021-01-14 18:02:38 |INFO  |main |CachingOperationNameGenerator.java:40 |springfox.documentation.spring.web.readers.operation.CachingOperationNameGenerator |Generating unique operation named: saveUsingPOST_1
2021-01-14 18:02:38 |INFO  |main |CachingOperationNameGenerator.java:40 |springfox.documentation.spring.web.readers.operation.CachingOperationNameGenerator |Generating unique operation named: updateByIdUsingPUT_1
2021-01-14 18:02:38 |INFO  |main |CachingOperationNameGenerator.java:40 |springfox.documentation.spring.web.readers.operation.CachingOperationNameGenerator |Generating unique operation named: getByIdUsingGET_2
2021-01-14 18:02:38 |INFO  |main |CachingOperationNameGenerator.java:40 |springfox.documentation.spring.web.readers.operation.CachingOperationNameGenerator |Generating unique operation named: removeByIdUsingDELETE_2
2021-01-14 18:02:38 |INFO  |main |CachingOperationNameGenerator.java:40 |springfox.documentation.spring.web.readers.operation.CachingOperationNameGenerator |Generating unique operation named: saveUsingPOST_2
2021-01-14 18:02:38 |INFO  |main |CachingOperationNameGenerator.java:40 |springfox.documentation.spring.web.readers.operation.CachingOperationNameGenerator |Generating unique operation named: updateByIdUsingPUT_2
2021-01-14 18:02:38 |INFO  |main |CachingOperationNameGenerator.java:40 |springfox.documentation.spring.web.readers.operation.CachingOperationNameGenerator |Generating unique operation named: listPageUsingGET_2
2021-01-14 18:02:38 |INFO  |main |CachingOperationNameGenerator.java:40 |springfox.documentation.spring.web.readers.operation.CachingOperationNameGenerator |Generating unique operation named: removeByIdUsingDELETE_3
2021-01-14 18:02:38 |INFO  |main |CachingOperationNameGenerator.java:40 |springfox.documentation.spring.web.readers.operation.CachingOperationNameGenerator |Generating unique operation named: getByIdUsingGET_3
2021-01-14 18:02:38 |INFO  |main |CachingOperationNameGenerator.java:40 |springfox.documentation.spring.web.readers.operation.CachingOperationNameGenerator |Generating unique operation named: listPageUsingGET_3
2021-01-14 18:02:38 |INFO  |main |CachingOperationNameGenerator.java:40 |springfox.documentation.spring.web.readers.operation.CachingOperationNameGenerator |Generating unique operation named: removeByIdUsingDELETE_4
2021-01-14 18:02:38 |INFO  |main |CachingOperationNameGenerator.java:40 |springfox.documentation.spring.web.readers.operation.CachingOperationNameGenerator |Generating unique operation named: saveUsingPOST_3
2021-01-14 18:02:38 |INFO  |main |CachingOperationNameGenerator.java:40 |springfox.documentation.spring.web.readers.operation.CachingOperationNameGenerator |Generating unique operation named: updateByIdUsingPUT_3
2021-01-14 18:02:38 |INFO  |main |CachingOperationNameGenerator.java:40 |springfox.documentation.spring.web.readers.operation.CachingOperationNameGenerator |Generating unique operation named: getByIdUsingGET_4
2021-01-14 18:02:38 |INFO  |main |CachingOperationNameGenerator.java:40 |springfox.documentation.spring.web.readers.operation.CachingOperationNameGenerator |Generating unique operation named: removeByIdUsingDELETE_5
2021-01-14 18:02:38 |INFO  |main |CachingOperationNameGenerator.java:40 |springfox.documentation.spring.web.readers.operation.CachingOperationNameGenerator |Generating unique operation named: saveUsingPOST_4
2021-01-14 18:02:38 |INFO  |main |CachingOperationNameGenerator.java:40 |springfox.documentation.spring.web.readers.operation.CachingOperationNameGenerator |Generating unique operation named: updateByIdUsingPUT_4
2021-01-14 18:02:38 |INFO  |main |ApiListingReferenceScanner.java:41 |springfox.documentation.spring.web.scanners.ApiListingReferenceScanner |Scanning for api listing references
2021-01-14 18:02:38 |INFO  |main |CachingOperationNameGenerator.java:40 |springfox.documentation.spring.web.readers.operation.CachingOperationNameGenerator |Generating unique operation named: saveUsingPOST_5
2021-01-14 18:02:38 |INFO  |main |CachingOperationNameGenerator.java:40 |springfox.documentation.spring.web.readers.operation.CachingOperationNameGenerator |Generating unique operation named: getByIdUsingGET_5
2021-01-14 18:02:38 |INFO  |main |CachingOperationNameGenerator.java:40 |springfox.documentation.spring.web.readers.operation.CachingOperationNameGenerator |Generating unique operation named: nestedListUsingGET_1
2021-01-14 18:02:38 |INFO  |main |CachingOperationNameGenerator.java:40 |springfox.documentation.spring.web.readers.operation.CachingOperationNameGenerator |Generating unique operation named: listAllUsingGET_1
2021-01-14 18:02:38 |INFO  |main |DirectJDKLog.java:173 |org.apache.coyote.http11.Http11NioProtocol |Starting ProtocolHandler ["http-nio-8140"]
2021-01-14 18:02:38 |INFO  |main |TomcatWebServer.java:204 |org.springframework.boot.web.embedded.tomcat.TomcatWebServer |Tomcat started on port(s): 8140 (http) with context path ''
2021-01-14 18:02:38 |INFO  |main |BeatReactor.java:58 |com.alibaba.nacos.client.naming |[BEAT] adding beat: {"cluster":"DEFAULT","ip":"192.168.152.143","metadata":{"preserved.register.source":"SPRING_CLOUD"},"period":5000,"port":8140,"scheduled":false,"serviceName":"DEFAULT_GROUP@@service-cms","stopped":false,"weight":1.0} to beat map.
2021-01-14 18:02:38 |INFO  |main |NamingProxy.java:175 |com.alibaba.nacos.client.naming |[REGISTER-SERVICE] public registering service DEFAULT_GROUP@@service-cms with instance: {"clusterName":"DEFAULT","enabled":true,"ephemeral":true,"healthy":true,"instanceHeartBeatInterval":5000,"instanceHeartBeatTimeOut":15000,"ip":"192.168.152.143","ipDeleteTimeout":30000,"metadata":{"preserved.register.source":"SPRING_CLOUD"},"port":8140,"weight":1.0}
2021-01-14 18:02:39 |INFO  |main |NacosServiceRegistry.java:65 |com.alibaba.cloud.nacos.registry.NacosServiceRegistry |nacos registry, DEFAULT_GROUP service-cms 192.168.152.143:8140 register finished
2021-01-14 18:02:39 |INFO  |main |StartupInfoLogger.java:61 |com.bit.jinggong.service.cms.ServiceCmsApplication |Started ServiceCmsApplication in 5.074 seconds (JVM running for 5.574)
2021-01-14 18:02:39 |INFO  |main |ClientWorker.java:202 |com.alibaba.nacos.client.config.impl.ClientWorker |[fixed-39.102.46.244_8848] [subscribe] service-cms-dev.yaml+DEFAULT_GROUP
2021-01-14 18:02:39 |INFO  |main |CacheData.java:79 |com.alibaba.nacos.client.config.impl.CacheData |[fixed-39.102.46.244_8848] [add-listener] ok, tenant=, dataId=service-cms-dev.yaml, group=DEFAULT_GROUP, cnt=1
2021-01-14 18:02:39 |INFO  |main |ClientWorker.java:202 |com.alibaba.nacos.client.config.impl.ClientWorker |[fixed-39.102.46.244_8848] [subscribe] service-cms.yaml+DEFAULT_GROUP
2021-01-14 18:02:39 |INFO  |main |CacheData.java:79 |com.alibaba.nacos.client.config.impl.CacheData |[fixed-39.102.46.244_8848] [add-listener] ok, tenant=, dataId=service-cms.yaml, group=DEFAULT_GROUP, cnt=1
2021-01-14 18:02:39 |INFO  |main |ClientWorker.java:202 |com.alibaba.nacos.client.config.impl.ClientWorker |[fixed-39.102.46.244_8848] [subscribe] service-cms+DEFAULT_GROUP
2021-01-14 18:02:39 |INFO  |main |CacheData.java:79 |com.alibaba.nacos.client.config.impl.CacheData |[fixed-39.102.46.244_8848] [add-listener] ok, tenant=, dataId=service-cms, group=DEFAULT_GROUP, cnt=1
2021-01-14 18:02:59 |INFO  |http-nio-8140-exec-2 |DirectJDKLog.java:173 |org.apache.catalina.core.ContainerBase.[Tomcat].[localhost].[/] |Initializing Spring DispatcherServlet 'dispatcherServlet'
2021-01-14 18:02:59 |INFO  |http-nio-8140-exec-2 |FrameworkServlet.java:525 |org.springframework.web.servlet.DispatcherServlet |Initializing Servlet 'dispatcherServlet'
2021-01-14 18:02:59 |INFO  |http-nio-8140-exec-2 |FrameworkServlet.java:547 |org.springframework.web.servlet.DispatcherServlet |Completed initialization in 15 ms
2021-01-14 18:03:00 |INFO  |http-nio-8140-exec-2 |EpollProvider.java:68 |io.lettuce.core.EpollProvider |Starting without optional epoll library
2021-01-14 18:03:00 |INFO  |http-nio-8140-exec-2 |KqueueProvider.java:70 |io.lettuce.core.KqueueProvider |Starting without optional kqueue library
2021-01-14 18:03:00 |INFO  |http-nio-8140-exec-2 |HikariDataSource.java:110 |com.zaxxer.hikari.HikariDataSource |HikariPool-1 - Starting...
2021-01-14 18:03:00 |INFO  |http-nio-8140-exec-2 |HikariDataSource.java:123 |com.zaxxer.hikari.HikariDataSource |HikariPool-1 - Start completed.
