2021-01-09 18:19:07 |INFO  |main |SpringApplication.java:655 |com.bit.jinggong.service.cms.ServiceCmsApplication |The following profiles are active: dev
2021-01-09 18:19:09 |INFO  |main |GenericScope.java:295 |org.springframework.cloud.context.scope.GenericScope |BeanFactory id=8ff65bef-36fd-3eb5-81fb-cf733d9a55e2
2021-01-09 18:19:09 |INFO  |main |PostProcessorRegistrationDelegate.java:330 |org.springframework.context.support.PostProcessorRegistrationDelegate$BeanPostProcessorChecker |Bean 'org.springframework.transaction.annotation.ProxyTransactionManagementConfiguration' of type [org.springframework.transaction.annotation.ProxyTransactionManagementConfiguration] is not eligible for getting processed by all BeanPostProcessors (for example: not eligible for auto-proxying)
2021-01-09 18:19:10 |INFO  |main |PostProcessorRegistrationDelegate.java:330 |org.springframework.context.support.PostProcessorRegistrationDelegate$BeanPostProcessorChecker |Bean 'spring.cloud.sentinel-com.alibaba.cloud.sentinel.SentinelProperties' of type [com.alibaba.cloud.sentinel.SentinelProperties] is not eligible for getting processed by all BeanPostProcessors (for example: not eligible for auto-proxying)
2021-01-09 18:19:10 |INFO  |main |PostProcessorRegistrationDelegate.java:330 |org.springframework.context.support.PostProcessorRegistrationDelegate$BeanPostProcessorChecker |Bean 'com.alibaba.cloud.sentinel.custom.SentinelAutoConfiguration' of type [com.alibaba.cloud.sentinel.custom.SentinelAutoConfiguration$$EnhancerBySpringCGLIB$$55491691] is not eligible for getting processed by all BeanPostProcessors (for example: not eligible for auto-proxying)
2021-01-09 18:19:10 |INFO  |main |TomcatWebServer.java:92 |org.springframework.boot.web.embedded.tomcat.TomcatWebServer |Tomcat initialized with port(s): 8140 (http)
2021-01-09 18:19:10 |INFO  |main |DirectJDKLog.java:173 |org.apache.coyote.http11.Http11NioProtocol |Initializing ProtocolHandler ["http-nio-8140"]
2021-01-09 18:19:10 |INFO  |main |DirectJDKLog.java:173 |org.apache.catalina.core.StandardService |Starting service [Tomcat]
2021-01-09 18:19:10 |INFO  |main |DirectJDKLog.java:173 |org.apache.catalina.core.StandardEngine |Starting Servlet engine: [Apache Tomcat/9.0.29]
2021-01-09 18:19:11 |INFO  |main |DirectJDKLog.java:173 |org.apache.catalina.core.ContainerBase.[Tomcat].[localhost].[/] |Initializing Spring embedded WebApplicationContext
2021-01-09 18:19:11 |INFO  |main |ServletWebServerApplicationContext.java:284 |org.springframework.web.context.ContextLoader |Root WebApplicationContext: initialization completed in 3668 ms
2021-01-09 18:19:11 |INFO  |main |SentinelWebAutoConfiguration.java:96 |com.alibaba.cloud.sentinel.SentinelWebAutoConfiguration |[Sentinel Starter] register Sentinel CommonFilter with urlPatterns: [/*].
2021-01-09 18:19:11 |INFO  |main |PropertySourcedRequestMappingHandlerMapping.java:69 |springfox.documentation.spring.web.PropertySourcedRequestMappingHandlerMapping |Mapped URL path [/v2/api-docs] onto method [springfox.documentation.swagger2.web.Swagger2Controller#getDocumentation(String, HttpServletRequest)]
2021-01-09 18:19:11 |INFO  |main |URLConfigurationSource.java:122 |com.netflix.config.sources.URLConfigurationSource |To enable URLs as dynamic configuration sources, define System property archaius.configurationSource.additionalUrls or make config.properties available on classpath.
2021-01-09 18:19:11 |INFO  |main |URLConfigurationSource.java:122 |com.netflix.config.sources.URLConfigurationSource |To enable URLs as dynamic configuration sources, define System property archaius.configurationSource.additionalUrls or make config.properties available on classpath.
2021-01-09 18:19:12 |INFO  |main |ExecutorConfigurationSupport.java:171 |org.springframework.scheduling.concurrent.ThreadPoolTaskExecutor |Initializing ExecutorService 'applicationTaskExecutor'
2021-01-09 18:19:12 |INFO  |main |ExecutorConfigurationSupport.java:171 |org.springframework.scheduling.concurrent.ThreadPoolTaskScheduler |Initializing ExecutorService
2021-01-09 18:19:13 |INFO  |main |DocumentationPluginsBootstrapper.java:147 |springfox.documentation.spring.web.plugins.DocumentationPluginsBootstrapper |Context refreshed
2021-01-09 18:19:13 |INFO  |main |DocumentationPluginsBootstrapper.java:150 |springfox.documentation.spring.web.plugins.DocumentationPluginsBootstrapper |Found 2 custom documentation plugin(s)
2021-01-09 18:19:13 |INFO  |main |ApiListingReferenceScanner.java:41 |springfox.documentation.spring.web.scanners.ApiListingReferenceScanner |Scanning for api listing references
2021-01-09 18:19:13 |INFO  |main |ApiListingReferenceScanner.java:41 |springfox.documentation.spring.web.scanners.ApiListingReferenceScanner |Scanning for api listing references
2021-01-09 18:19:13 |INFO  |main |DirectJDKLog.java:173 |org.apache.coyote.http11.Http11NioProtocol |Starting ProtocolHandler ["http-nio-8140"]
2021-01-09 18:19:13 |INFO  |main |TomcatWebServer.java:204 |org.springframework.boot.web.embedded.tomcat.TomcatWebServer |Tomcat started on port(s): 8140 (http) with context path ''
2021-01-09 18:19:13 |INFO  |main |NacosServiceRegistry.java:62 |com.alibaba.cloud.nacos.registry.NacosServiceRegistry |nacos registry, service-cms 192.168.152.141:8140 register finished
2021-01-09 18:19:13 |INFO  |main |StartupInfoLogger.java:61 |com.bit.jinggong.service.cms.ServiceCmsApplication |Started ServiceCmsApplication in 10.157 seconds (JVM running for 13.153)
2021-01-09 18:19:28 |INFO  |SpringContextShutdownHook |NacosServiceRegistry.java:74 |com.alibaba.cloud.nacos.registry.NacosServiceRegistry |De-registering from Nacos Server now...
2021-01-09 18:19:28 |INFO  |SpringContextShutdownHook |NacosServiceRegistry.java:93 |com.alibaba.cloud.nacos.registry.NacosServiceRegistry |De-registration finished.
2021-01-09 18:19:28 |INFO  |SpringContextShutdownHook |ExecutorConfigurationSupport.java:208 |org.springframework.scheduling.concurrent.ThreadPoolTaskExecutor |Shutting down ExecutorService 'applicationTaskExecutor'
2021-01-09 18:46:39 |INFO  |main |SpringApplication.java:655 |com.bit.jinggong.service.cms.ServiceCmsApplication |The following profiles are active: dev
2021-01-09 18:51:54 |INFO  |main |SpringApplication.java:655 |com.bit.jinggong.service.cms.ServiceCmsApplication |The following profiles are active: dev
2021-01-09 18:51:55 |INFO  |main |ConditionEvaluationReportLoggingListener.java:136 |org.springframework.boot.autoconfigure.logging.ConditionEvaluationReportLoggingListener |

Error starting ApplicationContext. To display the conditions report re-run your application with 'debug' enabled.
2021-01-09 18:52:23 |INFO  |main |SpringApplication.java:655 |com.bit.jinggong.service.cms.ServiceCmsApplication |The following profiles are active: dev
2021-01-09 18:52:25 |INFO  |main |ConditionEvaluationReportLoggingListener.java:136 |org.springframework.boot.autoconfigure.logging.ConditionEvaluationReportLoggingListener |

Error starting ApplicationContext. To display the conditions report re-run your application with 'debug' enabled.
2021-01-09 18:53:37 |INFO  |main |SpringApplication.java:655 |com.bit.jinggong.service.cms.ServiceCmsApplication |The following profiles are active: dev
2021-01-09 18:53:38 |INFO  |main |ConditionEvaluationReportLoggingListener.java:136 |org.springframework.boot.autoconfigure.logging.ConditionEvaluationReportLoggingListener |

Error starting ApplicationContext. To display the conditions report re-run your application with 'debug' enabled.
2021-01-09 18:55:29 |INFO  |main |SpringApplication.java:655 |com.bit.jinggong.service.cms.ServiceCmsApplication |The following profiles are active: dev
2021-01-09 18:55:30 |INFO  |main |ConditionEvaluationReportLoggingListener.java:136 |org.springframework.boot.autoconfigure.logging.ConditionEvaluationReportLoggingListener |

Error starting ApplicationContext. To display the conditions report re-run your application with 'debug' enabled.
2021-01-09 18:56:03 |INFO  |main |SpringApplication.java:655 |com.bit.jinggong.service.cms.ServiceCmsApplication |The following profiles are active: dev
2021-01-09 18:56:04 |INFO  |main |ConditionEvaluationReportLoggingListener.java:136 |org.springframework.boot.autoconfigure.logging.ConditionEvaluationReportLoggingListener |

Error starting ApplicationContext. To display the conditions report re-run your application with 'debug' enabled.
2021-01-09 18:57:07 |INFO  |main |SpringApplication.java:655 |com.bit.jinggong.service.cms.ServiceCmsApplication |The following profiles are active: dev
2021-01-09 18:57:08 |INFO  |main |ConditionEvaluationReportLoggingListener.java:136 |org.springframework.boot.autoconfigure.logging.ConditionEvaluationReportLoggingListener |

Error starting ApplicationContext. To display the conditions report re-run your application with 'debug' enabled.
2021-01-09 18:59:44 |INFO  |main |SpringApplication.java:655 |com.bit.jinggong.service.cms.ServiceCmsApplication |The following profiles are active: dev
2021-01-09 18:59:46 |INFO  |main |GenericScope.java:295 |org.springframework.cloud.context.scope.GenericScope |BeanFactory id=6adf9a46-fcad-3742-93b0-16e729cf6444
2021-01-09 18:59:47 |INFO  |main |PostProcessorRegistrationDelegate.java:330 |org.springframework.context.support.PostProcessorRegistrationDelegate$BeanPostProcessorChecker |Bean 'org.springframework.transaction.annotation.ProxyTransactionManagementConfiguration' of type [org.springframework.transaction.annotation.ProxyTransactionManagementConfiguration] is not eligible for getting processed by all BeanPostProcessors (for example: not eligible for auto-proxying)
2021-01-09 18:59:47 |INFO  |main |PostProcessorRegistrationDelegate.java:330 |org.springframework.context.support.PostProcessorRegistrationDelegate$BeanPostProcessorChecker |Bean 'spring.cloud.sentinel-com.alibaba.cloud.sentinel.SentinelProperties' of type [com.alibaba.cloud.sentinel.SentinelProperties] is not eligible for getting processed by all BeanPostProcessors (for example: not eligible for auto-proxying)
2021-01-09 18:59:47 |INFO  |main |PostProcessorRegistrationDelegate.java:330 |org.springframework.context.support.PostProcessorRegistrationDelegate$BeanPostProcessorChecker |Bean 'com.alibaba.cloud.sentinel.custom.SentinelAutoConfiguration' of type [com.alibaba.cloud.sentinel.custom.SentinelAutoConfiguration$$EnhancerBySpringCGLIB$$c40d5b61] is not eligible for getting processed by all BeanPostProcessors (for example: not eligible for auto-proxying)
2021-01-09 18:59:48 |INFO  |main |TomcatWebServer.java:92 |org.springframework.boot.web.embedded.tomcat.TomcatWebServer |Tomcat initialized with port(s): 8140 (http)
2021-01-09 18:59:48 |INFO  |main |DirectJDKLog.java:173 |org.apache.coyote.http11.Http11NioProtocol |Initializing ProtocolHandler ["http-nio-8140"]
2021-01-09 18:59:48 |INFO  |main |DirectJDKLog.java:173 |org.apache.catalina.core.StandardService |Starting service [Tomcat]
2021-01-09 18:59:48 |INFO  |main |DirectJDKLog.java:173 |org.apache.catalina.core.StandardEngine |Starting Servlet engine: [Apache Tomcat/9.0.29]
2021-01-09 18:59:48 |INFO  |main |DirectJDKLog.java:173 |org.apache.catalina.core.ContainerBase.[Tomcat].[localhost].[/] |Initializing Spring embedded WebApplicationContext
2021-01-09 18:59:48 |INFO  |main |ServletWebServerApplicationContext.java:284 |org.springframework.web.context.ContextLoader |Root WebApplicationContext: initialization completed in 3930 ms
2021-01-09 18:59:48 |INFO  |main |SentinelWebAutoConfiguration.java:96 |com.alibaba.cloud.sentinel.SentinelWebAutoConfiguration |[Sentinel Starter] register Sentinel CommonFilter with urlPatterns: [/*].
2021-01-09 18:59:51 |INFO  |main |DirectJDKLog.java:173 |org.apache.catalina.core.StandardService |Stopping service [Tomcat]
2021-01-09 18:59:51 |INFO  |main |ConditionEvaluationReportLoggingListener.java:136 |org.springframework.boot.autoconfigure.logging.ConditionEvaluationReportLoggingListener |

Error starting ApplicationContext. To display the conditions report re-run your application with 'debug' enabled.
2021-01-09 19:03:37 |INFO  |main |SpringApplication.java:655 |com.bit.jinggong.service.cms.ServiceCmsApplication |The following profiles are active: dev
2021-01-09 19:03:39 |INFO  |main |GenericScope.java:295 |org.springframework.cloud.context.scope.GenericScope |BeanFactory id=6adf9a46-fcad-3742-93b0-16e729cf6444
2021-01-09 19:03:39 |INFO  |main |PostProcessorRegistrationDelegate.java:330 |org.springframework.context.support.PostProcessorRegistrationDelegate$BeanPostProcessorChecker |Bean 'org.springframework.transaction.annotation.ProxyTransactionManagementConfiguration' of type [org.springframework.transaction.annotation.ProxyTransactionManagementConfiguration] is not eligible for getting processed by all BeanPostProcessors (for example: not eligible for auto-proxying)
2021-01-09 19:03:39 |INFO  |main |PostProcessorRegistrationDelegate.java:330 |org.springframework.context.support.PostProcessorRegistrationDelegate$BeanPostProcessorChecker |Bean 'spring.cloud.sentinel-com.alibaba.cloud.sentinel.SentinelProperties' of type [com.alibaba.cloud.sentinel.SentinelProperties] is not eligible for getting processed by all BeanPostProcessors (for example: not eligible for auto-proxying)
2021-01-09 19:03:39 |INFO  |main |PostProcessorRegistrationDelegate.java:330 |org.springframework.context.support.PostProcessorRegistrationDelegate$BeanPostProcessorChecker |Bean 'com.alibaba.cloud.sentinel.custom.SentinelAutoConfiguration' of type [com.alibaba.cloud.sentinel.custom.SentinelAutoConfiguration$$EnhancerBySpringCGLIB$$2752a43d] is not eligible for getting processed by all BeanPostProcessors (for example: not eligible for auto-proxying)
2021-01-09 19:03:39 |INFO  |main |TomcatWebServer.java:92 |org.springframework.boot.web.embedded.tomcat.TomcatWebServer |Tomcat initialized with port(s): 8140 (http)
2021-01-09 19:03:39 |INFO  |main |DirectJDKLog.java:173 |org.apache.coyote.http11.Http11NioProtocol |Initializing ProtocolHandler ["http-nio-8140"]
2021-01-09 19:03:39 |INFO  |main |DirectJDKLog.java:173 |org.apache.catalina.core.StandardService |Starting service [Tomcat]
2021-01-09 19:03:39 |INFO  |main |DirectJDKLog.java:173 |org.apache.catalina.core.StandardEngine |Starting Servlet engine: [Apache Tomcat/9.0.29]
2021-01-09 19:03:39 |INFO  |main |DirectJDKLog.java:173 |org.apache.catalina.core.ContainerBase.[Tomcat].[localhost].[/] |Initializing Spring embedded WebApplicationContext
2021-01-09 19:03:39 |INFO  |main |ServletWebServerApplicationContext.java:284 |org.springframework.web.context.ContextLoader |Root WebApplicationContext: initialization completed in 2083 ms
2021-01-09 19:03:39 |INFO  |main |SentinelWebAutoConfiguration.java:96 |com.alibaba.cloud.sentinel.SentinelWebAutoConfiguration |[Sentinel Starter] register Sentinel CommonFilter with urlPatterns: [/*].
2021-01-09 19:03:40 |INFO  |main |PropertySourcedRequestMappingHandlerMapping.java:69 |springfox.documentation.spring.web.PropertySourcedRequestMappingHandlerMapping |Mapped URL path [/v2/api-docs] onto method [springfox.documentation.swagger2.web.Swagger2Controller#getDocumentation(String, HttpServletRequest)]
2021-01-09 19:03:40 |INFO  |main |URLConfigurationSource.java:122 |com.netflix.config.sources.URLConfigurationSource |To enable URLs as dynamic configuration sources, define System property archaius.configurationSource.additionalUrls or make config.properties available on classpath.
2021-01-09 19:03:40 |INFO  |main |URLConfigurationSource.java:122 |com.netflix.config.sources.URLConfigurationSource |To enable URLs as dynamic configuration sources, define System property archaius.configurationSource.additionalUrls or make config.properties available on classpath.
2021-01-09 19:03:40 |INFO  |main |ExecutorConfigurationSupport.java:171 |org.springframework.scheduling.concurrent.ThreadPoolTaskExecutor |Initializing ExecutorService 'applicationTaskExecutor'
2021-01-09 19:03:40 |INFO  |main |ExecutorConfigurationSupport.java:171 |org.springframework.scheduling.concurrent.ThreadPoolTaskScheduler |Initializing ExecutorService
2021-01-09 19:03:41 |INFO  |main |DocumentationPluginsBootstrapper.java:147 |springfox.documentation.spring.web.plugins.DocumentationPluginsBootstrapper |Context refreshed
2021-01-09 19:03:41 |INFO  |main |DocumentationPluginsBootstrapper.java:150 |springfox.documentation.spring.web.plugins.DocumentationPluginsBootstrapper |Found 2 custom documentation plugin(s)
2021-01-09 19:03:41 |INFO  |main |ApiListingReferenceScanner.java:41 |springfox.documentation.spring.web.scanners.ApiListingReferenceScanner |Scanning for api listing references
2021-01-09 19:03:41 |INFO  |main |CachingOperationNameGenerator.java:40 |springfox.documentation.spring.web.readers.operation.CachingOperationNameGenerator |Generating unique operation named: getByIdUsingGET_1
2021-01-09 19:03:41 |INFO  |main |CachingOperationNameGenerator.java:40 |springfox.documentation.spring.web.readers.operation.CachingOperationNameGenerator |Generating unique operation named: listPageUsingGET_1
2021-01-09 19:03:41 |INFO  |main |CachingOperationNameGenerator.java:40 |springfox.documentation.spring.web.readers.operation.CachingOperationNameGenerator |Generating unique operation named: removeByIdUsingDELETE_1
2021-01-09 19:03:41 |INFO  |main |CachingOperationNameGenerator.java:40 |springfox.documentation.spring.web.readers.operation.CachingOperationNameGenerator |Generating unique operation named: saveUsingPOST_1
2021-01-09 19:03:41 |INFO  |main |CachingOperationNameGenerator.java:40 |springfox.documentation.spring.web.readers.operation.CachingOperationNameGenerator |Generating unique operation named: updateByIdUsingPUT_1
2021-01-09 19:03:41 |INFO  |main |CachingOperationNameGenerator.java:40 |springfox.documentation.spring.web.readers.operation.CachingOperationNameGenerator |Generating unique operation named: getByIdUsingGET_2
2021-01-09 19:03:41 |INFO  |main |CachingOperationNameGenerator.java:40 |springfox.documentation.spring.web.readers.operation.CachingOperationNameGenerator |Generating unique operation named: removeByIdUsingDELETE_2
2021-01-09 19:03:41 |INFO  |main |CachingOperationNameGenerator.java:40 |springfox.documentation.spring.web.readers.operation.CachingOperationNameGenerator |Generating unique operation named: saveUsingPOST_2
2021-01-09 19:03:41 |INFO  |main |CachingOperationNameGenerator.java:40 |springfox.documentation.spring.web.readers.operation.CachingOperationNameGenerator |Generating unique operation named: updateByIdUsingPUT_2
2021-01-09 19:03:41 |INFO  |main |CachingOperationNameGenerator.java:40 |springfox.documentation.spring.web.readers.operation.CachingOperationNameGenerator |Generating unique operation named: listPageUsingGET_2
2021-01-09 19:03:41 |INFO  |main |CachingOperationNameGenerator.java:40 |springfox.documentation.spring.web.readers.operation.CachingOperationNameGenerator |Generating unique operation named: removeByIdUsingDELETE_3
2021-01-09 19:03:41 |INFO  |main |CachingOperationNameGenerator.java:40 |springfox.documentation.spring.web.readers.operation.CachingOperationNameGenerator |Generating unique operation named: getByIdUsingGET_3
2021-01-09 19:03:41 |INFO  |main |CachingOperationNameGenerator.java:40 |springfox.documentation.spring.web.readers.operation.CachingOperationNameGenerator |Generating unique operation named: listPageUsingGET_3
2021-01-09 19:03:41 |INFO  |main |CachingOperationNameGenerator.java:40 |springfox.documentation.spring.web.readers.operation.CachingOperationNameGenerator |Generating unique operation named: removeByIdUsingDELETE_4
2021-01-09 19:03:41 |INFO  |main |CachingOperationNameGenerator.java:40 |springfox.documentation.spring.web.readers.operation.CachingOperationNameGenerator |Generating unique operation named: saveUsingPOST_3
2021-01-09 19:03:41 |INFO  |main |CachingOperationNameGenerator.java:40 |springfox.documentation.spring.web.readers.operation.CachingOperationNameGenerator |Generating unique operation named: updateByIdUsingPUT_3
2021-01-09 19:03:41 |INFO  |main |CachingOperationNameGenerator.java:40 |springfox.documentation.spring.web.readers.operation.CachingOperationNameGenerator |Generating unique operation named: getByIdUsingGET_4
2021-01-09 19:03:41 |INFO  |main |CachingOperationNameGenerator.java:40 |springfox.documentation.spring.web.readers.operation.CachingOperationNameGenerator |Generating unique operation named: removeByIdUsingDELETE_5
2021-01-09 19:03:41 |INFO  |main |CachingOperationNameGenerator.java:40 |springfox.documentation.spring.web.readers.operation.CachingOperationNameGenerator |Generating unique operation named: saveUsingPOST_4
2021-01-09 19:03:41 |INFO  |main |CachingOperationNameGenerator.java:40 |springfox.documentation.spring.web.readers.operation.CachingOperationNameGenerator |Generating unique operation named: updateByIdUsingPUT_4
2021-01-09 19:03:41 |INFO  |main |ApiListingReferenceScanner.java:41 |springfox.documentation.spring.web.scanners.ApiListingReferenceScanner |Scanning for api listing references
2021-01-09 19:03:41 |INFO  |main |CachingOperationNameGenerator.java:40 |springfox.documentation.spring.web.readers.operation.CachingOperationNameGenerator |Generating unique operation named: getByIdUsingGET_5
2021-01-09 19:03:41 |INFO  |main |CachingOperationNameGenerator.java:40 |springfox.documentation.spring.web.readers.operation.CachingOperationNameGenerator |Generating unique operation named: nestedListUsingGET_1
2021-01-09 19:03:41 |INFO  |main |CachingOperationNameGenerator.java:40 |springfox.documentation.spring.web.readers.operation.CachingOperationNameGenerator |Generating unique operation named: listAllUsingGET_1
2021-01-09 19:03:41 |INFO  |main |DirectJDKLog.java:173 |org.apache.coyote.http11.Http11NioProtocol |Starting ProtocolHandler ["http-nio-8140"]
2021-01-09 19:03:41 |INFO  |main |TomcatWebServer.java:204 |org.springframework.boot.web.embedded.tomcat.TomcatWebServer |Tomcat started on port(s): 8140 (http) with context path ''
2021-01-09 19:03:41 |INFO  |main |NacosServiceRegistry.java:62 |com.alibaba.cloud.nacos.registry.NacosServiceRegistry |nacos registry, service-cms 192.168.152.141:8140 register finished
2021-01-09 19:03:41 |INFO  |main |StartupInfoLogger.java:61 |com.bit.jinggong.service.cms.ServiceCmsApplication |Started ServiceCmsApplication in 6.456 seconds (JVM running for 8.009)
2021-01-09 19:03:55 |INFO  |http-nio-8140-exec-1 |DirectJDKLog.java:173 |org.apache.catalina.core.ContainerBase.[Tomcat].[localhost].[/] |Initializing Spring DispatcherServlet 'dispatcherServlet'
2021-01-09 19:03:55 |INFO  |http-nio-8140-exec-1 |FrameworkServlet.java:525 |org.springframework.web.servlet.DispatcherServlet |Initializing Servlet 'dispatcherServlet'
2021-01-09 19:03:55 |INFO  |http-nio-8140-exec-1 |FrameworkServlet.java:547 |org.springframework.web.servlet.DispatcherServlet |Completed initialization in 22 ms
2021-01-09 19:45:27 |INFO  |SpringContextShutdownHook |NacosServiceRegistry.java:74 |com.alibaba.cloud.nacos.registry.NacosServiceRegistry |De-registering from Nacos Server now...
2021-01-09 19:45:27 |INFO  |SpringContextShutdownHook |NacosServiceRegistry.java:93 |com.alibaba.cloud.nacos.registry.NacosServiceRegistry |De-registration finished.
2021-01-09 19:45:27 |INFO  |SpringContextShutdownHook |ExecutorConfigurationSupport.java:208 |org.springframework.scheduling.concurrent.ThreadPoolTaskExecutor |Shutting down ExecutorService 'applicationTaskExecutor'
2021-01-09 19:45:31 |INFO  |main |SpringApplication.java:655 |com.bit.jinggong.service.cms.ServiceCmsApplication |The following profiles are active: dev
2021-01-09 19:45:32 |INFO  |main |GenericScope.java:295 |org.springframework.cloud.context.scope.GenericScope |BeanFactory id=1c6bcbd0-2ea5-3153-bc56-2270131e16a4
2021-01-09 19:45:32 |INFO  |main |PostProcessorRegistrationDelegate.java:330 |org.springframework.context.support.PostProcessorRegistrationDelegate$BeanPostProcessorChecker |Bean 'org.springframework.transaction.annotation.ProxyTransactionManagementConfiguration' of type [org.springframework.transaction.annotation.ProxyTransactionManagementConfiguration] is not eligible for getting processed by all BeanPostProcessors (for example: not eligible for auto-proxying)
2021-01-09 19:45:32 |INFO  |main |PostProcessorRegistrationDelegate.java:330 |org.springframework.context.support.PostProcessorRegistrationDelegate$BeanPostProcessorChecker |Bean 'spring.cloud.sentinel-com.alibaba.cloud.sentinel.SentinelProperties' of type [com.alibaba.cloud.sentinel.SentinelProperties] is not eligible for getting processed by all BeanPostProcessors (for example: not eligible for auto-proxying)
2021-01-09 19:45:32 |INFO  |main |PostProcessorRegistrationDelegate.java:330 |org.springframework.context.support.PostProcessorRegistrationDelegate$BeanPostProcessorChecker |Bean 'com.alibaba.cloud.sentinel.custom.SentinelAutoConfiguration' of type [com.alibaba.cloud.sentinel.custom.SentinelAutoConfiguration$$EnhancerBySpringCGLIB$$e41a227d] is not eligible for getting processed by all BeanPostProcessors (for example: not eligible for auto-proxying)
2021-01-09 19:45:33 |INFO  |main |TomcatWebServer.java:92 |org.springframework.boot.web.embedded.tomcat.TomcatWebServer |Tomcat initialized with port(s): 8140 (http)
2021-01-09 19:45:33 |INFO  |main |DirectJDKLog.java:173 |org.apache.coyote.http11.Http11NioProtocol |Initializing ProtocolHandler ["http-nio-8140"]
2021-01-09 19:45:33 |INFO  |main |DirectJDKLog.java:173 |org.apache.catalina.core.StandardService |Starting service [Tomcat]
2021-01-09 19:45:33 |INFO  |main |DirectJDKLog.java:173 |org.apache.catalina.core.StandardEngine |Starting Servlet engine: [Apache Tomcat/9.0.29]
2021-01-09 19:45:33 |INFO  |main |DirectJDKLog.java:173 |org.apache.catalina.core.ContainerBase.[Tomcat].[localhost].[/] |Initializing Spring embedded WebApplicationContext
2021-01-09 19:45:33 |INFO  |main |ServletWebServerApplicationContext.java:284 |org.springframework.web.context.ContextLoader |Root WebApplicationContext: initialization completed in 1183 ms
2021-01-09 19:45:33 |INFO  |main |SentinelWebAutoConfiguration.java:96 |com.alibaba.cloud.sentinel.SentinelWebAutoConfiguration |[Sentinel Starter] register Sentinel CommonFilter with urlPatterns: [/*].
2021-01-09 19:45:33 |INFO  |main |PropertySourcedRequestMappingHandlerMapping.java:69 |springfox.documentation.spring.web.PropertySourcedRequestMappingHandlerMapping |Mapped URL path [/v2/api-docs] onto method [springfox.documentation.swagger2.web.Swagger2Controller#getDocumentation(String, HttpServletRequest)]
2021-01-09 19:45:33 |INFO  |main |URLConfigurationSource.java:122 |com.netflix.config.sources.URLConfigurationSource |To enable URLs as dynamic configuration sources, define System property archaius.configurationSource.additionalUrls or make config.properties available on classpath.
2021-01-09 19:45:33 |INFO  |main |URLConfigurationSource.java:122 |com.netflix.config.sources.URLConfigurationSource |To enable URLs as dynamic configuration sources, define System property archaius.configurationSource.additionalUrls or make config.properties available on classpath.
2021-01-09 19:45:33 |INFO  |main |ExecutorConfigurationSupport.java:171 |org.springframework.scheduling.concurrent.ThreadPoolTaskExecutor |Initializing ExecutorService 'applicationTaskExecutor'
2021-01-09 19:45:34 |INFO  |main |ExecutorConfigurationSupport.java:171 |org.springframework.scheduling.concurrent.ThreadPoolTaskScheduler |Initializing ExecutorService
2021-01-09 19:45:34 |INFO  |main |DocumentationPluginsBootstrapper.java:147 |springfox.documentation.spring.web.plugins.DocumentationPluginsBootstrapper |Context refreshed
2021-01-09 19:45:34 |INFO  |main |DocumentationPluginsBootstrapper.java:150 |springfox.documentation.spring.web.plugins.DocumentationPluginsBootstrapper |Found 2 custom documentation plugin(s)
2021-01-09 19:45:34 |INFO  |main |ApiListingReferenceScanner.java:41 |springfox.documentation.spring.web.scanners.ApiListingReferenceScanner |Scanning for api listing references
2021-01-09 19:45:34 |INFO  |main |CachingOperationNameGenerator.java:40 |springfox.documentation.spring.web.readers.operation.CachingOperationNameGenerator |Generating unique operation named: getByIdUsingGET_1
2021-01-09 19:45:34 |INFO  |main |CachingOperationNameGenerator.java:40 |springfox.documentation.spring.web.readers.operation.CachingOperationNameGenerator |Generating unique operation named: listPageUsingGET_1
2021-01-09 19:45:34 |INFO  |main |CachingOperationNameGenerator.java:40 |springfox.documentation.spring.web.readers.operation.CachingOperationNameGenerator |Generating unique operation named: removeByIdUsingDELETE_1
2021-01-09 19:45:34 |INFO  |main |CachingOperationNameGenerator.java:40 |springfox.documentation.spring.web.readers.operation.CachingOperationNameGenerator |Generating unique operation named: saveUsingPOST_1
2021-01-09 19:45:34 |INFO  |main |CachingOperationNameGenerator.java:40 |springfox.documentation.spring.web.readers.operation.CachingOperationNameGenerator |Generating unique operation named: updateByIdUsingPUT_1
2021-01-09 19:45:34 |INFO  |main |CachingOperationNameGenerator.java:40 |springfox.documentation.spring.web.readers.operation.CachingOperationNameGenerator |Generating unique operation named: getByIdUsingGET_2
2021-01-09 19:45:34 |INFO  |main |CachingOperationNameGenerator.java:40 |springfox.documentation.spring.web.readers.operation.CachingOperationNameGenerator |Generating unique operation named: removeByIdUsingDELETE_2
2021-01-09 19:45:34 |INFO  |main |CachingOperationNameGenerator.java:40 |springfox.documentation.spring.web.readers.operation.CachingOperationNameGenerator |Generating unique operation named: saveUsingPOST_2
2021-01-09 19:45:34 |INFO  |main |CachingOperationNameGenerator.java:40 |springfox.documentation.spring.web.readers.operation.CachingOperationNameGenerator |Generating unique operation named: updateByIdUsingPUT_2
2021-01-09 19:45:34 |INFO  |main |CachingOperationNameGenerator.java:40 |springfox.documentation.spring.web.readers.operation.CachingOperationNameGenerator |Generating unique operation named: listPageUsingGET_2
2021-01-09 19:45:34 |INFO  |main |CachingOperationNameGenerator.java:40 |springfox.documentation.spring.web.readers.operation.CachingOperationNameGenerator |Generating unique operation named: removeByIdUsingDELETE_3
2021-01-09 19:45:34 |INFO  |main |CachingOperationNameGenerator.java:40 |springfox.documentation.spring.web.readers.operation.CachingOperationNameGenerator |Generating unique operation named: getByIdUsingGET_3
2021-01-09 19:45:34 |INFO  |main |CachingOperationNameGenerator.java:40 |springfox.documentation.spring.web.readers.operation.CachingOperationNameGenerator |Generating unique operation named: listPageUsingGET_3
2021-01-09 19:45:34 |INFO  |main |CachingOperationNameGenerator.java:40 |springfox.documentation.spring.web.readers.operation.CachingOperationNameGenerator |Generating unique operation named: removeByIdUsingDELETE_4
2021-01-09 19:45:34 |INFO  |main |CachingOperationNameGenerator.java:40 |springfox.documentation.spring.web.readers.operation.CachingOperationNameGenerator |Generating unique operation named: saveUsingPOST_3
2021-01-09 19:45:34 |INFO  |main |CachingOperationNameGenerator.java:40 |springfox.documentation.spring.web.readers.operation.CachingOperationNameGenerator |Generating unique operation named: updateByIdUsingPUT_3
2021-01-09 19:45:34 |INFO  |main |CachingOperationNameGenerator.java:40 |springfox.documentation.spring.web.readers.operation.CachingOperationNameGenerator |Generating unique operation named: getByIdUsingGET_4
2021-01-09 19:45:34 |INFO  |main |CachingOperationNameGenerator.java:40 |springfox.documentation.spring.web.readers.operation.CachingOperationNameGenerator |Generating unique operation named: removeByIdUsingDELETE_5
2021-01-09 19:45:34 |INFO  |main |CachingOperationNameGenerator.java:40 |springfox.documentation.spring.web.readers.operation.CachingOperationNameGenerator |Generating unique operation named: saveUsingPOST_4
2021-01-09 19:45:34 |INFO  |main |CachingOperationNameGenerator.java:40 |springfox.documentation.spring.web.readers.operation.CachingOperationNameGenerator |Generating unique operation named: updateByIdUsingPUT_4
2021-01-09 19:45:34 |INFO  |main |ApiListingReferenceScanner.java:41 |springfox.documentation.spring.web.scanners.ApiListingReferenceScanner |Scanning for api listing references
2021-01-09 19:45:34 |INFO  |main |CachingOperationNameGenerator.java:40 |springfox.documentation.spring.web.readers.operation.CachingOperationNameGenerator |Generating unique operation named: getByIdUsingGET_5
2021-01-09 19:45:34 |INFO  |main |CachingOperationNameGenerator.java:40 |springfox.documentation.spring.web.readers.operation.CachingOperationNameGenerator |Generating unique operation named: nestedListUsingGET_1
2021-01-09 19:45:34 |INFO  |main |CachingOperationNameGenerator.java:40 |springfox.documentation.spring.web.readers.operation.CachingOperationNameGenerator |Generating unique operation named: listAllUsingGET_1
2021-01-09 19:45:34 |INFO  |main |DirectJDKLog.java:173 |org.apache.coyote.http11.Http11NioProtocol |Starting ProtocolHandler ["http-nio-8140"]
2021-01-09 19:45:34 |INFO  |main |TomcatWebServer.java:204 |org.springframework.boot.web.embedded.tomcat.TomcatWebServer |Tomcat started on port(s): 8140 (http) with context path ''
2021-01-09 19:45:34 |INFO  |main |NacosServiceRegistry.java:62 |com.alibaba.cloud.nacos.registry.NacosServiceRegistry |nacos registry, service-cms 192.168.152.141:8140 register finished
2021-01-09 19:45:34 |INFO  |main |StartupInfoLogger.java:61 |com.bit.jinggong.service.cms.ServiceCmsApplication |Started ServiceCmsApplication in 3.509 seconds (JVM running for 3.987)
2021-01-09 19:45:37 |INFO  |http-nio-8140-exec-1 |DirectJDKLog.java:173 |org.apache.catalina.core.ContainerBase.[Tomcat].[localhost].[/] |Initializing Spring DispatcherServlet 'dispatcherServlet'
2021-01-09 19:45:37 |INFO  |http-nio-8140-exec-1 |FrameworkServlet.java:525 |org.springframework.web.servlet.DispatcherServlet |Initializing Servlet 'dispatcherServlet'
2021-01-09 19:45:37 |INFO  |http-nio-8140-exec-1 |FrameworkServlet.java:547 |org.springframework.web.servlet.DispatcherServlet |Completed initialization in 5 ms
2021-01-09 19:46:06 |INFO  |http-nio-8140-exec-1 |HikariDataSource.java:110 |com.zaxxer.hikari.HikariDataSource |HikariPool-1 - Starting...
2021-01-09 19:46:07 |INFO  |http-nio-8140-exec-1 |HikariDataSource.java:123 |com.zaxxer.hikari.HikariDataSource |HikariPool-1 - Start completed.
2021-01-09 19:53:34 |INFO  |SpringContextShutdownHook |NacosServiceRegistry.java:74 |com.alibaba.cloud.nacos.registry.NacosServiceRegistry |De-registering from Nacos Server now...
2021-01-09 19:53:34 |INFO  |SpringContextShutdownHook |NacosServiceRegistry.java:93 |com.alibaba.cloud.nacos.registry.NacosServiceRegistry |De-registration finished.
2021-01-09 19:53:34 |INFO  |SpringContextShutdownHook |ExecutorConfigurationSupport.java:208 |org.springframework.scheduling.concurrent.ThreadPoolTaskExecutor |Shutting down ExecutorService 'applicationTaskExecutor'
2021-01-09 19:53:34 |INFO  |SpringContextShutdownHook |HikariDataSource.java:350 |com.zaxxer.hikari.HikariDataSource |HikariPool-1 - Shutdown initiated...
2021-01-09 19:53:34 |INFO  |SpringContextShutdownHook |HikariDataSource.java:352 |com.zaxxer.hikari.HikariDataSource |HikariPool-1 - Shutdown completed.
2021-01-09 20:28:31 |INFO  |main |SpringApplication.java:655 |com.bit.jinggong.service.cms.ServiceCmsApplication |The following profiles are active: dev
2021-01-09 20:28:32 |INFO  |main |RepositoryConfigurationDelegate.java:249 |org.springframework.data.repository.config.RepositoryConfigurationDelegate |Multiple Spring Data modules found, entering strict repository configuration mode!
2021-01-09 20:28:32 |INFO  |main |RepositoryConfigurationDelegate.java:127 |org.springframework.data.repository.config.RepositoryConfigurationDelegate |Bootstrapping Spring Data Redis repositories in DEFAULT mode.
2021-01-09 20:28:32 |INFO  |main |RepositoryConfigurationDelegate.java:187 |org.springframework.data.repository.config.RepositoryConfigurationDelegate |Finished Spring Data repository scanning in 15ms. Found 0 Redis repository interfaces.
2021-01-09 20:28:32 |INFO  |main |GenericScope.java:295 |org.springframework.cloud.context.scope.GenericScope |BeanFactory id=e4e34fda-ca82-3cb5-b543-b74ffb2982cc
2021-01-09 20:28:32 |INFO  |main |PostProcessorRegistrationDelegate.java:330 |org.springframework.context.support.PostProcessorRegistrationDelegate$BeanPostProcessorChecker |Bean 'org.springframework.transaction.annotation.ProxyTransactionManagementConfiguration' of type [org.springframework.transaction.annotation.ProxyTransactionManagementConfiguration] is not eligible for getting processed by all BeanPostProcessors (for example: not eligible for auto-proxying)
2021-01-09 20:28:32 |INFO  |main |PostProcessorRegistrationDelegate.java:330 |org.springframework.context.support.PostProcessorRegistrationDelegate$BeanPostProcessorChecker |Bean 'spring.cloud.sentinel-com.alibaba.cloud.sentinel.SentinelProperties' of type [com.alibaba.cloud.sentinel.SentinelProperties] is not eligible for getting processed by all BeanPostProcessors (for example: not eligible for auto-proxying)
2021-01-09 20:28:32 |INFO  |main |PostProcessorRegistrationDelegate.java:330 |org.springframework.context.support.PostProcessorRegistrationDelegate$BeanPostProcessorChecker |Bean 'com.alibaba.cloud.sentinel.custom.SentinelAutoConfiguration' of type [com.alibaba.cloud.sentinel.custom.SentinelAutoConfiguration$$EnhancerBySpringCGLIB$$83493b61] is not eligible for getting processed by all BeanPostProcessors (for example: not eligible for auto-proxying)
2021-01-09 20:28:33 |INFO  |main |TomcatWebServer.java:92 |org.springframework.boot.web.embedded.tomcat.TomcatWebServer |Tomcat initialized with port(s): 8140 (http)
2021-01-09 20:28:33 |INFO  |main |DirectJDKLog.java:173 |org.apache.coyote.http11.Http11NioProtocol |Initializing ProtocolHandler ["http-nio-8140"]
2021-01-09 20:28:33 |INFO  |main |DirectJDKLog.java:173 |org.apache.catalina.core.StandardService |Starting service [Tomcat]
2021-01-09 20:28:33 |INFO  |main |DirectJDKLog.java:173 |org.apache.catalina.core.StandardEngine |Starting Servlet engine: [Apache Tomcat/9.0.29]
2021-01-09 20:28:33 |INFO  |main |DirectJDKLog.java:173 |org.apache.catalina.core.ContainerBase.[Tomcat].[localhost].[/] |Initializing Spring embedded WebApplicationContext
2021-01-09 20:28:33 |INFO  |main |ServletWebServerApplicationContext.java:284 |org.springframework.web.context.ContextLoader |Root WebApplicationContext: initialization completed in 1594 ms
2021-01-09 20:28:33 |INFO  |main |SentinelWebAutoConfiguration.java:96 |com.alibaba.cloud.sentinel.SentinelWebAutoConfiguration |[Sentinel Starter] register Sentinel CommonFilter with urlPatterns: [/*].
2021-01-09 20:28:34 |INFO  |main |PropertySourcedRequestMappingHandlerMapping.java:69 |springfox.documentation.spring.web.PropertySourcedRequestMappingHandlerMapping |Mapped URL path [/v2/api-docs] onto method [springfox.documentation.swagger2.web.Swagger2Controller#getDocumentation(String, HttpServletRequest)]
2021-01-09 20:28:34 |INFO  |main |URLConfigurationSource.java:122 |com.netflix.config.sources.URLConfigurationSource |To enable URLs as dynamic configuration sources, define System property archaius.configurationSource.additionalUrls or make config.properties available on classpath.
2021-01-09 20:28:34 |INFO  |main |URLConfigurationSource.java:122 |com.netflix.config.sources.URLConfigurationSource |To enable URLs as dynamic configuration sources, define System property archaius.configurationSource.additionalUrls or make config.properties available on classpath.
2021-01-09 20:28:34 |INFO  |main |ExecutorConfigurationSupport.java:171 |org.springframework.scheduling.concurrent.ThreadPoolTaskExecutor |Initializing ExecutorService 'applicationTaskExecutor'
2021-01-09 20:28:34 |INFO  |main |ExecutorConfigurationSupport.java:171 |org.springframework.scheduling.concurrent.ThreadPoolTaskScheduler |Initializing ExecutorService
2021-01-09 20:28:34 |INFO  |main |DocumentationPluginsBootstrapper.java:147 |springfox.documentation.spring.web.plugins.DocumentationPluginsBootstrapper |Context refreshed
2021-01-09 20:28:34 |INFO  |main |DocumentationPluginsBootstrapper.java:150 |springfox.documentation.spring.web.plugins.DocumentationPluginsBootstrapper |Found 2 custom documentation plugin(s)
2021-01-09 20:28:34 |INFO  |main |ApiListingReferenceScanner.java:41 |springfox.documentation.spring.web.scanners.ApiListingReferenceScanner |Scanning for api listing references
2021-01-09 20:28:34 |INFO  |main |CachingOperationNameGenerator.java:40 |springfox.documentation.spring.web.readers.operation.CachingOperationNameGenerator |Generating unique operation named: getByIdUsingGET_1
2021-01-09 20:28:34 |INFO  |main |CachingOperationNameGenerator.java:40 |springfox.documentation.spring.web.readers.operation.CachingOperationNameGenerator |Generating unique operation named: listPageUsingGET_1
2021-01-09 20:28:34 |INFO  |main |CachingOperationNameGenerator.java:40 |springfox.documentation.spring.web.readers.operation.CachingOperationNameGenerator |Generating unique operation named: removeByIdUsingDELETE_1
2021-01-09 20:28:34 |INFO  |main |CachingOperationNameGenerator.java:40 |springfox.documentation.spring.web.readers.operation.CachingOperationNameGenerator |Generating unique operation named: saveUsingPOST_1
2021-01-09 20:28:34 |INFO  |main |CachingOperationNameGenerator.java:40 |springfox.documentation.spring.web.readers.operation.CachingOperationNameGenerator |Generating unique operation named: updateByIdUsingPUT_1
2021-01-09 20:28:34 |INFO  |main |CachingOperationNameGenerator.java:40 |springfox.documentation.spring.web.readers.operation.CachingOperationNameGenerator |Generating unique operation named: getByIdUsingGET_2
2021-01-09 20:28:34 |INFO  |main |CachingOperationNameGenerator.java:40 |springfox.documentation.spring.web.readers.operation.CachingOperationNameGenerator |Generating unique operation named: removeByIdUsingDELETE_2
2021-01-09 20:28:34 |INFO  |main |CachingOperationNameGenerator.java:40 |springfox.documentation.spring.web.readers.operation.CachingOperationNameGenerator |Generating unique operation named: saveUsingPOST_2
2021-01-09 20:28:34 |INFO  |main |CachingOperationNameGenerator.java:40 |springfox.documentation.spring.web.readers.operation.CachingOperationNameGenerator |Generating unique operation named: updateByIdUsingPUT_2
2021-01-09 20:28:34 |INFO  |main |CachingOperationNameGenerator.java:40 |springfox.documentation.spring.web.readers.operation.CachingOperationNameGenerator |Generating unique operation named: listPageUsingGET_2
2021-01-09 20:28:34 |INFO  |main |CachingOperationNameGenerator.java:40 |springfox.documentation.spring.web.readers.operation.CachingOperationNameGenerator |Generating unique operation named: removeByIdUsingDELETE_3
2021-01-09 20:28:34 |INFO  |main |CachingOperationNameGenerator.java:40 |springfox.documentation.spring.web.readers.operation.CachingOperationNameGenerator |Generating unique operation named: getByIdUsingGET_3
2021-01-09 20:28:34 |INFO  |main |CachingOperationNameGenerator.java:40 |springfox.documentation.spring.web.readers.operation.CachingOperationNameGenerator |Generating unique operation named: listPageUsingGET_3
2021-01-09 20:28:34 |INFO  |main |CachingOperationNameGenerator.java:40 |springfox.documentation.spring.web.readers.operation.CachingOperationNameGenerator |Generating unique operation named: removeByIdUsingDELETE_4
2021-01-09 20:28:34 |INFO  |main |CachingOperationNameGenerator.java:40 |springfox.documentation.spring.web.readers.operation.CachingOperationNameGenerator |Generating unique operation named: saveUsingPOST_3
2021-01-09 20:28:34 |INFO  |main |CachingOperationNameGenerator.java:40 |springfox.documentation.spring.web.readers.operation.CachingOperationNameGenerator |Generating unique operation named: updateByIdUsingPUT_3
2021-01-09 20:28:34 |INFO  |main |CachingOperationNameGenerator.java:40 |springfox.documentation.spring.web.readers.operation.CachingOperationNameGenerator |Generating unique operation named: getByIdUsingGET_4
2021-01-09 20:28:34 |INFO  |main |CachingOperationNameGenerator.java:40 |springfox.documentation.spring.web.readers.operation.CachingOperationNameGenerator |Generating unique operation named: removeByIdUsingDELETE_5
2021-01-09 20:28:34 |INFO  |main |CachingOperationNameGenerator.java:40 |springfox.documentation.spring.web.readers.operation.CachingOperationNameGenerator |Generating unique operation named: saveUsingPOST_4
2021-01-09 20:28:34 |INFO  |main |CachingOperationNameGenerator.java:40 |springfox.documentation.spring.web.readers.operation.CachingOperationNameGenerator |Generating unique operation named: updateByIdUsingPUT_4
2021-01-09 20:28:34 |INFO  |main |ApiListingReferenceScanner.java:41 |springfox.documentation.spring.web.scanners.ApiListingReferenceScanner |Scanning for api listing references
2021-01-09 20:28:35 |INFO  |main |CachingOperationNameGenerator.java:40 |springfox.documentation.spring.web.readers.operation.CachingOperationNameGenerator |Generating unique operation named: getByIdUsingGET_5
2021-01-09 20:28:35 |INFO  |main |CachingOperationNameGenerator.java:40 |springfox.documentation.spring.web.readers.operation.CachingOperationNameGenerator |Generating unique operation named: nestedListUsingGET_1
2021-01-09 20:28:35 |INFO  |main |CachingOperationNameGenerator.java:40 |springfox.documentation.spring.web.readers.operation.CachingOperationNameGenerator |Generating unique operation named: listAllUsingGET_1
2021-01-09 20:28:35 |INFO  |main |DirectJDKLog.java:173 |org.apache.coyote.http11.Http11NioProtocol |Starting ProtocolHandler ["http-nio-8140"]
2021-01-09 20:28:35 |INFO  |main |TomcatWebServer.java:204 |org.springframework.boot.web.embedded.tomcat.TomcatWebServer |Tomcat started on port(s): 8140 (http) with context path ''
2021-01-09 20:28:35 |INFO  |main |NacosServiceRegistry.java:62 |com.alibaba.cloud.nacos.registry.NacosServiceRegistry |nacos registry, service-cms 192.168.152.141:8140 register finished
2021-01-09 20:28:35 |INFO  |main |StartupInfoLogger.java:61 |com.bit.jinggong.service.cms.ServiceCmsApplication |Started ServiceCmsApplication in 4.768 seconds (JVM running for 5.366)
2021-01-09 20:28:54 |INFO  |http-nio-8140-exec-2 |DirectJDKLog.java:173 |org.apache.catalina.core.ContainerBase.[Tomcat].[localhost].[/] |Initializing Spring DispatcherServlet 'dispatcherServlet'
2021-01-09 20:28:54 |INFO  |http-nio-8140-exec-2 |FrameworkServlet.java:525 |org.springframework.web.servlet.DispatcherServlet |Initializing Servlet 'dispatcherServlet'
2021-01-09 20:28:54 |INFO  |http-nio-8140-exec-2 |FrameworkServlet.java:547 |org.springframework.web.servlet.DispatcherServlet |Completed initialization in 10 ms
2021-01-09 20:37:09 |INFO  |SpringContextShutdownHook |NacosServiceRegistry.java:74 |com.alibaba.cloud.nacos.registry.NacosServiceRegistry |De-registering from Nacos Server now...
2021-01-09 20:37:09 |INFO  |SpringContextShutdownHook |NacosServiceRegistry.java:93 |com.alibaba.cloud.nacos.registry.NacosServiceRegistry |De-registration finished.
2021-01-09 20:37:09 |INFO  |SpringContextShutdownHook |ExecutorConfigurationSupport.java:208 |org.springframework.scheduling.concurrent.ThreadPoolTaskExecutor |Shutting down ExecutorService 'applicationTaskExecutor'
2021-01-09 20:37:13 |INFO  |main |SpringApplication.java:655 |com.bit.jinggong.service.cms.ServiceCmsApplication |The following profiles are active: dev
2021-01-09 20:37:13 |INFO  |main |RepositoryConfigurationDelegate.java:249 |org.springframework.data.repository.config.RepositoryConfigurationDelegate |Multiple Spring Data modules found, entering strict repository configuration mode!
2021-01-09 20:37:13 |INFO  |main |RepositoryConfigurationDelegate.java:127 |org.springframework.data.repository.config.RepositoryConfigurationDelegate |Bootstrapping Spring Data Redis repositories in DEFAULT mode.
2021-01-09 20:37:13 |INFO  |main |RepositoryConfigurationDelegate.java:187 |org.springframework.data.repository.config.RepositoryConfigurationDelegate |Finished Spring Data repository scanning in 11ms. Found 0 Redis repository interfaces.
2021-01-09 20:37:14 |INFO  |main |GenericScope.java:295 |org.springframework.cloud.context.scope.GenericScope |BeanFactory id=897d8e54-8c47-3264-bbf6-89a1af84cb5f
2021-01-09 20:37:14 |INFO  |main |PostProcessorRegistrationDelegate.java:330 |org.springframework.context.support.PostProcessorRegistrationDelegate$BeanPostProcessorChecker |Bean 'org.springframework.transaction.annotation.ProxyTransactionManagementConfiguration' of type [org.springframework.transaction.annotation.ProxyTransactionManagementConfiguration] is not eligible for getting processed by all BeanPostProcessors (for example: not eligible for auto-proxying)
2021-01-09 20:37:14 |INFO  |main |PostProcessorRegistrationDelegate.java:330 |org.springframework.context.support.PostProcessorRegistrationDelegate$BeanPostProcessorChecker |Bean 'spring.cloud.sentinel-com.alibaba.cloud.sentinel.SentinelProperties' of type [com.alibaba.cloud.sentinel.SentinelProperties] is not eligible for getting processed by all BeanPostProcessors (for example: not eligible for auto-proxying)
2021-01-09 20:37:14 |INFO  |main |PostProcessorRegistrationDelegate.java:330 |org.springframework.context.support.PostProcessorRegistrationDelegate$BeanPostProcessorChecker |Bean 'com.alibaba.cloud.sentinel.custom.SentinelAutoConfiguration' of type [com.alibaba.cloud.sentinel.custom.SentinelAutoConfiguration$$EnhancerBySpringCGLIB$$8a4f6543] is not eligible for getting processed by all BeanPostProcessors (for example: not eligible for auto-proxying)
2021-01-09 20:37:14 |INFO  |main |TomcatWebServer.java:92 |org.springframework.boot.web.embedded.tomcat.TomcatWebServer |Tomcat initialized with port(s): 8140 (http)
2021-01-09 20:37:14 |INFO  |main |DirectJDKLog.java:173 |org.apache.coyote.http11.Http11NioProtocol |Initializing ProtocolHandler ["http-nio-8140"]
2021-01-09 20:37:14 |INFO  |main |DirectJDKLog.java:173 |org.apache.catalina.core.StandardService |Starting service [Tomcat]
2021-01-09 20:37:14 |INFO  |main |DirectJDKLog.java:173 |org.apache.catalina.core.StandardEngine |Starting Servlet engine: [Apache Tomcat/9.0.29]
2021-01-09 20:37:14 |INFO  |main |DirectJDKLog.java:173 |org.apache.catalina.core.ContainerBase.[Tomcat].[localhost].[/] |Initializing Spring embedded WebApplicationContext
2021-01-09 20:37:14 |INFO  |main |ServletWebServerApplicationContext.java:284 |org.springframework.web.context.ContextLoader |Root WebApplicationContext: initialization completed in 1362 ms
2021-01-09 20:37:14 |INFO  |main |SentinelWebAutoConfiguration.java:96 |com.alibaba.cloud.sentinel.SentinelWebAutoConfiguration |[Sentinel Starter] register Sentinel CommonFilter with urlPatterns: [/*].
2021-01-09 20:37:15 |INFO  |main |PropertySourcedRequestMappingHandlerMapping.java:69 |springfox.documentation.spring.web.PropertySourcedRequestMappingHandlerMapping |Mapped URL path [/v2/api-docs] onto method [springfox.documentation.swagger2.web.Swagger2Controller#getDocumentation(String, HttpServletRequest)]
2021-01-09 20:37:15 |INFO  |main |URLConfigurationSource.java:122 |com.netflix.config.sources.URLConfigurationSource |To enable URLs as dynamic configuration sources, define System property archaius.configurationSource.additionalUrls or make config.properties available on classpath.
2021-01-09 20:37:15 |INFO  |main |URLConfigurationSource.java:122 |com.netflix.config.sources.URLConfigurationSource |To enable URLs as dynamic configuration sources, define System property archaius.configurationSource.additionalUrls or make config.properties available on classpath.
2021-01-09 20:37:15 |INFO  |main |ExecutorConfigurationSupport.java:171 |org.springframework.scheduling.concurrent.ThreadPoolTaskExecutor |Initializing ExecutorService 'applicationTaskExecutor'
2021-01-09 20:37:15 |INFO  |main |ExecutorConfigurationSupport.java:171 |org.springframework.scheduling.concurrent.ThreadPoolTaskScheduler |Initializing ExecutorService
2021-01-09 20:37:16 |INFO  |main |DocumentationPluginsBootstrapper.java:147 |springfox.documentation.spring.web.plugins.DocumentationPluginsBootstrapper |Context refreshed
2021-01-09 20:37:16 |INFO  |main |DocumentationPluginsBootstrapper.java:150 |springfox.documentation.spring.web.plugins.DocumentationPluginsBootstrapper |Found 2 custom documentation plugin(s)
2021-01-09 20:37:16 |INFO  |main |ApiListingReferenceScanner.java:41 |springfox.documentation.spring.web.scanners.ApiListingReferenceScanner |Scanning for api listing references
2021-01-09 20:37:16 |INFO  |main |CachingOperationNameGenerator.java:40 |springfox.documentation.spring.web.readers.operation.CachingOperationNameGenerator |Generating unique operation named: getByIdUsingGET_1
2021-01-09 20:37:16 |INFO  |main |CachingOperationNameGenerator.java:40 |springfox.documentation.spring.web.readers.operation.CachingOperationNameGenerator |Generating unique operation named: listPageUsingGET_1
2021-01-09 20:37:16 |INFO  |main |CachingOperationNameGenerator.java:40 |springfox.documentation.spring.web.readers.operation.CachingOperationNameGenerator |Generating unique operation named: removeByIdUsingDELETE_1
2021-01-09 20:37:16 |INFO  |main |CachingOperationNameGenerator.java:40 |springfox.documentation.spring.web.readers.operation.CachingOperationNameGenerator |Generating unique operation named: saveUsingPOST_1
2021-01-09 20:37:16 |INFO  |main |CachingOperationNameGenerator.java:40 |springfox.documentation.spring.web.readers.operation.CachingOperationNameGenerator |Generating unique operation named: updateByIdUsingPUT_1
2021-01-09 20:37:16 |INFO  |main |CachingOperationNameGenerator.java:40 |springfox.documentation.spring.web.readers.operation.CachingOperationNameGenerator |Generating unique operation named: getByIdUsingGET_2
2021-01-09 20:37:16 |INFO  |main |CachingOperationNameGenerator.java:40 |springfox.documentation.spring.web.readers.operation.CachingOperationNameGenerator |Generating unique operation named: removeByIdUsingDELETE_2
2021-01-09 20:37:16 |INFO  |main |CachingOperationNameGenerator.java:40 |springfox.documentation.spring.web.readers.operation.CachingOperationNameGenerator |Generating unique operation named: saveUsingPOST_2
2021-01-09 20:37:16 |INFO  |main |CachingOperationNameGenerator.java:40 |springfox.documentation.spring.web.readers.operation.CachingOperationNameGenerator |Generating unique operation named: updateByIdUsingPUT_2
2021-01-09 20:37:16 |INFO  |main |CachingOperationNameGenerator.java:40 |springfox.documentation.spring.web.readers.operation.CachingOperationNameGenerator |Generating unique operation named: listPageUsingGET_2
2021-01-09 20:37:16 |INFO  |main |CachingOperationNameGenerator.java:40 |springfox.documentation.spring.web.readers.operation.CachingOperationNameGenerator |Generating unique operation named: removeByIdUsingDELETE_3
2021-01-09 20:37:16 |INFO  |main |CachingOperationNameGenerator.java:40 |springfox.documentation.spring.web.readers.operation.CachingOperationNameGenerator |Generating unique operation named: getByIdUsingGET_3
2021-01-09 20:37:16 |INFO  |main |CachingOperationNameGenerator.java:40 |springfox.documentation.spring.web.readers.operation.CachingOperationNameGenerator |Generating unique operation named: listPageUsingGET_3
2021-01-09 20:37:16 |INFO  |main |CachingOperationNameGenerator.java:40 |springfox.documentation.spring.web.readers.operation.CachingOperationNameGenerator |Generating unique operation named: removeByIdUsingDELETE_4
2021-01-09 20:37:16 |INFO  |main |CachingOperationNameGenerator.java:40 |springfox.documentation.spring.web.readers.operation.CachingOperationNameGenerator |Generating unique operation named: saveUsingPOST_3
2021-01-09 20:37:16 |INFO  |main |CachingOperationNameGenerator.java:40 |springfox.documentation.spring.web.readers.operation.CachingOperationNameGenerator |Generating unique operation named: updateByIdUsingPUT_3
2021-01-09 20:37:16 |INFO  |main |CachingOperationNameGenerator.java:40 |springfox.documentation.spring.web.readers.operation.CachingOperationNameGenerator |Generating unique operation named: getByIdUsingGET_4
2021-01-09 20:37:16 |INFO  |main |CachingOperationNameGenerator.java:40 |springfox.documentation.spring.web.readers.operation.CachingOperationNameGenerator |Generating unique operation named: removeByIdUsingDELETE_5
2021-01-09 20:37:16 |INFO  |main |CachingOperationNameGenerator.java:40 |springfox.documentation.spring.web.readers.operation.CachingOperationNameGenerator |Generating unique operation named: saveUsingPOST_4
2021-01-09 20:37:16 |INFO  |main |CachingOperationNameGenerator.java:40 |springfox.documentation.spring.web.readers.operation.CachingOperationNameGenerator |Generating unique operation named: updateByIdUsingPUT_4
2021-01-09 20:37:16 |INFO  |main |ApiListingReferenceScanner.java:41 |springfox.documentation.spring.web.scanners.ApiListingReferenceScanner |Scanning for api listing references
2021-01-09 20:37:16 |INFO  |main |CachingOperationNameGenerator.java:40 |springfox.documentation.spring.web.readers.operation.CachingOperationNameGenerator |Generating unique operation named: getByIdUsingGET_5
2021-01-09 20:37:16 |INFO  |main |CachingOperationNameGenerator.java:40 |springfox.documentation.spring.web.readers.operation.CachingOperationNameGenerator |Generating unique operation named: nestedListUsingGET_1
2021-01-09 20:37:16 |INFO  |main |CachingOperationNameGenerator.java:40 |springfox.documentation.spring.web.readers.operation.CachingOperationNameGenerator |Generating unique operation named: listAllUsingGET_1
2021-01-09 20:37:16 |INFO  |main |DirectJDKLog.java:173 |org.apache.coyote.http11.Http11NioProtocol |Starting ProtocolHandler ["http-nio-8140"]
2021-01-09 20:37:16 |INFO  |main |TomcatWebServer.java:204 |org.springframework.boot.web.embedded.tomcat.TomcatWebServer |Tomcat started on port(s): 8140 (http) with context path ''
2021-01-09 20:37:16 |INFO  |main |NacosServiceRegistry.java:62 |com.alibaba.cloud.nacos.registry.NacosServiceRegistry |nacos registry, service-cms 192.168.152.141:8140 register finished
2021-01-09 20:37:16 |INFO  |main |StartupInfoLogger.java:61 |com.bit.jinggong.service.cms.ServiceCmsApplication |Started ServiceCmsApplication in 4.009 seconds (JVM running for 4.624)
2021-01-09 20:37:30 |INFO  |http-nio-8140-exec-1 |DirectJDKLog.java:173 |org.apache.catalina.core.ContainerBase.[Tomcat].[localhost].[/] |Initializing Spring DispatcherServlet 'dispatcherServlet'
2021-01-09 20:37:30 |INFO  |http-nio-8140-exec-1 |FrameworkServlet.java:525 |org.springframework.web.servlet.DispatcherServlet |Initializing Servlet 'dispatcherServlet'
2021-01-09 20:37:30 |INFO  |http-nio-8140-exec-1 |FrameworkServlet.java:547 |org.springframework.web.servlet.DispatcherServlet |Completed initialization in 6 ms
2021-01-09 20:37:30 |INFO  |http-nio-8140-exec-1 |EpollProvider.java:68 |io.lettuce.core.EpollProvider |Starting without optional epoll library
2021-01-09 20:37:30 |INFO  |http-nio-8140-exec-1 |KqueueProvider.java:70 |io.lettuce.core.KqueueProvider |Starting without optional kqueue library
2021-01-09 20:56:27 |INFO  |SpringContextShutdownHook |NacosServiceRegistry.java:74 |com.alibaba.cloud.nacos.registry.NacosServiceRegistry |De-registering from Nacos Server now...
2021-01-09 20:56:27 |INFO  |SpringContextShutdownHook |NacosServiceRegistry.java:93 |com.alibaba.cloud.nacos.registry.NacosServiceRegistry |De-registration finished.
2021-01-09 20:56:27 |INFO  |SpringContextShutdownHook |ExecutorConfigurationSupport.java:208 |org.springframework.scheduling.concurrent.ThreadPoolTaskExecutor |Shutting down ExecutorService 'applicationTaskExecutor'
2021-01-09 20:56:32 |INFO  |main |SpringApplication.java:655 |com.bit.jinggong.service.cms.ServiceCmsApplication |The following profiles are active: dev
2021-01-09 20:56:33 |INFO  |main |RepositoryConfigurationDelegate.java:249 |org.springframework.data.repository.config.RepositoryConfigurationDelegate |Multiple Spring Data modules found, entering strict repository configuration mode!
2021-01-09 20:56:33 |INFO  |main |RepositoryConfigurationDelegate.java:127 |org.springframework.data.repository.config.RepositoryConfigurationDelegate |Bootstrapping Spring Data Redis repositories in DEFAULT mode.
2021-01-09 20:56:33 |INFO  |main |RepositoryConfigurationDelegate.java:187 |org.springframework.data.repository.config.RepositoryConfigurationDelegate |Finished Spring Data repository scanning in 11ms. Found 0 Redis repository interfaces.
2021-01-09 20:56:33 |INFO  |main |GenericScope.java:295 |org.springframework.cloud.context.scope.GenericScope |BeanFactory id=1a453bb8-0f59-39c2-b25d-6f6fcb025bfe
2021-01-09 20:56:33 |INFO  |main |PostProcessorRegistrationDelegate.java:330 |org.springframework.context.support.PostProcessorRegistrationDelegate$BeanPostProcessorChecker |Bean 'org.springframework.transaction.annotation.ProxyTransactionManagementConfiguration' of type [org.springframework.transaction.annotation.ProxyTransactionManagementConfiguration] is not eligible for getting processed by all BeanPostProcessors (for example: not eligible for auto-proxying)
2021-01-09 20:56:33 |INFO  |main |PostProcessorRegistrationDelegate.java:330 |org.springframework.context.support.PostProcessorRegistrationDelegate$BeanPostProcessorChecker |Bean 'spring.cloud.sentinel-com.alibaba.cloud.sentinel.SentinelProperties' of type [com.alibaba.cloud.sentinel.SentinelProperties] is not eligible for getting processed by all BeanPostProcessors (for example: not eligible for auto-proxying)
2021-01-09 20:56:33 |INFO  |main |PostProcessorRegistrationDelegate.java:330 |org.springframework.context.support.PostProcessorRegistrationDelegate$BeanPostProcessorChecker |Bean 'com.alibaba.cloud.sentinel.custom.SentinelAutoConfiguration' of type [com.alibaba.cloud.sentinel.custom.SentinelAutoConfiguration$$EnhancerBySpringCGLIB$$4ce29173] is not eligible for getting processed by all BeanPostProcessors (for example: not eligible for auto-proxying)
2021-01-09 20:56:33 |INFO  |main |TomcatWebServer.java:92 |org.springframework.boot.web.embedded.tomcat.TomcatWebServer |Tomcat initialized with port(s): 8140 (http)
2021-01-09 20:56:33 |INFO  |main |DirectJDKLog.java:173 |org.apache.coyote.http11.Http11NioProtocol |Initializing ProtocolHandler ["http-nio-8140"]
2021-01-09 20:56:33 |INFO  |main |DirectJDKLog.java:173 |org.apache.catalina.core.StandardService |Starting service [Tomcat]
2021-01-09 20:56:33 |INFO  |main |DirectJDKLog.java:173 |org.apache.catalina.core.StandardEngine |Starting Servlet engine: [Apache Tomcat/9.0.29]
2021-01-09 20:56:34 |INFO  |main |DirectJDKLog.java:173 |org.apache.catalina.core.ContainerBase.[Tomcat].[localhost].[/] |Initializing Spring embedded WebApplicationContext
2021-01-09 20:56:34 |INFO  |main |ServletWebServerApplicationContext.java:284 |org.springframework.web.context.ContextLoader |Root WebApplicationContext: initialization completed in 1431 ms
2021-01-09 20:56:34 |INFO  |main |SentinelWebAutoConfiguration.java:96 |com.alibaba.cloud.sentinel.SentinelWebAutoConfiguration |[Sentinel Starter] register Sentinel CommonFilter with urlPatterns: [/*].
2021-01-09 20:56:35 |INFO  |main |PropertySourcedRequestMappingHandlerMapping.java:69 |springfox.documentation.spring.web.PropertySourcedRequestMappingHandlerMapping |Mapped URL path [/v2/api-docs] onto method [springfox.documentation.swagger2.web.Swagger2Controller#getDocumentation(String, HttpServletRequest)]
2021-01-09 20:56:35 |INFO  |main |URLConfigurationSource.java:122 |com.netflix.config.sources.URLConfigurationSource |To enable URLs as dynamic configuration sources, define System property archaius.configurationSource.additionalUrls or make config.properties available on classpath.
2021-01-09 20:56:35 |INFO  |main |URLConfigurationSource.java:122 |com.netflix.config.sources.URLConfigurationSource |To enable URLs as dynamic configuration sources, define System property archaius.configurationSource.additionalUrls or make config.properties available on classpath.
2021-01-09 20:56:35 |INFO  |main |ExecutorConfigurationSupport.java:171 |org.springframework.scheduling.concurrent.ThreadPoolTaskExecutor |Initializing ExecutorService 'applicationTaskExecutor'
2021-01-09 20:56:35 |INFO  |main |ExecutorConfigurationSupport.java:171 |org.springframework.scheduling.concurrent.ThreadPoolTaskScheduler |Initializing ExecutorService
2021-01-09 20:56:35 |INFO  |main |DocumentationPluginsBootstrapper.java:147 |springfox.documentation.spring.web.plugins.DocumentationPluginsBootstrapper |Context refreshed
2021-01-09 20:56:35 |INFO  |main |DocumentationPluginsBootstrapper.java:150 |springfox.documentation.spring.web.plugins.DocumentationPluginsBootstrapper |Found 2 custom documentation plugin(s)
2021-01-09 20:56:35 |INFO  |main |ApiListingReferenceScanner.java:41 |springfox.documentation.spring.web.scanners.ApiListingReferenceScanner |Scanning for api listing references
2021-01-09 20:56:35 |INFO  |main |CachingOperationNameGenerator.java:40 |springfox.documentation.spring.web.readers.operation.CachingOperationNameGenerator |Generating unique operation named: getByIdUsingGET_1
2021-01-09 20:56:35 |INFO  |main |CachingOperationNameGenerator.java:40 |springfox.documentation.spring.web.readers.operation.CachingOperationNameGenerator |Generating unique operation named: listPageUsingGET_1
2021-01-09 20:56:35 |INFO  |main |CachingOperationNameGenerator.java:40 |springfox.documentation.spring.web.readers.operation.CachingOperationNameGenerator |Generating unique operation named: removeByIdUsingDELETE_1
2021-01-09 20:56:35 |INFO  |main |CachingOperationNameGenerator.java:40 |springfox.documentation.spring.web.readers.operation.CachingOperationNameGenerator |Generating unique operation named: saveUsingPOST_1
2021-01-09 20:56:35 |INFO  |main |CachingOperationNameGenerator.java:40 |springfox.documentation.spring.web.readers.operation.CachingOperationNameGenerator |Generating unique operation named: updateByIdUsingPUT_1
2021-01-09 20:56:35 |INFO  |main |CachingOperationNameGenerator.java:40 |springfox.documentation.spring.web.readers.operation.CachingOperationNameGenerator |Generating unique operation named: getByIdUsingGET_2
2021-01-09 20:56:35 |INFO  |main |CachingOperationNameGenerator.java:40 |springfox.documentation.spring.web.readers.operation.CachingOperationNameGenerator |Generating unique operation named: removeByIdUsingDELETE_2
2021-01-09 20:56:35 |INFO  |main |CachingOperationNameGenerator.java:40 |springfox.documentation.spring.web.readers.operation.CachingOperationNameGenerator |Generating unique operation named: saveUsingPOST_2
2021-01-09 20:56:35 |INFO  |main |CachingOperationNameGenerator.java:40 |springfox.documentation.spring.web.readers.operation.CachingOperationNameGenerator |Generating unique operation named: updateByIdUsingPUT_2
2021-01-09 20:56:35 |INFO  |main |CachingOperationNameGenerator.java:40 |springfox.documentation.spring.web.readers.operation.CachingOperationNameGenerator |Generating unique operation named: listPageUsingGET_2
2021-01-09 20:56:35 |INFO  |main |CachingOperationNameGenerator.java:40 |springfox.documentation.spring.web.readers.operation.CachingOperationNameGenerator |Generating unique operation named: removeByIdUsingDELETE_3
2021-01-09 20:56:35 |INFO  |main |CachingOperationNameGenerator.java:40 |springfox.documentation.spring.web.readers.operation.CachingOperationNameGenerator |Generating unique operation named: getByIdUsingGET_3
2021-01-09 20:56:35 |INFO  |main |CachingOperationNameGenerator.java:40 |springfox.documentation.spring.web.readers.operation.CachingOperationNameGenerator |Generating unique operation named: listPageUsingGET_3
2021-01-09 20:56:35 |INFO  |main |CachingOperationNameGenerator.java:40 |springfox.documentation.spring.web.readers.operation.CachingOperationNameGenerator |Generating unique operation named: removeByIdUsingDELETE_4
2021-01-09 20:56:35 |INFO  |main |CachingOperationNameGenerator.java:40 |springfox.documentation.spring.web.readers.operation.CachingOperationNameGenerator |Generating unique operation named: saveUsingPOST_3
2021-01-09 20:56:35 |INFO  |main |CachingOperationNameGenerator.java:40 |springfox.documentation.spring.web.readers.operation.CachingOperationNameGenerator |Generating unique operation named: updateByIdUsingPUT_3
2021-01-09 20:56:35 |INFO  |main |CachingOperationNameGenerator.java:40 |springfox.documentation.spring.web.readers.operation.CachingOperationNameGenerator |Generating unique operation named: getByIdUsingGET_4
2021-01-09 20:56:35 |INFO  |main |CachingOperationNameGenerator.java:40 |springfox.documentation.spring.web.readers.operation.CachingOperationNameGenerator |Generating unique operation named: removeByIdUsingDELETE_5
2021-01-09 20:56:35 |INFO  |main |CachingOperationNameGenerator.java:40 |springfox.documentation.spring.web.readers.operation.CachingOperationNameGenerator |Generating unique operation named: saveUsingPOST_4
2021-01-09 20:56:35 |INFO  |main |CachingOperationNameGenerator.java:40 |springfox.documentation.spring.web.readers.operation.CachingOperationNameGenerator |Generating unique operation named: updateByIdUsingPUT_4
2021-01-09 20:56:35 |INFO  |main |ApiListingReferenceScanner.java:41 |springfox.documentation.spring.web.scanners.ApiListingReferenceScanner |Scanning for api listing references
2021-01-09 20:56:35 |INFO  |main |CachingOperationNameGenerator.java:40 |springfox.documentation.spring.web.readers.operation.CachingOperationNameGenerator |Generating unique operation named: getByIdUsingGET_5
2021-01-09 20:56:35 |INFO  |main |CachingOperationNameGenerator.java:40 |springfox.documentation.spring.web.readers.operation.CachingOperationNameGenerator |Generating unique operation named: nestedListUsingGET_1
2021-01-09 20:56:35 |INFO  |main |CachingOperationNameGenerator.java:40 |springfox.documentation.spring.web.readers.operation.CachingOperationNameGenerator |Generating unique operation named: listAllUsingGET_1
2021-01-09 20:56:35 |INFO  |main |DirectJDKLog.java:173 |org.apache.coyote.http11.Http11NioProtocol |Starting ProtocolHandler ["http-nio-8140"]
2021-01-09 20:56:35 |INFO  |main |TomcatWebServer.java:204 |org.springframework.boot.web.embedded.tomcat.TomcatWebServer |Tomcat started on port(s): 8140 (http) with context path ''
2021-01-09 20:56:35 |INFO  |main |NacosServiceRegistry.java:62 |com.alibaba.cloud.nacos.registry.NacosServiceRegistry |nacos registry, service-cms 192.168.152.141:8140 register finished
2021-01-09 20:56:35 |INFO  |main |StartupInfoLogger.java:61 |com.bit.jinggong.service.cms.ServiceCmsApplication |Started ServiceCmsApplication in 4.303 seconds (JVM running for 4.858)
2021-01-09 20:56:46 |INFO  |http-nio-8140-exec-1 |DirectJDKLog.java:173 |org.apache.catalina.core.ContainerBase.[Tomcat].[localhost].[/] |Initializing Spring DispatcherServlet 'dispatcherServlet'
2021-01-09 20:56:46 |INFO  |http-nio-8140-exec-1 |FrameworkServlet.java:525 |org.springframework.web.servlet.DispatcherServlet |Initializing Servlet 'dispatcherServlet'
2021-01-09 20:56:46 |INFO  |http-nio-8140-exec-1 |FrameworkServlet.java:547 |org.springframework.web.servlet.DispatcherServlet |Completed initialization in 4 ms
2021-01-09 21:38:31 |INFO  |http-nio-8140-exec-5 |EpollProvider.java:68 |io.lettuce.core.EpollProvider |Starting without optional epoll library
2021-01-09 21:38:31 |INFO  |http-nio-8140-exec-5 |KqueueProvider.java:70 |io.lettuce.core.KqueueProvider |Starting without optional kqueue library
2021-01-09 21:38:31 |INFO  |http-nio-8140-exec-5 |HikariDataSource.java:110 |com.zaxxer.hikari.HikariDataSource |HikariPool-1 - Starting...
2021-01-09 21:38:31 |INFO  |http-nio-8140-exec-5 |HikariDataSource.java:123 |com.zaxxer.hikari.HikariDataSource |HikariPool-1 - Start completed.
2021-01-09 21:42:15 |INFO  |SpringContextShutdownHook |NacosServiceRegistry.java:74 |com.alibaba.cloud.nacos.registry.NacosServiceRegistry |De-registering from Nacos Server now...
2021-01-09 21:42:15 |INFO  |SpringContextShutdownHook |NacosServiceRegistry.java:93 |com.alibaba.cloud.nacos.registry.NacosServiceRegistry |De-registration finished.
2021-01-09 21:42:15 |INFO  |SpringContextShutdownHook |ExecutorConfigurationSupport.java:208 |org.springframework.scheduling.concurrent.ThreadPoolTaskExecutor |Shutting down ExecutorService 'applicationTaskExecutor'
2021-01-09 21:42:15 |INFO  |SpringContextShutdownHook |HikariDataSource.java:350 |com.zaxxer.hikari.HikariDataSource |HikariPool-1 - Shutdown initiated...
2021-01-09 21:42:15 |INFO  |SpringContextShutdownHook |HikariDataSource.java:352 |com.zaxxer.hikari.HikariDataSource |HikariPool-1 - Shutdown completed.
2021-01-09 21:55:03 |INFO  |main |SpringApplication.java:655 |com.bit.jinggong.service.cms.ServiceCmsApplication |The following profiles are active: dev
2021-01-09 21:55:04 |INFO  |main |RepositoryConfigurationDelegate.java:249 |org.springframework.data.repository.config.RepositoryConfigurationDelegate |Multiple Spring Data modules found, entering strict repository configuration mode!
2021-01-09 21:55:04 |INFO  |main |RepositoryConfigurationDelegate.java:127 |org.springframework.data.repository.config.RepositoryConfigurationDelegate |Bootstrapping Spring Data Redis repositories in DEFAULT mode.
2021-01-09 21:55:04 |INFO  |main |RepositoryConfigurationDelegate.java:187 |org.springframework.data.repository.config.RepositoryConfigurationDelegate |Finished Spring Data repository scanning in 12ms. Found 0 Redis repository interfaces.
2021-01-09 21:55:04 |INFO  |main |GenericScope.java:295 |org.springframework.cloud.context.scope.GenericScope |BeanFactory id=1a453bb8-0f59-39c2-b25d-6f6fcb025bfe
2021-01-09 21:55:04 |INFO  |main |PostProcessorRegistrationDelegate.java:330 |org.springframework.context.support.PostProcessorRegistrationDelegate$BeanPostProcessorChecker |Bean 'org.springframework.transaction.annotation.ProxyTransactionManagementConfiguration' of type [org.springframework.transaction.annotation.ProxyTransactionManagementConfiguration] is not eligible for getting processed by all BeanPostProcessors (for example: not eligible for auto-proxying)
2021-01-09 21:55:04 |INFO  |main |PostProcessorRegistrationDelegate.java:330 |org.springframework.context.support.PostProcessorRegistrationDelegate$BeanPostProcessorChecker |Bean 'spring.cloud.sentinel-com.alibaba.cloud.sentinel.SentinelProperties' of type [com.alibaba.cloud.sentinel.SentinelProperties] is not eligible for getting processed by all BeanPostProcessors (for example: not eligible for auto-proxying)
2021-01-09 21:55:04 |INFO  |main |PostProcessorRegistrationDelegate.java:330 |org.springframework.context.support.PostProcessorRegistrationDelegate$BeanPostProcessorChecker |Bean 'com.alibaba.cloud.sentinel.custom.SentinelAutoConfiguration' of type [com.alibaba.cloud.sentinel.custom.SentinelAutoConfiguration$$EnhancerBySpringCGLIB$$98b95e93] is not eligible for getting processed by all BeanPostProcessors (for example: not eligible for auto-proxying)
2021-01-09 21:55:05 |INFO  |main |TomcatWebServer.java:92 |org.springframework.boot.web.embedded.tomcat.TomcatWebServer |Tomcat initialized with port(s): 8140 (http)
2021-01-09 21:55:05 |INFO  |main |DirectJDKLog.java:173 |org.apache.coyote.http11.Http11NioProtocol |Initializing ProtocolHandler ["http-nio-8140"]
2021-01-09 21:55:05 |INFO  |main |DirectJDKLog.java:173 |org.apache.catalina.core.StandardService |Starting service [Tomcat]
2021-01-09 21:55:05 |INFO  |main |DirectJDKLog.java:173 |org.apache.catalina.core.StandardEngine |Starting Servlet engine: [Apache Tomcat/9.0.29]
2021-01-09 21:55:05 |INFO  |main |DirectJDKLog.java:173 |org.apache.catalina.core.ContainerBase.[Tomcat].[localhost].[/] |Initializing Spring embedded WebApplicationContext
2021-01-09 21:55:05 |INFO  |main |ServletWebServerApplicationContext.java:284 |org.springframework.web.context.ContextLoader |Root WebApplicationContext: initialization completed in 1360 ms
2021-01-09 21:55:05 |INFO  |main |SentinelWebAutoConfiguration.java:96 |com.alibaba.cloud.sentinel.SentinelWebAutoConfiguration |[Sentinel Starter] register Sentinel CommonFilter with urlPatterns: [/*].
2021-01-09 21:55:06 |INFO  |main |PropertySourcedRequestMappingHandlerMapping.java:69 |springfox.documentation.spring.web.PropertySourcedRequestMappingHandlerMapping |Mapped URL path [/v2/api-docs] onto method [springfox.documentation.swagger2.web.Swagger2Controller#getDocumentation(String, HttpServletRequest)]
2021-01-09 21:55:06 |INFO  |main |URLConfigurationSource.java:122 |com.netflix.config.sources.URLConfigurationSource |To enable URLs as dynamic configuration sources, define System property archaius.configurationSource.additionalUrls or make config.properties available on classpath.
2021-01-09 21:55:06 |INFO  |main |URLConfigurationSource.java:122 |com.netflix.config.sources.URLConfigurationSource |To enable URLs as dynamic configuration sources, define System property archaius.configurationSource.additionalUrls or make config.properties available on classpath.
2021-01-09 21:55:06 |INFO  |main |ExecutorConfigurationSupport.java:171 |org.springframework.scheduling.concurrent.ThreadPoolTaskExecutor |Initializing ExecutorService 'applicationTaskExecutor'
2021-01-09 21:55:06 |INFO  |main |ExecutorConfigurationSupport.java:171 |org.springframework.scheduling.concurrent.ThreadPoolTaskScheduler |Initializing ExecutorService
2021-01-09 21:55:06 |INFO  |main |DocumentationPluginsBootstrapper.java:147 |springfox.documentation.spring.web.plugins.DocumentationPluginsBootstrapper |Context refreshed
2021-01-09 21:55:06 |INFO  |main |DocumentationPluginsBootstrapper.java:150 |springfox.documentation.spring.web.plugins.DocumentationPluginsBootstrapper |Found 2 custom documentation plugin(s)
2021-01-09 21:55:06 |INFO  |main |ApiListingReferenceScanner.java:41 |springfox.documentation.spring.web.scanners.ApiListingReferenceScanner |Scanning for api listing references
2021-01-09 21:55:06 |INFO  |main |CachingOperationNameGenerator.java:40 |springfox.documentation.spring.web.readers.operation.CachingOperationNameGenerator |Generating unique operation named: getByIdUsingGET_1
2021-01-09 21:55:06 |INFO  |main |CachingOperationNameGenerator.java:40 |springfox.documentation.spring.web.readers.operation.CachingOperationNameGenerator |Generating unique operation named: listPageUsingGET_1
2021-01-09 21:55:06 |INFO  |main |CachingOperationNameGenerator.java:40 |springfox.documentation.spring.web.readers.operation.CachingOperationNameGenerator |Generating unique operation named: removeByIdUsingDELETE_1
2021-01-09 21:55:06 |INFO  |main |CachingOperationNameGenerator.java:40 |springfox.documentation.spring.web.readers.operation.CachingOperationNameGenerator |Generating unique operation named: saveUsingPOST_1
2021-01-09 21:55:06 |INFO  |main |CachingOperationNameGenerator.java:40 |springfox.documentation.spring.web.readers.operation.CachingOperationNameGenerator |Generating unique operation named: updateByIdUsingPUT_1
2021-01-09 21:55:06 |INFO  |main |CachingOperationNameGenerator.java:40 |springfox.documentation.spring.web.readers.operation.CachingOperationNameGenerator |Generating unique operation named: getByIdUsingGET_2
2021-01-09 21:55:06 |INFO  |main |CachingOperationNameGenerator.java:40 |springfox.documentation.spring.web.readers.operation.CachingOperationNameGenerator |Generating unique operation named: removeByIdUsingDELETE_2
2021-01-09 21:55:06 |INFO  |main |CachingOperationNameGenerator.java:40 |springfox.documentation.spring.web.readers.operation.CachingOperationNameGenerator |Generating unique operation named: saveUsingPOST_2
2021-01-09 21:55:06 |INFO  |main |CachingOperationNameGenerator.java:40 |springfox.documentation.spring.web.readers.operation.CachingOperationNameGenerator |Generating unique operation named: updateByIdUsingPUT_2
2021-01-09 21:55:06 |INFO  |main |CachingOperationNameGenerator.java:40 |springfox.documentation.spring.web.readers.operation.CachingOperationNameGenerator |Generating unique operation named: listPageUsingGET_2
2021-01-09 21:55:06 |INFO  |main |CachingOperationNameGenerator.java:40 |springfox.documentation.spring.web.readers.operation.CachingOperationNameGenerator |Generating unique operation named: removeByIdUsingDELETE_3
2021-01-09 21:55:06 |INFO  |main |CachingOperationNameGenerator.java:40 |springfox.documentation.spring.web.readers.operation.CachingOperationNameGenerator |Generating unique operation named: getByIdUsingGET_3
2021-01-09 21:55:06 |INFO  |main |CachingOperationNameGenerator.java:40 |springfox.documentation.spring.web.readers.operation.CachingOperationNameGenerator |Generating unique operation named: listPageUsingGET_3
2021-01-09 21:55:06 |INFO  |main |CachingOperationNameGenerator.java:40 |springfox.documentation.spring.web.readers.operation.CachingOperationNameGenerator |Generating unique operation named: removeByIdUsingDELETE_4
2021-01-09 21:55:06 |INFO  |main |CachingOperationNameGenerator.java:40 |springfox.documentation.spring.web.readers.operation.CachingOperationNameGenerator |Generating unique operation named: saveUsingPOST_3
2021-01-09 21:55:06 |INFO  |main |CachingOperationNameGenerator.java:40 |springfox.documentation.spring.web.readers.operation.CachingOperationNameGenerator |Generating unique operation named: updateByIdUsingPUT_3
2021-01-09 21:55:06 |INFO  |main |CachingOperationNameGenerator.java:40 |springfox.documentation.spring.web.readers.operation.CachingOperationNameGenerator |Generating unique operation named: getByIdUsingGET_4
2021-01-09 21:55:06 |INFO  |main |CachingOperationNameGenerator.java:40 |springfox.documentation.spring.web.readers.operation.CachingOperationNameGenerator |Generating unique operation named: removeByIdUsingDELETE_5
2021-01-09 21:55:06 |INFO  |main |CachingOperationNameGenerator.java:40 |springfox.documentation.spring.web.readers.operation.CachingOperationNameGenerator |Generating unique operation named: saveUsingPOST_4
2021-01-09 21:55:06 |INFO  |main |CachingOperationNameGenerator.java:40 |springfox.documentation.spring.web.readers.operation.CachingOperationNameGenerator |Generating unique operation named: updateByIdUsingPUT_4
2021-01-09 21:55:06 |INFO  |main |ApiListingReferenceScanner.java:41 |springfox.documentation.spring.web.scanners.ApiListingReferenceScanner |Scanning for api listing references
2021-01-09 21:55:06 |INFO  |main |CachingOperationNameGenerator.java:40 |springfox.documentation.spring.web.readers.operation.CachingOperationNameGenerator |Generating unique operation named: getByIdUsingGET_5
2021-01-09 21:55:06 |INFO  |main |CachingOperationNameGenerator.java:40 |springfox.documentation.spring.web.readers.operation.CachingOperationNameGenerator |Generating unique operation named: nestedListUsingGET_1
2021-01-09 21:55:06 |INFO  |main |CachingOperationNameGenerator.java:40 |springfox.documentation.spring.web.readers.operation.CachingOperationNameGenerator |Generating unique operation named: listAllUsingGET_1
2021-01-09 21:55:06 |INFO  |main |DirectJDKLog.java:173 |org.apache.coyote.http11.Http11NioProtocol |Starting ProtocolHandler ["http-nio-8140"]
2021-01-09 21:55:06 |INFO  |main |TomcatWebServer.java:204 |org.springframework.boot.web.embedded.tomcat.TomcatWebServer |Tomcat started on port(s): 8140 (http) with context path ''
2021-01-09 21:55:06 |INFO  |main |NacosServiceRegistry.java:62 |com.alibaba.cloud.nacos.registry.NacosServiceRegistry |nacos registry, service-cms 192.168.152.141:8140 register finished
2021-01-09 21:55:06 |INFO  |main |StartupInfoLogger.java:61 |com.bit.jinggong.service.cms.ServiceCmsApplication |Started ServiceCmsApplication in 4.248 seconds (JVM running for 4.83)
2021-01-09 21:55:14 |INFO  |http-nio-8140-exec-1 |DirectJDKLog.java:173 |org.apache.catalina.core.ContainerBase.[Tomcat].[localhost].[/] |Initializing Spring DispatcherServlet 'dispatcherServlet'
2021-01-09 21:55:14 |INFO  |http-nio-8140-exec-1 |FrameworkServlet.java:525 |org.springframework.web.servlet.DispatcherServlet |Initializing Servlet 'dispatcherServlet'
2021-01-09 21:55:14 |INFO  |http-nio-8140-exec-1 |FrameworkServlet.java:547 |org.springframework.web.servlet.DispatcherServlet |Completed initialization in 6 ms
2021-01-09 21:57:43 |INFO  |SpringContextShutdownHook |NacosServiceRegistry.java:74 |com.alibaba.cloud.nacos.registry.NacosServiceRegistry |De-registering from Nacos Server now...
2021-01-09 21:57:43 |INFO  |SpringContextShutdownHook |NacosServiceRegistry.java:93 |com.alibaba.cloud.nacos.registry.NacosServiceRegistry |De-registration finished.
2021-01-09 21:57:43 |INFO  |SpringContextShutdownHook |ExecutorConfigurationSupport.java:208 |org.springframework.scheduling.concurrent.ThreadPoolTaskExecutor |Shutting down ExecutorService 'applicationTaskExecutor'
2021-01-09 21:58:15 |INFO  |main |SpringApplication.java:655 |com.bit.jinggong.service.cms.ServiceCmsApplication |The following profiles are active: dev
2021-01-09 21:58:15 |INFO  |main |RepositoryConfigurationDelegate.java:249 |org.springframework.data.repository.config.RepositoryConfigurationDelegate |Multiple Spring Data modules found, entering strict repository configuration mode!
2021-01-09 21:58:15 |INFO  |main |RepositoryConfigurationDelegate.java:127 |org.springframework.data.repository.config.RepositoryConfigurationDelegate |Bootstrapping Spring Data Redis repositories in DEFAULT mode.
2021-01-09 21:58:15 |INFO  |main |RepositoryConfigurationDelegate.java:187 |org.springframework.data.repository.config.RepositoryConfigurationDelegate |Finished Spring Data repository scanning in 16ms. Found 0 Redis repository interfaces.
2021-01-09 21:58:15 |INFO  |main |GenericScope.java:295 |org.springframework.cloud.context.scope.GenericScope |BeanFactory id=1a453bb8-0f59-39c2-b25d-6f6fcb025bfe
2021-01-09 21:58:16 |INFO  |main |PostProcessorRegistrationDelegate.java:330 |org.springframework.context.support.PostProcessorRegistrationDelegate$BeanPostProcessorChecker |Bean 'org.springframework.transaction.annotation.ProxyTransactionManagementConfiguration' of type [org.springframework.transaction.annotation.ProxyTransactionManagementConfiguration] is not eligible for getting processed by all BeanPostProcessors (for example: not eligible for auto-proxying)
2021-01-09 21:58:16 |INFO  |main |PostProcessorRegistrationDelegate.java:330 |org.springframework.context.support.PostProcessorRegistrationDelegate$BeanPostProcessorChecker |Bean 'spring.cloud.sentinel-com.alibaba.cloud.sentinel.SentinelProperties' of type [com.alibaba.cloud.sentinel.SentinelProperties] is not eligible for getting processed by all BeanPostProcessors (for example: not eligible for auto-proxying)
2021-01-09 21:58:16 |INFO  |main |PostProcessorRegistrationDelegate.java:330 |org.springframework.context.support.PostProcessorRegistrationDelegate$BeanPostProcessorChecker |Bean 'com.alibaba.cloud.sentinel.custom.SentinelAutoConfiguration' of type [com.alibaba.cloud.sentinel.custom.SentinelAutoConfiguration$$EnhancerBySpringCGLIB$$9520b600] is not eligible for getting processed by all BeanPostProcessors (for example: not eligible for auto-proxying)
2021-01-09 21:58:16 |INFO  |main |TomcatWebServer.java:92 |org.springframework.boot.web.embedded.tomcat.TomcatWebServer |Tomcat initialized with port(s): 8140 (http)
2021-01-09 21:58:16 |INFO  |main |DirectJDKLog.java:173 |org.apache.coyote.http11.Http11NioProtocol |Initializing ProtocolHandler ["http-nio-8140"]
2021-01-09 21:58:16 |INFO  |main |DirectJDKLog.java:173 |org.apache.catalina.core.StandardService |Starting service [Tomcat]
2021-01-09 21:58:16 |INFO  |main |DirectJDKLog.java:173 |org.apache.catalina.core.StandardEngine |Starting Servlet engine: [Apache Tomcat/9.0.29]
2021-01-09 21:58:16 |INFO  |main |DirectJDKLog.java:173 |org.apache.catalina.core.ContainerBase.[Tomcat].[localhost].[/] |Initializing Spring embedded WebApplicationContext
2021-01-09 21:58:16 |INFO  |main |ServletWebServerApplicationContext.java:284 |org.springframework.web.context.ContextLoader |Root WebApplicationContext: initialization completed in 1456 ms
2021-01-09 21:58:16 |INFO  |main |SentinelWebAutoConfiguration.java:96 |com.alibaba.cloud.sentinel.SentinelWebAutoConfiguration |[Sentinel Starter] register Sentinel CommonFilter with urlPatterns: [/*].
2021-01-09 21:58:17 |INFO  |main |PropertySourcedRequestMappingHandlerMapping.java:69 |springfox.documentation.spring.web.PropertySourcedRequestMappingHandlerMapping |Mapped URL path [/v2/api-docs] onto method [springfox.documentation.swagger2.web.Swagger2Controller#getDocumentation(String, HttpServletRequest)]
2021-01-09 21:58:17 |INFO  |main |URLConfigurationSource.java:122 |com.netflix.config.sources.URLConfigurationSource |To enable URLs as dynamic configuration sources, define System property archaius.configurationSource.additionalUrls or make config.properties available on classpath.
2021-01-09 21:58:17 |INFO  |main |URLConfigurationSource.java:122 |com.netflix.config.sources.URLConfigurationSource |To enable URLs as dynamic configuration sources, define System property archaius.configurationSource.additionalUrls or make config.properties available on classpath.
2021-01-09 21:58:17 |INFO  |main |ExecutorConfigurationSupport.java:171 |org.springframework.scheduling.concurrent.ThreadPoolTaskExecutor |Initializing ExecutorService 'applicationTaskExecutor'
2021-01-09 21:58:17 |INFO  |main |ExecutorConfigurationSupport.java:171 |org.springframework.scheduling.concurrent.ThreadPoolTaskScheduler |Initializing ExecutorService
2021-01-09 21:58:18 |INFO  |main |DocumentationPluginsBootstrapper.java:147 |springfox.documentation.spring.web.plugins.DocumentationPluginsBootstrapper |Context refreshed
2021-01-09 21:58:18 |INFO  |main |DocumentationPluginsBootstrapper.java:150 |springfox.documentation.spring.web.plugins.DocumentationPluginsBootstrapper |Found 2 custom documentation plugin(s)
2021-01-09 21:58:18 |INFO  |main |ApiListingReferenceScanner.java:41 |springfox.documentation.spring.web.scanners.ApiListingReferenceScanner |Scanning for api listing references
2021-01-09 21:58:18 |INFO  |main |CachingOperationNameGenerator.java:40 |springfox.documentation.spring.web.readers.operation.CachingOperationNameGenerator |Generating unique operation named: getByIdUsingGET_1
2021-01-09 21:58:18 |INFO  |main |CachingOperationNameGenerator.java:40 |springfox.documentation.spring.web.readers.operation.CachingOperationNameGenerator |Generating unique operation named: listPageUsingGET_1
2021-01-09 21:58:18 |INFO  |main |CachingOperationNameGenerator.java:40 |springfox.documentation.spring.web.readers.operation.CachingOperationNameGenerator |Generating unique operation named: removeByIdUsingDELETE_1
2021-01-09 21:58:18 |INFO  |main |CachingOperationNameGenerator.java:40 |springfox.documentation.spring.web.readers.operation.CachingOperationNameGenerator |Generating unique operation named: saveUsingPOST_1
2021-01-09 21:58:18 |INFO  |main |CachingOperationNameGenerator.java:40 |springfox.documentation.spring.web.readers.operation.CachingOperationNameGenerator |Generating unique operation named: updateByIdUsingPUT_1
2021-01-09 21:58:18 |INFO  |main |CachingOperationNameGenerator.java:40 |springfox.documentation.spring.web.readers.operation.CachingOperationNameGenerator |Generating unique operation named: getByIdUsingGET_2
2021-01-09 21:58:18 |INFO  |main |CachingOperationNameGenerator.java:40 |springfox.documentation.spring.web.readers.operation.CachingOperationNameGenerator |Generating unique operation named: removeByIdUsingDELETE_2
2021-01-09 21:58:18 |INFO  |main |CachingOperationNameGenerator.java:40 |springfox.documentation.spring.web.readers.operation.CachingOperationNameGenerator |Generating unique operation named: saveUsingPOST_2
2021-01-09 21:58:18 |INFO  |main |CachingOperationNameGenerator.java:40 |springfox.documentation.spring.web.readers.operation.CachingOperationNameGenerator |Generating unique operation named: updateByIdUsingPUT_2
2021-01-09 21:58:18 |INFO  |main |CachingOperationNameGenerator.java:40 |springfox.documentation.spring.web.readers.operation.CachingOperationNameGenerator |Generating unique operation named: listPageUsingGET_2
2021-01-09 21:58:18 |INFO  |main |CachingOperationNameGenerator.java:40 |springfox.documentation.spring.web.readers.operation.CachingOperationNameGenerator |Generating unique operation named: removeByIdUsingDELETE_3
2021-01-09 21:58:18 |INFO  |main |CachingOperationNameGenerator.java:40 |springfox.documentation.spring.web.readers.operation.CachingOperationNameGenerator |Generating unique operation named: getByIdUsingGET_3
2021-01-09 21:58:18 |INFO  |main |CachingOperationNameGenerator.java:40 |springfox.documentation.spring.web.readers.operation.CachingOperationNameGenerator |Generating unique operation named: listPageUsingGET_3
2021-01-09 21:58:18 |INFO  |main |CachingOperationNameGenerator.java:40 |springfox.documentation.spring.web.readers.operation.CachingOperationNameGenerator |Generating unique operation named: removeByIdUsingDELETE_4
2021-01-09 21:58:18 |INFO  |main |CachingOperationNameGenerator.java:40 |springfox.documentation.spring.web.readers.operation.CachingOperationNameGenerator |Generating unique operation named: saveUsingPOST_3
2021-01-09 21:58:18 |INFO  |main |CachingOperationNameGenerator.java:40 |springfox.documentation.spring.web.readers.operation.CachingOperationNameGenerator |Generating unique operation named: updateByIdUsingPUT_3
2021-01-09 21:58:18 |INFO  |main |CachingOperationNameGenerator.java:40 |springfox.documentation.spring.web.readers.operation.CachingOperationNameGenerator |Generating unique operation named: getByIdUsingGET_4
2021-01-09 21:58:18 |INFO  |main |CachingOperationNameGenerator.java:40 |springfox.documentation.spring.web.readers.operation.CachingOperationNameGenerator |Generating unique operation named: removeByIdUsingDELETE_5
2021-01-09 21:58:18 |INFO  |main |CachingOperationNameGenerator.java:40 |springfox.documentation.spring.web.readers.operation.CachingOperationNameGenerator |Generating unique operation named: saveUsingPOST_4
2021-01-09 21:58:18 |INFO  |main |CachingOperationNameGenerator.java:40 |springfox.documentation.spring.web.readers.operation.CachingOperationNameGenerator |Generating unique operation named: updateByIdUsingPUT_4
2021-01-09 21:58:18 |INFO  |main |ApiListingReferenceScanner.java:41 |springfox.documentation.spring.web.scanners.ApiListingReferenceScanner |Scanning for api listing references
2021-01-09 21:58:18 |INFO  |main |CachingOperationNameGenerator.java:40 |springfox.documentation.spring.web.readers.operation.CachingOperationNameGenerator |Generating unique operation named: getByIdUsingGET_5
2021-01-09 21:58:18 |INFO  |main |CachingOperationNameGenerator.java:40 |springfox.documentation.spring.web.readers.operation.CachingOperationNameGenerator |Generating unique operation named: nestedListUsingGET_1
2021-01-09 21:58:18 |INFO  |main |CachingOperationNameGenerator.java:40 |springfox.documentation.spring.web.readers.operation.CachingOperationNameGenerator |Generating unique operation named: listAllUsingGET_1
2021-01-09 21:58:18 |INFO  |main |DirectJDKLog.java:173 |org.apache.coyote.http11.Http11NioProtocol |Starting ProtocolHandler ["http-nio-8140"]
2021-01-09 21:58:18 |INFO  |main |TomcatWebServer.java:204 |org.springframework.boot.web.embedded.tomcat.TomcatWebServer |Tomcat started on port(s): 8140 (http) with context path ''
2021-01-09 21:58:18 |INFO  |main |NacosServiceRegistry.java:62 |com.alibaba.cloud.nacos.registry.NacosServiceRegistry |nacos registry, service-cms 192.168.152.141:8140 register finished
2021-01-09 21:58:18 |INFO  |main |StartupInfoLogger.java:61 |com.bit.jinggong.service.cms.ServiceCmsApplication |Started ServiceCmsApplication in 4.195 seconds (JVM running for 4.699)
2021-01-09 21:58:47 |INFO  |http-nio-8140-exec-1 |DirectJDKLog.java:173 |org.apache.catalina.core.ContainerBase.[Tomcat].[localhost].[/] |Initializing Spring DispatcherServlet 'dispatcherServlet'
2021-01-09 21:58:47 |INFO  |http-nio-8140-exec-1 |FrameworkServlet.java:525 |org.springframework.web.servlet.DispatcherServlet |Initializing Servlet 'dispatcherServlet'
2021-01-09 21:58:47 |INFO  |http-nio-8140-exec-1 |FrameworkServlet.java:547 |org.springframework.web.servlet.DispatcherServlet |Completed initialization in 8 ms
2021-01-09 22:02:49 |INFO  |SpringContextShutdownHook |NacosServiceRegistry.java:74 |com.alibaba.cloud.nacos.registry.NacosServiceRegistry |De-registering from Nacos Server now...
2021-01-09 22:02:49 |INFO  |SpringContextShutdownHook |NacosServiceRegistry.java:93 |com.alibaba.cloud.nacos.registry.NacosServiceRegistry |De-registration finished.
2021-01-09 22:02:49 |INFO  |SpringContextShutdownHook |ExecutorConfigurationSupport.java:208 |org.springframework.scheduling.concurrent.ThreadPoolTaskExecutor |Shutting down ExecutorService 'applicationTaskExecutor'
